<?xml version="1.0" encoding="UTF-8"?>
<coverage generated="1749452582836" clover="3.2.0">
  <project timestamp="1749452582836" name="All files">
    <metrics statements="684" coveredstatements="646" conditionals="247" coveredconditionals="217" methods="204" coveredmethods="181" elements="1135" coveredelements="1044" complexity="0" loc="684" ncloc="684" packages="14" files="45" classes="45"/>
    <package name="src">
      <metrics statements="22" coveredstatements="22" conditionals="35" coveredconditionals="32" methods="3" coveredmethods="3"/>
      <file name="application.ts" path="/home/runner/work/JohnSmith/JohnSmith/src/application.ts">
        <metrics statements="16" coveredstatements="16" conditionals="35" coveredconditionals="32" methods="2" coveredmethods="2"/>
        <line num="3" count="28" type="stmt"/>
        <line num="5" count="28" type="stmt"/>
        <line num="7" count="28" type="stmt"/>
        <line num="9" count="28" type="stmt"/>
        <line num="11" count="28" type="stmt"/>
        <line num="16" count="28" type="stmt"/>
        <line num="28" count="98" type="cond" truecount="7" falsecount="1"/>
        <line num="29" count="98" type="stmt"/>
        <line num="31" count="98" type="stmt"/>
        <line num="36" count="98" type="stmt"/>
        <line num="60" count="98" type="stmt"/>
        <line num="61" count="98" type="cond" truecount="1" falsecount="0"/>
        <line num="62" count="96" type="stmt"/>
        <line num="63" count="96" type="stmt"/>
        <line num="64" count="96" type="stmt"/>
        <line num="67" count="2" type="stmt"/>
      </file>
      <file name="global.ts" path="/home/runner/work/JohnSmith/JohnSmith/src/global.ts">
        <metrics statements="4" coveredstatements="4" conditionals="0" coveredconditionals="0" methods="1" coveredmethods="1"/>
        <line num="1" count="28" type="stmt"/>
        <line num="3" count="28" type="stmt"/>
        <line num="4" count="28" type="stmt"/>
        <line num="12" count="28" type="stmt"/>
      </file>
      <file name="index.ts" path="/home/runner/work/JohnSmith/JohnSmith/src/index.ts">
        <metrics statements="1" coveredstatements="1" conditionals="0" coveredconditionals="0" methods="0" coveredmethods="0"/>
        <line num="1" count="28" type="stmt"/>
      </file>
      <file name="version.ts" path="/home/runner/work/JohnSmith/JohnSmith/src/version.ts">
        <metrics statements="1" coveredstatements="1" conditionals="0" coveredconditionals="0" methods="0" coveredmethods="0"/>
        <line num="1" count="28" type="stmt"/>
      </file>
    </package>
    <package name="src.binding">
      <metrics statements="5" coveredstatements="5" conditionals="0" coveredconditionals="0" methods="0" coveredmethods="0"/>
      <file name="default.ts" path="/home/runner/work/JohnSmith/JohnSmith/src/binding/default.ts">
        <metrics statements="4" coveredstatements="4" conditionals="0" coveredconditionals="0" methods="0" coveredmethods="0"/>
        <line num="1" count="28" type="stmt"/>
        <line num="2" count="28" type="stmt"/>
        <line num="3" count="28" type="stmt"/>
        <line num="4" count="28" type="stmt"/>
      </file>
      <file name="registry.ts" path="/home/runner/work/JohnSmith/JohnSmith/src/binding/registry.ts">
        <metrics statements="1" coveredstatements="1" conditionals="0" coveredconditionals="0" methods="0" coveredmethods="0"/>
        <line num="12" count="28" type="stmt"/>
      </file>
    </package>
    <package name="src.binding.ext">
      <metrics statements="50" coveredstatements="49" conditionals="15" coveredconditionals="14" methods="13" coveredmethods="12"/>
      <file name="bind.ts" path="/home/runner/work/JohnSmith/JohnSmith/src/binding/ext/bind.ts">
        <metrics statements="8" coveredstatements="8" conditionals="1" coveredconditionals="1" methods="1" coveredmethods="1"/>
        <line num="10" count="1" type="stmt"/>
        <line num="12" count="1" type="stmt"/>
        <line num="21" count="1" type="stmt"/>
        <line num="25" count="4" type="stmt"/>
        <line num="28" count="4" type="stmt"/>
        <line num="30" count="4" type="cond" truecount="1" falsecount="0"/>
        <line num="31" count="2" type="stmt"/>
        <line num="34" count="2" type="stmt"/>
      </file>
      <file name="checked.ts" path="/home/runner/work/JohnSmith/JohnSmith/src/binding/ext/checked.ts">
        <metrics statements="6" coveredstatements="5" conditionals="0" coveredconditionals="0" methods="3" coveredmethods="2"/>
        <line num="10" count="28" type="stmt"/>
        <line num="13" count="28" type="stmt"/>
        <line num="29" count="28" type="stmt"/>
        <line num="33" count="4" type="stmt"/>
        <line num="36" count="0" type="stmt"/>
        <line num="37" count="6" type="stmt"/>
      </file>
      <file name="className.ts" path="/home/runner/work/JohnSmith/JohnSmith/src/binding/ext/className.ts">
        <metrics statements="22" coveredstatements="22" conditionals="6" coveredconditionals="6" methods="4" coveredmethods="4"/>
        <line num="10" count="28" type="stmt"/>
        <line num="12" count="28" type="stmt"/>
        <line num="13" count="28" type="stmt"/>
        <line num="14" count="28" type="stmt"/>
        <line num="23" count="28" type="stmt"/>
        <line num="28" count="9" type="stmt"/>
        <line num="31" count="9" type="cond" truecount="3" falsecount="0"/>
        <line num="32" count="5" type="stmt"/>
        <line num="35" count="8" type="cond" truecount="1" falsecount="0"/>
        <line num="36" count="2" type="stmt"/>
        <line num="39" count="6" type="stmt"/>
        <line num="41" count="6" type="stmt"/>
        <line num="43" count="4" type="stmt"/>
        <line num="51" count="4" type="stmt"/>
        <line num="52" count="4" type="stmt"/>
        <line num="57" count="4" type="stmt"/>
        <line num="58" count="8" type="stmt"/>
        <line num="62" count="11" type="cond" truecount="2" falsecount="0"/>
        <line num="63" count="7" type="stmt"/>
        <line num="65" count="4" type="stmt"/>
        <line num="68" count="11" type="stmt"/>
        <line num="74" count="4" type="stmt"/>
      </file>
      <file name="innerHTML.ts" path="/home/runner/work/JohnSmith/JohnSmith/src/binding/ext/innerHTML.ts">
        <metrics statements="6" coveredstatements="6" conditionals="2" coveredconditionals="2" methods="2" coveredmethods="2"/>
        <line num="12" count="28" type="stmt"/>
        <line num="15" count="28" type="stmt"/>
        <line num="36" count="28" type="stmt"/>
        <line num="40" count="4" type="stmt"/>
        <line num="43" count="6" type="cond" truecount="2" falsecount="0"/>
        <line num="45" count="6" type="stmt"/>
      </file>
      <file name="value.ts" path="/home/runner/work/JohnSmith/JohnSmith/src/binding/ext/value.ts">
        <metrics statements="8" coveredstatements="8" conditionals="6" coveredconditionals="5" methods="3" coveredmethods="3"/>
        <line num="10" count="28" type="stmt"/>
        <line num="13" count="28" type="stmt"/>
        <line num="49" count="28" type="stmt"/>
        <line num="53" count="5" type="stmt"/>
        <line num="57" count="5" type="cond" truecount="3" falsecount="1"/>
        <line num="67" count="5" type="stmt"/>
        <line num="70" count="1" type="stmt"/>
        <line num="72" count="8" type="cond" truecount="2" falsecount="0"/>
      </file>
    </package>
    <package name="src.common">
      <metrics statements="22" coveredstatements="22" conditionals="7" coveredconditionals="7" methods="7" coveredmethods="6"/>
      <file name="disposable.ts" path="/home/runner/work/JohnSmith/JohnSmith/src/common/disposable.ts">
        <metrics statements="3" coveredstatements="3" conditionals="0" coveredconditionals="0" methods="2" coveredmethods="1"/>
        <line num="19" count="32" type="stmt"/>
        <line num="27" count="32" type="stmt"/>
        <line num="28" count="174" type="stmt"/>
      </file>
      <file name="index.ts" path="/home/runner/work/JohnSmith/JohnSmith/src/common/index.ts">
        <metrics statements="2" coveredstatements="2" conditionals="0" coveredconditionals="0" methods="0" coveredmethods="0"/>
        <line num="1" count="31" type="stmt"/>
        <line num="2" count="31" type="stmt"/>
      </file>
      <file name="owner.ts" path="/home/runner/work/JohnSmith/JohnSmith/src/common/owner.ts">
        <metrics statements="17" coveredstatements="17" conditionals="7" coveredconditionals="7" methods="5" coveredmethods="5"/>
        <line num="1" count="32" type="stmt"/>
        <line num="18" count="32" type="stmt"/>
        <line num="29" count="191" type="cond" truecount="2" falsecount="0"/>
        <line num="43" count="300" type="stmt"/>
        <line num="44" count="300" type="stmt"/>
        <line num="50" count="4" type="cond" truecount="1" falsecount="0"/>
        <line num="51" count="1" type="stmt"/>
        <line num="54" count="3" type="stmt"/>
        <line num="61" count="37" type="stmt"/>
        <line num="62" count="54" type="stmt"/>
        <line num="67" count="32" type="stmt"/>
        <line num="68" count="6" type="cond" truecount="1" falsecount="0"/>
        <line num="69" count="2" type="cond" truecount="2" falsecount="0"/>
        <line num="70" count="1" type="stmt"/>
        <line num="71" count="1" type="cond" truecount="1" falsecount="0"/>
        <line num="72" count="1" type="stmt"/>
        <line num="76" count="4" type="stmt"/>
      </file>
    </package>
    <package name="src.debugging">
      <metrics statements="70" coveredstatements="59" conditionals="14" coveredconditionals="7" methods="20" coveredmethods="12"/>
      <file name="debug-troubleshooter.ts" path="/home/runner/work/JohnSmith/JohnSmith/src/debugging/debug-troubleshooter.ts">
        <metrics statements="27" coveredstatements="22" conditionals="9" coveredconditionals="5" methods="9" coveredmethods="5"/>
        <line num="6" count="1" type="stmt"/>
        <line num="10" count="2" type="stmt"/>
        <line num="11" count="2" type="stmt"/>
        <line num="12" count="2" type="stmt"/>
        <line num="14" count="2" type="stmt"/>
        <line num="18" count="0" type="stmt"/>
        <line num="22" count="0" type="stmt"/>
        <line num="26" count="1" type="stmt"/>
        <line num="27" count="3" type="stmt"/>
        <line num="28" count="3" type="stmt"/>
        <line num="31" count="3" type="stmt"/>
        <line num="32" count="3" type="stmt"/>
        <line num="33" count="3" type="stmt"/>
        <line num="37" count="1" type="stmt"/>
        <line num="49" count="1" type="stmt"/>
        <line num="59" count="0" type="stmt"/>
        <line num="66" count="2" type="cond" truecount="1" falsecount="0"/>
        <line num="67" count="2" type="stmt"/>
        <line num="68" count="2" type="stmt"/>
        <line num="71" count="2" type="stmt"/>
        <line num="72" count="2" type="stmt"/>
        <line num="74" count="2" type="stmt"/>
        <line num="75" count="2" type="stmt"/>
        <line num="76" count="0" type="stmt"/>
        <line num="79" count="2" type="cond" truecount="3" falsecount="1"/>
        <line num="81" count="2" type="stmt"/>
        <line num="83" count="0" type="stmt"/>
      </file>
      <file name="errors-view-model.ts" path="/home/runner/work/JohnSmith/JohnSmith/src/debugging/errors-view-model.ts">
        <metrics statements="3" coveredstatements="3" conditionals="0" coveredconditionals="0" methods="1" coveredmethods="1"/>
        <line num="1" count="1" type="stmt"/>
        <line num="4" count="1" type="stmt"/>
        <line num="5" count="1" type="stmt"/>
      </file>
      <file name="errors-view.tsx" path="/home/runner/work/JohnSmith/JohnSmith/src/debugging/errors-view.tsx">
        <metrics statements="9" coveredstatements="7" conditionals="0" coveredconditionals="0" methods="5" coveredmethods="3"/>
        <line num="3" count="1" type="stmt"/>
        <line num="4" count="1" type="stmt"/>
        <line num="5" count="1" type="stmt"/>
        <line num="7" count="1" type="stmt"/>
        <line num="8" count="2" type="stmt"/>
        <line num="11" count="2" type="stmt"/>
        <line num="31" count="4" type="stmt"/>
        <line num="33" count="0" type="stmt"/>
        <line num="34" count="0" type="stmt"/>
      </file>
      <file name="includes.ts" path="/home/runner/work/JohnSmith/JohnSmith/src/debugging/includes.ts">
        <metrics statements="31" coveredstatements="27" conditionals="5" coveredconditionals="2" methods="5" coveredmethods="3"/>
        <line num="1" count="1" type="stmt"/>
        <line num="2" count="1" type="stmt"/>
        <line num="3" count="1" type="stmt"/>
        <line num="4" count="1" type="stmt"/>
        <line num="5" count="1" type="stmt"/>
        <line num="6" count="1" type="stmt"/>
        <line num="7" count="1" type="stmt"/>
        <line num="9" count="1" type="stmt"/>
        <line num="11" count="1" type="cond" truecount="1" falsecount="1"/>
        <line num="12" count="1" type="cond" truecount="1" falsecount="1"/>
        <line num="14" count="1" type="stmt"/>
        <line num="16" count="1" type="stmt"/>
        <line num="17" count="3" type="stmt"/>
        <line num="18" count="3" type="stmt"/>
        <line num="20" count="3" type="stmt"/>
        <line num="22" count="3" type="stmt"/>
        <line num="24" count="3" type="cond" truecount="0" falsecount="1"/>
        <line num="25" count="0" type="stmt"/>
        <line num="30" count="3" type="stmt"/>
        <line num="31" count="3" type="stmt"/>
        <line num="33" count="3" type="stmt"/>
        <line num="34" count="2" type="stmt"/>
        <line num="41" count="0" type="stmt"/>
        <line num="42" count="0" type="stmt"/>
        <line num="44" count="0" type="stmt"/>
        <line num="48" count="1" type="stmt"/>
        <line num="49" count="3" type="stmt"/>
        <line num="51" count="3" type="stmt"/>
        <line num="60" count="3" type="stmt"/>
        <line num="61" count="3" type="stmt"/>
        <line num="139" count="3" type="stmt"/>
      </file>
    </package>
    <package name="src.reactive">
      <metrics statements="111" coveredstatements="111" conditionals="29" coveredconditionals="29" methods="40" coveredmethods="40"/>
      <file name="bidirectional-value.ts" path="/home/runner/work/JohnSmith/JohnSmith/src/reactive/bidirectional-value.ts">
        <metrics statements="9" coveredstatements="9" conditionals="8" coveredconditionals="8" methods="2" coveredmethods="2"/>
        <line num="1" count="29" type="stmt"/>
        <line num="9" count="29" type="stmt"/>
        <line num="14" count="7" type="stmt"/>
        <line num="17" count="7" type="stmt"/>
        <line num="21" count="7" type="stmt"/>
        <line num="23" count="7" type="cond" truecount="2" falsecount="0"/>
        <line num="28" count="5" type="stmt"/>
        <line num="29" count="2" type="cond" truecount="1" falsecount="0"/>
        <line num="33" count="1" type="stmt"/>
      </file>
      <file name="event.ts" path="/home/runner/work/JohnSmith/JohnSmith/src/reactive/event.ts">
        <metrics statements="6" coveredstatements="6" conditionals="0" coveredconditionals="0" methods="4" coveredmethods="4"/>
        <line num="1" count="1" type="stmt"/>
        <line num="17" count="1" type="stmt"/>
        <line num="18" count="3" type="stmt"/>
        <line num="24" count="6" type="stmt"/>
        <line num="37" count="4" type="stmt"/>
        <line num="45" count="1" type="stmt"/>
      </file>
      <file name="index.ts" path="/home/runner/work/JohnSmith/JohnSmith/src/reactive/index.ts">
        <metrics statements="4" coveredstatements="4" conditionals="0" coveredconditionals="0" methods="0" coveredmethods="0"/>
        <line num="1" count="28" type="stmt"/>
        <line num="2" count="28" type="stmt"/>
        <line num="3" count="28" type="stmt"/>
        <line num="4" count="28" type="stmt"/>
      </file>
      <file name="listenable.ts" path="/home/runner/work/JohnSmith/JohnSmith/src/reactive/listenable.ts">
        <metrics statements="33" coveredstatements="33" conditionals="4" coveredconditionals="4" methods="13" coveredmethods="13"/>
        <line num="2" count="36" type="stmt"/>
        <line num="7" count="36" type="cond" truecount="2" falsecount="0"/>
        <line num="11" count="36" type="stmt"/>
        <line num="17" count="36" type="stmt"/>
        <line num="23" count="36" type="stmt"/>
        <line num="29" count="36" type="stmt"/>
        <line num="43" count="86" type="stmt"/>
        <line num="44" count="86" type="stmt"/>
        <line num="51" count="12" type="stmt"/>
        <line num="75" count="36" type="stmt"/>
        <line num="120" count="36" type="stmt"/>
        <line num="121" count="113" type="stmt"/>
        <line num="140" count="69" type="stmt"/>
        <line num="141" count="69" type="cond" truecount="1" falsecount="0"/>
        <line num="142" count="63" type="stmt"/>
        <line num="145" count="69" type="stmt"/>
        <line num="149" count="74" type="stmt"/>
        <line num="150" count="29" type="stmt"/>
        <line num="155" count="28" type="stmt"/>
        <line num="164" count="36" type="stmt"/>
        <line num="165" count="32" type="stmt"/>
        <line num="171" count="17" type="stmt"/>
        <line num="172" count="17" type="cond" truecount="1" falsecount="0"/>
        <line num="173" count="16" type="stmt"/>
        <line num="176" count="17" type="stmt"/>
        <line num="180" count="30" type="stmt"/>
        <line num="181" count="14" type="stmt"/>
        <line num="186" count="2" type="stmt"/>
        <line num="194" count="36" type="stmt"/>
        <line num="198" count="36" type="stmt"/>
        <line num="201" count="70" type="stmt"/>
        <line num="204" count="36" type="stmt"/>
        <line num="207" count="15" type="stmt"/>
      </file>
      <file name="observable-list.ts" path="/home/runner/work/JohnSmith/JohnSmith/src/reactive/observable-list.ts">
        <metrics statements="42" coveredstatements="42" conditionals="12" coveredconditionals="12" methods="13" coveredmethods="13"/>
        <line num="1" count="29" type="stmt"/>
        <line num="2" count="29" type="stmt"/>
        <line num="8" count="29" type="stmt"/>
        <line num="15" count="29" type="stmt"/>
        <line num="19" count="32" type="stmt"/>
        <line num="20" count="32" type="stmt"/>
        <line num="25" count="32" type="cond" truecount="2" falsecount="0"/>
        <line num="32" count="17" type="stmt"/>
        <line num="42" count="2" type="stmt"/>
        <line num="46" count="10" type="cond" truecount="1" falsecount="0"/>
        <line num="47" count="10" type="cond" truecount="1" falsecount="0"/>
        <line num="48" count="1" type="stmt"/>
        <line num="52" count="9" type="stmt"/>
        <line num="53" count="9" type="stmt"/>
        <line num="54" count="9" type="stmt"/>
        <line num="58" count="10" type="stmt"/>
        <line num="59" count="10" type="stmt"/>
        <line num="60" count="13" type="stmt"/>
        <line num="63" count="10" type="stmt"/>
        <line num="67" count="5" type="stmt"/>
        <line num="69" count="5" type="stmt"/>
        <line num="70" count="17" type="stmt"/>
        <line num="73" count="5" type="stmt"/>
        <line num="78" count="6" type="stmt"/>
        <line num="79" count="6" type="cond" truecount="1" falsecount="0"/>
        <line num="80" count="6" type="stmt"/>
        <line num="81" count="6" type="stmt"/>
        <line num="87" count="2" type="cond" truecount="1" falsecount="0"/>
        <line num="88" count="2" type="stmt"/>
        <line num="89" count="2" type="stmt"/>
        <line num="92" count="2" type="stmt"/>
        <line num="96" count="4" type="stmt"/>
        <line num="100" count="3" type="stmt"/>
        <line num="101" count="3" type="cond" truecount="1" falsecount="0"/>
        <line num="102" count="1" type="stmt"/>
        <line num="105" count="2" type="stmt"/>
        <line num="109" count="2" type="stmt"/>
        <line num="113" count="21" type="stmt"/>
        <line num="114" count="21" type="stmt"/>
        <line num="116" count="21" type="stmt"/>
        <line num="120" count="32" type="cond" truecount="1" falsecount="0"/>
        <line num="121" count="2" type="stmt"/>
      </file>
      <file name="observable-value.ts" path="/home/runner/work/JohnSmith/JohnSmith/src/reactive/observable-value.ts">
        <metrics statements="17" coveredstatements="17" conditionals="5" coveredconditionals="5" methods="8" coveredmethods="8"/>
        <line num="1" count="35" type="stmt"/>
        <line num="12" count="35" type="stmt"/>
        <line num="16" count="110" type="stmt"/>
        <line num="24" count="110" type="stmt"/>
        <line num="25" count="110" type="stmt"/>
        <line num="32" count="138" type="stmt"/>
        <line num="39" count="10" type="cond" truecount="1" falsecount="0"/>
        <line num="40" count="1" type="stmt"/>
        <line num="43" count="9" type="stmt"/>
        <line num="53" count="52" type="stmt"/>
        <line num="54" count="52" type="stmt"/>
        <line num="61" count="3" type="stmt"/>
        <line num="68" count="22" type="stmt"/>
        <line num="84" count="1" type="stmt"/>
        <line num="85" count="1" type="stmt"/>
        <line num="100" count="65" type="cond" truecount="2" falsecount="0"/>
        <line num="102" count="65" type="cond" truecount="2" falsecount="0"/>
      </file>
    </package>
    <package name="src.reactive.transformers">
      <metrics statements="22" coveredstatements="22" conditionals="0" coveredconditionals="0" methods="10" coveredmethods="10"/>
      <file name="combine-all.ts" path="/home/runner/work/JohnSmith/JohnSmith/src/reactive/transformers/combine-all.ts">
        <metrics statements="3" coveredstatements="3" conditionals="0" coveredconditionals="0" methods="2" coveredmethods="2"/>
        <line num="3" count="1" type="stmt"/>
        <line num="14" count="1" type="stmt"/>
        <line num="17" count="2" type="stmt"/>
      </file>
      <file name="combine.ts" path="/home/runner/work/JohnSmith/JohnSmith/src/reactive/transformers/combine.ts">
        <metrics statements="3" coveredstatements="3" conditionals="0" coveredconditionals="0" methods="1" coveredmethods="1"/>
        <line num="2" count="1" type="stmt"/>
        <line num="16" count="1" type="stmt"/>
        <line num="21" count="4" type="stmt"/>
      </file>
      <file name="map.ts" path="/home/runner/work/JohnSmith/JohnSmith/src/reactive/transformers/map.ts">
        <metrics statements="9" coveredstatements="9" conditionals="0" coveredconditionals="0" methods="4" coveredmethods="4"/>
        <line num="1" count="1" type="stmt"/>
        <line num="14" count="1" type="stmt"/>
        <line num="17" count="4" type="stmt"/>
        <line num="21" count="4" type="stmt"/>
        <line num="22" count="4" type="stmt"/>
        <line num="24" count="4" type="stmt"/>
        <line num="31" count="4" type="stmt"/>
        <line num="32" count="5" type="stmt"/>
        <line num="33" count="5" type="stmt"/>
      </file>
      <file name="with-previous.ts" path="/home/runner/work/JohnSmith/JohnSmith/src/reactive/transformers/with-previous.ts">
        <metrics statements="7" coveredstatements="7" conditionals="0" coveredconditionals="0" methods="3" coveredmethods="3"/>
        <line num="14" count="1" type="stmt"/>
        <line num="17" count="3" type="stmt"/>
        <line num="22" count="2" type="stmt"/>
        <line num="24" count="2" type="stmt"/>
        <line num="25" count="3" type="stmt"/>
        <line num="26" count="3" type="stmt"/>
        <line num="27" count="3" type="stmt"/>
      </file>
    </package>
    <package name="src.reactive.transformers.support">
      <metrics statements="26" coveredstatements="26" conditionals="8" coveredconditionals="8" methods="8" coveredmethods="8"/>
      <file name="dependant-listenable-value.ts" path="/home/runner/work/JohnSmith/JohnSmith/src/reactive/transformers/support/dependant-listenable-value.ts">
        <metrics statements="26" coveredstatements="26" conditionals="8" coveredconditionals="8" methods="8" coveredmethods="8"/>
        <line num="1" count="2" type="stmt"/>
        <line num="2" count="2" type="stmt"/>
        <line num="5" count="2" type="stmt"/>
        <line num="9" count="6" type="stmt"/>
        <line num="12" count="6" type="stmt"/>
        <line num="13" count="6" type="stmt"/>
        <line num="15" count="6" type="stmt"/>
        <line num="22" count="6" type="stmt"/>
        <line num="24" count="12" type="stmt"/>
        <line num="25" count="12" type="stmt"/>
        <line num="27" count="6" type="cond" truecount="2" falsecount="0"/>
        <line num="28" count="6" type="stmt"/>
        <line num="30" count="6" type="stmt"/>
        <line num="32" count="12" type="stmt"/>
        <line num="33" count="16" type="stmt"/>
        <line num="35" count="16" type="cond" truecount="2" falsecount="0"/>
        <line num="36" count="4" type="stmt"/>
        <line num="38" count="12" type="cond" truecount="1" falsecount="0"/>
        <line num="39" count="12" type="stmt"/>
        <line num="40" count="12" type="stmt"/>
        <line num="42" count="12" type="cond" truecount="1" falsecount="0"/>
        <line num="46" count="2" type="stmt"/>
        <line num="54" count="6" type="stmt"/>
        <line num="56" count="1" type="stmt"/>
        <line num="60" count="6" type="stmt"/>
        <line num="97" count="2" type="stmt"/>
      </file>
    </package>
    <package name="src.troubleshooting">
      <metrics statements="6" coveredstatements="6" conditionals="0" coveredconditionals="0" methods="3" coveredmethods="3"/>
      <file name="global.ts" path="/home/runner/work/JohnSmith/JohnSmith/src/troubleshooting/global.ts">
        <metrics statements="1" coveredstatements="1" conditionals="0" coveredconditionals="0" methods="0" coveredmethods="0"/>
        <line num="2" count="28" type="stmt"/>
      </file>
      <file name="noop-troubleshooter.ts" path="/home/runner/work/JohnSmith/JohnSmith/src/troubleshooting/noop-troubleshooter.ts">
        <metrics statements="5" coveredstatements="5" conditionals="0" coveredconditionals="0" methods="3" coveredmethods="3"/>
        <line num="2" count="29" type="stmt"/>
        <line num="4" count="29" type="stmt"/>
        <line num="6" count="1" type="stmt"/>
        <line num="10" count="1" type="stmt"/>
        <line num="14" count="1" type="stmt"/>
      </file>
    </package>
    <package name="src.utils">
      <metrics statements="7" coveredstatements="7" conditionals="2" coveredconditionals="2" methods="1" coveredmethods="1"/>
      <file name="array.ts" path="/home/runner/work/JohnSmith/JohnSmith/src/utils/array.ts">
        <metrics statements="7" coveredstatements="7" conditionals="2" coveredconditionals="2" methods="1" coveredmethods="1"/>
        <line num="1" count="36" type="stmt"/>
        <line num="3" count="29" type="stmt"/>
        <line num="5" count="29" type="stmt"/>
        <line num="6" count="138" type="cond" truecount="1" falsecount="0"/>
        <line num="7" count="28" type="stmt"/>
        <line num="11" count="29" type="cond" truecount="1" falsecount="0"/>
        <line num="12" count="28" type="stmt"/>
      </file>
    </package>
    <package name="src.view">
      <metrics statements="174" coveredstatements="157" conditionals="82" coveredconditionals="72" methods="62" coveredmethods="51"/>
      <file name="default-view-renderer.ts" path="/home/runner/work/JohnSmith/JohnSmith/src/view/default-view-renderer.ts">
        <metrics statements="114" coveredstatements="105" conditionals="68" coveredconditionals="58" methods="23" coveredmethods="20"/>
        <line num="2" count="28" type="stmt"/>
        <line num="12" count="28" type="stmt"/>
        <line num="18" count="28" type="stmt"/>
        <line num="28" count="28" type="stmt"/>
        <line num="30" count="100" type="stmt"/>
        <line num="31" count="100" type="stmt"/>
        <line num="32" count="100" type="stmt"/>
        <line num="43" count="172" type="stmt"/>
        <line num="44" count="172" type="stmt"/>
        <line num="45" count="172" type="stmt"/>
        <line num="46" count="172" type="stmt"/>
        <line num="50" count="172" type="stmt"/>
        <line num="58" count="172" type="stmt"/>
        <line num="60" count="172" type="cond" truecount="1" falsecount="0"/>
        <line num="61" count="172" type="cond" truecount="2" falsecount="0"/>
        <line num="62" count="22" type="stmt"/>
        <line num="63" count="22" type="stmt"/>
        <line num="65" count="3" type="stmt"/>
        <line num="69" count="150" type="stmt"/>
        <line num="70" count="150" type="stmt"/>
        <line num="72" count="29" type="stmt"/>
        <line num="79" count="172" type="cond" truecount="4" falsecount="0"/>
        <line num="87" count="172" type="stmt"/>
        <line num="88" count="172" type="cond" truecount="3" falsecount="0"/>
        <line num="89" count="2" type="stmt"/>
        <line num="96" count="172" type="stmt"/>
        <line num="97" count="100" type="stmt"/>
        <line num="103" count="172" type="stmt"/>
        <line num="104" count="172" type="cond" truecount="2" falsecount="1"/>
        <line num="105" count="0" type="stmt"/>
        <line num="110" count="172" type="cond" truecount="1" falsecount="0"/>
        <line num="111" count="1" type="stmt"/>
        <line num="117" count="172" type="stmt"/>
        <line num="118" count="172" type="cond" truecount="2" falsecount="1"/>
        <line num="119" count="0" type="stmt"/>
        <line num="122" count="0" type="stmt"/>
        <line num="124" count="0" type="stmt"/>
        <line num="133" count="172" type="stmt"/>
        <line num="141" count="32" type="stmt"/>
        <line num="153" count="172" type="stmt"/>
        <line num="156" count="172" type="cond" truecount="2" falsecount="0"/>
        <line num="159" count="172" type="cond" truecount="1" falsecount="0"/>
        <line num="160" count="155" type="stmt"/>
        <line num="164" count="155" type="stmt"/>
        <line num="170" count="17" type="stmt"/>
        <line num="172" count="17" type="cond" truecount="1" falsecount="0"/>
        <line num="173" count="17" type="stmt"/>
        <line num="179" count="0" type="stmt"/>
        <line num="192" count="244" type="cond" truecount="1" falsecount="0"/>
        <line num="200" count="198" type="cond" truecount="2" falsecount="0"/>
        <line num="202" count="198" type="cond" truecount="2" falsecount="0"/>
        <line num="206" count="198" type="cond" truecount="1" falsecount="0"/>
        <line num="207" count="198" type="stmt"/>
        <line num="216" count="198" type="stmt"/>
        <line num="218" count="198" type="stmt"/>
        <line num="221" count="46" type="cond" truecount="1" falsecount="0"/>
        <line num="227" count="46" type="stmt"/>
        <line num="234" count="0" type="stmt"/>
        <line num="235" count="0" type="stmt"/>
        <line num="238" count="0" type="stmt"/>
        <line num="246" count="46" type="stmt"/>
        <line num="250" count="46" type="cond" truecount="0" falsecount="1"/>
        <line num="252" count="0" type="stmt"/>
        <line num="255" count="46" type="stmt"/>
        <line num="258" count="46" type="stmt"/>
        <line num="259" count="46" type="stmt"/>
        <line num="262" count="46" type="stmt"/>
        <line num="272" count="198" type="stmt"/>
        <line num="273" count="193" type="stmt"/>
        <line num="275" count="193" type="stmt"/>
        <line num="292" count="193" type="cond" truecount="3" falsecount="0"/>
        <line num="293" count="2" type="stmt"/>
        <line num="296" count="191" type="cond" truecount="1" falsecount="0"/>
        <line num="297" count="93" type="stmt"/>
        <line num="298" count="93" type="stmt"/>
        <line num="301" count="98" type="cond" truecount="3" falsecount="0"/>
        <line num="302" count="15" type="stmt"/>
        <line num="303" count="15" type="stmt"/>
        <line num="306" count="83" type="cond" truecount="1" falsecount="0"/>
        <line num="307" count="72" type="stmt"/>
        <line num="315" count="72" type="cond" truecount="1" falsecount="0"/>
        <line num="316" count="72" type="stmt"/>
        <line num="319" count="72" type="stmt"/>
        <line num="322" count="11" type="cond" truecount="1" falsecount="0"/>
        <line num="323" count="4" type="stmt"/>
        <line num="324" count="4" type="stmt"/>
        <line num="326" count="4" type="stmt"/>
        <line num="328" count="4" type="stmt"/>
        <line num="329" count="4" type="stmt"/>
        <line num="332" count="4" type="stmt"/>
        <line num="338" count="7" type="stmt"/>
        <line num="351" count="198" type="stmt"/>
        <line num="353" count="107" type="cond" truecount="3" falsecount="1"/>
        <line num="354" count="107" type="stmt"/>
        <line num="356" count="107" type="cond" truecount="2" falsecount="0"/>
        <line num="357" count="28" type="stmt"/>
        <line num="358" count="28" type="stmt"/>
        <line num="360" count="79" type="cond" truecount="2" falsecount="0"/>
        <line num="361" count="14" type="stmt"/>
        <line num="369" count="65" type="cond" truecount="2" falsecount="0"/>
        <line num="377" count="57" type="stmt"/>
        <line num="379" count="8" type="stmt"/>
        <line num="381" count="8" type="stmt"/>
        <line num="396" count="28" type="stmt"/>
        <line num="398" count="28" type="cond" truecount="1" falsecount="0"/>
        <line num="399" count="2" type="stmt"/>
        <line num="402" count="26" type="stmt"/>
        <line num="412" count="14" type="cond" truecount="4" falsecount="0"/>
        <line num="416" count="14" type="stmt"/>
        <line num="417" count="14" type="stmt"/>
        <line num="418" count="4" type="stmt"/>
        <line num="420" count="14" type="stmt"/>
        <line num="422" count="14" type="stmt"/>
        <line num="423" count="2" type="stmt"/>
      </file>
      <file name="dom-engine-native.ts" path="/home/runner/work/JohnSmith/JohnSmith/src/view/dom-engine-native.ts">
        <metrics statements="60" coveredstatements="52" conditionals="14" coveredconditionals="14" methods="39" coveredmethods="31"/>
        <line num="11" count="614" type="stmt"/>
        <line num="16" count="6" type="cond" truecount="1" falsecount="0"/>
        <line num="17" count="6" type="stmt"/>
        <line num="28" count="12" type="stmt"/>
        <line num="29" count="12" type="stmt"/>
        <line num="30" count="12" type="cond" truecount="2" falsecount="0"/>
        <line num="34" count="14" type="cond" truecount="1" falsecount="0"/>
        <line num="35" count="14" type="stmt"/>
        <line num="36" count="14" type="stmt"/>
        <line num="41" count="8" type="stmt"/>
        <line num="42" count="8" type="cond" truecount="1" falsecount="0"/>
        <line num="43" count="6" type="stmt"/>
        <line num="44" count="6" type="stmt"/>
        <line num="49" count="20" type="stmt"/>
        <line num="54" count="196" type="stmt"/>
        <line num="56" count="196" type="stmt"/>
        <line num="57" count="196" type="stmt"/>
        <line num="61" count="150" type="stmt"/>
        <line num="65" count="28" type="stmt"/>
        <line num="69" count="41" type="stmt"/>
        <line num="77" count="299" type="stmt"/>
        <line num="78" count="299" type="stmt"/>
        <line num="82" count="0" type="stmt"/>
        <line num="86" count="4" type="stmt"/>
        <line num="90" count="0" type="stmt"/>
        <line num="94" count="0" type="stmt"/>
        <line num="98" count="7" type="stmt"/>
        <line num="102" count="290" type="stmt"/>
        <line num="106" count="65" type="stmt"/>
        <line num="110" count="1" type="stmt"/>
        <line num="114" count="0" type="stmt"/>
        <line num="118" count="15" type="stmt"/>
        <line num="119" count="15" type="stmt"/>
        <line num="123" count="2" type="stmt"/>
        <line num="127" count="29" type="cond" truecount="1" falsecount="0"/>
        <line num="128" count="29" type="stmt"/>
        <line num="133" count="12" type="stmt"/>
        <line num="137" count="1" type="stmt"/>
        <line num="141" count="8" type="stmt"/>
        <line num="145" count="0" type="stmt"/>
        <line num="149" count="6" type="stmt"/>
        <line num="154" count="119" type="stmt"/>
        <line num="155" count="119" type="stmt"/>
        <line num="159" count="0" type="stmt"/>
        <line num="163" count="6" type="stmt"/>
        <line num="167" count="0" type="stmt"/>
        <line num="171" count="0" type="stmt"/>
        <line num="175" count="28" type="stmt"/>
        <line num="177" count="5" type="stmt"/>
        <line num="181" count="189" type="stmt"/>
        <line num="185" count="196" type="stmt"/>
        <line num="193" count="9" type="stmt"/>
        <line num="199" count="98" type="cond" truecount="1" falsecount="0"/>
        <line num="200" count="3" type="stmt"/>
        <line num="201" count="3" type="cond" truecount="1" falsecount="0"/>
        <line num="202" count="1" type="stmt"/>
        <line num="206" count="97" type="cond" truecount="4" falsecount="0"/>
        <line num="207" count="95" type="stmt"/>
        <line num="210" count="2" type="stmt"/>
        <line num="214" count="119" type="stmt"/>
      </file>
    </package>
    <package name="src.view.components">
      <metrics statements="58" coveredstatements="54" conditionals="9" coveredconditionals="8" methods="14" coveredmethods="13"/>
      <file name="index.ts" path="/home/runner/work/JohnSmith/JohnSmith/src/view/components/index.ts">
        <metrics statements="3" coveredstatements="3" conditionals="0" coveredconditionals="0" methods="0" coveredmethods="0"/>
        <line num="1" count="4" type="stmt"/>
        <line num="2" count="4" type="stmt"/>
        <line num="3" count="4" type="stmt"/>
      </file>
      <file name="list.ts" path="/home/runner/work/JohnSmith/JohnSmith/src/view/components/list.ts">
        <metrics statements="5" coveredstatements="5" conditionals="0" coveredconditionals="0" methods="2" coveredmethods="2"/>
        <line num="7" count="6" type="stmt"/>
        <line num="15" count="6" type="stmt"/>
        <line num="17" count="16" type="stmt"/>
        <line num="20" count="16" type="stmt"/>
        <line num="28" count="16" type="stmt"/>
      </file>
      <file name="null.ts" path="/home/runner/work/JohnSmith/JohnSmith/src/view/components/null.ts">
        <metrics statements="15" coveredstatements="11" conditionals="4" coveredconditionals="3" methods="4" coveredmethods="3"/>
        <line num="7" count="4" type="stmt"/>
        <line num="25" count="4" type="stmt"/>
        <line num="29" count="2" type="stmt"/>
        <line num="37" count="2" type="stmt"/>
        <line num="38" count="2" type="stmt"/>
        <line num="40" count="2" type="stmt"/>
        <line num="43" count="2" type="cond" truecount="3" falsecount="0"/>
        <line num="44" count="1" type="stmt"/>
        <line num="47" count="1" type="stmt"/>
        <line num="53" count="1" type="stmt"/>
        <line num="55" count="1" type="stmt"/>
        <line num="57" count="0" type="cond" truecount="0" falsecount="1"/>
        <line num="58" count="0" type="stmt"/>
        <line num="59" count="0" type="stmt"/>
        <line num="62" count="0" type="stmt"/>
      </file>
      <file name="value.ts" path="/home/runner/work/JohnSmith/JohnSmith/src/view/components/value.ts">
        <metrics statements="20" coveredstatements="20" conditionals="5" coveredconditionals="5" methods="5" coveredmethods="5"/>
        <line num="7" count="9" type="stmt"/>
        <line num="23" count="9" type="stmt"/>
        <line num="25" count="23" type="stmt"/>
        <line num="28" count="23" type="stmt"/>
        <line num="36" count="23" type="stmt"/>
        <line num="37" count="23" type="stmt"/>
        <line num="39" count="23" type="stmt"/>
        <line num="42" count="24" type="cond" truecount="3" falsecount="0"/>
        <line num="43" count="21" type="stmt"/>
        <line num="49" count="21" type="stmt"/>
        <line num="51" count="21" type="stmt"/>
        <line num="53" count="4" type="cond" truecount="1" falsecount="0"/>
        <line num="54" count="4" type="stmt"/>
        <line num="55" count="4" type="stmt"/>
        <line num="58" count="4" type="stmt"/>
        <line num="63" count="3" type="stmt"/>
        <line num="67" count="23" type="stmt"/>
        <line num="69" count="3" type="stmt"/>
        <line num="70" count="3" type="cond" truecount="1" falsecount="0"/>
        <line num="71" count="3" type="stmt"/>
      </file>
      <file name="virtual-node.ts" path="/home/runner/work/JohnSmith/JohnSmith/src/view/components/virtual-node.ts">
        <metrics statements="15" coveredstatements="15" conditionals="0" coveredconditionals="0" methods="3" coveredmethods="3"/>
        <line num="3" count="1" type="stmt"/>
        <line num="12" count="1" type="stmt"/>
        <line num="13" count="5" type="stmt"/>
        <line num="15" count="5" type="stmt"/>
        <line num="22" count="5" type="stmt"/>
        <line num="23" count="5" type="stmt"/>
        <line num="25" count="5" type="stmt"/>
        <line num="26" count="5" type="stmt"/>
        <line num="27" count="6" type="stmt"/>
        <line num="28" count="6" type="stmt"/>
        <line num="31" count="5" type="stmt"/>
        <line num="32" count="11" type="stmt"/>
        <line num="34" count="11" type="stmt"/>
        <line num="40" count="11" type="stmt"/>
        <line num="43" count="5" type="stmt"/>
      </file>
    </package>
    <package name="src.view.connectors">
      <metrics statements="102" coveredstatements="97" conditionals="40" coveredconditionals="32" methods="22" coveredmethods="21"/>
      <file name="abstract.ts" path="/home/runner/work/JohnSmith/JohnSmith/src/view/connectors/abstract.ts">
        <metrics statements="32" coveredstatements="31" conditionals="11" coveredconditionals="10" methods="9" coveredmethods="9"/>
        <line num="3" count="28" type="stmt"/>
        <line num="6" count="28" type="stmt"/>
        <line num="7" count="63" type="stmt"/>
        <line num="8" count="63" type="stmt"/>
        <line num="12" count="63" type="stmt"/>
        <line num="14" count="63" type="cond" truecount="2" falsecount="0"/>
        <line num="15" count="3" type="stmt"/>
        <line num="16" count="60" type="cond" truecount="1" falsecount="0"/>
        <line num="17" count="59" type="cond" truecount="2" falsecount="0"/>
        <line num="18" count="56" type="stmt"/>
        <line num="20" count="21" type="stmt"/>
        <line num="26" count="9" type="stmt"/>
        <line num="27" count="9" type="cond" truecount="1" falsecount="0"/>
        <line num="28" count="6" type="stmt"/>
        <line num="33" count="80" type="stmt"/>
        <line num="34" count="80" type="stmt"/>
        <line num="38" count="89" type="cond" truecount="1" falsecount="0"/>
        <line num="39" count="8" type="stmt"/>
        <line num="40" count="8" type="stmt"/>
        <line num="45" count="28" type="stmt"/>
        <line num="59" count="9" type="stmt"/>
        <line num="62" count="9" type="stmt"/>
        <line num="64" count="9" type="stmt"/>
        <line num="65" count="14" type="stmt"/>
        <line num="66" count="14" type="stmt"/>
        <line num="69" count="9" type="cond" truecount="1" falsecount="0"/>
        <line num="73" count="1" type="stmt"/>
        <line num="75" count="1" type="stmt"/>
        <line num="76" count="1" type="stmt"/>
        <line num="82" count="2" type="stmt"/>
        <line num="83" count="2" type="cond" truecount="0" falsecount="1"/>
        <line num="84" count="0" type="stmt"/>
      </file>
      <file name="index.ts" path="/home/runner/work/JohnSmith/JohnSmith/src/view/connectors/index.ts">
        <metrics statements="3" coveredstatements="3" conditionals="0" coveredconditionals="0" methods="0" coveredmethods="0"/>
        <line num="1" count="28" type="stmt"/>
        <line num="2" count="28" type="stmt"/>
        <line num="3" count="28" type="stmt"/>
      </file>
      <file name="listenable-attribute-connector.ts" path="/home/runner/work/JohnSmith/JohnSmith/src/view/connectors/listenable-attribute-connector.ts">
        <metrics statements="9" coveredstatements="9" conditionals="4" coveredconditionals="4" methods="2" coveredmethods="2"/>
        <line num="1" count="28" type="stmt"/>
        <line num="8" count="28" type="stmt"/>
        <line num="16" count="8" type="stmt"/>
        <line num="17" count="9" type="cond" truecount="2" falsecount="0"/>
        <line num="18" count="1" type="stmt"/>
        <line num="19" count="8" type="cond" truecount="2" falsecount="0"/>
        <line num="20" count="2" type="stmt"/>
        <line num="22" count="6" type="stmt"/>
        <line num="29" count="9" type="stmt"/>
      </file>
      <file name="listenable-text-connector.ts" path="/home/runner/work/JohnSmith/JohnSmith/src/view/connectors/listenable-text-connector.ts">
        <metrics statements="5" coveredstatements="5" conditionals="6" coveredconditionals="4" methods="2" coveredmethods="2"/>
        <line num="1" count="28" type="stmt"/>
        <line num="17" count="28" type="stmt"/>
        <line num="24" count="4" type="stmt"/>
        <line num="25" count="6" type="stmt"/>
        <line num="37" count="6" type="stmt"/>
      </file>
      <file name="observable-list-view-connector.ts" path="/home/runner/work/JohnSmith/JohnSmith/src/view/connectors/observable-list-view-connector.ts">
        <metrics statements="53" coveredstatements="49" conditionals="19" coveredconditionals="14" methods="9" coveredmethods="8"/>
        <line num="2" count="28" type="stmt"/>
        <line num="22" count="28" type="stmt"/>
        <line num="23" count="16" type="stmt"/>
        <line num="34" count="16" type="stmt"/>
        <line num="35" count="16" type="stmt"/>
        <line num="36" count="16" type="stmt"/>
        <line num="38" count="16" type="stmt"/>
        <line num="39" count="16" type="stmt"/>
        <line num="41" count="16" type="cond" truecount="1" falsecount="0"/>
        <line num="42" count="15" type="cond" truecount="2" falsecount="0"/>
        <line num="43" count="13" type="stmt"/>
        <line num="44" count="24" type="cond" truecount="1" falsecount="1"/>
        <line num="46" count="2" type="cond" truecount="1" falsecount="1"/>
        <line num="47" count="0" type="stmt"/>
        <line num="48" count="0" type="cond" truecount="0" falsecount="2"/>
        <line num="51" count="2" type="stmt"/>
        <line num="57" count="1" type="cond" truecount="1" falsecount="0"/>
        <line num="58" count="1" type="stmt"/>
        <line num="61" count="1" type="stmt"/>
        <line num="62" count="3" type="stmt"/>
        <line num="69" count="10" type="stmt"/>
        <line num="70" count="11" type="stmt"/>
        <line num="71" count="11" type="cond" truecount="1" falsecount="0"/>
        <line num="72" count="10" type="stmt"/>
        <line num="76" count="0" type="stmt"/>
        <line num="80" count="10" type="stmt"/>
        <line num="81" count="10" type="stmt"/>
        <line num="82" count="21" type="cond" truecount="1" falsecount="0"/>
        <line num="83" count="10" type="stmt"/>
        <line num="87" count="10" type="cond" truecount="1" falsecount="0"/>
        <line num="88" count="10" type="stmt"/>
        <line num="95" count="26" type="cond" truecount="2" falsecount="0"/>
        <line num="96" count="4" type="stmt"/>
        <line num="97" count="10" type="stmt"/>
        <line num="98" count="10" type="stmt"/>
        <line num="100" count="10" type="cond" truecount="1" falsecount="0"/>
        <line num="106" count="10" type="stmt"/>
        <line num="107" count="10" type="stmt"/>
        <line num="110" count="22" type="cond" truecount="2" falsecount="0"/>
        <line num="111" count="6" type="stmt"/>
        <line num="120" count="16" type="stmt"/>
        <line num="121" count="2" type="stmt"/>
        <line num="124" count="16" type="stmt"/>
        <line num="125" count="16" type="stmt"/>
        <line num="130" count="22" type="cond" truecount="0" falsecount="1"/>
        <line num="131" count="0" type="stmt"/>
        <line num="134" count="22" type="stmt"/>
        <line num="135" count="41" type="stmt"/>
        <line num="137" count="41" type="stmt"/>
        <line num="149" count="41" type="stmt"/>
        <line num="157" count="41" type="stmt"/>
        <line num="158" count="41" type="stmt"/>
        <line num="160" count="41" type="stmt"/>
      </file>
    </package>
    <package name="src.view.jsx">
      <metrics statements="9" coveredstatements="9" conditionals="6" coveredconditionals="6" methods="1" coveredmethods="1"/>
      <file name="index.ts" path="/home/runner/work/JohnSmith/JohnSmith/src/view/jsx/index.ts">
        <metrics statements="9" coveredstatements="9" conditionals="6" coveredconditionals="6" methods="1" coveredmethods="1"/>
        <line num="9" count="28" type="stmt"/>
        <line num="53" count="28" type="stmt"/>
        <line num="54" count="244" type="stmt"/>
        <line num="55" count="244" type="stmt"/>
        <line num="57" count="244" type="stmt"/>
        <line num="58" count="193" type="stmt"/>
        <line num="62" count="244" type="cond" truecount="4" falsecount="0"/>
        <line num="64" count="244" type="cond" truecount="2" falsecount="0"/>
        <line num="68" count="244" type="stmt"/>
      </file>
    </package>
  </project>
</coverage>
