<?xml version="1.0" encoding="UTF-8"?>
<coverage generated="1715591223350" clover="3.2.0">
  <project timestamp="1715591223350" name="All files">
    <metrics statements="624" coveredstatements="565" conditionals="226" coveredconditionals="191" methods="185" coveredmethods="153" elements="1035" coveredelements="909" complexity="0" loc="624" ncloc="624" packages="14" files="44" classes="44"/>
    <package name="__tests__">
      <metrics statements="23" coveredstatements="21" conditionals="4" coveredconditionals="2" methods="8" coveredmethods="8"/>
      <file name="_helpers.ts" path="/home/runner/work/JohnSmith/JohnSmith/__tests__/_helpers.ts">
        <metrics statements="23" coveredstatements="21" conditionals="4" coveredconditionals="2" methods="8" coveredmethods="8"/>
        <line num="2" count="21" type="stmt"/>
        <line num="12" count="21" type="stmt"/>
        <line num="16" count="74" type="stmt"/>
        <line num="17" count="74" type="stmt"/>
        <line num="19" count="74" type="stmt"/>
        <line num="20" count="74" type="cond" truecount="0" falsecount="1"/>
        <line num="21" count="0" type="stmt"/>
        <line num="24" count="74" type="stmt"/>
        <line num="28" count="21" type="stmt"/>
        <line num="34" count="66" type="stmt"/>
        <line num="35" count="66" type="stmt"/>
        <line num="36" count="66" type="stmt"/>
        <line num="40" count="21" type="stmt"/>
        <line num="41" count="4" type="stmt"/>
        <line num="42" count="4" type="cond" truecount="0" falsecount="1"/>
        <line num="43" count="0" type="stmt"/>
        <line num="46" count="4" type="stmt"/>
        <line num="49" count="21" type="stmt"/>
        <line num="50" count="1" type="stmt"/>
        <line num="51" count="1" type="stmt"/>
        <line num="54" count="21" type="stmt"/>
        <line num="55" count="3" type="stmt"/>
        <line num="58" count="3" type="stmt"/>
      </file>
    </package>
    <package name="src">
      <metrics statements="20" coveredstatements="20" conditionals="35" coveredconditionals="32" methods="3" coveredmethods="3"/>
      <file name="application.ts" path="/home/runner/work/JohnSmith/JohnSmith/src/application.ts">
        <metrics statements="14" coveredstatements="14" conditionals="35" coveredconditionals="32" methods="2" coveredmethods="2"/>
        <line num="3" count="22" type="stmt"/>
        <line num="5" count="22" type="stmt"/>
        <line num="7" count="22" type="stmt"/>
        <line num="9" count="22" type="stmt"/>
        <line num="11" count="22" type="stmt"/>
        <line num="16" count="22" type="stmt"/>
        <line num="28" count="75" type="cond" truecount="7" falsecount="1"/>
        <line num="29" count="75" type="stmt"/>
        <line num="31" count="75" type="stmt"/>
        <line num="36" count="75" type="stmt"/>
        <line num="60" count="75" type="stmt"/>
        <line num="61" count="75" type="cond" truecount="1" falsecount="0"/>
        <line num="62" count="74" type="stmt"/>
        <line num="65" count="1" type="stmt"/>
      </file>
      <file name="global.ts" path="/home/runner/work/JohnSmith/JohnSmith/src/global.ts">
        <metrics statements="4" coveredstatements="4" conditionals="0" coveredconditionals="0" methods="1" coveredmethods="1"/>
        <line num="1" count="22" type="stmt"/>
        <line num="3" count="22" type="stmt"/>
        <line num="4" count="22" type="stmt"/>
        <line num="12" count="22" type="stmt"/>
      </file>
      <file name="index.ts" path="/home/runner/work/JohnSmith/JohnSmith/src/index.ts">
        <metrics statements="1" coveredstatements="1" conditionals="0" coveredconditionals="0" methods="0" coveredmethods="0"/>
        <line num="1" count="22" type="stmt"/>
      </file>
      <file name="version.ts" path="/home/runner/work/JohnSmith/JohnSmith/src/version.ts">
        <metrics statements="1" coveredstatements="1" conditionals="0" coveredconditionals="0" methods="0" coveredmethods="0"/>
        <line num="1" count="22" type="stmt"/>
      </file>
    </package>
    <package name="src.binding">
      <metrics statements="5" coveredstatements="5" conditionals="0" coveredconditionals="0" methods="0" coveredmethods="0"/>
      <file name="default.ts" path="/home/runner/work/JohnSmith/JohnSmith/src/binding/default.ts">
        <metrics statements="4" coveredstatements="4" conditionals="0" coveredconditionals="0" methods="0" coveredmethods="0"/>
        <line num="1" count="22" type="stmt"/>
        <line num="2" count="22" type="stmt"/>
        <line num="3" count="22" type="stmt"/>
        <line num="4" count="22" type="stmt"/>
      </file>
      <file name="registry.ts" path="/home/runner/work/JohnSmith/JohnSmith/src/binding/registry.ts">
        <metrics statements="1" coveredstatements="1" conditionals="0" coveredconditionals="0" methods="0" coveredmethods="0"/>
        <line num="12" count="22" type="stmt"/>
      </file>
    </package>
    <package name="src.binding.ext">
      <metrics statements="50" coveredstatements="47" conditionals="15" coveredconditionals="14" methods="13" coveredmethods="10"/>
      <file name="bind.ts" path="/home/runner/work/JohnSmith/JohnSmith/src/binding/ext/bind.ts">
        <metrics statements="8" coveredstatements="8" conditionals="1" coveredconditionals="1" methods="1" coveredmethods="1"/>
        <line num="1" count="1" type="stmt"/>
        <line num="3" count="1" type="stmt"/>
        <line num="5" count="1" type="stmt"/>
        <line num="9" count="4" type="stmt"/>
        <line num="12" count="4" type="stmt"/>
        <line num="14" count="4" type="cond" truecount="1" falsecount="0"/>
        <line num="15" count="2" type="stmt"/>
        <line num="18" count="2" type="stmt"/>
      </file>
      <file name="checked.ts" path="/home/runner/work/JohnSmith/JohnSmith/src/binding/ext/checked.ts">
        <metrics statements="6" coveredstatements="3" conditionals="0" coveredconditionals="0" methods="3" coveredmethods="0"/>
        <line num="1" count="22" type="stmt"/>
        <line num="4" count="22" type="stmt"/>
        <line num="13" count="22" type="stmt"/>
        <line num="17" count="0" type="stmt"/>
        <line num="20" count="0" type="stmt"/>
        <line num="21" count="0" type="stmt"/>
      </file>
      <file name="className.ts" path="/home/runner/work/JohnSmith/JohnSmith/src/binding/ext/className.ts">
        <metrics statements="22" coveredstatements="22" conditionals="6" coveredconditionals="6" methods="4" coveredmethods="4"/>
        <line num="10" count="22" type="stmt"/>
        <line num="12" count="22" type="stmt"/>
        <line num="13" count="22" type="stmt"/>
        <line num="14" count="22" type="stmt"/>
        <line num="23" count="22" type="stmt"/>
        <line num="28" count="8" type="stmt"/>
        <line num="31" count="8" type="cond" truecount="3" falsecount="0"/>
        <line num="32" count="5" type="stmt"/>
        <line num="35" count="8" type="cond" truecount="1" falsecount="0"/>
        <line num="36" count="2" type="stmt"/>
        <line num="39" count="6" type="stmt"/>
        <line num="41" count="6" type="stmt"/>
        <line num="43" count="4" type="stmt"/>
        <line num="51" count="3" type="stmt"/>
        <line num="52" count="3" type="stmt"/>
        <line num="54" count="3" type="stmt"/>
        <line num="55" count="6" type="stmt"/>
        <line num="59" count="9" type="cond" truecount="2" falsecount="0"/>
        <line num="60" count="6" type="stmt"/>
        <line num="62" count="3" type="stmt"/>
        <line num="65" count="9" type="stmt"/>
        <line num="71" count="3" type="stmt"/>
      </file>
      <file name="innerHTML.ts" path="/home/runner/work/JohnSmith/JohnSmith/src/binding/ext/innerHTML.ts">
        <metrics statements="6" coveredstatements="6" conditionals="2" coveredconditionals="2" methods="2" coveredmethods="2"/>
        <line num="1" count="22" type="stmt"/>
        <line num="4" count="22" type="stmt"/>
        <line num="12" count="22" type="stmt"/>
        <line num="16" count="4" type="stmt"/>
        <line num="19" count="6" type="cond" truecount="2" falsecount="0"/>
        <line num="21" count="6" type="stmt"/>
      </file>
      <file name="value.ts" path="/home/runner/work/JohnSmith/JohnSmith/src/binding/ext/value.ts">
        <metrics statements="8" coveredstatements="8" conditionals="6" coveredconditionals="5" methods="3" coveredmethods="3"/>
        <line num="1" count="22" type="stmt"/>
        <line num="4" count="22" type="stmt"/>
        <line num="20" count="22" type="stmt"/>
        <line num="24" count="5" type="stmt"/>
        <line num="27" count="5" type="cond" truecount="3" falsecount="1"/>
        <line num="37" count="5" type="stmt"/>
        <line num="40" count="1" type="stmt"/>
        <line num="42" count="8" type="cond" truecount="2" falsecount="0"/>
      </file>
    </package>
    <package name="src.common">
      <metrics statements="22" coveredstatements="22" conditionals="7" coveredconditionals="7" methods="7" coveredmethods="6"/>
      <file name="disposable.ts" path="/home/runner/work/JohnSmith/JohnSmith/src/common/disposable.ts">
        <metrics statements="3" coveredstatements="3" conditionals="0" coveredconditionals="0" methods="2" coveredmethods="1"/>
        <line num="19" count="24" type="stmt"/>
        <line num="27" count="24" type="stmt"/>
        <line num="28" count="2" type="stmt"/>
      </file>
      <file name="index.ts" path="/home/runner/work/JohnSmith/JohnSmith/src/common/index.ts">
        <metrics statements="2" coveredstatements="2" conditionals="0" coveredconditionals="0" methods="0" coveredmethods="0"/>
        <line num="1" count="23" type="stmt"/>
        <line num="2" count="23" type="stmt"/>
      </file>
      <file name="owner.ts" path="/home/runner/work/JohnSmith/JohnSmith/src/common/owner.ts">
        <metrics statements="17" coveredstatements="17" conditionals="7" coveredconditionals="7" methods="5" coveredmethods="5"/>
        <line num="1" count="24" type="stmt"/>
        <line num="18" count="24" type="stmt"/>
        <line num="29" count="114" type="cond" truecount="2" falsecount="0"/>
        <line num="43" count="167" type="stmt"/>
        <line num="44" count="167" type="stmt"/>
        <line num="50" count="5" type="cond" truecount="1" falsecount="0"/>
        <line num="51" count="1" type="stmt"/>
        <line num="54" count="4" type="stmt"/>
        <line num="61" count="26" type="stmt"/>
        <line num="62" count="38" type="stmt"/>
        <line num="67" count="24" type="stmt"/>
        <line num="68" count="7" type="cond" truecount="1" falsecount="0"/>
        <line num="69" count="2" type="cond" truecount="2" falsecount="0"/>
        <line num="70" count="1" type="stmt"/>
        <line num="71" count="1" type="cond" truecount="1" falsecount="0"/>
        <line num="72" count="1" type="stmt"/>
        <line num="76" count="5" type="stmt"/>
      </file>
    </package>
    <package name="src.debugging">
      <metrics statements="68" coveredstatements="38" conditionals="12" coveredconditionals="2" methods="20" coveredmethods="4"/>
      <file name="debug-troubleshooter.ts" path="/home/runner/work/JohnSmith/JohnSmith/src/debugging/debug-troubleshooter.ts">
        <metrics statements="27" coveredstatements="7" conditionals="7" coveredconditionals="0" methods="9" coveredmethods="1"/>
        <line num="6" count="1" type="stmt"/>
        <line num="10" count="0" type="stmt"/>
        <line num="11" count="0" type="stmt"/>
        <line num="12" count="0" type="stmt"/>
        <line num="14" count="0" type="stmt"/>
        <line num="18" count="0" type="stmt"/>
        <line num="22" count="0" type="stmt"/>
        <line num="26" count="1" type="stmt"/>
        <line num="27" count="3" type="stmt"/>
        <line num="28" count="3" type="stmt"/>
        <line num="31" count="3" type="stmt"/>
        <line num="32" count="3" type="stmt"/>
        <line num="33" count="3" type="stmt"/>
        <line num="37" count="0" type="stmt"/>
        <line num="49" count="0" type="stmt"/>
        <line num="59" count="0" type="stmt"/>
        <line num="66" count="0" type="cond" truecount="0" falsecount="1"/>
        <line num="67" count="0" type="stmt"/>
        <line num="68" count="0" type="stmt"/>
        <line num="71" count="0" type="stmt"/>
        <line num="72" count="0" type="stmt"/>
        <line num="74" count="0" type="stmt"/>
        <line num="75" count="0" type="stmt"/>
        <line num="76" count="0" type="stmt"/>
        <line num="79" count="0" type="cond" truecount="0" falsecount="4"/>
        <line num="81" count="0" type="stmt"/>
        <line num="83" count="0" type="stmt"/>
      </file>
      <file name="errors-view-model.ts" path="/home/runner/work/JohnSmith/JohnSmith/src/debugging/errors-view-model.ts">
        <metrics statements="3" coveredstatements="3" conditionals="0" coveredconditionals="0" methods="1" coveredmethods="1"/>
        <line num="1" count="1" type="stmt"/>
        <line num="4" count="1" type="stmt"/>
        <line num="5" count="1" type="stmt"/>
      </file>
      <file name="errors-view.tsx" path="/home/runner/work/JohnSmith/JohnSmith/src/debugging/errors-view.tsx">
        <metrics statements="9" coveredstatements="4" conditionals="0" coveredconditionals="0" methods="5" coveredmethods="0"/>
        <line num="3" count="1" type="stmt"/>
        <line num="4" count="1" type="stmt"/>
        <line num="5" count="1" type="stmt"/>
        <line num="7" count="1" type="stmt"/>
        <line num="8" count="0" type="stmt"/>
        <line num="11" count="0" type="stmt"/>
        <line num="31" count="0" type="stmt"/>
        <line num="33" count="0" type="stmt"/>
        <line num="34" count="0" type="stmt"/>
      </file>
      <file name="includes.ts" path="/home/runner/work/JohnSmith/JohnSmith/src/debugging/includes.ts">
        <metrics statements="29" coveredstatements="24" conditionals="5" coveredconditionals="2" methods="5" coveredmethods="2"/>
        <line num="1" count="1" type="stmt"/>
        <line num="2" count="1" type="stmt"/>
        <line num="3" count="1" type="stmt"/>
        <line num="4" count="1" type="stmt"/>
        <line num="5" count="1" type="stmt"/>
        <line num="6" count="1" type="stmt"/>
        <line num="7" count="1" type="stmt"/>
        <line num="9" count="1" type="stmt"/>
        <line num="11" count="1" type="cond" truecount="1" falsecount="1"/>
        <line num="12" count="1" type="cond" truecount="1" falsecount="1"/>
        <line num="14" count="1" type="stmt"/>
        <line num="16" count="1" type="stmt"/>
        <line num="17" count="3" type="stmt"/>
        <line num="18" count="3" type="stmt"/>
        <line num="20" count="3" type="stmt"/>
        <line num="22" count="3" type="stmt"/>
        <line num="24" count="3" type="cond" truecount="0" falsecount="1"/>
        <line num="25" count="0" type="stmt"/>
        <line num="30" count="3" type="stmt"/>
        <line num="31" count="0" type="stmt"/>
        <line num="38" count="0" type="stmt"/>
        <line num="39" count="0" type="stmt"/>
        <line num="41" count="0" type="stmt"/>
        <line num="45" count="1" type="stmt"/>
        <line num="46" count="3" type="stmt"/>
        <line num="48" count="3" type="stmt"/>
        <line num="57" count="3" type="stmt"/>
        <line num="58" count="3" type="stmt"/>
        <line num="135" count="3" type="stmt"/>
      </file>
    </package>
    <package name="src.reactive">
      <metrics statements="112" coveredstatements="112" conditionals="31" coveredconditionals="28" methods="40" coveredmethods="40"/>
      <file name="bidirectional-value.ts" path="/home/runner/work/JohnSmith/JohnSmith/src/reactive/bidirectional-value.ts">
        <metrics statements="9" coveredstatements="9" conditionals="8" coveredconditionals="8" methods="2" coveredmethods="2"/>
        <line num="1" count="23" type="stmt"/>
        <line num="9" count="23" type="stmt"/>
        <line num="14" count="7" type="stmt"/>
        <line num="17" count="7" type="stmt"/>
        <line num="21" count="7" type="stmt"/>
        <line num="23" count="7" type="cond" truecount="2" falsecount="0"/>
        <line num="28" count="5" type="stmt"/>
        <line num="29" count="2" type="cond" truecount="1" falsecount="0"/>
        <line num="33" count="1" type="stmt"/>
      </file>
      <file name="event.ts" path="/home/runner/work/JohnSmith/JohnSmith/src/reactive/event.ts">
        <metrics statements="6" coveredstatements="6" conditionals="0" coveredconditionals="0" methods="4" coveredmethods="4"/>
        <line num="1" count="1" type="stmt"/>
        <line num="9" count="1" type="stmt"/>
        <line num="10" count="3" type="stmt"/>
        <line num="16" count="6" type="stmt"/>
        <line num="30" count="4" type="stmt"/>
        <line num="38" count="1" type="stmt"/>
      </file>
      <file name="index.ts" path="/home/runner/work/JohnSmith/JohnSmith/src/reactive/index.ts">
        <metrics statements="4" coveredstatements="4" conditionals="0" coveredconditionals="0" methods="0" coveredmethods="0"/>
        <line num="1" count="22" type="stmt"/>
        <line num="2" count="22" type="stmt"/>
        <line num="3" count="22" type="stmt"/>
        <line num="4" count="22" type="stmt"/>
      </file>
      <file name="listenable.ts" path="/home/runner/work/JohnSmith/JohnSmith/src/reactive/listenable.ts">
        <metrics statements="33" coveredstatements="33" conditionals="4" coveredconditionals="4" methods="13" coveredmethods="13"/>
        <line num="2" count="28" type="stmt"/>
        <line num="7" count="28" type="cond" truecount="2" falsecount="0"/>
        <line num="11" count="28" type="stmt"/>
        <line num="17" count="28" type="stmt"/>
        <line num="23" count="28" type="stmt"/>
        <line num="29" count="28" type="stmt"/>
        <line num="43" count="66" type="stmt"/>
        <line num="44" count="66" type="stmt"/>
        <line num="51" count="11" type="stmt"/>
        <line num="75" count="28" type="stmt"/>
        <line num="120" count="28" type="stmt"/>
        <line num="121" count="94" type="stmt"/>
        <line num="127" count="57" type="stmt"/>
        <line num="128" count="57" type="cond" truecount="1" falsecount="0"/>
        <line num="129" count="51" type="stmt"/>
        <line num="132" count="57" type="stmt"/>
        <line num="136" count="64" type="stmt"/>
        <line num="137" count="26" type="stmt"/>
        <line num="142" count="26" type="stmt"/>
        <line num="151" count="28" type="stmt"/>
        <line num="152" count="26" type="stmt"/>
        <line num="158" count="9" type="stmt"/>
        <line num="159" count="9" type="cond" truecount="1" falsecount="0"/>
        <line num="160" count="9" type="stmt"/>
        <line num="163" count="9" type="stmt"/>
        <line num="167" count="23" type="stmt"/>
        <line num="168" count="7" type="stmt"/>
        <line num="173" count="2" type="stmt"/>
        <line num="181" count="28" type="stmt"/>
        <line num="185" count="28" type="stmt"/>
        <line num="188" count="48" type="stmt"/>
        <line num="191" count="28" type="stmt"/>
        <line num="194" count="7" type="stmt"/>
      </file>
      <file name="observable-list.ts" path="/home/runner/work/JohnSmith/JohnSmith/src/reactive/observable-list.ts">
        <metrics statements="43" coveredstatements="43" conditionals="14" coveredconditionals="11" methods="13" coveredmethods="13"/>
        <line num="1" count="23" type="stmt"/>
        <line num="2" count="23" type="stmt"/>
        <line num="8" count="23" type="stmt"/>
        <line num="15" count="23" type="stmt"/>
        <line num="19" count="26" type="stmt"/>
        <line num="20" count="26" type="stmt"/>
        <line num="25" count="26" type="cond" truecount="2" falsecount="0"/>
        <line num="32" count="9" type="stmt"/>
        <line num="42" count="2" type="stmt"/>
        <line num="46" count="9" type="cond" truecount="1" falsecount="0"/>
        <line num="47" count="9" type="cond" truecount="1" falsecount="0"/>
        <line num="48" count="1" type="stmt"/>
        <line num="52" count="8" type="stmt"/>
        <line num="53" count="8" type="stmt"/>
        <line num="54" count="8" type="stmt"/>
        <line num="58" count="6" type="stmt"/>
        <line num="59" count="6" type="stmt"/>
        <line num="60" count="9" type="stmt"/>
        <line num="63" count="6" type="stmt"/>
        <line num="67" count="5" type="stmt"/>
        <line num="69" count="5" type="stmt"/>
        <line num="70" count="17" type="stmt"/>
        <line num="73" count="5" type="stmt"/>
        <line num="78" count="4" type="stmt"/>
        <line num="79" count="4" type="cond" truecount="1" falsecount="0"/>
        <line num="80" count="4" type="stmt"/>
        <line num="81" count="4" type="stmt"/>
        <line num="87" count="2" type="cond" truecount="1" falsecount="0"/>
        <line num="88" count="2" type="stmt"/>
        <line num="89" count="2" type="stmt"/>
        <line num="92" count="2" type="stmt"/>
        <line num="96" count="2" type="stmt"/>
        <line num="100" count="3" type="stmt"/>
        <line num="101" count="3" type="cond" truecount="1" falsecount="0"/>
        <line num="102" count="1" type="stmt"/>
        <line num="105" count="2" type="stmt"/>
        <line num="109" count="2" type="cond" truecount="1" falsecount="1"/>
        <line num="110" count="2" type="stmt"/>
        <line num="114" count="15" type="stmt"/>
        <line num="115" count="15" type="stmt"/>
        <line num="117" count="15" type="stmt"/>
        <line num="121" count="25" type="cond" truecount="1" falsecount="0"/>
        <line num="122" count="2" type="stmt"/>
      </file>
      <file name="observable-value.ts" path="/home/runner/work/JohnSmith/JohnSmith/src/reactive/observable-value.ts">
        <metrics statements="17" coveredstatements="17" conditionals="5" coveredconditionals="5" methods="8" coveredmethods="8"/>
        <line num="1" count="27" type="stmt"/>
        <line num="12" count="27" type="stmt"/>
        <line num="16" count="91" type="stmt"/>
        <line num="24" count="91" type="stmt"/>
        <line num="25" count="91" type="stmt"/>
        <line num="32" count="105" type="stmt"/>
        <line num="39" count="10" type="cond" truecount="1" falsecount="0"/>
        <line num="40" count="1" type="stmt"/>
        <line num="43" count="9" type="stmt"/>
        <line num="53" count="48" type="stmt"/>
        <line num="54" count="48" type="stmt"/>
        <line num="61" count="3" type="stmt"/>
        <line num="68" count="20" type="stmt"/>
        <line num="84" count="1" type="stmt"/>
        <line num="85" count="1" type="stmt"/>
        <line num="101" count="53" type="cond" truecount="4" falsecount="0"/>
        <line num="102" count="53" type="stmt"/>
      </file>
    </package>
    <package name="src.reactive.transformers">
      <metrics statements="35" coveredstatements="35" conditionals="8" coveredconditionals="8" methods="11" coveredmethods="11"/>
      <file name="combine.ts" path="/home/runner/work/JohnSmith/JohnSmith/src/reactive/transformers/combine.ts">
        <metrics statements="26" coveredstatements="26" conditionals="8" coveredconditionals="8" methods="7" coveredmethods="7"/>
        <line num="1" count="1" type="stmt"/>
        <line num="2" count="1" type="stmt"/>
        <line num="26" count="1" type="stmt"/>
        <line num="31" count="4" type="stmt"/>
        <line num="37" count="4" type="stmt"/>
        <line num="40" count="4" type="stmt"/>
        <line num="41" count="4" type="stmt"/>
        <line num="42" count="4" type="stmt"/>
        <line num="44" count="4" type="stmt"/>
        <line num="51" count="4" type="stmt"/>
        <line num="55" count="4" type="cond" truecount="2" falsecount="0"/>
        <line num="57" count="4" type="stmt"/>
        <line num="59" count="6" type="stmt"/>
        <line num="61" count="6" type="cond" truecount="1" falsecount="0"/>
        <line num="62" count="2" type="stmt"/>
        <line num="65" count="2" type="stmt"/>
        <line num="70" count="6" type="stmt"/>
        <line num="71" count="6" type="stmt"/>
        <line num="73" count="6" type="cond" truecount="1" falsecount="0"/>
        <line num="74" count="6" type="stmt"/>
        <line num="76" count="6" type="cond" truecount="4" falsecount="0"/>
        <line num="77" count="3" type="stmt"/>
        <line num="83" count="1" type="stmt"/>
        <line num="84" count="1" type="stmt"/>
        <line num="85" count="1" type="stmt"/>
        <line num="92" count="2" type="stmt"/>
      </file>
      <file name="map.ts" path="/home/runner/work/JohnSmith/JohnSmith/src/reactive/transformers/map.ts">
        <metrics statements="9" coveredstatements="9" conditionals="0" coveredconditionals="0" methods="4" coveredmethods="4"/>
        <line num="1" count="1" type="stmt"/>
        <line num="19" count="1" type="stmt"/>
        <line num="22" count="4" type="stmt"/>
        <line num="26" count="4" type="stmt"/>
        <line num="27" count="4" type="stmt"/>
        <line num="29" count="4" type="stmt"/>
        <line num="36" count="4" type="stmt"/>
        <line num="37" count="5" type="stmt"/>
        <line num="38" count="5" type="stmt"/>
      </file>
    </package>
    <package name="src.troubleshooting">
      <metrics statements="6" coveredstatements="3" conditionals="0" coveredconditionals="0" methods="3" coveredmethods="0"/>
      <file name="global.ts" path="/home/runner/work/JohnSmith/JohnSmith/src/troubleshooting/global.ts">
        <metrics statements="1" coveredstatements="1" conditionals="0" coveredconditionals="0" methods="0" coveredmethods="0"/>
        <line num="2" count="22" type="stmt"/>
      </file>
      <file name="noop-troubleshooter.ts" path="/home/runner/work/JohnSmith/JohnSmith/src/troubleshooting/noop-troubleshooter.ts">
        <metrics statements="5" coveredstatements="2" conditionals="0" coveredconditionals="0" methods="3" coveredmethods="0"/>
        <line num="2" count="22" type="stmt"/>
        <line num="4" count="22" type="stmt"/>
        <line num="6" count="0" type="stmt"/>
        <line num="10" count="0" type="stmt"/>
        <line num="14" count="0" type="stmt"/>
      </file>
    </package>
    <package name="src.utils">
      <metrics statements="7" coveredstatements="7" conditionals="2" coveredconditionals="2" methods="1" coveredmethods="1"/>
      <file name="array.ts" path="/home/runner/work/JohnSmith/JohnSmith/src/utils/array.ts">
        <metrics statements="7" coveredstatements="7" conditionals="2" coveredconditionals="2" methods="1" coveredmethods="1"/>
        <line num="1" count="28" type="stmt"/>
        <line num="3" count="28" type="stmt"/>
        <line num="5" count="28" type="stmt"/>
        <line num="6" count="137" type="cond" truecount="1" falsecount="0"/>
        <line num="7" count="27" type="stmt"/>
        <line num="11" count="28" type="cond" truecount="1" falsecount="0"/>
        <line num="12" count="27" type="stmt"/>
      </file>
    </package>
    <package name="src.view">
      <metrics statements="140" coveredstatements="125" conditionals="60" coveredconditionals="53" methods="47" coveredmethods="39"/>
      <file name="default-view-renderer.ts" path="/home/runner/work/JohnSmith/JohnSmith/src/view/default-view-renderer.ts">
        <metrics statements="97" coveredstatements="87" conditionals="52" coveredconditionals="45" methods="20" coveredmethods="17"/>
        <line num="2" count="22" type="stmt"/>
        <line num="12" count="22" type="stmt"/>
        <line num="18" count="22" type="stmt"/>
        <line num="31" count="22" type="stmt"/>
        <line num="33" count="75" type="stmt"/>
        <line num="34" count="75" type="stmt"/>
        <line num="35" count="75" type="stmt"/>
        <line num="46" count="103" type="stmt"/>
        <line num="47" count="103" type="stmt"/>
        <line num="49" count="103" type="stmt"/>
        <line num="50" count="103" type="stmt"/>
        <line num="54" count="103" type="stmt"/>
        <line num="62" count="103" type="stmt"/>
        <line num="64" count="103" type="cond" truecount="1" falsecount="0"/>
        <line num="65" count="101" type="stmt"/>
        <line num="67" count="101" type="stmt"/>
        <line num="69" count="21" type="stmt"/>
        <line num="77" count="103" type="stmt"/>
        <line num="78" count="103" type="cond" truecount="3" falsecount="0"/>
        <line num="79" count="3" type="stmt"/>
        <line num="90" count="103" type="stmt"/>
        <line num="91" count="58" type="stmt"/>
        <line num="97" count="103" type="stmt"/>
        <line num="98" count="103" type="cond" truecount="2" falsecount="1"/>
        <line num="99" count="0" type="stmt"/>
        <line num="113" count="103" type="stmt"/>
        <line num="114" count="103" type="cond" truecount="2" falsecount="1"/>
        <line num="115" count="0" type="stmt"/>
        <line num="117" count="0" type="stmt"/>
        <line num="119" count="0" type="stmt"/>
        <line num="129" count="103" type="stmt"/>
        <line num="136" count="103" type="stmt"/>
        <line num="139" count="103" type="cond" truecount="2" falsecount="0"/>
        <line num="142" count="103" type="cond" truecount="1" falsecount="0"/>
        <line num="143" count="93" type="stmt"/>
        <line num="147" count="93" type="stmt"/>
        <line num="153" count="10" type="stmt"/>
        <line num="155" count="10" type="cond" truecount="1" falsecount="0"/>
        <line num="156" count="10" type="stmt"/>
        <line num="162" count="0" type="stmt"/>
        <line num="175" count="131" type="cond" truecount="1" falsecount="0"/>
        <line num="183" count="111" type="cond" truecount="2" falsecount="0"/>
        <line num="185" count="111" type="cond" truecount="2" falsecount="0"/>
        <line num="189" count="111" type="cond" truecount="1" falsecount="0"/>
        <line num="190" count="111" type="stmt"/>
        <line num="199" count="111" type="stmt"/>
        <line num="201" count="111" type="stmt"/>
        <line num="204" count="20" type="cond" truecount="1" falsecount="0"/>
        <line num="210" count="20" type="stmt"/>
        <line num="222" count="20" type="stmt"/>
        <line num="225" count="0" type="stmt"/>
        <line num="226" count="0" type="stmt"/>
        <line num="229" count="0" type="stmt"/>
        <line num="238" count="20" type="stmt"/>
        <line num="242" count="20" type="cond" truecount="0" falsecount="1"/>
        <line num="243" count="0" type="stmt"/>
        <line num="246" count="20" type="stmt"/>
        <line num="256" count="111" type="stmt"/>
        <line num="257" count="94" type="stmt"/>
        <line num="259" count="94" type="cond" truecount="2" falsecount="0"/>
        <line num="260" count="51" type="stmt"/>
        <line num="261" count="43" type="cond" truecount="2" falsecount="0"/>
        <line num="262" count="4" type="stmt"/>
        <line num="263" count="39" type="cond" truecount="2" falsecount="0"/>
        <line num="264" count="28" type="stmt"/>
        <line num="271" count="28" type="cond" truecount="1" falsecount="0"/>
        <line num="272" count="10" type="stmt"/>
        <line num="274" count="11" type="cond" truecount="2" falsecount="0"/>
        <line num="275" count="4" type="stmt"/>
        <line num="276" count="4" type="stmt"/>
        <line num="278" count="4" type="stmt"/>
        <line num="280" count="4" type="stmt"/>
        <line num="281" count="4" type="stmt"/>
        <line num="287" count="7" type="stmt"/>
        <line num="302" count="111" type="stmt"/>
        <line num="304" count="52" type="cond" truecount="3" falsecount="1"/>
        <line num="305" count="52" type="stmt"/>
        <line num="307" count="52" type="cond" truecount="2" falsecount="0"/>
        <line num="308" count="21" type="stmt"/>
        <line num="309" count="21" type="stmt"/>
        <line num="311" count="31" type="cond" truecount="2" falsecount="0"/>
        <line num="312" count="6" type="stmt"/>
        <line num="320" count="25" type="cond" truecount="2" falsecount="0"/>
        <line num="328" count="18" type="stmt"/>
        <line num="330" count="7" type="stmt"/>
        <line num="332" count="7" type="stmt"/>
        <line num="347" count="21" type="stmt"/>
        <line num="349" count="21" type="cond" truecount="0" falsecount="1"/>
        <line num="350" count="0" type="stmt"/>
        <line num="353" count="21" type="stmt"/>
        <line num="363" count="6" type="cond" truecount="4" falsecount="0"/>
        <line num="367" count="6" type="stmt"/>
        <line num="368" count="6" type="stmt"/>
        <line num="369" count="4" type="stmt"/>
        <line num="371" count="6" type="stmt"/>
        <line num="373" count="6" type="stmt"/>
        <line num="374" count="2" type="stmt"/>
      </file>
      <file name="dom-engine-native.ts" path="/home/runner/work/JohnSmith/JohnSmith/src/view/dom-engine-native.ts">
        <metrics statements="43" coveredstatements="38" conditionals="8" coveredconditionals="8" methods="27" coveredmethods="22"/>
        <line num="7" count="9" type="stmt"/>
        <line num="8" count="9" type="stmt"/>
        <line num="9" count="9" type="cond" truecount="2" falsecount="0"/>
        <line num="13" count="13" type="cond" truecount="1" falsecount="0"/>
        <line num="14" count="13" type="stmt"/>
        <line num="15" count="13" type="stmt"/>
        <line num="20" count="7" type="stmt"/>
        <line num="21" count="7" type="cond" truecount="1" falsecount="0"/>
        <line num="22" count="6" type="stmt"/>
        <line num="23" count="6" type="stmt"/>
        <line num="28" count="19" type="stmt"/>
        <line num="36" count="189" type="stmt"/>
        <line num="39" count="0" type="stmt"/>
        <line num="43" count="7" type="stmt"/>
        <line num="47" count="111" type="stmt"/>
        <line num="51" count="67" type="stmt"/>
        <line num="55" count="26" type="stmt"/>
        <line num="59" count="0" type="stmt"/>
        <line num="63" count="0" type="stmt"/>
        <line num="67" count="7" type="stmt"/>
        <line num="68" count="7" type="stmt"/>
        <line num="72" count="2" type="stmt"/>
        <line num="76" count="21" type="cond" truecount="1" falsecount="0"/>
        <line num="77" count="21" type="stmt"/>
        <line num="82" count="9" type="stmt"/>
        <line num="86" count="1" type="stmt"/>
        <line num="90" count="8" type="stmt"/>
        <line num="94" count="0" type="stmt"/>
        <line num="98" count="0" type="stmt"/>
        <line num="103" count="67" type="stmt"/>
        <line num="106" count="6" type="stmt"/>
        <line num="110" count="22" type="stmt"/>
        <line num="112" count="4" type="stmt"/>
        <line num="116" count="108" type="stmt"/>
        <line num="120" count="3" type="stmt"/>
        <line num="126" count="75" type="cond" truecount="1" falsecount="0"/>
        <line num="127" count="2" type="stmt"/>
        <line num="128" count="2" type="cond" truecount="1" falsecount="0"/>
        <line num="129" count="1" type="stmt"/>
        <line num="133" count="74" type="cond" truecount="1" falsecount="0"/>
        <line num="134" count="73" type="stmt"/>
        <line num="137" count="1" type="stmt"/>
        <line num="141" count="67" type="stmt"/>
      </file>
    </package>
    <package name="src.view.components">
      <metrics statements="15" coveredstatements="15" conditionals="0" coveredconditionals="0" methods="6" coveredmethods="6"/>
      <file name="index.ts" path="/home/runner/work/JohnSmith/JohnSmith/src/view/components/index.ts">
        <metrics statements="3" coveredstatements="3" conditionals="0" coveredconditionals="0" methods="0" coveredmethods="0"/>
        <line num="1" count="1" type="stmt"/>
        <line num="2" count="1" type="stmt"/>
        <line num="3" count="1" type="stmt"/>
      </file>
      <file name="list.ts" path="/home/runner/work/JohnSmith/JohnSmith/src/view/components/list.ts">
        <metrics statements="4" coveredstatements="4" conditionals="0" coveredconditionals="0" methods="2" coveredmethods="2"/>
        <line num="7" count="4" type="stmt"/>
        <line num="14" count="4" type="stmt"/>
        <line num="18" count="8" type="stmt"/>
        <line num="25" count="8" type="stmt"/>
      </file>
      <file name="null.ts" path="/home/runner/work/JohnSmith/JohnSmith/src/view/components/null.ts">
        <metrics statements="4" coveredstatements="4" conditionals="0" coveredconditionals="0" methods="2" coveredmethods="2"/>
        <line num="7" count="1" type="stmt"/>
        <line num="14" count="1" type="stmt"/>
        <line num="18" count="2" type="stmt"/>
        <line num="25" count="2" type="stmt"/>
      </file>
      <file name="value.ts" path="/home/runner/work/JohnSmith/JohnSmith/src/view/components/value.ts">
        <metrics statements="4" coveredstatements="4" conditionals="0" coveredconditionals="0" methods="2" coveredmethods="2"/>
        <line num="5" count="5" type="stmt"/>
        <line num="14" count="5" type="stmt"/>
        <line num="18" count="10" type="stmt"/>
        <line num="25" count="10" type="stmt"/>
      </file>
    </package>
    <package name="src.view.connectors">
      <metrics statements="112" coveredstatements="106" conditionals="46" coveredconditionals="37" methods="25" coveredmethods="24"/>
      <file name="abstract.ts" path="/home/runner/work/JohnSmith/JohnSmith/src/view/connectors/abstract.ts">
        <metrics statements="32" coveredstatements="31" conditionals="11" coveredconditionals="10" methods="9" coveredmethods="9"/>
        <line num="3" count="22" type="stmt"/>
        <line num="6" count="22" type="stmt"/>
        <line num="7" count="43" type="stmt"/>
        <line num="8" count="43" type="stmt"/>
        <line num="12" count="43" type="stmt"/>
        <line num="14" count="43" type="cond" truecount="2" falsecount="0"/>
        <line num="15" count="3" type="stmt"/>
        <line num="16" count="40" type="cond" truecount="1" falsecount="0"/>
        <line num="17" count="39" type="cond" truecount="2" falsecount="0"/>
        <line num="18" count="49" type="stmt"/>
        <line num="20" count="6" type="stmt"/>
        <line num="26" count="5" type="stmt"/>
        <line num="27" count="5" type="cond" truecount="1" falsecount="0"/>
        <line num="28" count="5" type="stmt"/>
        <line num="33" count="58" type="stmt"/>
        <line num="34" count="58" type="stmt"/>
        <line num="38" count="63" type="cond" truecount="1" falsecount="0"/>
        <line num="39" count="5" type="stmt"/>
        <line num="40" count="5" type="stmt"/>
        <line num="45" count="22" type="stmt"/>
        <line num="59" count="5" type="stmt"/>
        <line num="62" count="5" type="stmt"/>
        <line num="64" count="5" type="stmt"/>
        <line num="65" count="8" type="stmt"/>
        <line num="66" count="8" type="stmt"/>
        <line num="69" count="5" type="cond" truecount="1" falsecount="0"/>
        <line num="73" count="1" type="stmt"/>
        <line num="75" count="1" type="stmt"/>
        <line num="76" count="1" type="stmt"/>
        <line num="82" count="1" type="stmt"/>
        <line num="83" count="1" type="cond" truecount="0" falsecount="1"/>
        <line num="84" count="0" type="stmt"/>
      </file>
      <file name="index.ts" path="/home/runner/work/JohnSmith/JohnSmith/src/view/connectors/index.ts">
        <metrics statements="4" coveredstatements="4" conditionals="0" coveredconditionals="0" methods="0" coveredmethods="0"/>
        <line num="1" count="22" type="stmt"/>
        <line num="2" count="22" type="stmt"/>
        <line num="3" count="22" type="stmt"/>
        <line num="4" count="22" type="stmt"/>
      </file>
      <file name="listenable-attribute-connector.ts" path="/home/runner/work/JohnSmith/JohnSmith/src/view/connectors/listenable-attribute-connector.ts">
        <metrics statements="9" coveredstatements="8" conditionals="4" coveredconditionals="3" methods="2" coveredmethods="2"/>
        <line num="1" count="22" type="stmt"/>
        <line num="8" count="22" type="stmt"/>
        <line num="16" count="7" type="stmt"/>
        <line num="17" count="8" type="cond" truecount="1" falsecount="1"/>
        <line num="18" count="0" type="stmt"/>
        <line num="19" count="8" type="cond" truecount="2" falsecount="0"/>
        <line num="20" count="2" type="stmt"/>
        <line num="22" count="6" type="stmt"/>
        <line num="29" count="8" type="stmt"/>
      </file>
      <file name="listenable-text-connector.ts" path="/home/runner/work/JohnSmith/JohnSmith/src/view/connectors/listenable-text-connector.ts">
        <metrics statements="5" coveredstatements="5" conditionals="6" coveredconditionals="4" methods="2" coveredmethods="2"/>
        <line num="1" count="22" type="stmt"/>
        <line num="17" count="22" type="stmt"/>
        <line num="24" count="4" type="stmt"/>
        <line num="25" count="6" type="stmt"/>
        <line num="37" count="6" type="stmt"/>
      </file>
      <file name="null-view-connector.ts" path="/home/runner/work/JohnSmith/JohnSmith/src/view/connectors/null-view-connector.ts">
        <metrics statements="6" coveredstatements="6" conditionals="3" coveredconditionals="3" methods="2" coveredmethods="2"/>
        <line num="5" count="1" type="stmt"/>
        <line num="17" count="1" type="stmt"/>
        <line num="24" count="2" type="stmt"/>
        <line num="25" count="2" type="cond" truecount="3" falsecount="0"/>
        <line num="26" count="1" type="stmt"/>
        <line num="29" count="1" type="stmt"/>
      </file>
      <file name="observable-list-view-connector.ts" path="/home/runner/work/JohnSmith/JohnSmith/src/view/connectors/observable-list-view-connector.ts">
        <metrics statements="50" coveredstatements="46" conditionals="19" coveredconditionals="14" methods="8" coveredmethods="7"/>
        <line num="2" count="22" type="stmt"/>
        <line num="21" count="22" type="stmt"/>
        <line num="22" count="8" type="stmt"/>
        <line num="31" count="8" type="stmt"/>
        <line num="32" count="8" type="stmt"/>
        <line num="33" count="8" type="stmt"/>
        <line num="34" count="8" type="stmt"/>
        <line num="36" count="8" type="stmt"/>
        <line num="38" count="8" type="cond" truecount="1" falsecount="0"/>
        <line num="39" count="7" type="cond" truecount="2" falsecount="0"/>
        <line num="40" count="6" type="stmt"/>
        <line num="41" count="10" type="cond" truecount="1" falsecount="1"/>
        <line num="43" count="1" type="cond" truecount="1" falsecount="1"/>
        <line num="44" count="0" type="stmt"/>
        <line num="45" count="0" type="cond" truecount="0" falsecount="2"/>
        <line num="48" count="1" type="stmt"/>
        <line num="54" count="1" type="cond" truecount="1" falsecount="0"/>
        <line num="55" count="1" type="stmt"/>
        <line num="58" count="1" type="stmt"/>
        <line num="59" count="3" type="stmt"/>
        <line num="64" count="4" type="stmt"/>
        <line num="65" count="5" type="stmt"/>
        <line num="66" count="5" type="cond" truecount="1" falsecount="0"/>
        <line num="67" count="4" type="stmt"/>
        <line num="71" count="0" type="stmt"/>
        <line num="75" count="4" type="stmt"/>
        <line num="76" count="4" type="stmt"/>
        <line num="77" count="9" type="cond" truecount="1" falsecount="0"/>
        <line num="78" count="4" type="stmt"/>
        <line num="82" count="4" type="cond" truecount="1" falsecount="0"/>
        <line num="83" count="4" type="stmt"/>
        <line num="90" count="11" type="cond" truecount="2" falsecount="0"/>
        <line num="91" count="2" type="stmt"/>
        <line num="92" count="4" type="stmt"/>
        <line num="93" count="4" type="stmt"/>
        <line num="95" count="4" type="cond" truecount="1" falsecount="0"/>
        <line num="96" count="4" type="stmt"/>
        <line num="97" count="4" type="stmt"/>
        <line num="100" count="9" type="cond" truecount="2" falsecount="0"/>
        <line num="101" count="1" type="stmt"/>
        <line num="103" count="8" type="stmt"/>
        <line num="104" count="2" type="stmt"/>
        <line num="107" count="8" type="stmt"/>
        <line num="108" count="8" type="stmt"/>
        <line num="113" count="9" type="cond" truecount="0" falsecount="1"/>
        <line num="114" count="0" type="stmt"/>
        <line num="117" count="9" type="stmt"/>
        <line num="118" count="20" type="stmt"/>
        <line num="119" count="20" type="stmt"/>
        <line num="125" count="20" type="stmt"/>
      </file>
      <file name="observable-value-view-connector.ts" path="/home/runner/work/JohnSmith/JohnSmith/src/view/connectors/observable-value-view-connector.ts">
        <metrics statements="6" coveredstatements="6" conditionals="3" coveredconditionals="3" methods="2" coveredmethods="2"/>
        <line num="5" count="22" type="stmt"/>
        <line num="15" count="22" type="stmt"/>
        <line num="24" count="10" type="stmt"/>
        <line num="25" count="11" type="cond" truecount="3" falsecount="0"/>
        <line num="26" count="8" type="stmt"/>
        <line num="29" count="3" type="stmt"/>
      </file>
    </package>
    <package name="src.view.jsx">
      <metrics statements="9" coveredstatements="9" conditionals="6" coveredconditionals="6" methods="1" coveredmethods="1"/>
      <file name="index.ts" path="/home/runner/work/JohnSmith/JohnSmith/src/view/jsx/index.ts">
        <metrics statements="9" coveredstatements="9" conditionals="6" coveredconditionals="6" methods="1" coveredmethods="1"/>
        <line num="9" count="21" type="stmt"/>
        <line num="53" count="21" type="stmt"/>
        <line num="54" count="131" type="stmt"/>
        <line num="55" count="131" type="stmt"/>
        <line num="57" count="131" type="stmt"/>
        <line num="58" count="94" type="stmt"/>
        <line num="62" count="131" type="cond" truecount="4" falsecount="0"/>
        <line num="64" count="131" type="cond" truecount="2" falsecount="0"/>
        <line num="68" count="131" type="stmt"/>
      </file>
    </package>
  </project>
</coverage>
