{"/home/runner/work/JohnSmith/JohnSmith/src/application.ts": {"path":"/home/runner/work/JohnSmith/JohnSmith/src/application.ts","statementMap":{"0":{"start":{"line":3,"column":0},"end":{"line":3,"column":77}},"1":{"start":{"line":5,"column":0},"end":{"line":5,"column":59}},"2":{"start":{"line":7,"column":0},"end":{"line":7,"column":67}},"3":{"start":{"line":9,"column":0},"end":{"line":9,"column":75}},"4":{"start":{"line":11,"column":0},"end":{"line":11,"column":34}},"5":{"start":{"line":28,"column":4},"end":{"line":28,"column":66}},"6":{"start":{"line":29,"column":4},"end":{"line":30,"column":63}},"7":{"start":{"line":31,"column":4},"end":{"line":35,"column":36}},"8":{"start":{"line":36,"column":4},"end":{"line":42,"column":8}},"9":{"start":{"line":60,"column":6},"end":{"line":60,"column":45}},"10":{"start":{"line":61,"column":4},"end":{"line":65,"column":5}},"11":{"start":{"line":62,"column":26},"end":{"line":62,"column":63}},"12":{"start":{"line":63,"column":6},"end":{"line":63,"column":45}},"13":{"start":{"line":64,"column":6},"end":{"line":64,"column":69}},"14":{"start":{"line":67,"column":4},"end":{"line":70,"column":6}},"15":{"start":{"line":16,"column":0},"end":{"line":16,"column":13}}},"fnMap":{"0":{"name":"(anonymous_0)","decl":{"start":{"line":22,"column":2},"end":{"line":22,"column":14}},"loc":{"start":{"line":27,"column":3},"end":{"line":43,"column":3}}},"1":{"name":"(anonymous_1)","decl":{"start":{"line":54,"column":9},"end":{"line":54,"column":15}},"loc":{"start":{"line":57,"column":36},"end":{"line":71,"column":3}}}},"branchMap":{"0":{"loc":{"start":{"line":28,"column":22},"end":{"line":28,"column":65}},"type":"cond-expr","locations":[{"start":{"line":28,"column":40},"end":{"line":28,"column":44}},{"start":{"line":28,"column":44},"end":{"line":28,"column":65}}]},"1":{"loc":{"start":{"line":28,"column":22},"end":{"line":28,"column":44}},"type":"binary-expr","locations":[{"start":{"line":28,"column":22},"end":{"line":28,"column":44}},{"start":{"line":28,"column":40},"end":{"line":28,"column":44}}]},"2":{"loc":{"start":{"line":28,"column":22},"end":{"line":28,"column":40}},"type":"cond-expr","locations":[{"start":{"line":28,"column":29},"end":{"line":28,"column":31}},{"start":{"line":28,"column":22},"end":{"line":28,"column":40}}]},"3":{"loc":{"start":{"line":28,"column":22},"end":{"line":28,"column":31}},"type":"binary-expr","locations":[{"start":{"line":28,"column":22},"end":{"line":28,"column":31}},{"start":{"line":28,"column":22},"end":{"line":28,"column":31}}]},"4":{"loc":{"start":{"line":30,"column":6},"end":{"line":30,"column":62}},"type":"cond-expr","locations":[{"start":{"line":30,"column":30},"end":{"line":30,"column":34}},{"start":{"line":30,"column":34},"end":{"line":30,"column":62}}]},"5":{"loc":{"start":{"line":30,"column":6},"end":{"line":30,"column":34}},"type":"binary-expr","locations":[{"start":{"line":30,"column":6},"end":{"line":30,"column":34}},{"start":{"line":30,"column":30},"end":{"line":30,"column":34}}]},"6":{"loc":{"start":{"line":30,"column":6},"end":{"line":30,"column":30}},"type":"cond-expr","locations":[{"start":{"line":30,"column":13},"end":{"line":30,"column":15}},{"start":{"line":30,"column":6},"end":{"line":30,"column":30}}]},"7":{"loc":{"start":{"line":30,"column":6},"end":{"line":30,"column":15}},"type":"binary-expr","locations":[{"start":{"line":30,"column":6},"end":{"line":30,"column":15}},{"start":{"line":30,"column":6},"end":{"line":30,"column":15}}]},"8":{"loc":{"start":{"line":32,"column":6},"end":{"line":35,"column":35}},"type":"cond-expr","locations":[{"start":{"line":32,"column":29},"end":{"line":32,"column":null}},{"start":{"line":33,"column":7},"end":{"line":35,"column":34}}]},"9":{"loc":{"start":{"line":32,"column":6},"end":{"line":32,"column":null}},"type":"binary-expr","locations":[{"start":{"line":32,"column":6},"end":{"line":32,"column":null}},{"start":{"line":32,"column":29},"end":{"line":32,"column":null}}]},"10":{"loc":{"start":{"line":32,"column":6},"end":{"line":32,"column":29}},"type":"cond-expr","locations":[{"start":{"line":32,"column":13},"end":{"line":32,"column":15}},{"start":{"line":32,"column":6},"end":{"line":32,"column":29}}]},"11":{"loc":{"start":{"line":32,"column":6},"end":{"line":32,"column":15}},"type":"binary-expr","locations":[{"start":{"line":32,"column":6},"end":{"line":32,"column":15}},{"start":{"line":32,"column":6},"end":{"line":32,"column":15}}]},"12":{"loc":{"start":{"line":33,"column":7},"end":{"line":35,"column":34}},"type":"cond-expr","locations":[{"start":{"line":34,"column":10},"end":{"line":34,"column":36}},{"start":{"line":35,"column":10},"end":{"line":35,"column":34}}]},"13":{"loc":{"start":{"line":37,"column":6},"end":{"line":41,"column":null}},"type":"cond-expr","locations":[{"start":{"line":37,"column":27},"end":{"line":37,"column":null}},{"start":{"line":38,"column":6},"end":{"line":41,"column":null}}]},"14":{"loc":{"start":{"line":37,"column":6},"end":{"line":37,"column":null}},"type":"binary-expr","locations":[{"start":{"line":37,"column":6},"end":{"line":37,"column":null}},{"start":{"line":37,"column":27},"end":{"line":37,"column":null}}]},"15":{"loc":{"start":{"line":37,"column":6},"end":{"line":37,"column":27}},"type":"cond-expr","locations":[{"start":{"line":37,"column":13},"end":{"line":37,"column":15}},{"start":{"line":37,"column":6},"end":{"line":37,"column":27}}]},"16":{"loc":{"start":{"line":37,"column":6},"end":{"line":37,"column":15}},"type":"binary-expr","locations":[{"start":{"line":37,"column":6},"end":{"line":37,"column":15}},{"start":{"line":37,"column":6},"end":{"line":37,"column":15}}]},"17":{"loc":{"start":{"line":61,"column":4},"end":{"line":65,"column":5}},"type":"if","locations":[{"start":{"line":61,"column":4},"end":{"line":65,"column":5}}]}},"s":{"0":26,"1":26,"2":26,"3":26,"4":26,"5":86,"6":86,"7":86,"8":86,"9":86,"10":86,"11":84,"12":84,"13":84,"14":2,"15":26},"f":{"0":86,"1":86},"b":{"0":[0,86],"1":[86,86],"2":[84,2],"3":[86,86],"4":[0,86],"5":[86,86],"6":[84,2],"7":[86,86],"8":[2,84],"9":[86,86],"10":[84,2],"11":[86,86],"12":[3,81],"13":[0,86],"14":[86,86],"15":[84,2],"16":[86,86],"17":[84]}}
,"/home/runner/work/JohnSmith/JohnSmith/src/global.ts": {"path":"/home/runner/work/JohnSmith/JohnSmith/src/global.ts","statementMap":{"0":{"start":{"line":1,"column":0},"end":{"line":1,"column":39}},"1":{"start":{"line":4,"column":30},"end":{"line":4,"column":45}},"2":{"start":{"line":3,"column":0},"end":{"line":3,"column":13}},"3":{"start":{"line":12,"column":0},"end":{"line":12,"column":41}}},"fnMap":{"0":{"name":"(anonymous_0)","decl":{"start":{"line":4,"column":2},"end":{"line":4,"column":30}},"loc":{"start":{"line":4,"column":45},"end":{"line":4,"column":49}}}},"branchMap":{},"s":{"0":26,"1":26,"2":26,"3":26},"f":{"0":26},"b":{}}
,"/home/runner/work/JohnSmith/JohnSmith/src/index.ts": {"path":"/home/runner/work/JohnSmith/JohnSmith/src/index.ts","statementMap":{"0":{"start":{"line":1,"column":0},"end":{"line":1,"column":30}}},"fnMap":{},"branchMap":{},"s":{"0":26},"f":{},"b":{}}
,"/home/runner/work/JohnSmith/JohnSmith/src/version.ts": {"path":"/home/runner/work/JohnSmith/JohnSmith/src/version.ts","statementMap":{"0":{"start":{"line":1,"column":13},"end":{"line":1,"column":43}}},"fnMap":{},"branchMap":{},"s":{"0":26},"f":{},"b":{}}
,"/home/runner/work/JohnSmith/JohnSmith/src/binding/default.ts": {"path":"/home/runner/work/JohnSmith/JohnSmith/src/binding/default.ts","statementMap":{"0":{"start":{"line":1,"column":0},"end":{"line":1,"column":25}},"1":{"start":{"line":2,"column":0},"end":{"line":2,"column":25}},"2":{"start":{"line":3,"column":0},"end":{"line":3,"column":21}},"3":{"start":{"line":4,"column":0},"end":{"line":4,"column":23}}},"fnMap":{},"branchMap":{},"s":{"0":26,"1":26,"2":26,"3":26},"f":{},"b":{}}
,"/home/runner/work/JohnSmith/JohnSmith/src/binding/registry.ts": {"path":"/home/runner/work/JohnSmith/JohnSmith/src/binding/registry.ts","statementMap":{"0":{"start":{"line":12,"column":0},"end":{"line":12,"column":13}}},"fnMap":{},"branchMap":{},"s":{"0":26},"f":{},"b":{}}
,"/home/runner/work/JohnSmith/JohnSmith/src/binding/ext/bind.ts": {"path":"/home/runner/work/JohnSmith/JohnSmith/src/binding/ext/bind.ts","statementMap":{"0":{"start":{"line":10,"column":0},"end":{"line":10,"column":53}},"1":{"start":{"line":12,"column":0},"end":{"line":12,"column":72}},"2":{"start":{"line":21,"column":0},"end":{"line":35,"column":2}},"3":{"start":{"line":25,"column":23},"end":{"line":25,"column":null}},"4":{"start":{"line":28,"column":17},"end":{"line":28,"column":52}},"5":{"start":{"line":30,"column":2},"end":{"line":32,"column":3}},"6":{"start":{"line":31,"column":4},"end":{"line":31,"column":22}},"7":{"start":{"line":34,"column":2},"end":{"line":34,"column":24}}},"fnMap":{"0":{"name":"(anonymous_0)","decl":{"start":{"line":21,"column":44},"end":{"line":21,"column":null}},"loc":{"start":{"line":24,"column":4},"end":{"line":35,"column":1}}}},"branchMap":{"0":{"loc":{"start":{"line":30,"column":2},"end":{"line":32,"column":3}},"type":"if","locations":[{"start":{"line":30,"column":2},"end":{"line":32,"column":3}}]}},"s":{"0":1,"1":1,"2":1,"3":4,"4":4,"5":4,"6":2,"7":2},"f":{"0":4},"b":{"0":[2]}}
,"/home/runner/work/JohnSmith/JohnSmith/src/binding/ext/checked.ts": {"path":"/home/runner/work/JohnSmith/JohnSmith/src/binding/ext/checked.ts","statementMap":{"0":{"start":{"line":10,"column":0},"end":{"line":10,"column":53}},"1":{"start":{"line":13,"column":0},"end":{"line":13,"column":80}},"2":{"start":{"line":29,"column":0},"end":{"line":40,"column":2}},"3":{"start":{"line":33,"column":2},"end":{"line":39,"column":4}},"4":{"start":{"line":36,"column":26},"end":{"line":36,"column":42}},"5":{"start":{"line":37,"column":49},"end":{"line":37,"column":73}}},"fnMap":{"0":{"name":"(anonymous_0)","decl":{"start":{"line":29,"column":47},"end":{"line":29,"column":null}},"loc":{"start":{"line":32,"column":4},"end":{"line":40,"column":1}}},"1":{"name":"(anonymous_1)","decl":{"start":{"line":36,"column":4},"end":{"line":36,"column":5}},"loc":{"start":{"line":36,"column":26},"end":{"line":36,"column":42}}},"2":{"name":"(anonymous_2)","decl":{"start":{"line":37,"column":4},"end":{"line":37,"column":5}},"loc":{"start":{"line":37,"column":49},"end":{"line":37,"column":73}}}},"branchMap":{},"s":{"0":26,"1":26,"2":26,"3":4,"4":0,"5":6},"f":{"0":4,"1":0,"2":6},"b":{}}
,"/home/runner/work/JohnSmith/JohnSmith/src/binding/ext/className.ts": {"path":"/home/runner/work/JohnSmith/JohnSmith/src/binding/ext/className.ts","statementMap":{"0":{"start":{"line":10,"column":0},"end":{"line":10,"column":53}},"1":{"start":{"line":12,"column":0},"end":{"line":12,"column":58}},"2":{"start":{"line":13,"column":0},"end":{"line":13,"column":77}},"3":{"start":{"line":14,"column":0},"end":{"line":14,"column":37}},"4":{"start":{"line":23,"column":0},"end":{"line":75,"column":2}},"5":{"start":{"line":28,"column":21},"end":{"line":28,"column":47}},"6":{"start":{"line":31,"column":2},"end":{"line":48,"column":3}},"7":{"start":{"line":32,"column":4},"end":{"line":47,"column":6}},"8":{"start":{"line":35,"column":8},"end":{"line":37,"column":9}},"9":{"start":{"line":36,"column":10},"end":{"line":36,"column":22}},"10":{"start":{"line":39,"column":8},"end":{"line":39,"column":30}},"11":{"start":{"line":41,"column":8},"end":{"line":45,"column":10}},"12":{"start":{"line":43,"column":12},"end":{"line":43,"column":37}},"13":{"start":{"line":51,"column":17},"end":{"line":51,"column":28}},"14":{"start":{"line":52,"column":26},"end":{"line":52,"column":null}},"15":{"start":{"line":57,"column":2},"end":{"line":72,"column":3}},"16":{"start":{"line":58,"column":4},"end":{"line":71,"column":6}},"17":{"start":{"line":62,"column":10},"end":{"line":66,"column":11}},"18":{"start":{"line":63,"column":12},"end":{"line":63,"column":38}},"19":{"start":{"line":65,"column":12},"end":{"line":65,"column":41}},"20":{"start":{"line":68,"column":10},"end":{"line":68,"column":22}},"21":{"start":{"line":74,"column":2},"end":{"line":74,"column":16}}},"fnMap":{"0":{"name":"(anonymous_0)","decl":{"start":{"line":23,"column":49},"end":{"line":23,"column":null}},"loc":{"start":{"line":26,"column":4},"end":{"line":75,"column":1}}},"1":{"name":"(anonymous_1)","decl":{"start":{"line":34,"column":6},"end":{"line":34,"column":7}},"loc":{"start":{"line":34,"column":31},"end":{"line":46,"column":7}}},"2":{"name":"(anonymous_2)","decl":{"start":{"line":42,"column":19},"end":{"line":42,"column":22}},"loc":{"start":{"line":42,"column":24},"end":{"line":44,"column":11}}},"3":{"name":"(anonymous_3)","decl":{"start":{"line":61,"column":8},"end":{"line":61,"column":9}},"loc":{"start":{"line":61,"column":49},"end":{"line":69,"column":9}}}},"branchMap":{"0":{"loc":{"start":{"line":31,"column":2},"end":{"line":48,"column":3}},"type":"if","locations":[{"start":{"line":31,"column":2},"end":{"line":48,"column":3}}]},"1":{"loc":{"start":{"line":31,"column":6},"end":{"line":31,"column":66}},"type":"binary-expr","locations":[{"start":{"line":31,"column":6},"end":{"line":31,"column":37}},{"start":{"line":31,"column":41},"end":{"line":31,"column":66}}]},"2":{"loc":{"start":{"line":35,"column":8},"end":{"line":37,"column":9}},"type":"if","locations":[{"start":{"line":35,"column":8},"end":{"line":37,"column":9}}]},"3":{"loc":{"start":{"line":62,"column":10},"end":{"line":66,"column":11}},"type":"if","locations":[{"start":{"line":62,"column":10},"end":{"line":66,"column":11}},{"start":{"line":64,"column":17},"end":{"line":66,"column":11}}]}},"s":{"0":26,"1":26,"2":26,"3":26,"4":26,"5":9,"6":9,"7":5,"8":8,"9":2,"10":6,"11":6,"12":4,"13":4,"14":4,"15":4,"16":8,"17":11,"18":7,"19":4,"20":11,"21":4},"f":{"0":9,"1":8,"2":4,"3":11},"b":{"0":[5],"1":[9,9],"2":[2],"3":[7,4]}}
,"/home/runner/work/JohnSmith/JohnSmith/src/binding/ext/innerHTML.ts": {"path":"/home/runner/work/JohnSmith/JohnSmith/src/binding/ext/innerHTML.ts","statementMap":{"0":{"start":{"line":12,"column":0},"end":{"line":12,"column":53}},"1":{"start":{"line":15,"column":0},"end":{"line":15,"column":77}},"2":{"start":{"line":36,"column":0},"end":{"line":48,"column":2}},"3":{"start":{"line":40,"column":2},"end":{"line":47,"column":4}},"4":{"start":{"line":43,"column":6},"end":{"line":43,"column":56}},"5":{"start":{"line":45,"column":6},"end":{"line":45,"column":18}}},"fnMap":{"0":{"name":"(anonymous_0)","decl":{"start":{"line":36,"column":49},"end":{"line":36,"column":null}},"loc":{"start":{"line":39,"column":4},"end":{"line":48,"column":1}}},"1":{"name":"(anonymous_1)","decl":{"start":{"line":42,"column":4},"end":{"line":42,"column":5}},"loc":{"start":{"line":42,"column":29},"end":{"line":46,"column":5}}}},"branchMap":{"0":{"loc":{"start":{"line":43,"column":27},"end":{"line":43,"column":54}},"type":"cond-expr","locations":[{"start":{"line":43,"column":44},"end":{"line":43,"column":46}},{"start":{"line":43,"column":49},"end":{"line":43,"column":54}}]}},"s":{"0":26,"1":26,"2":26,"3":4,"4":6,"5":6},"f":{"0":4,"1":6},"b":{"0":[1,5]}}
,"/home/runner/work/JohnSmith/JohnSmith/src/binding/ext/value.ts": {"path":"/home/runner/work/JohnSmith/JohnSmith/src/binding/ext/value.ts","statementMap":{"0":{"start":{"line":10,"column":0},"end":{"line":10,"column":53}},"1":{"start":{"line":13,"column":0},"end":{"line":13,"column":80}},"2":{"start":{"line":49,"column":0},"end":{"line":75,"column":2}},"3":{"start":{"line":53,"column":27},"end":{"line":53,"column":51}},"4":{"start":{"line":57,"column":4},"end":{"line":65,"column":10}},"5":{"start":{"line":67,"column":2},"end":{"line":74,"column":4}},"6":{"start":{"line":70,"column":26},"end":{"line":70,"column":41}},"7":{"start":{"line":72,"column":6},"end":{"line":72,"column":48}}},"fnMap":{"0":{"name":"(anonymous_0)","decl":{"start":{"line":49,"column":45},"end":{"line":49,"column":null}},"loc":{"start":{"line":52,"column":4},"end":{"line":75,"column":1}}},"1":{"name":"(anonymous_1)","decl":{"start":{"line":70,"column":4},"end":{"line":70,"column":5}},"loc":{"start":{"line":70,"column":26},"end":{"line":70,"column":41}}},"2":{"name":"(anonymous_2)","decl":{"start":{"line":71,"column":4},"end":{"line":71,"column":5}},"loc":{"start":{"line":72,"column":6},"end":{"line":72,"column":48}}}},"branchMap":{"0":{"loc":{"start":{"line":57,"column":4},"end":{"line":65,"column":10}},"type":"cond-expr","locations":[{"start":{"line":58,"column":8},"end":{"line":61,"column":null}},{"start":{"line":62,"column":8},"end":{"line":65,"column":10}}]},"1":{"loc":{"start":{"line":57,"column":4},"end":{"line":57,"column":78}},"type":"binary-expr","locations":[{"start":{"line":57,"column":4},"end":{"line":57,"column":20}},{"start":{"line":57,"column":25},"end":{"line":57,"column":78}}]},"2":{"loc":{"start":{"line":72,"column":20},"end":{"line":72,"column":47}},"type":"cond-expr","locations":[{"start":{"line":72,"column":37},"end":{"line":72,"column":39}},{"start":{"line":72,"column":42},"end":{"line":72,"column":47}}]}},"s":{"0":26,"1":26,"2":26,"3":5,"4":5,"5":5,"6":1,"7":8},"f":{"0":5,"1":1,"2":8},"b":{"0":[0,5],"1":[5,5],"2":[2,6]}}
,"/home/runner/work/JohnSmith/JohnSmith/src/common/disposable.ts": {"path":"/home/runner/work/JohnSmith/JohnSmith/src/common/disposable.ts","statementMap":{"0":{"start":{"line":19,"column":13},"end":{"line":25,"column":2}},"1":{"start":{"line":27,"column":28},"end":{"line":29,"column":1}},"2":{"start":{"line":28,"column":2},"end":{"line":28,"column":52}},"3":{"start":{"line":27,"column":13},"end":{"line":27,"column":28}}},"fnMap":{"0":{"name":"(anonymous_0)","decl":{"start":{"line":24,"column":11},"end":{"line":24,"column":14}},"loc":{"start":{"line":24,"column":16},"end":{"line":24,"column":19}}},"1":{"name":"(anonymous_1)","decl":{"start":{"line":27,"column":28},"end":{"line":27,"column":29}},"loc":{"start":{"line":27,"column":78},"end":{"line":29,"column":1}}}},"branchMap":{},"s":{"0":29,"1":29,"2":2,"3":29},"f":{"0":0,"1":2},"b":{}}
,"/home/runner/work/JohnSmith/JohnSmith/src/common/index.ts": {"path":"/home/runner/work/JohnSmith/JohnSmith/src/common/index.ts","statementMap":{"0":{"start":{"line":1,"column":0},"end":{"line":1,"column":29}},"1":{"start":{"line":2,"column":0},"end":{"line":2,"column":24}}},"fnMap":{},"branchMap":{},"s":{"0":28,"1":28},"f":{},"b":{}}
,"/home/runner/work/JohnSmith/JohnSmith/src/common/owner.ts": {"path":"/home/runner/work/JohnSmith/JohnSmith/src/common/owner.ts","statementMap":{"0":{"start":{"line":1,"column":0},"end":{"line":1,"column":77}},"1":{"start":{"line":29,"column":4},"end":{"line":29,"column":40}},"2":{"start":{"line":43,"column":4},"end":{"line":43,"column":36}},"3":{"start":{"line":44,"column":4},"end":{"line":44,"column":20}},"4":{"start":{"line":50,"column":4},"end":{"line":52,"column":5}},"5":{"start":{"line":51,"column":6},"end":{"line":51,"column":32}},"6":{"start":{"line":54,"column":4},"end":{"line":54,"column":20}},"7":{"start":{"line":61,"column":4},"end":{"line":63,"column":5}},"8":{"start":{"line":61,"column":17},"end":{"line":61,"column":18}},"9":{"start":{"line":62,"column":6},"end":{"line":62,"column":36}},"10":{"start":{"line":18,"column":0},"end":{"line":18,"column":13}},"11":{"start":{"line":67,"column":28},"end":{"line":77,"column":1}},"12":{"start":{"line":68,"column":2},"end":{"line":74,"column":3}},"13":{"start":{"line":69,"column":4},"end":{"line":73,"column":5}},"14":{"start":{"line":70,"column":6},"end":{"line":70,"column":18}},"15":{"start":{"line":71,"column":11},"end":{"line":73,"column":5}},"16":{"start":{"line":72,"column":6},"end":{"line":72,"column":29}},"17":{"start":{"line":76,"column":2},"end":{"line":76,"column":14}},"18":{"start":{"line":67,"column":13},"end":{"line":67,"column":28}}},"fnMap":{"0":{"name":"(anonymous_0)","decl":{"start":{"line":28,"column":2},"end":{"line":28,"column":14}},"loc":{"start":{"line":28,"column":39},"end":{"line":30,"column":3}}},"1":{"name":"(anonymous_1)","decl":{"start":{"line":42,"column":9},"end":{"line":42,"column":12}},"loc":{"start":{"line":42,"column":46},"end":{"line":45,"column":3}}},"2":{"name":"(anonymous_2)","decl":{"start":{"line":47,"column":9},"end":{"line":47,"column":21}},"loc":{"start":{"line":48,"column":34},"end":{"line":55,"column":3}}},"3":{"name":"(anonymous_3)","decl":{"start":{"line":60,"column":9},"end":{"line":60,"column":16}},"loc":{"start":{"line":60,"column":16},"end":{"line":64,"column":3}}},"4":{"name":"(anonymous_4)","decl":{"start":{"line":67,"column":28},"end":{"line":67,"column":29}},"loc":{"start":{"line":67,"column":77},"end":{"line":77,"column":1}}}},"branchMap":{"0":{"loc":{"start":{"line":29,"column":23},"end":{"line":29,"column":39}},"type":"binary-expr","locations":[{"start":{"line":29,"column":23},"end":{"line":29,"column":33}},{"start":{"line":29,"column":37},"end":{"line":29,"column":39}}]},"1":{"loc":{"start":{"line":50,"column":4},"end":{"line":52,"column":5}},"type":"if","locations":[{"start":{"line":50,"column":4},"end":{"line":52,"column":5}}]},"2":{"loc":{"start":{"line":68,"column":2},"end":{"line":74,"column":3}},"type":"if","locations":[{"start":{"line":68,"column":2},"end":{"line":74,"column":3}}]},"3":{"loc":{"start":{"line":69,"column":4},"end":{"line":73,"column":5}},"type":"if","locations":[{"start":{"line":69,"column":4},"end":{"line":73,"column":5}},{"start":{"line":71,"column":11},"end":{"line":73,"column":5}}]},"4":{"loc":{"start":{"line":71,"column":11},"end":{"line":73,"column":5}},"type":"if","locations":[{"start":{"line":71,"column":11},"end":{"line":73,"column":5}}]}},"s":{"0":29,"1":133,"2":209,"3":209,"4":4,"5":1,"6":3,"7":27,"8":27,"9":40,"10":29,"11":29,"12":6,"13":2,"14":1,"15":1,"16":1,"17":4,"18":29},"f":{"0":133,"1":209,"2":4,"3":27,"4":6},"b":{"0":[133,128],"1":[1],"2":[2],"3":[1,1],"4":[1]}}
,"/home/runner/work/JohnSmith/JohnSmith/src/debugging/debug-troubleshooter.ts": {"path":"/home/runner/work/JohnSmith/JohnSmith/src/debugging/debug-troubleshooter.ts","statementMap":{"0":{"start":{"line":10,"column":20},"end":{"line":10,"column":39}},"1":{"start":{"line":11,"column":20},"end":{"line":11,"column":35}},"2":{"start":{"line":12,"column":20},"end":{"line":12,"column":33}},"3":{"start":{"line":14,"column":4},"end":{"line":14,"column":55}},"4":{"start":{"line":18,"column":4},"end":{"line":18,"column":46}},"5":{"start":{"line":22,"column":4},"end":{"line":22,"column":49}},"6":{"start":{"line":6,"column":0},"end":{"line":6,"column":13}},"7":{"start":{"line":31,"column":12},"end":{"line":31,"column":35}},"8":{"start":{"line":32,"column":12},"end":{"line":32,"column":46}},"9":{"start":{"line":33,"column":12},"end":{"line":33,"column":44}},"10":{"start":{"line":27,"column":10},"end":{"line":27,"column":29}},"11":{"start":{"line":28,"column":10},"end":{"line":28,"column":26}},"12":{"start":{"line":37,"column":4},"end":{"line":42,"column":6}},"13":{"start":{"line":49,"column":4},"end":{"line":52,"column":6}},"14":{"start":{"line":59,"column":4},"end":{"line":62,"column":6}},"15":{"start":{"line":66,"column":4},"end":{"line":69,"column":5}},"16":{"start":{"line":67,"column":6},"end":{"line":67,"column":34}},"17":{"start":{"line":68,"column":6},"end":{"line":68,"column":31}},"18":{"start":{"line":71,"column":19},"end":{"line":71,"column":48}},"19":{"start":{"line":72,"column":18},"end":{"line":72,"column":68}},"20":{"start":{"line":74,"column":4},"end":{"line":74,"column":22}},"21":{"start":{"line":75,"column":4},"end":{"line":77,"column":5}},"22":{"start":{"line":76,"column":6},"end":{"line":76,"column":46}},"23":{"start":{"line":79,"column":4},"end":{"line":79,"column":26}},"24":{"start":{"line":81,"column":4},"end":{"line":85,"column":6}},"25":{"start":{"line":83,"column":8},"end":{"line":83,"column":29}},"26":{"start":{"line":26,"column":0},"end":{"line":26,"column":13}}},"fnMap":{"0":{"name":"(anonymous_0)","decl":{"start":{"line":9,"column":2},"end":{"line":9,"column":null}},"loc":{"start":{"line":12,"column":33},"end":{"line":15,"column":3}}},"1":{"name":"(anonymous_1)","decl":{"start":{"line":17,"column":9},"end":{"line":17,"column":30}},"loc":{"start":{"line":17,"column":30},"end":{"line":19,"column":3}}},"2":{"name":"(anonymous_2)","decl":{"start":{"line":21,"column":9},"end":{"line":21,"column":32}},"loc":{"start":{"line":21,"column":32},"end":{"line":23,"column":3}}},"3":{"name":"(anonymous_3)","decl":{"start":{"line":30,"column":2},"end":{"line":30,"column":null}},"loc":{"start":{"line":33,"column":44},"end":{"line":34,"column":6}}},"4":{"name":"(anonymous_4)","decl":{"start":{"line":36,"column":9},"end":{"line":36,"column":24}},"loc":{"start":{"line":36,"column":58},"end":{"line":43,"column":3}}},"5":{"name":"(anonymous_5)","decl":{"start":{"line":45,"column":9},"end":{"line":45,"column":24}},"loc":{"start":{"line":47,"column":30},"end":{"line":53,"column":3}}},"6":{"name":"(anonymous_6)","decl":{"start":{"line":55,"column":9},"end":{"line":55,"column":30}},"loc":{"start":{"line":57,"column":23},"end":{"line":63,"column":3}}},"7":{"name":"(anonymous_7)","decl":{"start":{"line":65,"column":10},"end":{"line":65,"column":26}},"loc":{"start":{"line":65,"column":62},"end":{"line":86,"column":3}}},"8":{"name":"(anonymous_8)","decl":{"start":{"line":82,"column":15},"end":{"line":82,"column":18}},"loc":{"start":{"line":82,"column":20},"end":{"line":84,"column":7}}}},"branchMap":{"0":{"loc":{"start":{"line":51,"column":6},"end":{"line":51,"column":33}},"type":"binary-expr","locations":[{"start":{"line":51,"column":6},"end":{"line":51,"column":13}},{"start":{"line":51,"column":17},"end":{"line":51,"column":33}}]},"1":{"loc":{"start":{"line":61,"column":6},"end":{"line":61,"column":33}},"type":"binary-expr","locations":[{"start":{"line":61,"column":6},"end":{"line":61,"column":13}},{"start":{"line":61,"column":17},"end":{"line":61,"column":33}}]},"2":{"loc":{"start":{"line":66,"column":4},"end":{"line":69,"column":5}},"type":"if","locations":[{"start":{"line":66,"column":4},"end":{"line":69,"column":5}}]},"3":{"loc":{"start":{"line":79,"column":4},"end":{"line":79,"column":25}},"type":"cond-expr","locations":[{"start":{"line":79,"column":11},"end":{"line":79,"column":13}},{"start":{"line":79,"column":4},"end":{"line":79,"column":25}}]},"4":{"loc":{"start":{"line":79,"column":4},"end":{"line":79,"column":13}},"type":"binary-expr","locations":[{"start":{"line":79,"column":4},"end":{"line":79,"column":13}},{"start":{"line":79,"column":4},"end":{"line":79,"column":13}}]}},"s":{"0":2,"1":2,"2":2,"3":2,"4":0,"5":0,"6":1,"7":3,"8":3,"9":3,"10":3,"11":3,"12":1,"13":1,"14":0,"15":2,"16":2,"17":2,"18":2,"19":2,"20":2,"21":2,"22":0,"23":2,"24":2,"25":0,"26":1},"f":{"0":2,"1":0,"2":0,"3":3,"4":1,"5":1,"6":0,"7":2,"8":0},"b":{"0":[1,0],"1":[0,0],"2":[2],"3":[0,2],"4":[2,2]}}
,"/home/runner/work/JohnSmith/JohnSmith/src/debugging/errors-view-model.ts": {"path":"/home/runner/work/JohnSmith/JohnSmith/src/debugging/errors-view-model.ts","statementMap":{"0":{"start":{"line":1,"column":0},"end":{"line":1,"column":45}},"1":{"start":{"line":5,"column":9},"end":{"line":5,"column":50}},"2":{"start":{"line":4,"column":0},"end":{"line":4,"column":13}}},"fnMap":{"0":{"name":"(anonymous_0)","decl":{"start":{"line":4,"column":0},"end":{"line":4,"column":13}},"loc":{"start":{"line":4,"column":0},"end":{"line":6,"column":1}}}},"branchMap":{},"s":{"0":1,"1":1,"2":1},"f":{"0":1},"b":{}}
,"/home/runner/work/JohnSmith/JohnSmith/src/debugging/errors-view.tsx": {"path":"/home/runner/work/JohnSmith/JohnSmith/src/debugging/errors-view.tsx","statementMap":{"0":{"start":{"line":3,"column":0},"end":{"line":3,"column":47}},"1":{"start":{"line":4,"column":0},"end":{"line":4,"column":40}},"2":{"start":{"line":5,"column":0},"end":{"line":5,"column":21}},"3":{"start":{"line":8,"column":22},"end":{"line":8,"column":48}},"4":{"start":{"line":11,"column":4},"end":{"line":49,"column":6}},"5":{"start":{"line":31,"column":14},"end":{"line":43,"column":16}},"6":{"start":{"line":33,"column":37},"end":{"line":33,"column":66}},"7":{"start":{"line":34,"column":37},"end":{"line":34,"column":68}},"8":{"start":{"line":7,"column":0},"end":{"line":7,"column":13}}},"fnMap":{"0":{"name":"(anonymous_0)","decl":{"start":{"line":8,"column":2},"end":{"line":8,"column":22}},"loc":{"start":{"line":8,"column":48},"end":{"line":8,"column":52}}},"1":{"name":"(anonymous_1)","decl":{"start":{"line":10,"column":9},"end":{"line":10,"column":17}},"loc":{"start":{"line":10,"column":17},"end":{"line":50,"column":3}}},"2":{"name":"(anonymous_2)","decl":{"start":{"line":30,"column":18},"end":{"line":30,"column":23}},"loc":{"start":{"line":30,"column":26},"end":{"line":44,"column":13}}},"3":{"name":"(anonymous_3)","decl":{"start":{"line":33,"column":31},"end":{"line":33,"column":34}},"loc":{"start":{"line":33,"column":37},"end":{"line":33,"column":66}}},"4":{"name":"(anonymous_4)","decl":{"start":{"line":34,"column":31},"end":{"line":34,"column":34}},"loc":{"start":{"line":34,"column":37},"end":{"line":34,"column":68}}}},"branchMap":{},"s":{"0":1,"1":1,"2":1,"3":2,"4":2,"5":4,"6":0,"7":0,"8":1},"f":{"0":2,"1":2,"2":4,"3":0,"4":0},"b":{}}
,"/home/runner/work/JohnSmith/JohnSmith/src/debugging/includes.ts": {"path":"/home/runner/work/JohnSmith/JohnSmith/src/debugging/includes.ts","statementMap":{"0":{"start":{"line":1,"column":0},"end":{"line":1,"column":61}},"1":{"start":{"line":2,"column":0},"end":{"line":2,"column":68}},"2":{"start":{"line":3,"column":0},"end":{"line":3,"column":60}},"3":{"start":{"line":4,"column":0},"end":{"line":4,"column":61}},"4":{"start":{"line":5,"column":0},"end":{"line":5,"column":76}},"5":{"start":{"line":6,"column":0},"end":{"line":6,"column":43}},"6":{"start":{"line":7,"column":0},"end":{"line":7,"column":54}},"7":{"start":{"line":9,"column":0},"end":{"line":9,"column":35}},"8":{"start":{"line":11,"column":12},"end":{"line":11,"column":51}},"9":{"start":{"line":11,"column":42},"end":{"line":11,"column":51}},"10":{"start":{"line":12,"column":14},"end":{"line":12,"column":55}},"11":{"start":{"line":12,"column":46},"end":{"line":12,"column":55}},"12":{"start":{"line":14,"column":26},"end":{"line":14,"column":47}},"13":{"start":{"line":16,"column":0},"end":{"line":46,"column":2}},"14":{"start":{"line":17,"column":2},"end":{"line":45,"column":3}},"15":{"start":{"line":18,"column":4},"end":{"line":18,"column":18}},"16":{"start":{"line":20,"column":22},"end":{"line":20,"column":43}},"17":{"start":{"line":22,"column":17},"end":{"line":22,"column":36}},"18":{"start":{"line":24,"column":4},"end":{"line":28,"column":5}},"19":{"start":{"line":25,"column":6},"end":{"line":27,"column":8}},"20":{"start":{"line":30,"column":27},"end":{"line":30,"column":58}},"21":{"start":{"line":31,"column":4},"end":{"line":31,"column":37}},"22":{"start":{"line":33,"column":4},"end":{"line":39,"column":7}},"23":{"start":{"line":34,"column":6},"end":{"line":38,"column":62}},"24":{"start":{"line":41,"column":4},"end":{"line":41,"column":13}},"25":{"start":{"line":42,"column":4},"end":{"line":42,"column":41}},"26":{"start":{"line":44,"column":4},"end":{"line":44,"column":36}},"27":{"start":{"line":48,"column":20},"end":{"line":140,"column":1}},"28":{"start":{"line":49,"column":2},"end":{"line":49,"column":10}},"29":{"start":{"line":51,"column":2},"end":{"line":58,"column":62}},"30":{"start":{"line":60,"column":16},"end":{"line":60,"column":47}},"31":{"start":{"line":61,"column":2},"end":{"line":138,"column":6}},"32":{"start":{"line":139,"column":2},"end":{"line":139,"column":62}}},"fnMap":{"0":{"name":"(anonymous_0)","decl":{"start":{"line":11,"column":36},"end":{"line":11,"column":39}},"loc":{"start":{"line":11,"column":42},"end":{"line":11,"column":51}}},"1":{"name":"(anonymous_1)","decl":{"start":{"line":12,"column":40},"end":{"line":12,"column":43}},"loc":{"start":{"line":12,"column":46},"end":{"line":12,"column":55}}},"2":{"name":"(anonymous_2)","decl":{"start":{"line":16,"column":38},"end":{"line":16,"column":41}},"loc":{"start":{"line":16,"column":43},"end":{"line":46,"column":1}}},"3":{"name":"(anonymous_3)","decl":{"start":{"line":33,"column":60},"end":{"line":33,"column":63}},"loc":{"start":{"line":33,"column":65},"end":{"line":39,"column":5}}},"4":{"name":"(anonymous_4)","decl":{"start":{"line":48,"column":20},"end":{"line":48,"column":23}},"loc":{"start":{"line":48,"column":25},"end":{"line":140,"column":1}}}},"branchMap":{"0":{"loc":{"start":{"line":11,"column":12},"end":{"line":11,"column":51}},"type":"cond-expr","locations":[{"start":{"line":11,"column":22},"end":{"line":11,"column":33}},{"start":{"line":11,"column":36},"end":{"line":11,"column":51}}]},"1":{"loc":{"start":{"line":12,"column":14},"end":{"line":12,"column":55}},"type":"cond-expr","locations":[{"start":{"line":12,"column":24},"end":{"line":12,"column":37}},{"start":{"line":12,"column":40},"end":{"line":12,"column":55}}]},"2":{"loc":{"start":{"line":24,"column":4},"end":{"line":28,"column":5}},"type":"if","locations":[{"start":{"line":24,"column":4},"end":{"line":28,"column":5}}]}},"s":{"0":1,"1":1,"2":1,"3":1,"4":1,"5":1,"6":1,"7":1,"8":1,"9":0,"10":1,"11":0,"12":1,"13":1,"14":3,"15":3,"16":3,"17":3,"18":3,"19":0,"20":3,"21":3,"22":3,"23":2,"24":0,"25":0,"26":0,"27":1,"28":3,"29":3,"30":3,"31":3,"32":3},"f":{"0":0,"1":0,"2":3,"3":2,"4":3},"b":{"0":[1,0],"1":[1,0],"2":[0]}}
,"/home/runner/work/JohnSmith/JohnSmith/src/reactive/bidirectional-value.ts": {"path":"/home/runner/work/JohnSmith/JohnSmith/src/reactive/bidirectional-value.ts","statementMap":{"0":{"start":{"line":1,"column":0},"end":{"line":1,"column":53}},"1":{"start":{"line":17,"column":4},"end":{"line":17,"column":17}},"2":{"start":{"line":14,"column":12},"end":{"line":14,"column":43}},"3":{"start":{"line":21,"column":26},"end":{"line":21,"column":54}},"4":{"start":{"line":23,"column":4},"end":{"line":34,"column":5}},"5":{"start":{"line":28,"column":6},"end":{"line":28,"column":30}},"6":{"start":{"line":29,"column":11},"end":{"line":34,"column":5}},"7":{"start":{"line":33,"column":6},"end":{"line":33,"column":44}},"8":{"start":{"line":9,"column":0},"end":{"line":9,"column":13}}},"fnMap":{"0":{"name":"(anonymous_0)","decl":{"start":{"line":13,"column":2},"end":{"line":13,"column":null}},"loc":{"start":{"line":15,"column":12},"end":{"line":18,"column":3}}},"1":{"name":"(anonymous_1)","decl":{"start":{"line":20,"column":9},"end":{"line":20,"column":22}},"loc":{"start":{"line":20,"column":34},"end":{"line":35,"column":3}}}},"branchMap":{"0":{"loc":{"start":{"line":23,"column":4},"end":{"line":34,"column":5}},"type":"if","locations":[{"start":{"line":23,"column":4},"end":{"line":34,"column":5}},{"start":{"line":29,"column":11},"end":{"line":34,"column":5}}]},"1":{"loc":{"start":{"line":24,"column":6},"end":{"line":26,"column":28}},"type":"binary-expr","locations":[{"start":{"line":24,"column":6},"end":{"line":24,"column":33}},{"start":{"line":25,"column":6},"end":{"line":25,"column":28}},{"start":{"line":26,"column":6},"end":{"line":26,"column":28}}]},"2":{"loc":{"start":{"line":29,"column":11},"end":{"line":34,"column":5}},"type":"if","locations":[{"start":{"line":29,"column":11},"end":{"line":34,"column":5}}]},"3":{"loc":{"start":{"line":30,"column":6},"end":{"line":31,"column":42}},"type":"binary-expr","locations":[{"start":{"line":30,"column":6},"end":{"line":30,"column":29}},{"start":{"line":31,"column":6},"end":{"line":31,"column":42}}]}},"s":{"0":27,"1":7,"2":7,"3":7,"4":7,"5":5,"6":2,"7":1,"8":27},"f":{"0":7,"1":7},"b":{"0":[5,2],"1":[7,4,3],"2":[1],"3":[2,1]}}
,"/home/runner/work/JohnSmith/JohnSmith/src/reactive/event.ts": {"path":"/home/runner/work/JohnSmith/JohnSmith/src/reactive/event.ts","statementMap":{"0":{"start":{"line":1,"column":0},"end":{"line":1,"column":null}},"1":{"start":{"line":18,"column":10},"end":{"line":18,"column":42}},"2":{"start":{"line":24,"column":4},"end":{"line":24,"column":34}},"3":{"start":{"line":37,"column":4},"end":{"line":37,"column":59}},"4":{"start":{"line":45,"column":4},"end":{"line":45,"column":33}},"5":{"start":{"line":17,"column":0},"end":{"line":17,"column":13}}},"fnMap":{"0":{"name":"(anonymous_0)","decl":{"start":{"line":17,"column":0},"end":{"line":17,"column":13}},"loc":{"start":{"line":17,"column":0},"end":{"line":47,"column":1}}},"1":{"name":"(anonymous_1)","decl":{"start":{"line":23,"column":9},"end":{"line":23,"column":26}},"loc":{"start":{"line":23,"column":26},"end":{"line":25,"column":3}}},"2":{"name":"(anonymous_2)","decl":{"start":{"line":36,"column":9},"end":{"line":36,"column":15}},"loc":{"start":{"line":36,"column":45},"end":{"line":38,"column":3}}},"3":{"name":"(anonymous_3)","decl":{"start":{"line":44,"column":9},"end":{"line":44,"column":16}},"loc":{"start":{"line":44,"column":24},"end":{"line":46,"column":3}}}},"branchMap":{},"s":{"0":1,"1":3,"2":6,"3":4,"4":1,"5":1},"f":{"0":3,"1":6,"2":4,"3":1},"b":{}}
,"/home/runner/work/JohnSmith/JohnSmith/src/reactive/index.ts": {"path":"/home/runner/work/JohnSmith/JohnSmith/src/reactive/index.ts","statementMap":{"0":{"start":{"line":1,"column":0},"end":{"line":1,"column":29}},"1":{"start":{"line":2,"column":0},"end":{"line":2,"column":35}},"2":{"start":{"line":3,"column":0},"end":{"line":3,"column":34}},"3":{"start":{"line":4,"column":0},"end":{"line":4,"column":38}}},"fnMap":{},"branchMap":{},"s":{"0":26,"1":26,"2":26,"3":26},"f":{},"b":{}}
,"/home/runner/work/JohnSmith/JohnSmith/src/reactive/listenable.ts": {"path":"/home/runner/work/JohnSmith/JohnSmith/src/reactive/listenable.ts","statementMap":{"0":{"start":{"line":2,"column":0},"end":{"line":2,"column":44}},"1":{"start":{"line":7,"column":0},"end":{"line":7,"column":null}},"2":{"start":{"line":11,"column":2},"end":{"line":11,"column":null}},"3":{"start":{"line":17,"column":2},"end":{"line":17,"column":null}},"4":{"start":{"line":23,"column":2},"end":{"line":23,"column":null}},"5":{"start":{"line":29,"column":2},"end":{"line":29,"column":null}},"6":{"start":{"line":43,"column":12},"end":{"line":43,"column":29}},"7":{"start":{"line":44,"column":12},"end":{"line":44,"column":30}},"8":{"start":{"line":51,"column":4},"end":{"line":51,"column":67}},"9":{"start":{"line":75,"column":0},"end":{"line":75,"column":22}},"10":{"start":{"line":121,"column":10},"end":{"line":121,"column":45}},"11":{"start":{"line":140,"column":4},"end":{"line":140,"column":31}},"12":{"start":{"line":141,"column":4},"end":{"line":143,"column":5}},"13":{"start":{"line":142,"column":6},"end":{"line":142,"column":25}},"14":{"start":{"line":145,"column":4},"end":{"line":145,"column":51}},"15":{"start":{"line":149,"column":4},"end":{"line":151,"column":5}},"16":{"start":{"line":149,"column":17},"end":{"line":149,"column":18}},"17":{"start":{"line":150,"column":6},"end":{"line":150,"column":31}},"18":{"start":{"line":155,"column":4},"end":{"line":155,"column":30}},"19":{"start":{"line":120,"column":0},"end":{"line":120,"column":13}},"20":{"start":{"line":165,"column":10},"end":{"line":165,"column":56}},"21":{"start":{"line":171,"column":4},"end":{"line":171,"column":31}},"22":{"start":{"line":172,"column":4},"end":{"line":174,"column":5}},"23":{"start":{"line":173,"column":6},"end":{"line":173,"column":50}},"24":{"start":{"line":176,"column":4},"end":{"line":176,"column":51}},"25":{"start":{"line":180,"column":4},"end":{"line":182,"column":5}},"26":{"start":{"line":180,"column":17},"end":{"line":180,"column":18}},"27":{"start":{"line":181,"column":6},"end":{"line":181,"column":39}},"28":{"start":{"line":186,"column":4},"end":{"line":186,"column":30}},"29":{"start":{"line":164,"column":0},"end":{"line":164,"column":13}},"30":{"start":{"line":194,"column":0},"end":{"line":194,"column":22}},"31":{"start":{"line":198,"column":28},"end":{"line":202,"column":1}},"32":{"start":{"line":201,"column":2},"end":{"line":201,"column":44}},"33":{"start":{"line":198,"column":13},"end":{"line":198,"column":28}},"34":{"start":{"line":204,"column":35},"end":{"line":208,"column":1}},"35":{"start":{"line":207,"column":2},"end":{"line":207,"column":58}},"36":{"start":{"line":204,"column":13},"end":{"line":204,"column":35}}},"fnMap":{"0":{"name":"(anonymous_0)","decl":{"start":{"line":7,"column":0},"end":{"line":7,"column":12}},"loc":{"start":{"line":7,"column":28},"end":{"line":30,"column":1}}},"1":{"name":"(anonymous_1)","decl":{"start":{"line":42,"column":2},"end":{"line":42,"column":null}},"loc":{"start":{"line":44,"column":30},"end":{"line":45,"column":6}}},"2":{"name":"(anonymous_2)","decl":{"start":{"line":50,"column":9},"end":{"line":50,"column":16}},"loc":{"start":{"line":50,"column":16},"end":{"line":52,"column":3}}},"3":{"name":"(anonymous_3)","decl":{"start":{"line":120,"column":0},"end":{"line":120,"column":13}},"loc":{"start":{"line":120,"column":0},"end":{"line":157,"column":1}}},"4":{"name":"(anonymous_4)","decl":{"start":{"line":135,"column":9},"end":{"line":135,"column":12}},"loc":{"start":{"line":138,"column":25},"end":{"line":146,"column":3}}},"5":{"name":"(anonymous_5)","decl":{"start":{"line":148,"column":9},"end":{"line":148,"column":15}},"loc":{"start":{"line":148,"column":27},"end":{"line":152,"column":3}}},"6":{"name":"(anonymous_6)","decl":{"start":{"line":154,"column":9},"end":{"line":154,"column":13}},"loc":{"start":{"line":154,"column":13},"end":{"line":156,"column":3}}},"7":{"name":"(anonymous_7)","decl":{"start":{"line":164,"column":0},"end":{"line":164,"column":13}},"loc":{"start":{"line":164,"column":0},"end":{"line":188,"column":1}}},"8":{"name":"(anonymous_8)","decl":{"start":{"line":167,"column":9},"end":{"line":167,"column":12}},"loc":{"start":{"line":169,"column":19},"end":{"line":177,"column":3}}},"9":{"name":"(anonymous_9)","decl":{"start":{"line":179,"column":9},"end":{"line":179,"column":15}},"loc":{"start":{"line":179,"column":57},"end":{"line":183,"column":3}}},"10":{"name":"(anonymous_10)","decl":{"start":{"line":185,"column":9},"end":{"line":185,"column":13}},"loc":{"start":{"line":185,"column":13},"end":{"line":187,"column":3}}},"11":{"name":"(anonymous_11)","decl":{"start":{"line":198,"column":28},"end":{"line":198,"column":null}},"loc":{"start":{"line":200,"column":29},"end":{"line":202,"column":1}}},"12":{"name":"(anonymous_12)","decl":{"start":{"line":204,"column":35},"end":{"line":204,"column":null}},"loc":{"start":{"line":206,"column":36},"end":{"line":208,"column":1}}}},"branchMap":{"0":{"loc":{"start":{"line":7,"column":12},"end":{"line":7,"column":null}},"type":"binary-expr","locations":[{"start":{"line":7,"column":12},"end":{"line":7,"column":28}},{"start":{"line":7,"column":28},"end":{"line":7,"column":null}}]},"1":{"loc":{"start":{"line":141,"column":4},"end":{"line":143,"column":5}},"type":"if","locations":[{"start":{"line":141,"column":4},"end":{"line":143,"column":5}}]},"2":{"loc":{"start":{"line":172,"column":4},"end":{"line":174,"column":5}},"type":"if","locations":[{"start":{"line":172,"column":4},"end":{"line":174,"column":5}}]}},"s":{"0":33,"1":33,"2":33,"3":33,"4":33,"5":33,"6":77,"7":77,"8":12,"9":33,"10":104,"11":65,"12":65,"13":59,"14":65,"15":70,"16":70,"17":29,"18":28,"19":33,"20":27,"21":12,"22":12,"23":11,"24":12,"25":26,"26":26,"27":10,"28":2,"29":33,"30":33,"31":33,"32":58,"33":33,"34":33,"35":9,"36":33},"f":{"0":33,"1":77,"2":12,"3":104,"4":65,"5":70,"6":28,"7":27,"8":12,"9":26,"10":2,"11":58,"12":9},"b":{"0":[33,33],"1":[59],"2":[11]}}
,"/home/runner/work/JohnSmith/JohnSmith/src/reactive/observable-list.ts": {"path":"/home/runner/work/JohnSmith/JohnSmith/src/reactive/observable-list.ts","statementMap":{"0":{"start":{"line":1,"column":0},"end":{"line":1,"column":53}},"1":{"start":{"line":2,"column":0},"end":{"line":2,"column":null}},"2":{"start":{"line":8,"column":0},"end":{"line":8,"column":44}},"3":{"start":{"line":25,"column":4},"end":{"line":25,"column":44}},"4":{"start":{"line":19,"column":10},"end":{"line":19,"column":56}},"5":{"start":{"line":20,"column":10},"end":{"line":22,"column":6}},"6":{"start":{"line":32,"column":4},"end":{"line":35,"column":6}},"7":{"start":{"line":42,"column":4},"end":{"line":42,"column":41}},"8":{"start":{"line":46,"column":4},"end":{"line":50,"column":5}},"9":{"start":{"line":47,"column":6},"end":{"line":49,"column":7}},"10":{"start":{"line":48,"column":8},"end":{"line":48,"column":70}},"11":{"start":{"line":52,"column":4},"end":{"line":52,"column":26}},"12":{"start":{"line":53,"column":4},"end":{"line":53,"column":67}},"13":{"start":{"line":54,"column":4},"end":{"line":54,"column":32}},"14":{"start":{"line":58,"column":25},"end":{"line":58,"column":40}},"15":{"start":{"line":59,"column":4},"end":{"line":61,"column":5}},"16":{"start":{"line":59,"column":17},"end":{"line":59,"column":18}},"17":{"start":{"line":60,"column":6},"end":{"line":60,"column":33}},"18":{"start":{"line":63,"column":4},"end":{"line":63,"column":51}},"19":{"start":{"line":67,"column":25},"end":{"line":67,"column":40}},"20":{"start":{"line":69,"column":4},"end":{"line":71,"column":5}},"21":{"start":{"line":69,"column":17},"end":{"line":69,"column":18}},"22":{"start":{"line":70,"column":6},"end":{"line":70,"column":51}},"23":{"start":{"line":73,"column":4},"end":{"line":73,"column":54}},"24":{"start":{"line":78,"column":25},"end":{"line":78,"column":40}},"25":{"start":{"line":79,"column":4},"end":{"line":82,"column":5}},"26":{"start":{"line":80,"column":22},"end":{"line":80,"column":65}},"27":{"start":{"line":81,"column":6},"end":{"line":81,"column":59}},"28":{"start":{"line":87,"column":4},"end":{"line":90,"column":5}},"29":{"start":{"line":88,"column":6},"end":{"line":88,"column":51}},"30":{"start":{"line":89,"column":6},"end":{"line":89,"column":34}},"31":{"start":{"line":92,"column":4},"end":{"line":92,"column":23}},"32":{"start":{"line":96,"column":4},"end":{"line":96,"column":34}},"33":{"start":{"line":100,"column":18},"end":{"line":100,"column":41}},"34":{"start":{"line":101,"column":4},"end":{"line":103,"column":5}},"35":{"start":{"line":102,"column":6},"end":{"line":102,"column":49}},"36":{"start":{"line":105,"column":4},"end":{"line":105,"column":35}},"37":{"start":{"line":109,"column":4},"end":{"line":109,"column":47}},"38":{"start":{"line":113,"column":4},"end":{"line":113,"column":44}},"39":{"start":{"line":114,"column":4},"end":{"line":114,"column":51}},"40":{"start":{"line":116,"column":4},"end":{"line":116,"column":32}},"41":{"start":{"line":120,"column":4},"end":{"line":122,"column":5}},"42":{"start":{"line":121,"column":6},"end":{"line":121,"column":48}},"43":{"start":{"line":15,"column":0},"end":{"line":15,"column":13}}},"fnMap":{"0":{"name":"(anonymous_0)","decl":{"start":{"line":24,"column":2},"end":{"line":24,"column":14}},"loc":{"start":{"line":24,"column":25},"end":{"line":26,"column":3}}},"1":{"name":"(anonymous_1)","decl":{"start":{"line":28,"column":9},"end":{"line":28,"column":22}},"loc":{"start":{"line":30,"column":26},"end":{"line":36,"column":3}}},"2":{"name":"(anonymous_2)","decl":{"start":{"line":41,"column":9},"end":{"line":41,"column":33}},"loc":{"start":{"line":41,"column":33},"end":{"line":43,"column":3}}},"3":{"name":"(anonymous_3)","decl":{"start":{"line":45,"column":9},"end":{"line":45,"column":17}},"loc":{"start":{"line":45,"column":28},"end":{"line":55,"column":3}}},"4":{"name":"(anonymous_4)","decl":{"start":{"line":57,"column":9},"end":{"line":57,"column":12}},"loc":{"start":{"line":57,"column":25},"end":{"line":64,"column":3}}},"5":{"name":"(anonymous_5)","decl":{"start":{"line":66,"column":9},"end":{"line":66,"column":15}},"loc":{"start":{"line":66,"column":28},"end":{"line":74,"column":3}}},"6":{"name":"(anonymous_6)","decl":{"start":{"line":77,"column":9},"end":{"line":77,"column":14}},"loc":{"start":{"line":77,"column":14},"end":{"line":83,"column":3}}},"7":{"name":"(anonymous_7)","decl":{"start":{"line":86,"column":9},"end":{"line":86,"column":14}},"loc":{"start":{"line":86,"column":14},"end":{"line":93,"column":3}}},"8":{"name":"(anonymous_8)","decl":{"start":{"line":95,"column":9},"end":{"line":95,"column":21}},"loc":{"start":{"line":95,"column":21},"end":{"line":97,"column":3}}},"9":{"name":"(anonymous_9)","decl":{"start":{"line":99,"column":9},"end":{"line":99,"column":24}},"loc":{"start":{"line":99,"column":24},"end":{"line":106,"column":3}}},"10":{"name":"(anonymous_10)","decl":{"start":{"line":108,"column":9},"end":{"line":108,"column":16}},"loc":{"start":{"line":108,"column":63},"end":{"line":110,"column":3}}},"11":{"name":"(anonymous_11)","decl":{"start":{"line":112,"column":10},"end":{"line":112,"column":23}},"loc":{"start":{"line":112,"column":62},"end":{"line":117,"column":3}}},"12":{"name":"(anonymous_12)","decl":{"start":{"line":119,"column":10},"end":{"line":119,"column":30}},"loc":{"start":{"line":119,"column":30},"end":{"line":123,"column":3}}}},"branchMap":{"0":{"loc":{"start":{"line":25,"column":10},"end":{"line":25,"column":42}},"type":"cond-expr","locations":[{"start":{"line":25,"column":32},"end":{"line":25,"column":34}},{"start":{"line":25,"column":37},"end":{"line":25,"column":42}}]},"1":{"loc":{"start":{"line":34,"column":6},"end":{"line":34,"column":78}},"type":"cond-expr","locations":[{"start":{"line":34,"column":51},"end":{"line":34,"column":66}},{"start":{"line":34,"column":69},"end":{"line":34,"column":78}}]},"2":{"loc":{"start":{"line":34,"column":6},"end":{"line":34,"column":48}},"type":"binary-expr","locations":[{"start":{"line":34,"column":6},"end":{"line":34,"column":32}},{"start":{"line":34,"column":36},"end":{"line":34,"column":48}}]},"3":{"loc":{"start":{"line":46,"column":4},"end":{"line":50,"column":5}},"type":"if","locations":[{"start":{"line":46,"column":4},"end":{"line":50,"column":5}}]},"4":{"loc":{"start":{"line":47,"column":6},"end":{"line":49,"column":7}},"type":"if","locations":[{"start":{"line":47,"column":6},"end":{"line":49,"column":7}}]},"5":{"loc":{"start":{"line":79,"column":4},"end":{"line":82,"column":5}},"type":"if","locations":[{"start":{"line":79,"column":4},"end":{"line":82,"column":5}}]},"6":{"loc":{"start":{"line":87,"column":4},"end":{"line":90,"column":5}},"type":"if","locations":[{"start":{"line":87,"column":4},"end":{"line":90,"column":5}}]},"7":{"loc":{"start":{"line":101,"column":4},"end":{"line":103,"column":5}},"type":"if","locations":[{"start":{"line":101,"column":4},"end":{"line":103,"column":5}}]},"8":{"loc":{"start":{"line":120,"column":4},"end":{"line":122,"column":5}},"type":"if","locations":[{"start":{"line":120,"column":4},"end":{"line":122,"column":5}}]}},"s":{"0":27,"1":27,"2":27,"3":27,"4":27,"5":27,"6":12,"7":2,"8":10,"9":10,"10":1,"11":9,"12":9,"13":9,"14":8,"15":8,"16":8,"17":11,"18":8,"19":5,"20":5,"21":5,"22":17,"23":5,"24":4,"25":4,"26":4,"27":4,"28":2,"29":2,"30":2,"31":2,"32":4,"33":3,"34":3,"35":1,"36":2,"37":2,"38":17,"39":17,"40":17,"41":28,"42":2,"43":27},"f":{"0":27,"1":12,"2":2,"3":10,"4":8,"5":5,"6":4,"7":2,"8":4,"9":3,"10":2,"11":17,"12":28},"b":{"0":[16,11],"1":[11,1],"2":[12,1],"3":[10],"4":[1],"5":[4],"6":[2],"7":[1],"8":[2]}}
,"/home/runner/work/JohnSmith/JohnSmith/src/reactive/observable-value.ts": {"path":"/home/runner/work/JohnSmith/JohnSmith/src/reactive/observable-value.ts","statementMap":{"0":{"start":{"line":1,"column":0},"end":{"line":1,"column":null}},"1":{"start":{"line":24,"column":4},"end":{"line":24,"column":12}},"2":{"start":{"line":16,"column":12},"end":{"line":16,"column":44}},"3":{"start":{"line":25,"column":4},"end":{"line":25,"column":24}},"4":{"start":{"line":32,"column":4},"end":{"line":32,"column":23}},"5":{"start":{"line":39,"column":4},"end":{"line":41,"column":5}},"6":{"start":{"line":40,"column":6},"end":{"line":40,"column":55}},"7":{"start":{"line":43,"column":4},"end":{"line":43,"column":23}},"8":{"start":{"line":53,"column":4},"end":{"line":53,"column":24}},"9":{"start":{"line":54,"column":4},"end":{"line":54,"column":34}},"10":{"start":{"line":61,"column":4},"end":{"line":61,"column":34}},"11":{"start":{"line":68,"column":4},"end":{"line":68,"column":34}},"12":{"start":{"line":84,"column":22},"end":{"line":84,"column":41}},"13":{"start":{"line":85,"column":4},"end":{"line":85,"column":29}},"14":{"start":{"line":100,"column":31},"end":{"line":100,"column":73}},"15":{"start":{"line":102,"column":4},"end":{"line":104,"column":56}},"16":{"start":{"line":12,"column":0},"end":{"line":12,"column":13}}},"fnMap":{"0":{"name":"(anonymous_0)","decl":{"start":{"line":23,"column":2},"end":{"line":23,"column":14}},"loc":{"start":{"line":23,"column":22},"end":{"line":26,"column":3}}},"1":{"name":"(anonymous_1)","decl":{"start":{"line":31,"column":9},"end":{"line":31,"column":17}},"loc":{"start":{"line":31,"column":17},"end":{"line":33,"column":3}}},"2":{"name":"(anonymous_2)","decl":{"start":{"line":38,"column":9},"end":{"line":38,"column":25}},"loc":{"start":{"line":38,"column":25},"end":{"line":44,"column":3}}},"3":{"name":"(anonymous_3)","decl":{"start":{"line":52,"column":9},"end":{"line":52,"column":17}},"loc":{"start":{"line":52,"column":26},"end":{"line":55,"column":3}}},"4":{"name":"(anonymous_4)","decl":{"start":{"line":60,"column":9},"end":{"line":60,"column":17}},"loc":{"start":{"line":60,"column":17},"end":{"line":62,"column":3}}},"5":{"name":"(anonymous_5)","decl":{"start":{"line":67,"column":9},"end":{"line":67,"column":26}},"loc":{"start":{"line":67,"column":26},"end":{"line":69,"column":3}}},"6":{"name":"(anonymous_6)","decl":{"start":{"line":83,"column":9},"end":{"line":83,"column":15}},"loc":{"start":{"line":83,"column":46},"end":{"line":86,"column":3}}},"7":{"name":"(anonymous_7)","decl":{"start":{"line":96,"column":9},"end":{"line":96,"column":15}},"loc":{"start":{"line":98,"column":26},"end":{"line":105,"column":3}}}},"branchMap":{"0":{"loc":{"start":{"line":39,"column":4},"end":{"line":41,"column":5}},"type":"if","locations":[{"start":{"line":39,"column":4},"end":{"line":41,"column":5}}]},"1":{"loc":{"start":{"line":100,"column":31},"end":{"line":100,"column":73}},"type":"binary-expr","locations":[{"start":{"line":100,"column":31},"end":{"line":100,"column":57}},{"start":{"line":100,"column":61},"end":{"line":100,"column":73}}]},"2":{"loc":{"start":{"line":102,"column":11},"end":{"line":104,"column":55}},"type":"cond-expr","locations":[{"start":{"line":103,"column":8},"end":{"line":103,"column":60}},{"start":{"line":104,"column":8},"end":{"line":104,"column":55}}]}},"s":{"0":32,"1":101,"2":101,"3":101,"4":121,"5":10,"6":1,"7":9,"8":52,"9":52,"10":3,"11":22,"12":1,"13":1,"14":61,"15":61,"16":32},"f":{"0":101,"1":121,"2":10,"3":52,"4":3,"5":22,"6":1,"7":61},"b":{"0":[1],"1":[61,10],"2":[59,2]}}
,"/home/runner/work/JohnSmith/JohnSmith/src/reactive/transformers/combine.ts": {"path":"/home/runner/work/JohnSmith/JohnSmith/src/reactive/transformers/combine.ts","statementMap":{"0":{"start":{"line":1,"column":0},"end":{"line":1,"column":77}},"1":{"start":{"line":2,"column":0},"end":{"line":2,"column":49}},"2":{"start":{"line":26,"column":23},"end":{"line":31,"column":54}},"3":{"start":{"line":31,"column":2},"end":{"line":31,"column":54}},"4":{"start":{"line":26,"column":13},"end":{"line":26,"column":23}},"5":{"start":{"line":44,"column":4},"end":{"line":44,"column":12}},"6":{"start":{"line":40,"column":12},"end":{"line":40,"column":35}},"7":{"start":{"line":41,"column":12},"end":{"line":41,"column":37}},"8":{"start":{"line":42,"column":12},"end":{"line":42,"column":74}},"9":{"start":{"line":37,"column":10},"end":{"line":37,"column":30}},"10":{"start":{"line":51,"column":4},"end":{"line":51,"column":27}},"11":{"start":{"line":55,"column":31},"end":{"line":55,"column":73}},"12":{"start":{"line":57,"column":4},"end":{"line":88,"column":7}},"13":{"start":{"line":59,"column":8},"end":{"line":59,"column":27}},"14":{"start":{"line":61,"column":8},"end":{"line":67,"column":9}},"15":{"start":{"line":62,"column":33},"end":{"line":62,"column":69}},"16":{"start":{"line":65,"column":10},"end":{"line":65,"column":35}},"17":{"start":{"line":70,"column":26},"end":{"line":70,"column":48}},"18":{"start":{"line":71,"column":8},"end":{"line":71,"column":28}},"19":{"start":{"line":73,"column":8},"end":{"line":79,"column":9}},"20":{"start":{"line":74,"column":33},"end":{"line":74,"column":68}},"21":{"start":{"line":76,"column":10},"end":{"line":78,"column":11}},"22":{"start":{"line":77,"column":12},"end":{"line":77,"column":37}},"23":{"start":{"line":83,"column":10},"end":{"line":83,"column":33}},"24":{"start":{"line":84,"column":10},"end":{"line":84,"column":30}},"25":{"start":{"line":85,"column":10},"end":{"line":85,"column":31}},"26":{"start":{"line":92,"column":4},"end":{"line":92,"column":32}}},"fnMap":{"0":{"name":"(anonymous_0)","decl":{"start":{"line":26,"column":23},"end":{"line":26,"column":null}},"loc":{"start":{"line":31,"column":2},"end":{"line":31,"column":54}}},"1":{"name":"(anonymous_1)","decl":{"start":{"line":39,"column":2},"end":{"line":39,"column":null}},"loc":{"start":{"line":42,"column":74},"end":{"line":45,"column":3}}},"2":{"name":"(anonymous_2)","decl":{"start":{"line":47,"column":9},"end":{"line":47,"column":15}},"loc":{"start":{"line":49,"column":26},"end":{"line":89,"column":3}}},"3":{"name":"(anonymous_3)","decl":{"start":{"line":58,"column":23},"end":{"line":58,"column":24}},"loc":{"start":{"line":58,"column":43},"end":{"line":68,"column":7}}},"4":{"name":"(anonymous_4)","decl":{"start":{"line":69,"column":24},"end":{"line":69,"column":25}},"loc":{"start":{"line":69,"column":45},"end":{"line":80,"column":7}}},"5":{"name":"(anonymous_5)","decl":{"start":{"line":82,"column":17},"end":{"line":82,"column":20}},"loc":{"start":{"line":82,"column":22},"end":{"line":86,"column":9}}},"6":{"name":"(anonymous_6)","decl":{"start":{"line":91,"column":9},"end":{"line":91,"column":26}},"loc":{"start":{"line":91,"column":26},"end":{"line":93,"column":3}}}},"branchMap":{"0":{"loc":{"start":{"line":55,"column":31},"end":{"line":55,"column":73}},"type":"binary-expr","locations":[{"start":{"line":55,"column":31},"end":{"line":55,"column":57}},{"start":{"line":55,"column":61},"end":{"line":55,"column":73}}]},"1":{"loc":{"start":{"line":61,"column":8},"end":{"line":67,"column":9}},"type":"if","locations":[{"start":{"line":61,"column":8},"end":{"line":67,"column":9}}]},"2":{"loc":{"start":{"line":73,"column":8},"end":{"line":79,"column":9}},"type":"if","locations":[{"start":{"line":73,"column":8},"end":{"line":79,"column":9}}]},"3":{"loc":{"start":{"line":76,"column":10},"end":{"line":78,"column":11}},"type":"if","locations":[{"start":{"line":76,"column":10},"end":{"line":78,"column":11}}]},"4":{"loc":{"start":{"line":76,"column":14},"end":{"line":76,"column":61}},"type":"binary-expr","locations":[{"start":{"line":76,"column":15},"end":{"line":76,"column":24}},{"start":{"line":76,"column":28},"end":{"line":76,"column":46}},{"start":{"line":76,"column":51},"end":{"line":76,"column":61}}]}},"s":{"0":1,"1":1,"2":1,"3":4,"4":1,"5":4,"6":4,"7":4,"8":4,"9":4,"10":4,"11":4,"12":4,"13":6,"14":6,"15":2,"16":2,"17":6,"18":6,"19":6,"20":6,"21":6,"22":3,"23":1,"24":1,"25":1,"26":2},"f":{"0":4,"1":4,"2":4,"3":6,"4":6,"5":1,"6":2},"b":{"0":[4,3],"1":[2],"2":[6],"3":[3],"4":[6,4,5]}}
,"/home/runner/work/JohnSmith/JohnSmith/src/reactive/transformers/map.ts": {"path":"/home/runner/work/JohnSmith/JohnSmith/src/reactive/transformers/map.ts","statementMap":{"0":{"start":{"line":1,"column":0},"end":{"line":1,"column":61}},"1":{"start":{"line":19,"column":19},"end":{"line":22,"column":66}},"2":{"start":{"line":22,"column":26},"end":{"line":22,"column":66}},"3":{"start":{"line":19,"column":13},"end":{"line":19,"column":19}},"4":{"start":{"line":29,"column":4},"end":{"line":29,"column":12}},"5":{"start":{"line":26,"column":12},"end":{"line":26,"column":39}},"6":{"start":{"line":27,"column":12},"end":{"line":27,"column":47}},"7":{"start":{"line":36,"column":4},"end":{"line":39,"column":21}},"8":{"start":{"line":37,"column":38},"end":{"line":37,"column":56}},"9":{"start":{"line":38,"column":6},"end":{"line":38,"column":31}}},"fnMap":{"0":{"name":"(anonymous_0)","decl":{"start":{"line":19,"column":19},"end":{"line":19,"column":null}},"loc":{"start":{"line":22,"column":26},"end":{"line":22,"column":66}}},"1":{"name":"(anonymous_1)","decl":{"start":{"line":25,"column":2},"end":{"line":25,"column":null}},"loc":{"start":{"line":27,"column":47},"end":{"line":30,"column":3}}},"2":{"name":"(anonymous_2)","decl":{"start":{"line":32,"column":9},"end":{"line":32,"column":15}},"loc":{"start":{"line":34,"column":26},"end":{"line":40,"column":3}}},"3":{"name":"(anonymous_3)","decl":{"start":{"line":36,"column":30},"end":{"line":36,"column":35}},"loc":{"start":{"line":36,"column":38},"end":{"line":39,"column":5}}}},"branchMap":{},"s":{"0":1,"1":1,"2":4,"3":1,"4":4,"5":4,"6":4,"7":4,"8":5,"9":5},"f":{"0":4,"1":4,"2":4,"3":5},"b":{}}
,"/home/runner/work/JohnSmith/JohnSmith/src/reactive/transformers/with-previous.ts": {"path":"/home/runner/work/JohnSmith/JohnSmith/src/reactive/transformers/with-previous.ts","statementMap":{"0":{"start":{"line":17,"column":28},"end":{"line":34,"column":1}},"1":{"start":{"line":20,"column":2},"end":{"line":33,"column":4}},"2":{"start":{"line":25,"column":36},"end":{"line":25,"column":45}},"3":{"start":{"line":27,"column":6},"end":{"line":31,"column":23}},"4":{"start":{"line":28,"column":31},"end":{"line":28,"column":39}},"5":{"start":{"line":29,"column":8},"end":{"line":29,"column":25}},"6":{"start":{"line":30,"column":8},"end":{"line":30,"column":63}},"7":{"start":{"line":17,"column":13},"end":{"line":17,"column":28}}},"fnMap":{"0":{"name":"(anonymous_0)","decl":{"start":{"line":17,"column":28},"end":{"line":17,"column":null}},"loc":{"start":{"line":19,"column":57},"end":{"line":34,"column":1}}},"1":{"name":"(anonymous_1)","decl":{"start":{"line":21,"column":4},"end":{"line":21,"column":10}},"loc":{"start":{"line":23,"column":28},"end":{"line":32,"column":5}}},"2":{"name":"(anonymous_2)","decl":{"start":{"line":27,"column":26},"end":{"line":27,"column":31}},"loc":{"start":{"line":27,"column":34},"end":{"line":31,"column":7}}}},"branchMap":{},"s":{"0":1,"1":3,"2":2,"3":2,"4":3,"5":3,"6":3,"7":1},"f":{"0":3,"1":2,"2":3},"b":{}}
,"/home/runner/work/JohnSmith/JohnSmith/src/troubleshooting/global.ts": {"path":"/home/runner/work/JohnSmith/JohnSmith/src/troubleshooting/global.ts","statementMap":{"0":{"start":{"line":2,"column":0},"end":{"line":2,"column":19}}},"fnMap":{},"branchMap":{},"s":{"0":26},"f":{},"b":{}}
,"/home/runner/work/JohnSmith/JohnSmith/src/troubleshooting/noop-troubleshooter.ts": {"path":"/home/runner/work/JohnSmith/JohnSmith/src/troubleshooting/noop-troubleshooter.ts","statementMap":{"0":{"start":{"line":2,"column":0},"end":{"line":2,"column":55}},"1":{"start":{"line":6,"column":4},"end":{"line":6,"column":26}},"2":{"start":{"line":10,"column":4},"end":{"line":10,"column":26}},"3":{"start":{"line":14,"column":4},"end":{"line":14,"column":26}},"4":{"start":{"line":4,"column":0},"end":{"line":4,"column":13}}},"fnMap":{"0":{"name":"(anonymous_0)","decl":{"start":{"line":5,"column":9},"end":{"line":5,"column":24}},"loc":{"start":{"line":5,"column":24},"end":{"line":7,"column":3}}},"1":{"name":"(anonymous_1)","decl":{"start":{"line":9,"column":9},"end":{"line":9,"column":24}},"loc":{"start":{"line":9,"column":24},"end":{"line":11,"column":3}}},"2":{"name":"(anonymous_2)","decl":{"start":{"line":13,"column":9},"end":{"line":13,"column":30}},"loc":{"start":{"line":13,"column":30},"end":{"line":15,"column":3}}}},"branchMap":{},"s":{"0":27,"1":1,"2":1,"3":1,"4":27},"f":{"0":1,"1":1,"2":1},"b":{}}
,"/home/runner/work/JohnSmith/JohnSmith/src/utils/array.ts": {"path":"/home/runner/work/JohnSmith/JohnSmith/src/utils/array.ts","statementMap":{"0":{"start":{"line":3,"column":24},"end":{"line":3,"column":26}},"1":{"start":{"line":5,"column":4},"end":{"line":9,"column":5}},"2":{"start":{"line":5,"column":17},"end":{"line":5,"column":18}},"3":{"start":{"line":6,"column":6},"end":{"line":8,"column":7}},"4":{"start":{"line":7,"column":8},"end":{"line":7,"column":26}},"5":{"start":{"line":11,"column":4},"end":{"line":13,"column":5}},"6":{"start":{"line":12,"column":6},"end":{"line":12,"column":37}},"7":{"start":{"line":1,"column":0},"end":{"line":1,"column":13}}},"fnMap":{"0":{"name":"(anonymous_0)","decl":{"start":{"line":2,"column":9},"end":{"line":2,"column":15}},"loc":{"start":{"line":2,"column":57},"end":{"line":14,"column":3}}}},"branchMap":{"0":{"loc":{"start":{"line":6,"column":6},"end":{"line":8,"column":7}},"type":"if","locations":[{"start":{"line":6,"column":6},"end":{"line":8,"column":7}}]},"1":{"loc":{"start":{"line":11,"column":4},"end":{"line":13,"column":5}},"type":"if","locations":[{"start":{"line":11,"column":4},"end":{"line":13,"column":5}}]}},"s":{"0":29,"1":29,"2":29,"3":138,"4":28,"5":29,"6":28,"7":33},"f":{"0":29},"b":{"0":[28],"1":[28]}}
,"/home/runner/work/JohnSmith/JohnSmith/src/view/default-view-renderer.ts": {"path":"/home/runner/work/JohnSmith/JohnSmith/src/view/default-view-renderer.ts","statementMap":{"0":{"start":{"line":2,"column":0},"end":{"line":2,"column":60}},"1":{"start":{"line":12,"column":0},"end":{"line":12,"column":null}},"2":{"start":{"line":18,"column":0},"end":{"line":18,"column":28}},"3":{"start":{"line":30,"column":12},"end":{"line":30,"column":32}},"4":{"start":{"line":31,"column":12},"end":{"line":31,"column":44}},"5":{"start":{"line":32,"column":12},"end":{"line":32,"column":42}},"6":{"start":{"line":43,"column":24},"end":{"line":43,"column":78}},"7":{"start":{"line":44,"column":21},"end":{"line":44,"column":41}},"8":{"start":{"line":45,"column":39},"end":{"line":45,"column":41}},"9":{"start":{"line":46,"column":39},"end":{"line":49,"column":6}},"10":{"start":{"line":50,"column":32},"end":{"line":55,"column":null}},"11":{"start":{"line":58,"column":19},"end":{"line":58,"column":30}},"12":{"start":{"line":60,"column":4},"end":{"line":68,"column":5}},"13":{"start":{"line":61,"column":6},"end":{"line":61,"column":51}},"14":{"start":{"line":63,"column":6},"end":{"line":67,"column":9}},"15":{"start":{"line":65,"column":10},"end":{"line":65,"column":39}},"16":{"start":{"line":71,"column":6},"end":{"line":74,"column":14}},"17":{"start":{"line":79,"column":37},"end":{"line":79,"column":73}},"18":{"start":{"line":80,"column":4},"end":{"line":86,"column":5}},"19":{"start":{"line":81,"column":6},"end":{"line":85,"column":8}},"20":{"start":{"line":88,"column":4},"end":{"line":90,"column":5}},"21":{"start":{"line":88,"column":17},"end":{"line":88,"column":40}},"22":{"start":{"line":89,"column":6},"end":{"line":89,"column":36}},"23":{"start":{"line":95,"column":31},"end":{"line":95,"column":61}},"24":{"start":{"line":96,"column":4},"end":{"line":100,"column":5}},"25":{"start":{"line":97,"column":6},"end":{"line":99,"column":8}},"26":{"start":{"line":105,"column":35},"end":{"line":105,"column":69}},"27":{"start":{"line":106,"column":4},"end":{"line":119,"column":5}},"28":{"start":{"line":107,"column":6},"end":{"line":118,"column":8}},"29":{"start":{"line":110,"column":10},"end":{"line":116,"column":12}},"30":{"start":{"line":112,"column":14},"end":{"line":112,"column":31}},"31":{"start":{"line":121,"column":4},"end":{"line":126,"column":6}},"32":{"start":{"line":124,"column":8},"end":{"line":124,"column":25}},"33":{"start":{"line":133,"column":34},"end":{"line":133,"column":55}},"34":{"start":{"line":136,"column":6},"end":{"line":137,"column":44}},"35":{"start":{"line":139,"column":4},"end":{"line":148,"column":5}},"36":{"start":{"line":140,"column":24},"end":{"line":141,"column":null}},"37":{"start":{"line":144,"column":6},"end":{"line":147,"column":8}},"38":{"start":{"line":150,"column":21},"end":{"line":150,"column":57}},"39":{"start":{"line":152,"column":4},"end":{"line":157,"column":5}},"40":{"start":{"line":153,"column":6},"end":{"line":156,"column":8}},"41":{"start":{"line":159,"column":4},"end":{"line":162,"column":6}},"42":{"start":{"line":172,"column":4},"end":{"line":199,"column":5}},"43":{"start":{"line":180,"column":30},"end":{"line":180,"column":65}},"44":{"start":{"line":182,"column":21},"end":{"line":184,"column":54}},"45":{"start":{"line":186,"column":6},"end":{"line":194,"column":7}},"46":{"start":{"line":187,"column":8},"end":{"line":193,"column":10}},"47":{"start":{"line":196,"column":6},"end":{"line":196,"column":71}},"48":{"start":{"line":198,"column":6},"end":{"line":198,"column":20}},"49":{"start":{"line":201,"column":4},"end":{"line":212,"column":5}},"50":{"start":{"line":207,"column":6},"end":{"line":211,"column":8}},"51":{"start":{"line":214,"column":4},"end":{"line":216,"column":6}},"52":{"start":{"line":215,"column":6},"end":{"line":215,"column":63}},"53":{"start":{"line":218,"column":4},"end":{"line":218,"column":16}},"54":{"start":{"line":226,"column":46},"end":{"line":227,"column":null}},"55":{"start":{"line":230,"column":4},"end":{"line":233,"column":5}},"56":{"start":{"line":232,"column":6},"end":{"line":232,"column":18}},"57":{"start":{"line":235,"column":35},"end":{"line":235,"column":71}},"58":{"start":{"line":236,"column":4},"end":{"line":238,"column":6}},"59":{"start":{"line":237,"column":6},"end":{"line":237,"column":77}},"60":{"start":{"line":240,"column":4},"end":{"line":240,"column":34}},"61":{"start":{"line":250,"column":4},"end":{"line":288,"column":5}},"62":{"start":{"line":250,"column":17},"end":{"line":250,"column":18}},"63":{"start":{"line":251,"column":43},"end":{"line":251,"column":59}},"64":{"start":{"line":253,"column":6},"end":{"line":287,"column":7}},"65":{"start":{"line":254,"column":8},"end":{"line":254,"column":66}},"66":{"start":{"line":255,"column":13},"end":{"line":287,"column":7}},"67":{"start":{"line":256,"column":8},"end":{"line":256,"column":77}},"68":{"start":{"line":257,"column":13},"end":{"line":287,"column":7}},"69":{"start":{"line":258,"column":25},"end":{"line":263,"column":null}},"70":{"start":{"line":266,"column":8},"end":{"line":268,"column":9}},"71":{"start":{"line":267,"column":10},"end":{"line":267,"column":39}},"72":{"start":{"line":269,"column":13},"end":{"line":287,"column":7}},"73":{"start":{"line":270,"column":32},"end":{"line":270,"column":73}},"74":{"start":{"line":271,"column":32},"end":{"line":271,"column":65}},"75":{"start":{"line":273,"column":8},"end":{"line":273,"column":44}},"76":{"start":{"line":275,"column":8},"end":{"line":277,"column":10}},"77":{"start":{"line":276,"column":16},"end":{"line":276,"column":77}},"78":{"start":{"line":282,"column":8},"end":{"line":286,"column":10}},"79":{"start":{"line":297,"column":4},"end":{"line":334,"column":5}},"80":{"start":{"line":299,"column":8},"end":{"line":299,"column":75}},"81":{"start":{"line":300,"column":29},"end":{"line":300,"column":61}},"82":{"start":{"line":302,"column":6},"end":{"line":333,"column":7}},"83":{"start":{"line":303,"column":8},"end":{"line":305,"column":10}},"84":{"start":{"line":304,"column":10},"end":{"line":304,"column":70}},"85":{"start":{"line":306,"column":13},"end":{"line":333,"column":7}},"86":{"start":{"line":307,"column":8},"end":{"line":314,"column":10}},"87":{"start":{"line":315,"column":13},"end":{"line":333,"column":7}},"88":{"start":{"line":323,"column":8},"end":{"line":323,"column":59}},"89":{"start":{"line":325,"column":8},"end":{"line":332,"column":10}},"90":{"start":{"line":327,"column":12},"end":{"line":330,"column":null}},"91":{"start":{"line":342,"column":20},"end":{"line":342,"column":53}},"92":{"start":{"line":344,"column":4},"end":{"line":346,"column":5}},"93":{"start":{"line":345,"column":6},"end":{"line":345,"column":71}},"94":{"start":{"line":348,"column":4},"end":{"line":348,"column":41}},"95":{"start":{"line":358,"column":6},"end":{"line":360,"column":76}},"96":{"start":{"line":362,"column":4},"end":{"line":371,"column":6}},"97":{"start":{"line":363,"column":28},"end":{"line":365,"column":9}},"98":{"start":{"line":364,"column":10},"end":{"line":364,"column":48}},"99":{"start":{"line":366,"column":17},"end":{"line":366,"column":67}},"100":{"start":{"line":368,"column":6},"end":{"line":370,"column":8}},"101":{"start":{"line":369,"column":23},"end":{"line":369,"column":66}},"102":{"start":{"line":28,"column":0},"end":{"line":28,"column":13}}},"fnMap":{"0":{"name":"(anonymous_0)","decl":{"start":{"line":29,"column":2},"end":{"line":29,"column":null}},"loc":{"start":{"line":32,"column":42},"end":{"line":33,"column":6}}},"1":{"name":"(anonymous_1)","decl":{"start":{"line":38,"column":9},"end":{"line":38,"column":15}},"loc":{"start":{"line":41,"column":24},"end":{"line":127,"column":3}}},"2":{"name":"(anonymous_2)","decl":{"start":{"line":64,"column":17},"end":{"line":64,"column":20}},"loc":{"start":{"line":64,"column":22},"end":{"line":66,"column":9}}},"3":{"name":"(anonymous_3)","decl":{"start":{"line":109,"column":17},"end":{"line":109,"column":20}},"loc":{"start":{"line":109,"column":22},"end":{"line":117,"column":9}}},"4":{"name":"(anonymous_4)","decl":{"start":{"line":111,"column":12},"end":{"line":111,"column":15}},"loc":{"start":{"line":111,"column":17},"end":{"line":113,"column":13}}},"5":{"name":"(anonymous_5)","decl":{"start":{"line":123,"column":15},"end":{"line":123,"column":18}},"loc":{"start":{"line":123,"column":20},"end":{"line":125,"column":7}}},"6":{"name":"(anonymous_6)","decl":{"start":{"line":129,"column":10},"end":{"line":129,"column":16}},"loc":{"start":{"line":131,"column":24},"end":{"line":163,"column":3}}},"7":{"name":"(anonymous_7)","decl":{"start":{"line":165,"column":10},"end":{"line":165,"column":38}},"loc":{"start":{"line":170,"column":39},"end":{"line":219,"column":3}}},"8":{"name":"(anonymous_8)","decl":{"start":{"line":214,"column":18},"end":{"line":214,"column":21}},"loc":{"start":{"line":215,"column":6},"end":{"line":215,"column":63}}},"9":{"name":"(anonymous_9)","decl":{"start":{"line":221,"column":10},"end":{"line":221,"column":30}},"loc":{"start":{"line":224,"column":34},"end":{"line":241,"column":3}}},"10":{"name":"(anonymous_10)","decl":{"start":{"line":236,"column":18},"end":{"line":236,"column":21}},"loc":{"start":{"line":237,"column":6},"end":{"line":237,"column":77}}},"11":{"name":"(anonymous_11)","decl":{"start":{"line":243,"column":10},"end":{"line":243,"column":30}},"loc":{"start":{"line":248,"column":33},"end":{"line":289,"column":3}}},"12":{"name":"(anonymous_12)","decl":{"start":{"line":276,"column":10},"end":{"line":276,"column":13}},"loc":{"start":{"line":276,"column":16},"end":{"line":276,"column":77}}},"13":{"name":"(anonymous_13)","decl":{"start":{"line":291,"column":10},"end":{"line":291,"column":34}},"loc":{"start":{"line":295,"column":30},"end":{"line":335,"column":3}}},"14":{"name":"(anonymous_14)","decl":{"start":{"line":303,"column":22},"end":{"line":303,"column":25}},"loc":{"start":{"line":304,"column":10},"end":{"line":304,"column":70}}},"15":{"name":"(anonymous_15)","decl":{"start":{"line":326,"column":10},"end":{"line":326,"column":13}},"loc":{"start":{"line":327,"column":12},"end":{"line":330,"column":null}}},"16":{"name":"(anonymous_16)","decl":{"start":{"line":337,"column":10},"end":{"line":337,"column":26}},"loc":{"start":{"line":340,"column":24},"end":{"line":349,"column":3}}},"17":{"name":"(anonymous_17)","decl":{"start":{"line":351,"column":10},"end":{"line":351,"column":32}},"loc":{"start":{"line":355,"column":30},"end":{"line":372,"column":3}}},"18":{"name":"(anonymous_18)","decl":{"start":{"line":362,"column":11},"end":{"line":362,"column":14}},"loc":{"start":{"line":362,"column":16},"end":{"line":371,"column":5}}},"19":{"name":"(anonymous_19)","decl":{"start":{"line":363,"column":28},"end":{"line":363,"column":38}},"loc":{"start":{"line":363,"column":56},"end":{"line":365,"column":9}}},"20":{"name":"(anonymous_20)","decl":{"start":{"line":369,"column":17},"end":{"line":369,"column":20}},"loc":{"start":{"line":369,"column":23},"end":{"line":369,"column":66}}}},"branchMap":{"0":{"loc":{"start":{"line":60,"column":4},"end":{"line":68,"column":5}},"type":"if","locations":[{"start":{"line":60,"column":4},"end":{"line":68,"column":5}}]},"1":{"loc":{"start":{"line":71,"column":6},"end":{"line":74,"column":14}},"type":"cond-expr","locations":[{"start":{"line":73,"column":11},"end":{"line":73,"column":45}},{"start":{"line":74,"column":10},"end":{"line":74,"column":14}}]},"2":{"loc":{"start":{"line":71,"column":6},"end":{"line":72,"column":68}},"type":"binary-expr","locations":[{"start":{"line":71,"column":6},"end":{"line":71,"column":34}},{"start":{"line":72,"column":7},"end":{"line":72,"column":68}}]},"3":{"loc":{"start":{"line":80,"column":4},"end":{"line":86,"column":5}},"type":"if","locations":[{"start":{"line":80,"column":4},"end":{"line":86,"column":5}}]},"4":{"loc":{"start":{"line":80,"column":8},"end":{"line":80,"column":73}},"type":"binary-expr","locations":[{"start":{"line":80,"column":8},"end":{"line":80,"column":32}},{"start":{"line":80,"column":36},"end":{"line":80,"column":73}}]},"5":{"loc":{"start":{"line":96,"column":4},"end":{"line":100,"column":5}},"type":"if","locations":[{"start":{"line":96,"column":4},"end":{"line":100,"column":5}}]},"6":{"loc":{"start":{"line":96,"column":8},"end":{"line":96,"column":55}},"type":"binary-expr","locations":[{"start":{"line":96,"column":8},"end":{"line":96,"column":26}},{"start":{"line":96,"column":30},"end":{"line":96,"column":55}}]},"7":{"loc":{"start":{"line":106,"column":4},"end":{"line":119,"column":5}},"type":"if","locations":[{"start":{"line":106,"column":4},"end":{"line":119,"column":5}}]},"8":{"loc":{"start":{"line":106,"column":8},"end":{"line":106,"column":67}},"type":"binary-expr","locations":[{"start":{"line":106,"column":8},"end":{"line":106,"column":30}},{"start":{"line":106,"column":34},"end":{"line":106,"column":67}}]},"9":{"loc":{"start":{"line":108,"column":14},"end":{"line":108,"column":48}},"type":"cond-expr","locations":[{"start":{"line":108,"column":14},"end":{"line":108,"column":33}},{"start":{"line":108,"column":37},"end":{"line":108,"column":48}}]},"10":{"loc":{"start":{"line":108,"column":14},"end":{"line":108,"column":37}},"type":"binary-expr","locations":[{"start":{"line":108,"column":14},"end":{"line":108,"column":37}},{"start":{"line":108,"column":14},"end":{"line":108,"column":37}}]},"11":{"loc":{"start":{"line":122,"column":12},"end":{"line":122,"column":46}},"type":"cond-expr","locations":[{"start":{"line":122,"column":12},"end":{"line":122,"column":31}},{"start":{"line":122,"column":35},"end":{"line":122,"column":46}}]},"12":{"loc":{"start":{"line":122,"column":12},"end":{"line":122,"column":35}},"type":"binary-expr","locations":[{"start":{"line":122,"column":12},"end":{"line":122,"column":35}},{"start":{"line":122,"column":12},"end":{"line":122,"column":35}}]},"13":{"loc":{"start":{"line":136,"column":6},"end":{"line":137,"column":44}},"type":"binary-expr","locations":[{"start":{"line":136,"column":6},"end":{"line":136,"column":42}},{"start":{"line":137,"column":6},"end":{"line":137,"column":44}}]},"14":{"loc":{"start":{"line":139,"column":4},"end":{"line":148,"column":5}},"type":"if","locations":[{"start":{"line":139,"column":4},"end":{"line":148,"column":5}}]},"15":{"loc":{"start":{"line":152,"column":4},"end":{"line":157,"column":5}},"type":"if","locations":[{"start":{"line":152,"column":4},"end":{"line":157,"column":5}}]},"16":{"loc":{"start":{"line":172,"column":4},"end":{"line":199,"column":5}},"type":"if","locations":[{"start":{"line":172,"column":4},"end":{"line":199,"column":5}}]},"17":{"loc":{"start":{"line":180,"column":30},"end":{"line":180,"column":65}},"type":"binary-expr","locations":[{"start":{"line":180,"column":30},"end":{"line":180,"column":46}},{"start":{"line":180,"column":50},"end":{"line":180,"column":65}}]},"18":{"loc":{"start":{"line":182,"column":21},"end":{"line":184,"column":54}},"type":"cond-expr","locations":[{"start":{"line":183,"column":10},"end":{"line":183,"column":80}},{"start":{"line":184,"column":10},"end":{"line":184,"column":54}}]},"19":{"loc":{"start":{"line":186,"column":6},"end":{"line":194,"column":7}},"type":"if","locations":[{"start":{"line":186,"column":6},"end":{"line":194,"column":7}}]},"20":{"loc":{"start":{"line":201,"column":4},"end":{"line":212,"column":5}},"type":"if","locations":[{"start":{"line":201,"column":4},"end":{"line":212,"column":5}}]},"21":{"loc":{"start":{"line":230,"
[...]
:69,"column":4},"end":{"line":78,"column":5}},"26":{"start":{"line":73,"column":34},"end":{"line":73,"column":70}},"27":{"start":{"line":75,"column":6},"end":{"line":77,"column":9}},"28":{"start":{"line":76,"column":8},"end":{"line":76,"column":64}},"29":{"start":{"line":82,"column":4},"end":{"line":82,"column":20}},"30":{"start":{"line":83,"column":4},"end":{"line":85,"column":5}},"31":{"start":{"line":84,"column":6},"end":{"line":84,"column":69}},"32":{"start":{"line":45,"column":0},"end":{"line":45,"column":13}}},"fnMap":{"0":{"name":"(anonymous_0)","decl":{"start":{"line":10,"column":2},"end":{"line":10,"column":null}},"loc":{"start":{"line":12,"column":60},"end":{"line":23,"column":3}}},"1":{"name":"(anonymous_1)","decl":{"start":{"line":18,"column":35},"end":{"line":18,"column":40}},"loc":{"start":{"line":18,"column":44},"end":{"line":18,"column":64}}},"2":{"name":"(anonymous_2)","decl":{"start":{"line":25,"column":9},"end":{"line":25,"column":16}},"loc":{"start":{"line":25,"column":16},"end":{"line":30,"column":3}}},"3":{"name":"(anonymous_3)","decl":{"start":{"line":32,"column":10},"end":{"line":32,"column":18}},"loc":{"start":{"line":32,"column":34},"end":{"line":35,"column":3}}},"4":{"name":"(anonymous_4)","decl":{"start":{"line":37,"column":10},"end":{"line":37,"column":30}},"loc":{"start":{"line":37,"column":30},"end":{"line":42,"column":3}}},"5":{"name":"(anonymous_5)","decl":{"start":{"line":50,"column":2},"end":{"line":50,"column":null}},"loc":{"start":{"line":62,"column":25},"end":{"line":79,"column":3}}},"6":{"name":"(anonymous_6)","decl":{"start":{"line":64,"column":18},"end":{"line":64,"column":19}},"loc":{"start":{"line":64,"column":38},"end":{"line":67,"column":5}}},"7":{"name":"(anonymous_7)","decl":{"start":{"line":75,"column":60},"end":{"line":75,"column":63}},"loc":{"start":{"line":75,"column":65},"end":{"line":77,"column":7}}},"8":{"name":"(anonymous_8)","decl":{"start":{"line":81,"column":9},"end":{"line":81,"column":16}},"loc":{"start":{"line":81,"column":16},"end":{"line":86,"column":3}}}},"branchMap":{"0":{"loc":{"start":{"line":14,"column":4},"end":{"line":22,"column":5}},"type":"if","locations":[{"start":{"line":14,"column":4},"end":{"line":22,"column":5}},{"start":{"line":16,"column":11},"end":{"line":22,"column":5}}]},"1":{"loc":{"start":{"line":16,"column":11},"end":{"line":22,"column":5}},"type":"if","locations":[{"start":{"line":16,"column":11},"end":{"line":22,"column":5}}]},"2":{"loc":{"start":{"line":17,"column":6},"end":{"line":21,"column":7}},"type":"if","locations":[{"start":{"line":17,"column":6},"end":{"line":21,"column":7}},{"start":{"line":19,"column":13},"end":{"line":21,"column":7}}]},"3":{"loc":{"start":{"line":27,"column":4},"end":{"line":29,"column":5}},"type":"if","locations":[{"start":{"line":27,"column":4},"end":{"line":29,"column":5}}]},"4":{"loc":{"start":{"line":38,"column":4},"end":{"line":41,"column":5}},"type":"if","locations":[{"start":{"line":38,"column":4},"end":{"line":41,"column":5}}]},"5":{"loc":{"start":{"line":69,"column":4},"end":{"line":78,"column":5}},"type":"if","locations":[{"start":{"line":69,"column":4},"end":{"line":78,"column":5}}]},"6":{"loc":{"start":{"line":70,"column":6},"end":{"line":71,"column":72}},"type":"binary-expr","locations":[{"start":{"line":70,"column":6},"end":{"line":70,"column":12}},{"start":{"line":71,"column":7},"end":{"line":71,"column":72}}]},"7":{"loc":{"start":{"line":83,"column":4},"end":{"line":85,"column":5}},"type":"if","locations":[{"start":{"line":83,"column":4},"end":{"line":85,"column":5}}]}},"s":{"0":26,"1":52,"2":52,"3":52,"4":52,"5":3,"6":49,"7":48,"8":38,"9":56,"10":10,"11":6,"12":6,"13":6,"14":69,"15":69,"16":75,"17":5,"18":5,"19":26,"20":9,"21":14,"22":14,"23":9,"24":9,"25":9,"26":1,"27":1,"28":1,"29":2,"30":2,"31":0,"32":26},"f":{"0":52,"1":56,"2":6,"3":69,"4":75,"5":9,"6":14,"7":1,"8":2},"b":{"0":[3,49],"1":[48],"2":[38,10],"3":[6],"4":[5],"5":[1],"6":[9,9],"7":[0]}}
,"/home/runner/work/JohnSmith/JohnSmith/src/view/connectors/index.ts": {"path":"/home/runner/work/JohnSmith/JohnSmith/src/view/connectors/index.ts","statementMap":{"0":{"start":{"line":1,"column":0},"end":{"line":1,"column":49}},"1":{"start":{"line":2,"column":0},"end":{"line":2,"column":49}},"2":{"start":{"line":3,"column":0},"end":{"line":3,"column":44}}},"fnMap":{},"branchMap":{},"s":{"0":26,"1":26,"2":26},"f":{},"b":{}}
,"/home/runner/work/JohnSmith/JohnSmith/src/view/connectors/listenable-attribute-connector.ts": {"path":"/home/runner/work/JohnSmith/JohnSmith/src/view/connectors/listenable-attribute-connector.ts","statementMap":{"0":{"start":{"line":1,"column":0},"end":{"line":1,"column":57}},"1":{"start":{"line":16,"column":4},"end":{"line":30,"column":7}},"2":{"start":{"line":17,"column":6},"end":{"line":23,"column":7}},"3":{"start":{"line":18,"column":8},"end":{"line":18,"column":46}},"4":{"start":{"line":19,"column":13},"end":{"line":23,"column":7}},"5":{"start":{"line":20,"column":8},"end":{"line":20,"column":47}},"6":{"start":{"line":22,"column":8},"end":{"line":22,"column":50}},"7":{"start":{"line":29,"column":6},"end":{"line":29,"column":18}},"8":{"start":{"line":8,"column":0},"end":{"line":8,"column":13}}},"fnMap":{"0":{"name":"(anonymous_0)","decl":{"start":{"line":11,"column":2},"end":{"line":11,"column":null}},"loc":{"start":{"line":14,"column":25},"end":{"line":31,"column":3}}},"1":{"name":"(anonymous_1)","decl":{"start":{"line":16,"column":18},"end":{"line":16,"column":19}},"loc":{"start":{"line":16,"column":50},"end":{"line":30,"column":5}}}},"branchMap":{"0":{"loc":{"start":{"line":17,"column":6},"end":{"line":23,"column":7}},"type":"if","locations":[{"start":{"line":17,"column":6},"end":{"line":23,"column":7}},{"start":{"line":19,"column":13},"end":{"line":23,"column":7}}]},"1":{"loc":{"start":{"line":19,"column":13},"end":{"line":23,"column":7}},"type":"if","locations":[{"start":{"line":19,"column":13},"end":{"line":23,"column":7}},{"start":{"line":21,"column":13},"end":{"line":23,"column":7}}]}},"s":{"0":26,"1":8,"2":9,"3":1,"4":8,"5":2,"6":6,"7":9,"8":26},"f":{"0":8,"1":9},"b":{"0":[1,8],"1":[2,6]}}
,"/home/runner/work/JohnSmith/JohnSmith/src/view/connectors/listenable-text-connector.ts": {"path":"/home/runner/work/JohnSmith/JohnSmith/src/view/connectors/listenable-text-connector.ts","statementMap":{"0":{"start":{"line":1,"column":0},"end":{"line":1,"column":57}},"1":{"start":{"line":24,"column":4},"end":{"line":38,"column":7}},"2":{"start":{"line":25,"column":6},"end":{"line":31,"column":8}},"3":{"start":{"line":37,"column":6},"end":{"line":37,"column":18}},"4":{"start":{"line":17,"column":0},"end":{"line":17,"column":13}}},"fnMap":{"0":{"name":"(anonymous_0)","decl":{"start":{"line":20,"column":2},"end":{"line":20,"column":null}},"loc":{"start":{"line":22,"column":20},"end":{"line":39,"column":3}}},"1":{"name":"(anonymous_1)","decl":{"start":{"line":24,"column":18},"end":{"line":24,"column":19}},"loc":{"start":{"line":24,"column":50},"end":{"line":38,"column":5}}}},"branchMap":{"0":{"loc":{"start":{"line":26,"column":8},"end":{"line":30,"column":23}},"type":"cond-expr","locations":[{"start":{"line":27,"column":12},"end":{"line":27,"column":14}},{"start":{"line":28,"column":12},"end":{"line":30,"column":23}}]},"1":{"loc":{"start":{"line":26,"column":8},"end":{"line":26,"column":45}},"type":"binary-expr","locations":[{"start":{"line":26,"column":8},"end":{"line":26,"column":22}},{"start":{"line":26,"column":26},"end":{"line":26,"column":45}}]},"2":{"loc":{"start":{"line":28,"column":12},"end":{"line":30,"column":23}},"type":"cond-expr","locations":[{"start":{"line":29,"column":14},"end":{"line":29,"column":30}},{"start":{"line":30,"column":14},"end":{"line":30,"column":23}}]}},"s":{"0":26,"1":4,"2":6,"3":6,"4":26},"f":{"0":4,"1":6},"b":{"0":[0,6],"1":[6,6],"2":[6,0]}}
,"/home/runner/work/JohnSmith/JohnSmith/src/view/connectors/observable-list-view-connector.ts": {"path":"/home/runner/work/JohnSmith/JohnSmith/src/view/connectors/observable-list-view-connector.ts","statementMap":{"0":{"start":{"line":2,"column":0},"end":{"line":2,"column":null}},"1":{"start":{"line":35,"column":21},"end":{"line":35,"column":54}},"2":{"start":{"line":36,"column":21},"end":{"line":36,"column":47}},"3":{"start":{"line":37,"column":21},"end":{"line":37,"column":41}},"4":{"start":{"line":23,"column":19},"end":{"line":23,"column":51}},"5":{"start":{"line":39,"column":4},"end":{"line":39,"column":30}},"6":{"start":{"line":40,"column":4},"end":{"line":40,"column":50}},"7":{"start":{"line":42,"column":4},"end":{"line":54,"column":5}},"8":{"start":{"line":43,"column":6},"end":{"line":53,"column":7}},"9":{"start":{"line":44,"column":8},"end":{"line":46,"column":11}},"10":{"start":{"line":45,"column":10},"end":{"line":45,"column":47}},"11":{"start":{"line":47,"column":13},"end":{"line":53,"column":7}},"12":{"start":{"line":48,"column":8},"end":{"line":50,"column":11}},"13":{"start":{"line":49,"column":10},"end":{"line":49,"column":63}},"14":{"start":{"line":52,"column":8},"end":{"line":52,"column":60}},"15":{"start":{"line":58,"column":4},"end":{"line":60,"column":5}},"16":{"start":{"line":59,"column":6},"end":{"line":59,"column":27}},"17":{"start":{"line":62,"column":4},"end":{"line":64,"column":5}},"18":{"start":{"line":62,"column":17},"end":{"line":62,"column":18}},"19":{"start":{"line":63,"column":6},"end":{"line":63,"column":54}},"20":{"start":{"line":70,"column":4},"end":{"line":75,"column":5}},"21":{"start":{"line":70,"column":17},"end":{"line":70,"column":18}},"22":{"start":{"line":71,"column":27},"end":{"line":71,"column":50}},"23":{"start":{"line":72,"column":6},"end":{"line":74,"column":7}},"24":{"start":{"line":73,"column":8},"end":{"line":73,"column":42}},"25":{"start":{"line":77,"column":4},"end":{"line":77,"column":16}},"26":{"start":{"line":81,"column":24},"end":{"line":81,"column":26}},"27":{"start":{"line":82,"column":4},"end":{"line":86,"column":5}},"28":{"start":{"line":82,"column":17},"end":{"line":82,"column":18}},"29":{"start":{"line":83,"column":6},"end":{"line":85,"column":7}},"30":{"start":{"line":84,"column":8},"end":{"line":84,"column":26}},"31":{"start":{"line":88,"column":4},"end":{"line":90,"column":5}},"32":{"start":{"line":89,"column":6},"end":{"line":89,"column":52}},"33":{"start":{"line":96,"column":4},"end":{"line":127,"column":5}},"34":{"start":{"line":97,"column":6},"end":{"line":110,"column":7}},"35":{"start":{"line":98,"column":21},"end":{"line":98,"column":29}},"36":{"start":{"line":99,"column":34},"end":{"line":99,"column":62}},"37":{"start":{"line":101,"column":8},"end":{"line":109,"column":9}},"38":{"start":{"line":102,"column":10},"end":{"line":105,"column":11}},"39":{"start":{"line":103,"column":12},"end":{"line":103,"column":76}},"40":{"start":{"line":104,"column":12},"end":{"line":104,"column":74}},"41":{"start":{"line":107,"column":10},"end":{"line":107,"column":38}},"42":{"start":{"line":108,"column":10},"end":{"line":108,"column":54}},"43":{"start":{"line":111,"column":11},"end":{"line":127,"column":5}},"44":{"start":{"line":112,"column":6},"end":{"line":112,"column":30}},"45":{"start":{"line":114,"column":6},"end":{"line":119,"column":7}},"46":{"start":{"line":115,"column":8},"end":{"line":115,"column":72}},"47":{"start":{"line":116,"column":8},"end":{"line":118,"column":68}},"48":{"start":{"line":121,"column":6},"end":{"line":123,"column":7}},"49":{"start":{"line":122,"column":8},"end":{"line":122,"column":56}},"50":{"start":{"line":125,"column":6},"end":{"line":125,"column":32}},"51":{"start":{"line":126,"column":6},"end":{"line":126,"column":30}},"52":{"start":{"line":131,"column":4},"end":{"line":133,"column":5}},"53":{"start":{"line":132,"column":6},"end":{"line":132,"column":13}},"54":{"start":{"line":135,"column":4},"end":{"line":154,"column":5}},"55":{"start":{"line":135,"column":17},"end":{"line":135,"column":18}},"56":{"start":{"line":136,"column":19},"end":{"line":136,"column":27}},"57":{"start":{"line":138,"column":32},"end":{"line":141,"column":null}},"58":{"start":{"line":150,"column":6},"end":{"line":153,"column":9}},"59":{"start":{"line":158,"column":4},"end":{"line":167,"column":5}},"60":{"start":{"line":160,"column":8},"end":{"line":160,"column":61}},"61":{"start":{"line":162,"column":6},"end":{"line":166,"column":7}},"62":{"start":{"line":163,"column":23},"end":{"line":163,"column":59}},"63":{"start":{"line":164,"column":8},"end":{"line":164,"column":60}},"64":{"start":{"line":165,"column":8},"end":{"line":165,"column":22}},"65":{"start":{"line":169,"column":4},"end":{"line":169,"column":36}},"66":{"start":{"line":22,"column":0},"end":{"line":22,"column":13}}},"fnMap":{"0":{"name":"(anonymous_0)","decl":{"start":{"line":32,"column":2},"end":{"line":32,"column":null}},"loc":{"start":{"line":37,"column":41},"end":{"line":55,"column":3}}},"1":{"name":"(anonymous_1)","decl":{"start":{"line":44,"column":46},"end":{"line":44,"column":47}},"loc":{"start":{"line":44,"column":66},"end":{"line":46,"column":9}}},"2":{"name":"(anonymous_2)","decl":{"start":{"line":48,"column":39},"end":{"line":48,"column":44}},"loc":{"start":{"line":48,"column":47},"end":{"line":50,"column":9}}},"3":{"name":"(anonymous_3)","decl":{"start":{"line":57,"column":9},"end":{"line":57,"column":16}},"loc":{"start":{"line":57,"column":16},"end":{"line":65,"column":3}}},"4":{"name":"(anonymous_4)","decl":{"start":{"line":67,"column":10},"end":{"line":67,"column":27}},"loc":{"start":{"line":68,"column":12},"end":{"line":78,"column":3}}},"5":{"name":"(anonymous_5)","decl":{"start":{"line":80,"column":10},"end":{"line":80,"column":29}},"loc":{"start":{"line":80,"column":55},"end":{"line":91,"column":3}}},"6":{"name":"(anonymous_6)","decl":{"start":{"line":93,"column":10},"end":{"line":93,"column":18}},"loc":{"start":{"line":93,"column":55},"end":{"line":128,"column":3}}},"7":{"name":"(anonymous_7)","decl":{"start":{"line":130,"column":10},"end":{"line":130,"column":21}},"loc":{"start":{"line":130,"column":32},"end":{"line":155,"column":3}}},"8":{"name":"(anonymous_8)","decl":{"start":{"line":157,"column":10},"end":{"line":157,"column":32}},"loc":{"start":{"line":157,"column":32},"end":{"line":170,"column":3}}}},"branchMap":{"0":{"loc":{"start":{"line":42,"column":4},"end":{"line":54,"column":5}},"type":"if","locations":[{"start":{"line":42,"column":4},"end":{"line":54,"column":5}}]},"1":{"loc":{"start":{"line":43,"column":6},"end":{"line":53,"column":7}},"type":"if","locations":[{"start":{"line":43,"column":6},"end":{"line":53,"column":7}},{"start":{"line":47,"column":13},"end":{"line":53,"column":7}}]},"2":{"loc":{"start":{"line":45,"column":24},"end":{"line":45,"column":37}},"type":"binary-expr","locations":[{"start":{"line":45,"column":24},"end":{"line":45,"column":31}},{"start":{"line":45,"column":35},"end":{"line":45,"column":37}}]},"3":{"loc":{"start":{"line":47,"column":13},"end":{"line":53,"column":7}},"type":"if","locations":[{"start":{"line":47,"column":13},"end":{"line":53,"column":7}},{"start":{"line":51,"column":13},"end":{"line":53,"column":7}}]},"4":{"loc":{"start":{"line":49,"column":24},"end":{"line":49,"column":35}},"type":"binary-expr","locations":[{"start":{"line":49,"column":24},"end":{"line":49,"column":29}},{"start":{"line":49,"column":33},"end":{"line":49,"column":35}}]},"5":{"loc":{"start":{"line":58,"column":4},"end":{"line":60,"column":5}},"type":"if","locations":[{"start":{"line":58,"column":4},"end":{"line":60,"column":5}}]},"6":{"loc":{"start":{"line":72,"column":6},"end":{"line":74,"column":7}},"type":"if","locations":[{"start":{"line":72,"column":6},"end":{"line":74,"column":7}}]},"7":{"loc":{"start":{"line":83,"column":6},"end":{"line":85,"column":7}},"type":"if","locations":[{"start":{"line":83,"column":6},"end":{"line":85,"column":7}}]},"8":{"loc":{"start":{"line":88,"column":4},"end":{"line":90,"column":5}},"type":"if","locations":[{"start":{"line":88,"column":4},"end":{"line":90,"column":5}}]},"9":{"loc":{"start":{"line":96,"column":4},"end":{"line":127,"column":5}},"type":"if","locations":[{"start":{"line":96,"column":4},"end":{"line":127,"column":5}},{"start":{"line":111,"column":11},"end":{"line":127,"column":5}}]},"10":{"loc":{"start":{"line":101,"column":8},"end":{"line":109,"column":9}},"type":"if","locations":[{"start":{"line":101,"column":8},"end":{"line":109,"column":9}}]},"11":{"loc":{"start":{"line":102,"column":10},"end":{"line":105,"column":11}},"type":"if","locations":[{"start":{"line":102,"column":10},"end":{"line":105,"column":11}}]},"12":{"loc":{"start":{"line":111,"column":11},"end":{"line":127,"column":5}},"type":"if","locations":[{"start":{"line":111,"column":11},"end":{"line":127,"column":5}},{"start":{"line":113,"column":11},"end":{"line":127,"column":5}}]},"13":{"loc":{"start":{"line":114,"column":6},"end":{"line":119,"column":7}},"type":"if","locations":[{"start":{"line":114,"column":6},"end":{"line":119,"column":7}}]},"14":{"loc":{"start":{"line":131,"column":4},"end":{"line":133,"column":5}},"type":"if","locations":[{"start":{"line":131,"column":4},"end":{"line":133,"column":5}}]},"15":{"loc":{"start":{"line":158,"column":4},"end":{"line":167,"column":5}},"type":"if","locations":[{"start":{"line":158,"column":4},"end":{"line":167,"column":5}}]},"16":{"loc":{"start":{"line":162,"column":6},"end":{"line":166,"column":7}},"type":"if","locations":[{"start":{"line":162,"column":6},"end":{"line":166,"column":7}}]}},"s":{"0":26,"1":10,"2":10,"3":10,"4":10,"5":10,"6":10,"7":10,"8":9,"9":8,"10":15,"11":1,"12":0,"13":0,"14":1,"15":1,"16":1,"17":1,"18":1,"19":3,"20":4,"21":4,"22":5,"23":5,"24":4,"25":0,"26":4,"27":4,"28":4,"29":9,"30":4,"31":4,"32":4,"33":16,"34":2,"35":4,"36":4,"37":4,"38":4,"39":1,"40":1,"41":4,"42":4,"43":14,"44":4,"45":10,"46":1,"47":1,"48":10,"49":2,"50":10,"51":10,"52":14,"53":0,"54":14,"55":14,"56":24,"57":24,"58":24,"59":24,"60":14,"61":14,"62":14,"63":14,"64":14,"65":10,"66":26},"f":{"0":10,"1":15,"2":0,"3":1,"4":4,"5":4,"6":16,"7":14,"8":24},"b":{"0":[9],"1":[8,1],"2":[15,0],"3":[0,1],"4":[0,0],"5":[1],"6":[4],"7":[4],"8":[4],"9":[2,14],"10":[4],"11":[1],"12":[4,10],"13":[1],"14":[0],"15":[14],"16":[14]}}
,"/home/runner/work/JohnSmith/JohnSmith/src/view/jsx/index.ts": {"path":"/home/runner/work/JohnSmith/JohnSmith/src/view/jsx/index.ts","statementMap":{"0":{"start":{"line":9,"column":0},"end":{"line":9,"column":22}},"1":{"start":{"line":53,"column":0},"end":{"line":74,"column":2}},"2":{"start":{"line":54,"column":20},"end":{"line":54,"column":36}},"3":{"start":{"line":55,"column":41},"end":{"line":55,"column":43}},"4":{"start":{"line":57,"column":2},"end":{"line":59,"column":3}},"5":{"start":{"line":57,"column":15},"end":{"line":57,"column":16}},"6":{"start":{"line":58,"column":4},"end":{"line":58,"column":49}},"7":{"start":{"line":62,"column":4},"end":{"line":62,"column":59}},"8":{"start":{"line":64,"column":40},"end":{"line":66,"column":15}},"9":{"start":{"line":68,"column":2},"end":{"line":73,"column":4}}},"fnMap":{"0":{"name":"(anonymous_0)","decl":{"start":{"line":53,"column":7},"end":{"line":53,"column":17}},"loc":{"start":{"line":53,"column":36},"end":{"line":74,"column":1}}}},"branchMap":{"0":{"loc":{"start":{"line":62,"column":4},"end":{"line":62,"column":59}},"type":"cond-expr","locations":[{"start":{"line":62,"column":45},"end":{"line":62,"column":52}},{"start":{"line":62,"column":55},"end":{"line":62,"column":59}}]},"1":{"loc":{"start":{"line":62,"column":4},"end":{"line":62,"column":42}},"type":"binary-expr","locations":[{"start":{"line":62,"column":4},"end":{"line":62,"column":17}},{"start":{"line":62,"column":21},"end":{"line":62,"column":42}}]},"2":{"loc":{"start":{"line":64,"column":40},"end":{"line":66,"column":15}},"type":"cond-expr","locations":[{"start":{"line":65,"column":7},"end":{"line":65,"column":37}},{"start":{"line":66,"column":6},"end":{"line":66,"column":15}}]}},"s":{"0":26,"1":26,"2":184,"3":184,"4":184,"5":184,"6":152,"7":184,"8":184,"9":184},"f":{"0":184},"b":{"0":[182,2],"1":[184,182],"2":[95,89]}}
}
