TN:
SF:src/application.ts
FN:22,(anonymous_0)
FN:54,(anonymous_1)
FNF:2
FNH:2
FNDA:84,(anonymous_0)
FNDA:84,(anonymous_1)
DA:3,26
DA:5,26
DA:7,26
DA:9,26
DA:11,26
DA:16,26
DA:28,84
DA:29,84
DA:31,84
DA:36,84
DA:60,84
DA:61,84
DA:62,82
DA:63,82
DA:64,82
DA:67,2
LF:16
LH:16
BRDA:28,0,0,0
BRDA:28,0,1,84
BRDA:28,1,0,84
BRDA:28,1,1,84
BRDA:28,2,0,82
BRDA:28,2,1,2
BRDA:28,3,0,84
BRDA:28,3,1,84
BRDA:30,4,0,0
BRDA:30,4,1,84
BRDA:30,5,0,84
BRDA:30,5,1,84
BRDA:30,6,0,82
BRDA:30,6,1,2
BRDA:30,7,0,84
BRDA:30,7,1,84
BRDA:32,8,0,2
BRDA:32,8,1,82
BRDA:32,9,0,84
BRDA:32,9,1,84
BRDA:32,10,0,82
BRDA:32,10,1,2
BRDA:32,11,0,84
BRDA:32,11,1,84
BRDA:33,12,0,3
BRDA:33,12,1,79
BRDA:37,13,0,0
BRDA:37,13,1,84
BRDA:37,14,0,84
BRDA:37,14,1,84
BRDA:37,15,0,82
BRDA:37,15,1,2
BRDA:37,16,0,84
BRDA:37,16,1,84
BRDA:61,17,0,82
BRF:35
BRH:32
end_of_record
TN:
SF:src/global.ts
FN:4,(anonymous_0)
FNF:1
FNH:1
FNDA:26,(anonymous_0)
DA:1,26
DA:3,26
DA:4,26
DA:12,26
LF:4
LH:4
BRF:0
BRH:0
end_of_record
TN:
SF:src/index.ts
FNF:0
FNH:0
DA:1,26
LF:1
LH:1
BRF:0
BRH:0
end_of_record
TN:
SF:src/version.ts
FNF:0
FNH:0
DA:1,26
LF:1
LH:1
BRF:0
BRH:0
end_of_record
TN:
SF:src/binding/default.ts
FNF:0
FNH:0
DA:1,26
DA:2,26
DA:3,26
DA:4,26
LF:4
LH:4
BRF:0
BRH:0
end_of_record
TN:
SF:src/binding/registry.ts
FNF:0
FNH:0
DA:12,26
LF:1
LH:1
BRF:0
BRH:0
end_of_record
TN:
SF:src/binding/ext/bind.ts
FN:21,(anonymous_0)
FNF:1
FNH:1
FNDA:4,(anonymous_0)
DA:10,1
DA:12,1
DA:21,1
DA:25,4
DA:28,4
DA:30,4
DA:31,2
DA:34,2
LF:8
LH:8
BRDA:30,0,0,2
BRF:1
BRH:1
end_of_record
TN:
SF:src/binding/ext/checked.ts
FN:29,(anonymous_0)
FN:36,(anonymous_1)
FN:37,(anonymous_2)
FNF:3
FNH:2
FNDA:4,(anonymous_0)
FNDA:0,(anonymous_1)
FNDA:6,(anonymous_2)
DA:10,26
DA:13,26
DA:29,26
DA:33,4
DA:36,0
DA:37,6
LF:6
LH:5
BRF:0
BRH:0
end_of_record
TN:
SF:src/binding/ext/className.ts
FN:23,(anonymous_0)
FN:34,(anonymous_1)
FN:42,(anonymous_2)
FN:58,(anonymous_3)
FNF:4
FNH:4
FNDA:8,(anonymous_0)
FNDA:8,(anonymous_1)
FNDA:4,(anonymous_2)
FNDA:9,(anonymous_3)
DA:10,26
DA:12,26
DA:13,26
DA:14,26
DA:23,26
DA:28,8
DA:31,8
DA:32,5
DA:35,8
DA:36,2
DA:39,6
DA:41,6
DA:43,4
DA:51,3
DA:52,3
DA:54,3
DA:55,6
DA:59,9
DA:60,6
DA:62,3
DA:65,9
DA:71,3
LF:22
LH:22
BRDA:31,0,0,5
BRDA:31,1,0,8
BRDA:31,1,1,8
BRDA:35,2,0,2
BRDA:59,3,0,6
BRDA:59,3,1,3
BRF:6
BRH:6
end_of_record
TN:
SF:src/binding/ext/innerHTML.ts
FN:36,(anonymous_0)
FN:42,(anonymous_1)
FNF:2
FNH:2
FNDA:4,(anonymous_0)
FNDA:6,(anonymous_1)
DA:12,26
DA:15,26
DA:36,26
DA:40,4
DA:43,6
DA:45,6
LF:6
LH:6
BRDA:43,0,0,1
BRDA:43,0,1,5
BRF:2
BRH:2
end_of_record
TN:
SF:src/binding/ext/value.ts
FN:49,(anonymous_0)
FN:70,(anonymous_1)
FN:71,(anonymous_2)
FNF:3
FNH:3
FNDA:5,(anonymous_0)
FNDA:1,(anonymous_1)
FNDA:8,(anonymous_2)
DA:10,26
DA:13,26
DA:49,26
DA:53,5
DA:57,5
DA:67,5
DA:70,1
DA:72,8
LF:8
LH:8
BRDA:57,0,0,0
BRDA:57,0,1,5
BRDA:57,1,0,5
BRDA:57,1,1,5
BRDA:72,2,0,2
BRDA:72,2,1,6
BRF:6
BRH:5
end_of_record
TN:
SF:src/common/disposable.ts
FN:24,(anonymous_0)
FN:27,(anonymous_1)
FNF:2
FNH:1
FNDA:0,(anonymous_0)
FNDA:2,(anonymous_1)
DA:19,29
DA:27,29
DA:28,2
LF:3
LH:3
BRF:0
BRH:0
end_of_record
TN:
SF:src/common/index.ts
FNF:0
FNH:0
DA:1,28
DA:2,28
LF:2
LH:2
BRF:0
BRH:0
end_of_record
TN:
SF:src/common/owner.ts
FN:28,(anonymous_0)
FN:42,(anonymous_1)
FN:47,(anonymous_2)
FN:60,(anonymous_3)
FN:67,(anonymous_4)
FNF:5
FNH:5
FNDA:130,(anonymous_0)
FNDA:203,(anonymous_1)
FNDA:4,(anonymous_2)
FNDA:27,(anonymous_3)
FNDA:6,(anonymous_4)
DA:1,29
DA:18,29
DA:29,130
DA:43,203
DA:44,203
DA:50,4
DA:51,1
DA:54,3
DA:61,27
DA:62,40
DA:67,29
DA:68,6
DA:69,2
DA:70,1
DA:71,1
DA:72,1
DA:76,4
LF:17
LH:17
BRDA:29,0,0,130
BRDA:29,0,1,125
BRDA:50,1,0,1
BRDA:68,2,0,2
BRDA:69,3,0,1
BRDA:69,3,1,1
BRDA:71,4,0,1
BRF:7
BRH:7
end_of_record
TN:
SF:src/debugging/debug-troubleshooter.ts
FN:9,(anonymous_0)
FN:17,(anonymous_1)
FN:21,(anonymous_2)
FN:30,(anonymous_3)
FN:36,(anonymous_4)
FN:45,(anonymous_5)
FN:55,(anonymous_6)
FN:65,(anonymous_7)
FN:82,(anonymous_8)
FNF:9
FNH:5
FNDA:2,(anonymous_0)
FNDA:0,(anonymous_1)
FNDA:0,(anonymous_2)
FNDA:3,(anonymous_3)
FNDA:1,(anonymous_4)
FNDA:1,(anonymous_5)
FNDA:0,(anonymous_6)
FNDA:2,(anonymous_7)
FNDA:0,(anonymous_8)
DA:6,1
DA:10,2
DA:11,2
DA:12,2
DA:14,2
DA:18,0
DA:22,0
DA:26,1
DA:27,3
DA:28,3
DA:31,3
DA:32,3
DA:33,3
DA:37,1
DA:49,1
DA:59,0
DA:66,2
DA:67,2
DA:68,2
DA:71,2
DA:72,2
DA:74,2
DA:75,2
DA:76,0
DA:79,2
DA:81,2
DA:83,0
LF:27
LH:22
BRDA:51,0,0,1
BRDA:51,0,1,0
BRDA:61,1,0,0
BRDA:61,1,1,0
BRDA:66,2,0,2
BRDA:79,3,0,0
BRDA:79,3,1,2
BRDA:79,4,0,2
BRDA:79,4,1,2
BRF:9
BRH:5
end_of_record
TN:
SF:src/debugging/errors-view-model.ts
FN:4,(anonymous_0)
FNF:1
FNH:1
FNDA:1,(anonymous_0)
DA:1,1
DA:4,1
DA:5,1
LF:3
LH:3
BRF:0
BRH:0
end_of_record
TN:
SF:src/debugging/errors-view.tsx
FN:8,(anonymous_0)
FN:10,(anonymous_1)
FN:30,(anonymous_2)
FN:33,(anonymous_3)
FN:34,(anonymous_4)
FNF:5
FNH:3
FNDA:2,(anonymous_0)
FNDA:2,(anonymous_1)
FNDA:4,(anonymous_2)
FNDA:0,(anonymous_3)
FNDA:0,(anonymous_4)
DA:3,1
DA:4,1
DA:5,1
DA:7,1
DA:8,2
DA:11,2
DA:31,4
DA:33,0
DA:34,0
LF:9
LH:7
BRF:0
BRH:0
end_of_record
TN:
SF:src/debugging/includes.ts
FN:11,(anonymous_0)
FN:12,(anonymous_1)
FN:16,(anonymous_2)
FN:33,(anonymous_3)
FN:48,(anonymous_4)
FNF:5
FNH:3
FNDA:0,(anonymous_0)
FNDA:0,(anonymous_1)
FNDA:3,(anonymous_2)
FNDA:2,(anonymous_3)
FNDA:3,(anonymous_4)
DA:1,1
DA:2,1
DA:3,1
DA:4,1
DA:5,1
DA:6,1
DA:7,1
DA:9,1
DA:11,1
DA:12,1
DA:14,1
DA:16,1
DA:17,3
DA:18,3
DA:20,3
DA:22,3
DA:24,3
DA:25,0
DA:30,3
DA:31,3
DA:33,3
DA:34,2
DA:41,0
DA:42,0
DA:44,0
DA:48,1
DA:49,3
DA:51,3
DA:60,3
DA:61,3
DA:139,3
LF:31
LH:27
BRDA:11,0,0,1
BRDA:11,0,1,0
BRDA:12,1,0,1
BRDA:12,1,1,0
BRDA:24,2,0,0
BRF:5
BRH:2
end_of_record
TN:
SF:src/reactive/bidirectional-value.ts
FN:13,(anonymous_0)
FN:20,(anonymous_1)
FNF:2
FNH:2
FNDA:7,(anonymous_0)
FNDA:7,(anonymous_1)
DA:1,27
DA:9,27
DA:14,7
DA:17,7
DA:21,7
DA:23,7
DA:28,5
DA:29,2
DA:33,1
LF:9
LH:9
BRDA:23,0,0,5
BRDA:23,0,1,2
BRDA:24,1,0,7
BRDA:24,1,1,4
BRDA:24,1,2,3
BRDA:29,2,0,1
BRDA:30,3,0,2
BRDA:30,3,1,1
BRF:8
BRH:8
end_of_record
TN:
SF:src/reactive/event.ts
FN:9,(anonymous_0)
FN:15,(anonymous_1)
FN:29,(anonymous_2)
FN:37,(anonymous_3)
FNF:4
FNH:4
FNDA:3,(anonymous_0)
FNDA:6,(anonymous_1)
FNDA:4,(anonymous_2)
FNDA:1,(anonymous_3)
DA:1,1
DA:9,1
DA:10,3
DA:16,6
DA:30,4
DA:38,1
LF:6
LH:6
BRF:0
BRH:0
end_of_record
TN:
SF:src/reactive/index.ts
FNF:0
FNH:0
DA:1,26
DA:2,26
DA:3,26
DA:4,26
LF:4
LH:4
BRF:0
BRH:0
end_of_record
TN:
SF:src/reactive/listenable.ts
FN:7,(anonymous_0)
FN:42,(anonymous_1)
FN:50,(anonymous_2)
FN:120,(anonymous_3)
FN:123,(anonymous_4)
FN:135,(anonymous_5)
FN:141,(anonymous_6)
FN:151,(anonymous_7)
FN:154,(anonymous_8)
FN:166,(anonymous_9)
FN:172,(anonymous_10)
FN:185,(anonymous_11)
FN:191,(anonymous_12)
FNF:13
FNH:13
FNDA:32,(anonymous_0)
FNDA:72,(anonymous_1)
FNDA:12,(anonymous_2)
FNDA:98,(anonymous_3)
FNDA:61,(anonymous_4)
FNDA:68,(anonymous_5)
FNDA:28,(anonymous_6)
FNDA:26,(anonymous_7)
FNDA:11,(anonymous_8)
FNDA:25,(anonymous_9)
FNDA:2,(anonymous_10)
FNDA:54,(anonymous_11)
FNDA:9,(anonymous_12)
DA:2,32
DA:7,32
DA:11,32
DA:17,32
DA:23,32
DA:29,32
DA:43,72
DA:44,72
DA:51,12
DA:75,32
DA:120,32
DA:121,98
DA:127,61
DA:128,61
DA:129,55
DA:132,61
DA:136,68
DA:137,28
DA:142,28
DA:151,32
DA:152,26
DA:158,11
DA:159,11
DA:160,11
DA:163,11
DA:167,25
DA:168,10
DA:173,2
DA:181,32
DA:185,32
DA:188,54
DA:191,32
DA:194,9
LF:33
LH:33
BRDA:7,0,0,32
BRDA:7,0,1,32
BRDA:128,1,0,55
BRDA:159,2,0,11
BRF:4
BRH:4
end_of_record
TN:
SF:src/reactive/observable-list.ts
FN:24,(anonymous_0)
FN:28,(anonymous_1)
FN:41,(anonymous_2)
FN:45,(anonymous_3)
FN:57,(anonymous_4)
FN:66,(anonymous_5)
FN:77,(anonymous_6)
FN:86,(anonymous_7)
FN:95,(anonymous_8)
FN:99,(anonymous_9)
FN:108,(anonymous_10)
FN:113,(anonymous_11)
FN:120,(anonymous_12)
FNF:13
FNH:13
FNDA:26,(anonymous_0)
FNDA:11,(anonymous_1)
FNDA:2,(anonymous_2)
FNDA:9,(anonymous_3)
FNDA:8,(anonymous_4)
FNDA:5,(anonymous_5)
FNDA:4,(anonymous_6)
FNDA:2,(anonymous_7)
FNDA:4,(anonymous_8)
FNDA:3,(anonymous_9)
FNDA:2,(anonymous_10)
FNDA:17,(anonymous_11)
FNDA:27,(anonymous_12)
DA:1,27
DA:2,27
DA:8,27
DA:15,27
DA:19,26
DA:20,26
DA:25,26
DA:32,11
DA:42,2
DA:46,9
DA:47,9
DA:48,1
DA:52,8
DA:53,8
DA:54,8
DA:58,8
DA:59,8
DA:60,11
DA:63,8
DA:67,5
DA:69,5
DA:70,17
DA:73,5
DA:78,4
DA:79,4
DA:80,4
DA:81,4
DA:87,2
DA:88,2
DA:89,2
DA:92,2
DA:96,4
DA:100,3
DA:101,3
DA:102,1
DA:105,2
DA:109,2
DA:110,2
DA:114,17
DA:115,17
DA:117,17
DA:121,27
DA:122,2
LF:43
LH:43
BRDA:25,0,0,15
BRDA:25,0,1,11
BRDA:34,1,0,11
BRDA:34,1,1,0
BRDA:34,2,0,11
BRDA:34,2,1,0
BRDA:46,3,0,9
BRDA:47,4,0,1
BRDA:79,5,0,4
BRDA:87,6,0,2
BRDA:101,7,0,1
BRDA:109,8,0,2
BRDA:109,8,1,0
BRDA:121,9,0,2
BRF:14
BRH:11
end_of_record
TN:
SF:src/reactive/observable-value.ts
FN:23,(anonymous_0)
FN:31,(anonymous_1)
FN:38,(anonymous_2)
FN:52,(anonymous_3)
FN:60,(anonymous_4)
FN:67,(anonymous_5)
FN:83,(anonymous_6)
FN:96,(anonymous_7)
FNF:8
FNH:8
FNDA:95,(anonymous_0)
FNDA:117,(anonymous_1)
FNDA:10,(anonymous_2)
FNDA:50,(anonymous_3)
FNDA:3,(anonymous_4)
FNDA:22,(anonymous_5)
FNDA:1,(anonymous_6)
FNDA:57,(anonymous_7)
DA:1,31
DA:12,31
DA:16,95
DA:24,95
DA:25,95
DA:32,117
DA:39,10
DA:40,1
DA:43,9
DA:53,50
DA:54,50
DA:61,3
DA:68,22
DA:84,1
DA:85,1
DA:101,57
DA:102,57
LF:17
LH:17
BRDA:39,0,0,1
BRDA:101,1,0,55
BRDA:101,1,1,2
BRDA:101,2,0,57
BRDA:101,2,1,10
BRF:5
BRH:5
end_of_record
TN:
SF:src/reactive/transformers/combine.ts
FN:26,(anonymous_0)
FN:39,(anonymous_1)
FN:47,(anonymous_2)
FN:58,(anonymous_3)
FN:69,(anonymous_4)
FN:82,(anonymous_5)
FN:91,(anonymous_6)
FNF:7
FNH:7
FNDA:4,(anonymous_0)
FNDA:4,(anonymous_1)
FNDA:4,(anonymous_2)
FNDA:6,(anonymous_3)
FNDA:6,(anonymous_4)
FNDA:1,(anonymous_5)
FNDA:2,(anonymous_6)
DA:1,1
DA:2,1
DA:26,1
DA:31,4
DA:37,4
DA:40,4
DA:41,4
DA:42,4
DA:44,4
DA:51,4
DA:55,4
DA:57,4
DA:59,6
DA:61,6
DA:62,2
DA:65,2
DA:70,6
DA:71,6
DA:73,6
DA:74,6
DA:76,6
DA:77,3
DA:83,1
DA:84,1
DA:85,1
DA:92,2
LF:26
LH:26
BRDA:55,0,0,4
BRDA:55,0,1,3
BRDA:61,1,0,2
BRDA:73,2,0,6
BRDA:76,3,0,3
BRDA:76,4,0,6
BRDA:76,4,1,4
BRDA:76,4,2,5
BRF:8
BRH:8
end_of_record
TN:
SF:src/reactive/transformers/map.ts
FN:19,(anonymous_0)
FN:25,(anonymous_1)
FN:32,(anonymous_2)
FN:36,(anonymous_3)
FNF:4
FNH:4
FNDA:4,(anonymous_0)
FNDA:4,(anonymous_1)
FNDA:4,(anonymous_2)
FNDA:5,(anonymous_3)
DA:1,1
DA:19,1
DA:22,4
DA:26,4
DA:27,4
DA:29,4
DA:36,4
DA:37,5
DA:38,5
LF:9
LH:9
BRF:0
BRH:0
end_of_record
TN:
SF:src/troubleshooting/global.ts
FNF:0
FNH:0
DA:2,26
LF:1
LH:1
BRF:0
BRH:0
end_of_record
TN:
SF:src/troubleshooting/noop-troubleshooter.ts
FN:5,(anonymous_0)
FN:9,(anonymous_1)
FN:13,(anonymous_2)
FNF:3
FNH:3
FNDA:1,(anonymous_0)
FNDA:1,(anonymous_1)
FNDA:1,(anonymous_2)
DA:2,27
DA:4,27
DA:6,1
DA:10,1
DA:14,1
LF:5
LH:5
BRF:0
BRH:0
end_of_record
TN:
SF:src/utils/array.ts
FN:2,(anonymous_0)
FNF:1
FNH:1
FNDA:29,(anonymous_0)
DA:1,32
DA:3,29
DA:5,29
DA:6,138
DA:7,28
DA:11,29
DA:12,28
LF:7
LH:7
BRDA:6,0,0,28
BRDA:11,1,0,28
BRF:2
BRH:2
end_of_record
TN:
SF:src/view/default-view-renderer.ts
FN:29,(anonymous_0)
FN:38,(anonymous_1)
FN:64,(anonymous_2)
FN:109,(anonymous_3)
FN:111,(anonymous_4)
FN:123,(anonymous_5)
FN:129,(anonymous_6)
FN:165,(anonymous_7)
FN:214,(anonymous_8)
FN:221,(anonymous_9)
FN:236,(anonymous_10)
FN:243,(anonymous_11)
FN:276,(anonymous_12)
FN:291,(anonymous_13)
FN:303,(anonymous_14)
FN:326,(anonymous_15)
FN:337,(anonymous_16)
FN:351,(anonymous_17)
FN:362,(anonymous_18)
FN:363,(anonymous_19)
FN:369,(anonymous_20)
FNF:21
FNH:18
FNDA:86,(anonymous_0)
FNDA:119,(anonymous_1)
FNDA:22,(anonymous_2)
FNDA:0,(anonymous_3)
FNDA:0,(anonymous_4)
FNDA:22,(anonymous_5)
FNDA:119,(anonymous_6)
FNDA:182,(anonymous_7)
FNDA:0,(anonymous_8)
FNDA:24,(anonymous_9)
FNDA:24,(anonymous_10)
FNDA:158,(anonymous_11)
FNDA:4,(anonymous_12)
FNDA:158,(anonymous_13)
FNDA:27,(anonymous_14)
FNDA:7,(anonymous_15)
FNDA:27,(anonymous_16)
FNDA:14,(anonymous_17)
FNDA:14,(anonymous_18)
FNDA:4,(anonymous_19)
FNDA:2,(anonymous_20)
DA:2,26
DA:12,26
DA:18,26
DA:28,26
DA:30,86
DA:31,86
DA:32,86
DA:43,119
DA:44,119
DA:45,119
DA:46,119
DA:50,119
DA:58,119
DA:60,119
DA:61,119
DA:63,119
DA:65,22
DA:71,119
DA:79,119
DA:80,119
DA:81,2
DA:88,119
DA:89,76
DA:95,119
DA:96,119
DA:97,0
DA:105,119
DA:106,119
DA:107,0
DA:110,0
DA:112,0
DA:121,119
DA:124,22
DA:133,119
DA:136,119
DA:139,119
DA:140,105
DA:144,105
DA:150,14
DA:152,14
DA:153,14
DA:159,0
DA:172,182
DA:180,158
DA:182,158
DA:186,158
DA:187,158
DA:196,158
DA:198,158
DA:201,24
DA:207,24
DA:214,0
DA:215,0
DA:218,0
DA:226,24
DA:230,24
DA:232,0
DA:235,24
DA:236,24
DA:237,24
DA:240,24
DA:250,158
DA:251,152
DA:253,152
DA:254,70
DA:255,82
DA:256,8
DA:257,74
DA:258,63
DA:266,63
DA:267,63
DA:269,11
DA:270,4
DA:271,4
DA:273,4
DA:275,4
DA:276,4
DA:282,7
DA:297,158
DA:299,104
DA:300,104
DA:302,104
DA:303,27
DA:304,27
DA:306,77
DA:307,14
DA:315,63
DA:323,56
DA:325,7
DA:327,7
DA:342,27
DA:344,27
DA:345,2
DA:348,25
DA:358,14
DA:362,14
DA:363,14
DA:364,4
DA:366,14
DA:368,14
DA:369,2
LF:101
LH:92
BRDA:60,0,0,119
BRDA:71,1,0,117
BRDA:71,1,1,2
BRDA:71,2,0,119
BRDA:71,2,1,119
BRDA:80,3,0,2
BRDA:80,4,0,119
BRDA:80,4,1,119
BRDA:96,5,0,0
BRDA:96,6,0,119
BRDA:96,6,1,119
BRDA:106,7,0,0
BRDA:106,8,0,119
BRDA:106,8,1,119
BRDA:108,9,0,0
BRDA:108,9,1,0
BRDA:108,10,0,0
BRDA:108,10,1,0
BRDA:122,11,0,119
BRDA:122,11,1,0
BRDA:122,12,0,119
BRDA:122,12,1,119
BRDA:136,13,0,119
BRDA:136,13,1,119
BRDA:139,14,0,105
BRDA:152,15,0,14
BRDA:172,16,0,158
BRDA:180,17,0,158
BRDA:180,17,1,155
BRDA:182,18,0,9
BRDA:182,18,1,149
BRDA:186,19,0,158
BRDA:201,20,0,24
BRDA:230,21,0,0
BRDA:253,22,0,70
BRDA:253,22,1,82
BRDA:255,23,0,8
BRDA:255,23,1,74
BRDA:257,24,0,63
BRDA:257,24,1,11
BRDA:266,25,0,63
BRDA:269,26,0,4
BRDA:269,26,1,7
BRDA:284,27,0,7
BRDA:284,27,1,0
BRDA:284,28,0,7
BRDA:284,28,1,0
BRDA:284,29,0,7
BRDA:284,29,1,7
BRDA:299,30,0,104
BRDA:299,30,1,0
BRDA:299,31,0,104
BRDA:299,31,1,104
BRDA:302,32,0,27
BRDA:302,32,1,77
BRDA:306,33,0,14
BRDA:306,33,1,63
BRDA:315,34,0,56
BRDA:315,34,1,7
BRDA:344,35,0,2
BRDA:358,36,0,3
BRDA:358,36,1,11
BRDA:358,37,0,14
BRDA:358,37,1,14
BRF:64
BRH:53
end_of_record
TN:
SF:src/view/dom-engine-native.ts
FN:5,(anonymous_0)
FN:9,(anonymous_1)
FN:21,(anonymous_2)
FN:26,(anonymous_3)
FN:33,(anonymous_4)
FN:41,(anonymous_5)
FN:47,(anonymous_6)
FN:51,(anonymous_7)
FN:55,(anonymous_8)
FN:64,(anonymous_9)
FN:68,(anonymous_10)
FN:72,(anonymous_11)
FN:76,(anonymous_12)
FN:80,(anonymous_13)
FN:84,(anonymous_14)
FN:88,(anonymous_15)
FN:92,(anonymous_16)
FN:96,(anonymous_17)
FN:100,(anonymous_18)
FN:105,(anonymous_19)
FN:109,(anonymous_20)
FN:115,(anonymous_21)
FN:119,(anonymous_22)
FN:123,(anonymous_23)
FN:127,(anonymous_24)
FN:131,(anonymous_25)
FN:137,(anonymous_26)
FN:141,(anonymous_27)
FN:145,(anonymous_28)
FN:149,(anonymous_29)
FN:155,(anonymous_30)
FN:159,(anonymous_31)
FN:163,(anonymous_32)
FN:167,(anonymous_33)
FN:173,(anonymous_34)
FN:188,(anonymous_35)
FNF:36
FNH:27
FNDA:460,(anonymous_0)
FNDA:0,(anonymous_1)
FNDA:11,(anonymous_2)
FNDA:13,(anonymous_3)
FNDA:7,(anonymous_4)
FNDA:19,(anonymous_5)
FNDA:126,(anonymous_6)
FNDA:119,(anonymous_7)
FNDA:0,(anonymous_8)
FNDA:245,(anonymous_9)
FNDA:0,(anonymous_10)
FNDA:17,(anonymous_11)
FNDA:0,(anonymous_12)
FNDA:7,(anonymous_13)
FNDA:237,(anonymous_14)
FNDA:64,(anonymous_15)
FNDA:0,(anonymous_16)
FNDA:0,(anonymous_17)
FNDA:15,(anonymous_18)
FNDA:2,(anonymous_19)
FNDA:22,(anonymous_20)
FNDA:11,(anonymous_21)
FNDA:1,(anonymous_22)
FNDA:8,(anonymous_23)
FNDA:0,(anonymous_24)
FNDA:6,(anonymous_25)
FNDA:89,(anonymous_26)
FNDA:0,(anonymous_27)
FNDA:6,(anonymous_28)
FNDA:0,(anonymous_29)
FNDA:5,(anonymous_30)
FNDA:149,(anonymous_31)
FNDA:126,(anonymous_32)
FNDA:9,(anonymous_33)
FNDA:84,(anonymous_34)
FNDA:89,(anonymous_35)
DA:5,460
DA:10,0
DA:11,0
DA:21,11
DA:22,11
DA:23,11
DA:27,13
DA:28,13
DA:29,13
DA:34,7
DA:35,7
DA:36,6
DA:37,6
DA:42,19
DA:47,126
DA:48,126
DA:52,119
DA:56,0
DA:64,245
DA:65,245
DA:69,0
DA:73,17
DA:77,0
DA:81,7
DA:85,237
DA:89,64
DA:93,0
DA:97,0
DA:101,15
DA:102,15
DA:106,2
DA:110,22
DA:111,22
DA:116,11
DA:120,1
DA:124,8
DA:128,0
DA:132,6
DA:137,89
DA:138,89
DA:142,0
DA:146,6
DA:150,0
DA:154,26
DA:156,5
DA:160,149
DA:164,126
DA:168,9
DA:174,84
DA:175,3
DA:176,3
DA:177,1
DA:181,83
DA:182,81
DA:185,2
DA:189,89
LF:56
LH:46
BRDA:10,0,0,0
BRDA:23,1,0,10
BRDA:23,1,1,1
BRDA:27,2,0,13
BRDA:35,3,0,6
BRDA:110,4,0,22
BRDA:174,5,0,3
BRDA:176,6,0,1
BRDA:181,7,0,81
BRDA:181,8,0,83
BRDA:181,8,1,83
BRDA:181,8,2,81
BRF:12
BRH:11
end_of_record
TN:
SF:src/view/components/index.ts
FNF:0
FNH:0
DA:1,2
DA:2,2
DA:3,2
LF:3
LH:3
BRF:0
BRH:0
end_of_record
TN:
SF:src/view/components/list.ts
FN:18,(anonymous_0)
FN:22,(anonymous_1)
FNF:2
FNH:2
FNDA:10,(anonymous_0)
FNDA:10,(anonymous_1)
DA:7,5
DA:15,5
DA:19,10
DA:27,10
LF:4
LH:4
BRF:0
BRH:0
end_of_record
TN:
SF:src/view/components/null.ts
FN:28,(anonymous_0)
FN:32,(anonymous_1)
FN:42,(anonymous_2)
FN:56,(anonymous_3)
FNF:4
FNH:3
FNDA:2,(anonymous_0)
FNDA:2,(anonymous_1)
FNDA:2,(anonymous_2)
FNDA:0,(anonymous_3)
DA:7,2
DA:25,2
DA:29,2
DA:37,2
DA:38,2
DA:40,2
DA:43,2
DA:44,1
DA:47,1
DA:53,1
DA:55,1
DA:57,0
DA:58,0
DA:59,0
DA:62,0
LF:15
LH:11
BRDA:43,0,0,1
BRDA:43,1,0,2
BRDA:43,1,1,1
BRDA:57,2,0,0
BRF:4
BRH:3
end_of_record
TN:
SF:src/view/components/value.ts
FN:26,(anonymous_0)
FN:30,(anonymous_1)
FN:40,(anonymous_2)
FN:51,(anonymous_3)
FNF:4
FNH:4
FNDA:12,(anonymous_0)
FNDA:12,(anonymous_1)
FNDA:13,(anonymous_2)
FNDA:1,(anonymous_3)
DA:7,7
DA:23,7
DA:27,12
DA:35,12
DA:36,12
DA:38,12
DA:41,13
DA:42,10
DA:48,10
DA:50,10
DA:52,1
DA:53,1
DA:54,1
DA:57,1
DA:62,3
LF:15
LH:15
BRDA:41,0,0,10
BRDA:41,1,0,13
BRDA:41,1,1,10
BRDA:52,2,0,1
BRF:4
BRH:4
end_of_record
TN:
SF:src/view/connectors/abstract.ts
FN:10,(anonymous_0)
FN:18,(anonymous_1)
FN:25,(anonymous_2)
FN:32,(anonymous_3)
FN:37,(anonymous_4)
FN:50,(anonymous_5)
FN:64,(anonymous_6)
FN:75,(anonymous_7)
FN:81,(anonymous_8)
FNF:9
FNH:9
FNDA:49,(anonymous_0)
FNDA:55,(anonymous_1)
FNDA:6,(anonymous_2)
FNDA:66,(anonymous_3)
FNDA:72,(anonymous_4)
FNDA:9,(anonymous_5)
FNDA:14,(anonymous_6)
FNDA:1,(anonymous_7)
FNDA:2,(anonymous_8)
DA:3,26
DA:6,26
DA:7,49
DA:8,49
DA:12,49
DA:14,49
DA:15,3
DA:16,46
DA:17,45
DA:18,55
DA:20,8
DA:26,6
DA:27,6
DA:28,6
DA:33,66
DA:34,66
DA:38,72
DA:39,5
DA:40,5
DA:45,26
DA:59,9
DA:62,9
DA:64,9
DA:65,14
DA:66,14
DA:69,9
DA:73,1
DA:75,1
DA:76,1
DA:82,2
DA:83,2
DA:84,0
LF:32
LH:31
BRDA:14,0,0,3
BRDA:14,0,1,46
BRDA:16,1,0,45
BRDA:17,2,0,37
BRDA:17,2,1,8
BRDA:27,3,0,6
BRDA:38,4,0,5
BRDA:69,5,0,1
BRDA:70,6,0,9
BRDA:70,6,1,9
BRDA:83,7,0,0
BRF:11
BRH:10
end_of_record
TN:
SF:src/view/connectors/index.ts
FNF:0
FNH:0
DA:1,26
DA:2,26
DA:3,26
LF:3
LH:3
BRF:0
BRH:0
end_of_record
TN:
SF:src/view/connectors/listenable-attribute-connector.ts
FN:11,(anonymous_0)
FN:16,(anonymous_1)
FNF:2
FNH:2
FNDA:7,(anonymous_0)
FNDA:8,(anonymous_1)
DA:1,26
DA:8,26
DA:16,7
DA:17,8
DA:18,0
DA:19,8
DA:20,2
DA:22,6
DA:29,8
LF:9
LH:8
BRDA:17,0,0,0
BRDA:17,0,1,8
BRDA:19,1,0,2
BRDA:19,1,1,6
BRF:4
BRH:3
end_of_record
TN:
SF:src/view/connectors/listenable-text-connector.ts
FN:20,(anonymous_0)
FN:24,(anonymous_1)
FNF:2
FNH:2
FNDA:4,(anonymous_0)
FNDA:6,(anonymous_1)
DA:1,26
DA:17,26
DA:24,4
DA:25,6
DA:37,6
LF:5
LH:5
BRDA:26,0,0,0
BRDA:26,0,1,6
BRDA:26,1,0,6
BRDA:26,1,1,6
BRDA:28,2,0,6
BRDA:28,2,1,0
BRF:6
BRH:4
end_of_record
TN:
SF:src/view/connectors/observable-list-view-connector.ts
FN:32,(anonymous_0)
FN:44,(anonymous_1)
FN:48,(anonymous_2)
FN:57,(anonymous_3)
FN:67,(anonymous_4)
FN:80,(anonymous_5)
FN:93,(anonymous_6)
FN:130,(anonymous_7)
FN:157,(anonymous_8)
FNF:9
FNH:8
FNDA:10,(anonymous_0)
FNDA:15,(anonymous_1)
FNDA:0,(anonymous_2)
FNDA:1,(anonymous_3)
FNDA:4,(anonymous_4)
FNDA:4,(anonymous_5)
FNDA:16,(anonymous_6)
FNDA:14,(anonymous_7)
FNDA:24,(anonymous_8)
DA:2,26
DA:22,26
DA:23,10
DA:35,10
DA:36,10
DA:37,10
DA:39,10
DA:40,10
DA:42,10
DA:43,9
DA:44,8
DA:45,15
DA:47,1
DA:48,0
DA:49,0
DA:52,1
DA:58,1
DA:59,1
DA:62,1
DA:63,3
DA:70,4
DA:71,5
DA:72,5
DA:73,4
DA:77,0
DA:81,4
DA:82,4
DA:83,9
DA:84,4
DA:88,4
DA:89,4
DA:96,16
DA:97,2
DA:98,4
DA:99,4
DA:101,4
DA:102,4
DA:103,1
DA:104,1
DA:107,4
DA:108,4
DA:111,14
DA:112,4
DA:114,10
DA:115,1
DA:116,1
DA:121,10
DA:122,2
DA:125,10
DA:126,10
DA:131,14
DA:132,0
DA:135,14
DA:136,24
DA:138,24
DA:150,24
DA:158,24
DA:160,14
DA:162,14
DA:163,14
DA:164,14
DA:165,14
DA:169,10
LF:63
LH:59
BRDA:42,0,0,9
BRDA:43,1,0,8
BRDA:43,1,1,1
BRDA:45,2,0,15
BRDA:45,2,1,0
BRDA:47,3,0,0
BRDA:47,3,1,1
BRDA:49,4,0,0
BRDA:49,4,1,0
BRDA:58,5,0,1
BRDA:72,6,0,4
BRDA:83,7,0,4
BRDA:88,8,0,4
BRDA:96,9,0,2
BRDA:96,9,1,14
BRDA:101,10,0,4
BRDA:102,11,0,1
BRDA:111,12,0,4
BRDA:111,12,1,10
BRDA:114,13,0,1
BRDA:131,14,0,0
BRDA:158,15,0,14
BRDA:162,16,0,14
BRF:23
BRH:18
end_of_record
TN:
SF:src/view/jsx/index.ts
FN:53,(anonymous_0)
FNF:1
FNH:1
FNDA:182,(anonymous_0)
DA:9,26
DA:53,26
DA:54,182
DA:55,182
DA:57,182
DA:58,152
DA:62,182
DA:64,182
DA:68,182
LF:9
LH:9
BRDA:62,0,0,180
BRDA:62,0,1,2
BRDA:62,1,0,182
BRDA:62,1,1,180
BRDA:64,2,0,93
BRDA:64,2,1,89
BRF:6
BRH:6
end_of_record
