TN:
SF:__tests__/_helpers.ts
FN:12,(anonymous_0)
FN:16,(anonymous_1)
FN:28,setupAppContainerAndRender
FN:34,(anonymous_3)
FN:40,findInput
FN:49,dispatchChange
FN:54,(anonymous_6)
FN:57,(anonymous_7)
FNF:8
FNH:8
FNDA:78,(anonymous_0)
FNDA:78,(anonymous_1)
FNDA:70,setupAppContainerAndRender
FNDA:70,(anonymous_3)
FNDA:7,findInput
FNDA:1,dispatchChange
FNDA:3,(anonymous_6)
FNDA:3,(anonymous_7)
DA:2,22
DA:12,22
DA:16,78
DA:17,78
DA:19,78
DA:20,78
DA:21,0
DA:24,78
DA:28,22
DA:34,70
DA:35,70
DA:36,70
DA:40,22
DA:41,7
DA:42,7
DA:43,0
DA:46,7
DA:49,22
DA:50,1
DA:51,1
DA:54,22
DA:55,3
DA:58,3
LF:23
LH:21
BRDA:14,0,0,7
BRDA:20,1,0,0
BRDA:32,2,0,70
BRDA:42,3,0,0
BRF:4
BRH:2
end_of_record
TN:
SF:src/application.ts
FN:22,(anonymous_0)
FN:54,(anonymous_1)
FNF:2
FNH:2
FNDA:79,(anonymous_0)
FNDA:79,(anonymous_1)
DA:3,23
DA:5,23
DA:7,23
DA:9,23
DA:11,23
DA:16,23
DA:28,79
DA:29,79
DA:31,79
DA:36,79
DA:60,79
DA:61,79
DA:62,78
DA:65,1
LF:14
LH:14
BRDA:28,0,0,0
BRDA:28,0,1,79
BRDA:28,1,0,79
BRDA:28,1,1,79
BRDA:28,2,0,78
BRDA:28,2,1,1
BRDA:28,3,0,79
BRDA:28,3,1,79
BRDA:30,4,0,0
BRDA:30,4,1,79
BRDA:30,5,0,79
BRDA:30,5,1,79
BRDA:30,6,0,78
BRDA:30,6,1,1
BRDA:30,7,0,79
BRDA:30,7,1,79
BRDA:32,8,0,1
BRDA:32,8,1,78
BRDA:32,9,0,79
BRDA:32,9,1,79
BRDA:32,10,0,78
BRDA:32,10,1,1
BRDA:32,11,0,79
BRDA:32,11,1,79
BRDA:33,12,0,3
BRDA:33,12,1,75
BRDA:37,13,0,0
BRDA:37,13,1,79
BRDA:37,14,0,79
BRDA:37,14,1,79
BRDA:37,15,0,78
BRDA:37,15,1,1
BRDA:37,16,0,79
BRDA:37,16,1,79
BRDA:61,17,0,78
BRF:35
BRH:32
end_of_record
TN:
SF:src/global.ts
FN:4,(anonymous_0)
FNF:1
FNH:1
FNDA:23,(anonymous_0)
DA:1,23
DA:3,23
DA:4,23
DA:12,23
LF:4
LH:4
BRF:0
BRH:0
end_of_record
TN:
SF:src/index.ts
FNF:0
FNH:0
DA:1,23
LF:1
LH:1
BRF:0
BRH:0
end_of_record
TN:
SF:src/version.ts
FNF:0
FNH:0
DA:1,23
LF:1
LH:1
BRF:0
BRH:0
end_of_record
TN:
SF:src/binding/default.ts
FNF:0
FNH:0
DA:1,23
DA:2,23
DA:3,23
DA:4,23
LF:4
LH:4
BRF:0
BRH:0
end_of_record
TN:
SF:src/binding/registry.ts
FNF:0
FNH:0
DA:12,23
LF:1
LH:1
BRF:0
BRH:0
end_of_record
TN:
SF:src/binding/ext/bind.ts
FN:21,(anonymous_0)
FNF:1
FNH:1
FNDA:4,(anonymous_0)
DA:10,1
DA:12,1
DA:21,1
DA:25,4
DA:28,4
DA:30,4
DA:31,2
DA:34,2
LF:8
LH:8
BRDA:30,0,0,2
BRF:1
BRH:1
end_of_record
TN:
SF:src/binding/ext/checked.ts
FN:29,(anonymous_0)
FN:36,(anonymous_1)
FN:37,(anonymous_2)
FNF:3
FNH:2
FNDA:4,(anonymous_0)
FNDA:0,(anonymous_1)
FNDA:6,(anonymous_2)
DA:10,23
DA:13,23
DA:29,23
DA:33,4
DA:36,0
DA:37,6
LF:6
LH:5
BRF:0
BRH:0
end_of_record
TN:
SF:src/binding/ext/className.ts
FN:23,(anonymous_0)
FN:34,(anonymous_1)
FN:42,(anonymous_2)
FN:58,(anonymous_3)
FNF:4
FNH:4
FNDA:8,(anonymous_0)
FNDA:8,(anonymous_1)
FNDA:4,(anonymous_2)
FNDA:9,(anonymous_3)
DA:10,23
DA:12,23
DA:13,23
DA:14,23
DA:23,23
DA:28,8
DA:31,8
DA:32,5
DA:35,8
DA:36,2
DA:39,6
DA:41,6
DA:43,4
DA:51,3
DA:52,3
DA:54,3
DA:55,6
DA:59,9
DA:60,6
DA:62,3
DA:65,9
DA:71,3
LF:22
LH:22
BRDA:31,0,0,5
BRDA:31,1,0,8
BRDA:31,1,1,8
BRDA:35,2,0,2
BRDA:59,3,0,6
BRDA:59,3,1,3
BRF:6
BRH:6
end_of_record
TN:
SF:src/binding/ext/innerHTML.ts
FN:36,(anonymous_0)
FN:42,(anonymous_1)
FNF:2
FNH:2
FNDA:4,(anonymous_0)
FNDA:6,(anonymous_1)
DA:12,23
DA:15,23
DA:36,23
DA:40,4
DA:43,6
DA:45,6
LF:6
LH:6
BRDA:43,0,0,1
BRDA:43,0,1,5
BRF:2
BRH:2
end_of_record
TN:
SF:src/binding/ext/value.ts
FN:49,(anonymous_0)
FN:70,(anonymous_1)
FN:71,(anonymous_2)
FNF:3
FNH:3
FNDA:5,(anonymous_0)
FNDA:1,(anonymous_1)
FNDA:8,(anonymous_2)
DA:10,23
DA:13,23
DA:49,23
DA:53,5
DA:57,5
DA:67,5
DA:70,1
DA:72,8
LF:8
LH:8
BRDA:57,0,0,0
BRDA:57,0,1,5
BRDA:57,1,0,5
BRDA:57,1,1,5
BRDA:72,2,0,2
BRDA:72,2,1,6
BRF:6
BRH:5
end_of_record
TN:
SF:src/common/disposable.ts
FN:24,(anonymous_0)
FN:27,(anonymous_1)
FNF:2
FNH:1
FNDA:0,(anonymous_0)
FNDA:2,(anonymous_1)
DA:19,25
DA:27,25
DA:28,2
LF:3
LH:3
BRF:0
BRH:0
end_of_record
TN:
SF:src/common/index.ts
FNF:0
FNH:0
DA:1,24
DA:2,24
LF:2
LH:2
BRF:0
BRH:0
end_of_record
TN:
SF:src/common/owner.ts
FN:28,(anonymous_0)
FN:42,(anonymous_1)
FN:47,(anonymous_2)
FN:60,(anonymous_3)
FN:67,(anonymous_4)
FNF:5
FNH:5
FNDA:118,(anonymous_0)
FNDA:175,(anonymous_1)
FNDA:5,(anonymous_2)
FNDA:27,(anonymous_3)
FNDA:7,(anonymous_4)
DA:1,25
DA:18,25
DA:29,118
DA:43,175
DA:44,175
DA:50,5
DA:51,1
DA:54,4
DA:61,27
DA:62,40
DA:67,25
DA:68,7
DA:69,2
DA:70,1
DA:71,1
DA:72,1
DA:76,5
LF:17
LH:17
BRDA:29,0,0,118
BRDA:29,0,1,113
BRDA:50,1,0,1
BRDA:68,2,0,2
BRDA:69,3,0,1
BRDA:69,3,1,1
BRDA:71,4,0,1
BRF:7
BRH:7
end_of_record
TN:
SF:src/debugging/debug-troubleshooter.ts
FN:9,(anonymous_0)
FN:17,(anonymous_1)
FN:21,(anonymous_2)
FN:30,(anonymous_3)
FN:36,(anonymous_4)
FN:45,(anonymous_5)
FN:55,(anonymous_6)
FN:65,(anonymous_7)
FN:82,(anonymous_8)
FNF:9
FNH:1
FNDA:0,(anonymous_0)
FNDA:0,(anonymous_1)
FNDA:0,(anonymous_2)
FNDA:3,(anonymous_3)
FNDA:0,(anonymous_4)
FNDA:0,(anonymous_5)
FNDA:0,(anonymous_6)
FNDA:0,(anonymous_7)
FNDA:0,(anonymous_8)
DA:6,1
DA:10,0
DA:11,0
DA:12,0
DA:14,0
DA:18,0
DA:22,0
DA:26,1
DA:27,3
DA:28,3
DA:31,3
DA:32,3
DA:33,3
DA:37,0
DA:49,0
DA:59,0
DA:66,0
DA:67,0
DA:68,0
DA:71,0
DA:72,0
DA:74,0
DA:75,0
DA:76,0
DA:79,0
DA:81,0
DA:83,0
LF:27
LH:7
BRDA:51,0,0,0
BRDA:51,0,1,0
BRDA:66,1,0,0
BRDA:79,2,0,0
BRDA:79,2,1,0
BRDA:79,3,0,0
BRDA:79,3,1,0
BRF:7
BRH:0
end_of_record
TN:
SF:src/debugging/errors-view-model.ts
FN:4,(anonymous_0)
FNF:1
FNH:1
FNDA:1,(anonymous_0)
DA:1,1
DA:4,1
DA:5,1
LF:3
LH:3
BRF:0
BRH:0
end_of_record
TN:
SF:src/debugging/errors-view.tsx
FN:8,(anonymous_0)
FN:10,(anonymous_1)
FN:30,(anonymous_2)
FN:33,(anonymous_3)
FN:34,(anonymous_4)
FNF:5
FNH:0
FNDA:0,(anonymous_0)
FNDA:0,(anonymous_1)
FNDA:0,(anonymous_2)
FNDA:0,(anonymous_3)
FNDA:0,(anonymous_4)
DA:3,1
DA:4,1
DA:5,1
DA:7,1
DA:8,0
DA:11,0
DA:31,0
DA:33,0
DA:34,0
LF:9
LH:4
BRF:0
BRH:0
end_of_record
TN:
SF:src/debugging/includes.ts
FN:11,(anonymous_0)
FN:12,(anonymous_1)
FN:16,(anonymous_2)
FN:30,(anonymous_3)
FN:45,(anonymous_4)
FNF:5
FNH:2
FNDA:0,(anonymous_0)
FNDA:0,(anonymous_1)
FNDA:3,(anonymous_2)
FNDA:0,(anonymous_3)
FNDA:3,(anonymous_4)
DA:1,1
DA:2,1
DA:3,1
DA:4,1
DA:5,1
DA:6,1
DA:7,1
DA:9,1
DA:11,1
DA:12,1
DA:14,1
DA:16,1
DA:17,3
DA:18,3
DA:20,3
DA:22,3
DA:24,3
DA:25,0
DA:30,3
DA:31,0
DA:38,0
DA:39,0
DA:41,0
DA:45,1
DA:46,3
DA:48,3
DA:57,3
DA:58,3
DA:135,3
LF:29
LH:24
BRDA:11,0,0,1
BRDA:11,0,1,0
BRDA:12,1,0,1
BRDA:12,1,1,0
BRDA:24,2,0,0
BRF:5
BRH:2
end_of_record
TN:
SF:src/reactive/bidirectional-value.ts
FN:13,(anonymous_0)
FN:20,(anonymous_1)
FNF:2
FNH:2
FNDA:7,(anonymous_0)
FNDA:7,(anonymous_1)
DA:1,24
DA:9,24
DA:14,7
DA:17,7
DA:21,7
DA:23,7
DA:28,5
DA:29,2
DA:33,1
LF:9
LH:9
BRDA:23,0,0,5
BRDA:23,0,1,2
BRDA:24,1,0,7
BRDA:24,1,1,4
BRDA:24,1,2,3
BRDA:29,2,0,1
BRDA:30,3,0,2
BRDA:30,3,1,1
BRF:8
BRH:8
end_of_record
TN:
SF:src/reactive/event.ts
FN:9,(anonymous_0)
FN:15,(anonymous_1)
FN:29,(anonymous_2)
FN:37,(anonymous_3)
FNF:4
FNH:4
FNDA:3,(anonymous_0)
FNDA:6,(anonymous_1)
FNDA:4,(anonymous_2)
FNDA:1,(anonymous_3)
DA:1,1
DA:9,1
DA:10,3
DA:16,6
DA:30,4
DA:38,1
LF:6
LH:6
BRF:0
BRH:0
end_of_record
TN:
SF:src/reactive/index.ts
FNF:0
FNH:0
DA:1,23
DA:2,23
DA:3,23
DA:4,23
LF:4
LH:4
BRF:0
BRH:0
end_of_record
TN:
SF:src/reactive/listenable.ts
FN:7,(anonymous_0)
FN:42,(anonymous_1)
FN:50,(anonymous_2)
FN:120,(anonymous_3)
FN:123,(anonymous_4)
FN:135,(anonymous_5)
FN:141,(anonymous_6)
FN:151,(anonymous_7)
FN:154,(anonymous_8)
FN:166,(anonymous_9)
FN:172,(anonymous_10)
FN:185,(anonymous_11)
FN:191,(anonymous_12)
FNF:13
FNH:13
FNDA:29,(anonymous_0)
FNDA:70,(anonymous_1)
FNDA:12,(anonymous_2)
FNDA:98,(anonymous_3)
FNDA:61,(anonymous_4)
FNDA:66,(anonymous_5)
FNDA:28,(anonymous_6)
FNDA:26,(anonymous_7)
FNDA:9,(anonymous_8)
FNDA:23,(anonymous_9)
FNDA:2,(anonymous_10)
FNDA:52,(anonymous_11)
FNDA:7,(anonymous_12)
DA:2,29
DA:7,29
DA:11,29
DA:17,29
DA:23,29
DA:29,29
DA:43,70
DA:44,70
DA:51,12
DA:75,29
DA:120,29
DA:121,98
DA:127,61
DA:128,61
DA:129,55
DA:132,61
DA:136,66
DA:137,28
DA:142,28
DA:151,29
DA:152,26
DA:158,9
DA:159,9
DA:160,9
DA:163,9
DA:167,23
DA:168,7
DA:173,2
DA:181,29
DA:185,29
DA:188,52
DA:191,29
DA:194,7
LF:33
LH:33
BRDA:7,0,0,29
BRDA:7,0,1,29
BRDA:128,1,0,55
BRDA:159,2,0,9
BRF:4
BRH:4
end_of_record
TN:
SF:src/reactive/observable-list.ts
FN:24,(anonymous_0)
FN:28,(anonymous_1)
FN:41,(anonymous_2)
FN:45,(anonymous_3)
FN:57,(anonymous_4)
FN:66,(anonymous_5)
FN:77,(anonymous_6)
FN:86,(anonymous_7)
FN:95,(anonymous_8)
FN:99,(anonymous_9)
FN:108,(anonymous_10)
FN:113,(anonymous_11)
FN:120,(anonymous_12)
FNF:13
FNH:13
FNDA:26,(anonymous_0)
FNDA:9,(anonymous_1)
FNDA:2,(anonymous_2)
FNDA:9,(anonymous_3)
FNDA:6,(anonymous_4)
FNDA:5,(anonymous_5)
FNDA:4,(anonymous_6)
FNDA:2,(anonymous_7)
FNDA:2,(anonymous_8)
FNDA:3,(anonymous_9)
FNDA:2,(anonymous_10)
FNDA:15,(anonymous_11)
FNDA:25,(anonymous_12)
DA:1,24
DA:2,24
DA:8,24
DA:15,24
DA:19,26
DA:20,26
DA:25,26
DA:32,9
DA:42,2
DA:46,9
DA:47,9
DA:48,1
DA:52,8
DA:53,8
DA:54,8
DA:58,6
DA:59,6
DA:60,9
DA:63,6
DA:67,5
DA:69,5
DA:70,17
DA:73,5
DA:78,4
DA:79,4
DA:80,4
DA:81,4
DA:87,2
DA:88,2
DA:89,2
DA:92,2
DA:96,2
DA:100,3
DA:101,3
DA:102,1
DA:105,2
DA:109,2
DA:110,2
DA:114,15
DA:115,15
DA:117,15
DA:121,25
DA:122,2
LF:43
LH:43
BRDA:25,0,0,15
BRDA:25,0,1,11
BRDA:34,1,0,9
BRDA:34,1,1,0
BRDA:34,2,0,9
BRDA:34,2,1,0
BRDA:46,3,0,9
BRDA:47,4,0,1
BRDA:79,5,0,4
BRDA:87,6,0,2
BRDA:101,7,0,1
BRDA:109,8,0,2
BRDA:109,8,1,0
BRDA:121,9,0,2
BRF:14
BRH:11
end_of_record
TN:
SF:src/reactive/observable-value.ts
FN:23,(anonymous_0)
FN:31,(anonymous_1)
FN:38,(anonymous_2)
FN:52,(anonymous_3)
FN:60,(anonymous_4)
FN:67,(anonymous_5)
FN:83,(anonymous_6)
FN:96,(anonymous_7)
FNF:8
FNH:8
FNDA:95,(anonymous_0)
FNDA:109,(anonymous_1)
FNDA:10,(anonymous_2)
FNDA:50,(anonymous_3)
FNDA:3,(anonymous_4)
FNDA:22,(anonymous_5)
FNDA:1,(anonymous_6)
FNDA:57,(anonymous_7)
DA:1,28
DA:12,28
DA:16,95
DA:24,95
DA:25,95
DA:32,109
DA:39,10
DA:40,1
DA:43,9
DA:53,50
DA:54,50
DA:61,3
DA:68,22
DA:84,1
DA:85,1
DA:101,57
DA:102,57
LF:17
LH:17
BRDA:39,0,0,1
BRDA:101,1,0,55
BRDA:101,1,1,2
BRDA:101,2,0,57
BRDA:101,2,1,10
BRF:5
BRH:5
end_of_record
TN:
SF:src/reactive/transformers/combine.ts
FN:26,(anonymous_0)
FN:39,(anonymous_1)
FN:47,(anonymous_2)
FN:58,(anonymous_3)
FN:69,(anonymous_4)
FN:82,(anonymous_5)
FN:91,(anonymous_6)
FNF:7
FNH:7
FNDA:4,(anonymous_0)
FNDA:4,(anonymous_1)
FNDA:4,(anonymous_2)
FNDA:6,(anonymous_3)
FNDA:6,(anonymous_4)
FNDA:1,(anonymous_5)
FNDA:2,(anonymous_6)
DA:1,1
DA:2,1
DA:26,1
DA:31,4
DA:37,4
DA:40,4
DA:41,4
DA:42,4
DA:44,4
DA:51,4
DA:55,4
DA:57,4
DA:59,6
DA:61,6
DA:62,2
DA:65,2
DA:70,6
DA:71,6
DA:73,6
DA:74,6
DA:76,6
DA:77,3
DA:83,1
DA:84,1
DA:85,1
DA:92,2
LF:26
LH:26
BRDA:55,0,0,4
BRDA:55,0,1,3
BRDA:61,1,0,2
BRDA:73,2,0,6
BRDA:76,3,0,3
BRDA:76,4,0,6
BRDA:76,4,1,4
BRDA:76,4,2,5
BRF:8
BRH:8
end_of_record
TN:
SF:src/reactive/transformers/map.ts
FN:19,(anonymous_0)
FN:25,(anonymous_1)
FN:32,(anonymous_2)
FN:36,(anonymous_3)
FNF:4
FNH:4
FNDA:4,(anonymous_0)
FNDA:4,(anonymous_1)
FNDA:4,(anonymous_2)
FNDA:5,(anonymous_3)
DA:1,1
DA:19,1
DA:22,4
DA:26,4
DA:27,4
DA:29,4
DA:36,4
DA:37,5
DA:38,5
LF:9
LH:9
BRF:0
BRH:0
end_of_record
TN:
SF:src/troubleshooting/global.ts
FNF:0
FNH:0
DA:2,23
LF:1
LH:1
BRF:0
BRH:0
end_of_record
TN:
SF:src/troubleshooting/noop-troubleshooter.ts
FN:5,(anonymous_0)
FN:9,(anonymous_1)
FN:13,(anonymous_2)
FNF:3
FNH:0
FNDA:0,(anonymous_0)
FNDA:0,(anonymous_1)
FNDA:0,(anonymous_2)
DA:2,23
DA:4,23
DA:6,0
DA:10,0
DA:14,0
LF:5
LH:2
BRF:0
BRH:0
end_of_record
TN:
SF:src/utils/array.ts
FN:2,(anonymous_0)
FNF:1
FNH:1
FNDA:29,(anonymous_0)
DA:1,29
DA:3,29
DA:5,29
DA:6,138
DA:7,28
DA:11,29
DA:12,28
LF:7
LH:7
BRDA:6,0,0,28
BRDA:11,1,0,28
BRF:2
BRH:2
end_of_record
TN:
SF:src/view/default-view-renderer.ts
FN:32,(anonymous_0)
FN:41,(anonymous_1)
FN:68,(anonymous_2)
FN:116,(anonymous_3)
FN:118,(anonymous_4)
FN:132,(anonymous_5)
FN:168,(anonymous_6)
FN:225,(anonymous_7)
FN:232,(anonymous_8)
FN:246,(anonymous_9)
FN:249,(anonymous_10)
FN:281,(anonymous_11)
FN:296,(anonymous_12)
FN:308,(anonymous_13)
FN:331,(anonymous_14)
FN:342,(anonymous_15)
FN:356,(anonymous_16)
FN:367,(anonymous_17)
FN:368,(anonymous_18)
FN:374,(anonymous_19)
FNF:20
FNH:17
FNDA:79,(anonymous_0)
FNDA:107,(anonymous_1)
FNDA:22,(anonymous_2)
FNDA:0,(anonymous_3)
FNDA:0,(anonymous_4)
FNDA:107,(anonymous_5)
FNDA:139,(anonymous_6)
FNDA:0,(anonymous_7)
FNDA:20,(anonymous_8)
FNDA:20,(anonymous_9)
FNDA:119,(anonymous_10)
FNDA:4,(anonymous_11)
FNDA:119,(anonymous_12)
FNDA:25,(anonymous_13)
FNDA:7,(anonymous_14)
FNDA:25,(anonymous_15)
FNDA:6,(anonymous_16)
FNDA:6,(anonymous_17)
FNDA:4,(anonymous_18)
FNDA:2,(anonymous_19)
DA:2,23
DA:12,23
DA:18,23
DA:31,23
DA:33,79
DA:34,79
DA:35,79
DA:46,107
DA:47,107
DA:49,107
DA:50,107
DA:54,107
DA:62,107
DA:64,107
DA:65,105
DA:67,105
DA:69,22
DA:77,107
DA:78,107
DA:79,3
DA:90,107
DA:91,62
DA:97,107
DA:98,107
DA:99,0
DA:113,107
DA:114,107
DA:115,0
DA:117,0
DA:119,0
DA:129,107
DA:136,107
DA:139,107
DA:142,107
DA:143,97
DA:147,97
DA:153,10
DA:155,10
DA:156,10
DA:162,0
DA:175,139
DA:183,119
DA:185,119
DA:189,119
DA:190,119
DA:199,119
DA:201,119
DA:204,20
DA:210,20
DA:222,20
DA:225,0
DA:226,0
DA:229,0
DA:238,20
DA:242,20
DA:243,0
DA:246,20
DA:256,119
DA:257,98
DA:259,98
DA:260,51
DA:261,47
DA:262,4
DA:263,43
DA:264,32
DA:271,32
DA:272,14
DA:274,11
DA:275,4
DA:276,4
DA:278,4
DA:280,4
DA:281,4
DA:287,7
DA:302,119
DA:304,64
DA:305,64
DA:307,64
DA:308,25
DA:309,25
DA:311,39
DA:312,6
DA:320,33
DA:328,26
DA:330,7
DA:332,7
DA:347,25
DA:349,25
DA:350,0
DA:353,25
DA:363,6
DA:367,6
DA:368,6
DA:369,4
DA:371,6
DA:373,6
DA:374,2
LF:97
LH:87
BRDA:64,0,0,105
BRDA:78,1,0,3
BRDA:78,2,0,107
BRDA:78,2,1,107
BRDA:98,3,0,0
BRDA:98,4,0,107
BRDA:98,4,1,107
BRDA:114,5,0,0
BRDA:114,6,0,107
BRDA:114,6,1,107
BRDA:139,7,0,107
BRDA:139,7,1,107
BRDA:142,8,0,97
BRDA:155,9,0,10
BRDA:175,10,0,119
BRDA:183,11,0,119
BRDA:183,11,1,118
BRDA:185,12,0,3
BRDA:185,12,1,116
BRDA:189,13,0,119
BRDA:204,14,0,20
BRDA:242,15,0,0
BRDA:259,16,0,51
BRDA:259,16,1,47
BRDA:261,17,0,4
BRDA:261,17,1,43
BRDA:263,18,0,32
BRDA:263,18,1,11
BRDA:271,19,0,14
BRDA:274,20,0,4
BRDA:274,20,1,7
BRDA:289,21,0,7
BRDA:289,21,1,0
BRDA:289,22,0,7
BRDA:289,22,1,0
BRDA:289,23,0,7
BRDA:289,23,1,7
BRDA:304,24,0,64
BRDA:304,24,1,0
BRDA:304,25,0,64
BRDA:304,25,1,64
BRDA:307,26,0,25
BRDA:307,26,1,39
BRDA:311,27,0,6
BRDA:311,27,1,33
BRDA:320,28,0,26
BRDA:320,28,1,7
BRDA:349,29,0,0
BRDA:363,30,0,3
BRDA:363,30,1,3
BRDA:363,31,0,6
BRDA:363,31,1,6
BRF:52
BRH:45
end_of_record
TN:
SF:src/view/dom-engine-native.ts
FN:7,(anonymous_0)
FN:12,(anonymous_1)
FN:19,(anonymous_2)
FN:27,(anonymous_3)
FN:36,(anonymous_4)
FN:38,(anonymous_5)
FN:42,(anonymous_6)
FN:46,(anonymous_7)
FN:50,(anonymous_8)
FN:54,(anonymous_9)
FN:58,(anonymous_10)
FN:62,(anonymous_11)
FN:66,(anonymous_12)
FN:71,(anonymous_13)
FN:75,(anonymous_14)
FN:81,(anonymous_15)
FN:85,(anonymous_16)
FN:89,(anonymous_17)
FN:93,(anonymous_18)
FN:97,(anonymous_19)
FN:103,(anonymous_20)
FN:105,(anonymous_21)
FN:111,(anonymous_22)
FN:115,(anonymous_23)
FN:119,(anonymous_24)
FN:125,(anonymous_25)
FN:140,(anonymous_26)
FNF:27
FNH:23
FNDA:9,(anonymous_0)
FNDA:13,(anonymous_1)
FNDA:7,(anonymous_2)
FNDA:19,(anonymous_3)
FNDA:201,(anonymous_4)
FNDA:0,(anonymous_5)
FNDA:7,(anonymous_6)
FNDA:119,(anonymous_7)
FNDA:67,(anonymous_8)
FNDA:34,(anonymous_9)
FNDA:0,(anonymous_10)
FNDA:0,(anonymous_11)
FNDA:7,(anonymous_12)
FNDA:2,(anonymous_13)
FNDA:22,(anonymous_14)
FNDA:9,(anonymous_15)
FNDA:1,(anonymous_16)
FNDA:8,(anonymous_17)
FNDA:0,(anonymous_18)
FNDA:6,(anonymous_19)
FNDA:67,(anonymous_20)
FNDA:6,(anonymous_21)
FNDA:4,(anonymous_22)
FNDA:116,(anonymous_23)
FNDA:3,(anonymous_24)
FNDA:79,(anonymous_25)
FNDA:67,(anonymous_26)
DA:7,9
DA:8,9
DA:9,9
DA:13,13
DA:14,13
DA:15,13
DA:20,7
DA:21,7
DA:22,6
DA:23,6
DA:28,19
DA:36,201
DA:39,0
DA:43,7
DA:47,119
DA:51,67
DA:55,34
DA:59,0
DA:63,0
DA:67,7
DA:68,7
DA:72,2
DA:76,22
DA:77,22
DA:82,9
DA:86,1
DA:90,8
DA:94,0
DA:98,6
DA:103,67
DA:106,6
DA:110,23
DA:112,4
DA:116,116
DA:120,3
DA:126,79
DA:127,2
DA:128,2
DA:129,1
DA:133,78
DA:134,77
DA:137,1
DA:141,67
LF:43
LH:39
BRDA:9,0,0,8
BRDA:9,0,1,1
BRDA:13,1,0,13
BRDA:21,2,0,6
BRDA:76,3,0,22
BRDA:126,4,0,2
BRDA:128,5,0,1
BRDA:133,6,0,77
BRF:8
BRH:8
end_of_record
TN:
SF:src/view/components/index.ts
FNF:0
FNH:0
DA:1,1
DA:2,1
DA:3,1
LF:3
LH:3
BRF:0
BRH:0
end_of_record
TN:
SF:src/view/components/list.ts
FN:17,(anonymous_0)
FN:21,(anonymous_1)
FNF:2
FNH:2
FNDA:8,(anonymous_0)
FNDA:8,(anonymous_1)
DA:7,4
DA:14,4
DA:18,8
DA:25,8
LF:4
LH:4
BRF:0
BRH:0
end_of_record
TN:
SF:src/view/components/null.ts
FN:17,(anonymous_0)
FN:21,(anonymous_1)
FNF:2
FNH:2
FNDA:2,(anonymous_0)
FNDA:2,(anonymous_1)
DA:7,1
DA:14,1
DA:18,2
DA:25,2
LF:4
LH:4
BRF:0
BRH:0
end_of_record
TN:
SF:src/view/components/value.ts
FN:17,(anonymous_0)
FN:21,(anonymous_1)
FNF:2
FNH:2
FNDA:10,(anonymous_0)
FNDA:10,(anonymous_1)
DA:5,5
DA:14,5
DA:18,10
DA:25,10
LF:4
LH:4
BRF:0
BRH:0
end_of_record
TN:
SF:src/view/connectors/abstract.ts
FN:10,(anonymous_0)
FN:18,(anonymous_1)
FN:25,(anonymous_2)
FN:32,(anonymous_3)
FN:37,(anonymous_4)
FN:50,(anonymous_5)
FN:64,(anonymous_6)
FN:75,(anonymous_7)
FN:81,(anonymous_8)
FNF:9
FNH:9
FNDA:47,(anonymous_0)
FNDA:55,(anonymous_1)
FNDA:6,(anonymous_2)
FNDA:64,(anonymous_3)
FNDA:70,(anonymous_4)
FNDA:9,(anonymous_5)
FNDA:14,(anonymous_6)
FNDA:1,(anonymous_7)
FNDA:2,(anonymous_8)
DA:3,23
DA:6,23
DA:7,47
DA:8,47
DA:12,47
DA:14,47
DA:15,3
DA:16,44
DA:17,43
DA:18,55
DA:20,6
DA:26,6
DA:27,6
DA:28,6
DA:33,64
DA:34,64
DA:38,70
DA:39,5
DA:40,5
DA:45,23
DA:59,9
DA:62,9
DA:64,9
DA:65,14
DA:66,14
DA:69,9
DA:73,1
DA:75,1
DA:76,1
DA:82,2
DA:83,2
DA:84,0
LF:32
LH:31
BRDA:14,0,0,3
BRDA:14,0,1,44
BRDA:16,1,0,43
BRDA:17,2,0,37
BRDA:17,2,1,6
BRDA:27,3,0,6
BRDA:38,4,0,5
BRDA:69,5,0,1
BRDA:70,6,0,9
BRDA:70,6,1,9
BRDA:83,7,0,0
BRF:11
BRH:10
end_of_record
TN:
SF:src/view/connectors/index.ts
FNF:0
FNH:0
DA:1,23
DA:2,23
DA:3,23
DA:4,23
LF:4
LH:4
BRF:0
BRH:0
end_of_record
TN:
SF:src/view/connectors/listenable-attribute-connector.ts
FN:11,(anonymous_0)
FN:16,(anonymous_1)
FNF:2
FNH:2
FNDA:7,(anonymous_0)
FNDA:8,(anonymous_1)
DA:1,23
DA:8,23
DA:16,7
DA:17,8
DA:18,0
DA:19,8
DA:20,2
DA:22,6
DA:29,8
LF:9
LH:8
BRDA:17,0,0,0
BRDA:17,0,1,8
BRDA:19,1,0,2
BRDA:19,1,1,6
BRF:4
BRH:3
end_of_record
TN:
SF:src/view/connectors/listenable-text-connector.ts
FN:20,(anonymous_0)
FN:24,(anonymous_1)
FNF:2
FNH:2
FNDA:4,(anonymous_0)
FNDA:6,(anonymous_1)
DA:1,23
DA:17,23
DA:24,4
DA:25,6
DA:37,6
LF:5
LH:5
BRDA:26,0,0,0
BRDA:26,0,1,6
BRDA:26,1,0,6
BRDA:26,1,1,6
BRDA:28,2,0,6
BRDA:28,2,1,0
BRF:6
BRH:4
end_of_record
TN:
SF:src/view/connectors/null-view-connector.ts
FN:18,(anonymous_0)
FN:24,(anonymous_1)
FNF:2
FNH:2
FNDA:2,(anonymous_0)
FNDA:2,(anonymous_1)
DA:5,1
DA:17,1
DA:24,2
DA:25,2
DA:26,1
DA:29,1
LF:6
LH:6
BRDA:25,0,0,1
BRDA:25,1,0,2
BRDA:25,1,1,1
BRF:3
BRH:3
end_of_record
TN:
SF:src/view/connectors/observable-list-view-connector.ts
FN:30,(anonymous_0)
FN:40,(anonymous_1)
FN:44,(anonymous_2)
FN:53,(anonymous_3)
FN:63,(anonymous_4)
FN:74,(anonymous_5)
FN:87,(anonymous_6)
FN:112,(anonymous_7)
FNF:8
FNH:7
FNDA:8,(anonymous_0)
FNDA:10,(anonymous_1)
FNDA:0,(anonymous_2)
FNDA:1,(anonymous_3)
FNDA:4,(anonymous_4)
FNDA:4,(anonymous_5)
FNDA:11,(anonymous_6)
FNDA:9,(anonymous_7)
DA:2,23
DA:21,23
DA:22,8
DA:31,8
DA:32,8
DA:33,8
DA:34,8
DA:36,8
DA:38,8
DA:39,7
DA:40,6
DA:41,10
DA:43,1
DA:44,0
DA:45,0
DA:48,1
DA:54,1
DA:55,1
DA:58,1
DA:59,3
DA:64,4
DA:65,5
DA:66,5
DA:67,4
DA:71,0
DA:75,4
DA:76,4
DA:77,9
DA:78,4
DA:82,4
DA:83,4
DA:90,11
DA:91,2
DA:92,4
DA:93,4
DA:95,4
DA:96,4
DA:97,4
DA:100,9
DA:101,1
DA:103,8
DA:104,2
DA:107,8
DA:108,8
DA:113,9
DA:114,0
DA:117,9
DA:118,20
DA:119,20
DA:125,20
LF:50
LH:46
BRDA:38,0,0,7
BRDA:39,1,0,6
BRDA:39,1,1,1
BRDA:41,2,0,10
BRDA:41,2,1,0
BRDA:43,3,0,0
BRDA:43,3,1,1
BRDA:45,4,0,0
BRDA:45,4,1,0
BRDA:54,5,0,1
BRDA:66,6,0,4
BRDA:77,7,0,4
BRDA:82,8,0,4
BRDA:90,9,0,2
BRDA:90,9,1,9
BRDA:95,10,0,4
BRDA:100,11,0,1
BRDA:100,11,1,8
BRDA:113,12,0,0
BRF:19
BRH:14
end_of_record
TN:
SF:src/view/connectors/observable-value-view-connector.ts
FN:18,(anonymous_0)
FN:24,(anonymous_1)
FNF:2
FNH:2
FNDA:10,(anonymous_0)
FNDA:11,(anonymous_1)
DA:5,23
DA:15,23
DA:24,10
DA:25,11
DA:26,8
DA:29,3
LF:6
LH:6
BRDA:25,0,0,8
BRDA:25,1,0,11
BRDA:25,1,1,8
BRF:3
BRH:3
end_of_record
TN:
SF:src/view/jsx/index.ts
FN:53,(anonymous_0)
FNF:1
FNH:1
FNDA:139,(anonymous_0)
DA:9,22
DA:53,22
DA:54,139
DA:55,139
DA:57,139
DA:58,98
DA:62,139
DA:64,139
DA:68,139
LF:9
LH:9
BRDA:62,0,0,136
BRDA:62,0,1,3
BRDA:62,1,0,139
BRDA:62,1,1,136
BRDA:64,2,0,63
BRDA:64,2,1,76
BRF:6
BRH:6
end_of_record
