<?xml version="1.0" encoding="UTF-8"?>
<coverage generated="1716833981259" clover="3.2.0">
  <project timestamp="1716833981259" name="All files">
    <metrics statements="644" coveredstatements="603" conditionals="246" coveredconditionals="210" methods="188" coveredmethods="164" elements="1078" coveredelements="977" complexity="0" loc="644" ncloc="644" packages="13" files="41" classes="41"/>
    <package name="src">
      <metrics statements="22" coveredstatements="22" conditionals="35" coveredconditionals="32" methods="3" coveredmethods="3"/>
      <file name="application.ts" path="/home/runner/work/JohnSmith/JohnSmith/src/application.ts">
        <metrics statements="16" coveredstatements="16" conditionals="35" coveredconditionals="32" methods="2" coveredmethods="2"/>
        <line num="3" count="26" type="stmt"/>
        <line num="5" count="26" type="stmt"/>
        <line num="7" count="26" type="stmt"/>
        <line num="9" count="26" type="stmt"/>
        <line num="11" count="26" type="stmt"/>
        <line num="16" count="26" type="stmt"/>
        <line num="28" count="84" type="cond" truecount="7" falsecount="1"/>
        <line num="29" count="84" type="stmt"/>
        <line num="31" count="84" type="stmt"/>
        <line num="36" count="84" type="stmt"/>
        <line num="60" count="84" type="stmt"/>
        <line num="61" count="84" type="cond" truecount="1" falsecount="0"/>
        <line num="62" count="82" type="stmt"/>
        <line num="63" count="82" type="stmt"/>
        <line num="64" count="82" type="stmt"/>
        <line num="67" count="2" type="stmt"/>
      </file>
      <file name="global.ts" path="/home/runner/work/JohnSmith/JohnSmith/src/global.ts">
        <metrics statements="4" coveredstatements="4" conditionals="0" coveredconditionals="0" methods="1" coveredmethods="1"/>
        <line num="1" count="26" type="stmt"/>
        <line num="3" count="26" type="stmt"/>
        <line num="4" count="26" type="stmt"/>
        <line num="12" count="26" type="stmt"/>
      </file>
      <file name="index.ts" path="/home/runner/work/JohnSmith/JohnSmith/src/index.ts">
        <metrics statements="1" coveredstatements="1" conditionals="0" coveredconditionals="0" methods="0" coveredmethods="0"/>
        <line num="1" count="26" type="stmt"/>
      </file>
      <file name="version.ts" path="/home/runner/work/JohnSmith/JohnSmith/src/version.ts">
        <metrics statements="1" coveredstatements="1" conditionals="0" coveredconditionals="0" methods="0" coveredmethods="0"/>
        <line num="1" count="26" type="stmt"/>
      </file>
    </package>
    <package name="src.binding">
      <metrics statements="5" coveredstatements="5" conditionals="0" coveredconditionals="0" methods="0" coveredmethods="0"/>
      <file name="default.ts" path="/home/runner/work/JohnSmith/JohnSmith/src/binding/default.ts">
        <metrics statements="4" coveredstatements="4" conditionals="0" coveredconditionals="0" methods="0" coveredmethods="0"/>
        <line num="1" count="26" type="stmt"/>
        <line num="2" count="26" type="stmt"/>
        <line num="3" count="26" type="stmt"/>
        <line num="4" count="26" type="stmt"/>
      </file>
      <file name="registry.ts" path="/home/runner/work/JohnSmith/JohnSmith/src/binding/registry.ts">
        <metrics statements="1" coveredstatements="1" conditionals="0" coveredconditionals="0" methods="0" coveredmethods="0"/>
        <line num="12" count="26" type="stmt"/>
      </file>
    </package>
    <package name="src.binding.ext">
      <metrics statements="50" coveredstatements="49" conditionals="15" coveredconditionals="14" methods="13" coveredmethods="12"/>
      <file name="bind.ts" path="/home/runner/work/JohnSmith/JohnSmith/src/binding/ext/bind.ts">
        <metrics statements="8" coveredstatements="8" conditionals="1" coveredconditionals="1" methods="1" coveredmethods="1"/>
        <line num="10" count="1" type="stmt"/>
        <line num="12" count="1" type="stmt"/>
        <line num="21" count="1" type="stmt"/>
        <line num="25" count="4" type="stmt"/>
        <line num="28" count="4" type="stmt"/>
        <line num="30" count="4" type="cond" truecount="1" falsecount="0"/>
        <line num="31" count="2" type="stmt"/>
        <line num="34" count="2" type="stmt"/>
      </file>
      <file name="checked.ts" path="/home/runner/work/JohnSmith/JohnSmith/src/binding/ext/checked.ts">
        <metrics statements="6" coveredstatements="5" conditionals="0" coveredconditionals="0" methods="3" coveredmethods="2"/>
        <line num="10" count="26" type="stmt"/>
        <line num="13" count="26" type="stmt"/>
        <line num="29" count="26" type="stmt"/>
        <line num="33" count="4" type="stmt"/>
        <line num="36" count="0" type="stmt"/>
        <line num="37" count="6" type="stmt"/>
      </file>
      <file name="className.ts" path="/home/runner/work/JohnSmith/JohnSmith/src/binding/ext/className.ts">
        <metrics statements="22" coveredstatements="22" conditionals="6" coveredconditionals="6" methods="4" coveredmethods="4"/>
        <line num="10" count="26" type="stmt"/>
        <line num="12" count="26" type="stmt"/>
        <line num="13" count="26" type="stmt"/>
        <line num="14" count="26" type="stmt"/>
        <line num="23" count="26" type="stmt"/>
        <line num="28" count="8" type="stmt"/>
        <line num="31" count="8" type="cond" truecount="3" falsecount="0"/>
        <line num="32" count="5" type="stmt"/>
        <line num="35" count="8" type="cond" truecount="1" falsecount="0"/>
        <line num="36" count="2" type="stmt"/>
        <line num="39" count="6" type="stmt"/>
        <line num="41" count="6" type="stmt"/>
        <line num="43" count="4" type="stmt"/>
        <line num="51" count="3" type="stmt"/>
        <line num="52" count="3" type="stmt"/>
        <line num="54" count="3" type="stmt"/>
        <line num="55" count="6" type="stmt"/>
        <line num="59" count="9" type="cond" truecount="2" falsecount="0"/>
        <line num="60" count="6" type="stmt"/>
        <line num="62" count="3" type="stmt"/>
        <line num="65" count="9" type="stmt"/>
        <line num="71" count="3" type="stmt"/>
      </file>
      <file name="innerHTML.ts" path="/home/runner/work/JohnSmith/JohnSmith/src/binding/ext/innerHTML.ts">
        <metrics statements="6" coveredstatements="6" conditionals="2" coveredconditionals="2" methods="2" coveredmethods="2"/>
        <line num="12" count="26" type="stmt"/>
        <line num="15" count="26" type="stmt"/>
        <line num="36" count="26" type="stmt"/>
        <line num="40" count="4" type="stmt"/>
        <line num="43" count="6" type="cond" truecount="2" falsecount="0"/>
        <line num="45" count="6" type="stmt"/>
      </file>
      <file name="value.ts" path="/home/runner/work/JohnSmith/JohnSmith/src/binding/ext/value.ts">
        <metrics statements="8" coveredstatements="8" conditionals="6" coveredconditionals="5" methods="3" coveredmethods="3"/>
        <line num="10" count="26" type="stmt"/>
        <line num="13" count="26" type="stmt"/>
        <line num="49" count="26" type="stmt"/>
        <line num="53" count="5" type="stmt"/>
        <line num="57" count="5" type="cond" truecount="3" falsecount="1"/>
        <line num="67" count="5" type="stmt"/>
        <line num="70" count="1" type="stmt"/>
        <line num="72" count="8" type="cond" truecount="2" falsecount="0"/>
      </file>
    </package>
    <package name="src.common">
      <metrics statements="22" coveredstatements="22" conditionals="7" coveredconditionals="7" methods="7" coveredmethods="6"/>
      <file name="disposable.ts" path="/home/runner/work/JohnSmith/JohnSmith/src/common/disposable.ts">
        <metrics statements="3" coveredstatements="3" conditionals="0" coveredconditionals="0" methods="2" coveredmethods="1"/>
        <line num="19" count="29" type="stmt"/>
        <line num="27" count="29" type="stmt"/>
        <line num="28" count="2" type="stmt"/>
      </file>
      <file name="index.ts" path="/home/runner/work/JohnSmith/JohnSmith/src/common/index.ts">
        <metrics statements="2" coveredstatements="2" conditionals="0" coveredconditionals="0" methods="0" coveredmethods="0"/>
        <line num="1" count="28" type="stmt"/>
        <line num="2" count="28" type="stmt"/>
      </file>
      <file name="owner.ts" path="/home/runner/work/JohnSmith/JohnSmith/src/common/owner.ts">
        <metrics statements="17" coveredstatements="17" conditionals="7" coveredconditionals="7" methods="5" coveredmethods="5"/>
        <line num="1" count="29" type="stmt"/>
        <line num="18" count="29" type="stmt"/>
        <line num="29" count="130" type="cond" truecount="2" falsecount="0"/>
        <line num="43" count="203" type="stmt"/>
        <line num="44" count="203" type="stmt"/>
        <line num="50" count="4" type="cond" truecount="1" falsecount="0"/>
        <line num="51" count="1" type="stmt"/>
        <line num="54" count="3" type="stmt"/>
        <line num="61" count="27" type="stmt"/>
        <line num="62" count="40" type="stmt"/>
        <line num="67" count="29" type="stmt"/>
        <line num="68" count="6" type="cond" truecount="1" falsecount="0"/>
        <line num="69" count="2" type="cond" truecount="2" falsecount="0"/>
        <line num="70" count="1" type="stmt"/>
        <line num="71" count="1" type="cond" truecount="1" falsecount="0"/>
        <line num="72" count="1" type="stmt"/>
        <line num="76" count="4" type="stmt"/>
      </file>
    </package>
    <package name="src.debugging">
      <metrics statements="70" coveredstatements="59" conditionals="14" coveredconditionals="7" methods="20" coveredmethods="12"/>
      <file name="debug-troubleshooter.ts" path="/home/runner/work/JohnSmith/JohnSmith/src/debugging/debug-troubleshooter.ts">
        <metrics statements="27" coveredstatements="22" conditionals="9" coveredconditionals="5" methods="9" coveredmethods="5"/>
        <line num="6" count="1" type="stmt"/>
        <line num="10" count="2" type="stmt"/>
        <line num="11" count="2" type="stmt"/>
        <line num="12" count="2" type="stmt"/>
        <line num="14" count="2" type="stmt"/>
        <line num="18" count="0" type="stmt"/>
        <line num="22" count="0" type="stmt"/>
        <line num="26" count="1" type="stmt"/>
        <line num="27" count="3" type="stmt"/>
        <line num="28" count="3" type="stmt"/>
        <line num="31" count="3" type="stmt"/>
        <line num="32" count="3" type="stmt"/>
        <line num="33" count="3" type="stmt"/>
        <line num="37" count="1" type="stmt"/>
        <line num="49" count="1" type="stmt"/>
        <line num="59" count="0" type="stmt"/>
        <line num="66" count="2" type="cond" truecount="1" falsecount="0"/>
        <line num="67" count="2" type="stmt"/>
        <line num="68" count="2" type="stmt"/>
        <line num="71" count="2" type="stmt"/>
        <line num="72" count="2" type="stmt"/>
        <line num="74" count="2" type="stmt"/>
        <line num="75" count="2" type="stmt"/>
        <line num="76" count="0" type="stmt"/>
        <line num="79" count="2" type="cond" truecount="3" falsecount="1"/>
        <line num="81" count="2" type="stmt"/>
        <line num="83" count="0" type="stmt"/>
      </file>
      <file name="errors-view-model.ts" path="/home/runner/work/JohnSmith/JohnSmith/src/debugging/errors-view-model.ts">
        <metrics statements="3" coveredstatements="3" conditionals="0" coveredconditionals="0" methods="1" coveredmethods="1"/>
        <line num="1" count="1" type="stmt"/>
        <line num="4" count="1" type="stmt"/>
        <line num="5" count="1" type="stmt"/>
      </file>
      <file name="errors-view.tsx" path="/home/runner/work/JohnSmith/JohnSmith/src/debugging/errors-view.tsx">
        <metrics statements="9" coveredstatements="7" conditionals="0" coveredconditionals="0" methods="5" coveredmethods="3"/>
        <line num="3" count="1" type="stmt"/>
        <line num="4" count="1" type="stmt"/>
        <line num="5" count="1" type="stmt"/>
        <line num="7" count="1" type="stmt"/>
        <line num="8" count="2" type="stmt"/>
        <line num="11" count="2" type="stmt"/>
        <line num="31" count="4" type="stmt"/>
        <line num="33" count="0" type="stmt"/>
        <line num="34" count="0" type="stmt"/>
      </file>
      <file name="includes.ts" path="/home/runner/work/JohnSmith/JohnSmith/src/debugging/includes.ts">
        <metrics statements="31" coveredstatements="27" conditionals="5" coveredconditionals="2" methods="5" coveredmethods="3"/>
        <line num="1" count="1" type="stmt"/>
        <line num="2" count="1" type="stmt"/>
        <line num="3" count="1" type="stmt"/>
        <line num="4" count="1" type="stmt"/>
        <line num="5" count="1" type="stmt"/>
        <line num="6" count="1" type="stmt"/>
        <line num="7" count="1" type="stmt"/>
        <line num="9" count="1" type="stmt"/>
        <line num="11" count="1" type="cond" truecount="1" falsecount="1"/>
        <line num="12" count="1" type="cond" truecount="1" falsecount="1"/>
        <line num="14" count="1" type="stmt"/>
        <line num="16" count="1" type="stmt"/>
        <line num="17" count="3" type="stmt"/>
        <line num="18" count="3" type="stmt"/>
        <line num="20" count="3" type="stmt"/>
        <line num="22" count="3" type="stmt"/>
        <line num="24" count="3" type="cond" truecount="0" falsecount="1"/>
        <line num="25" count="0" type="stmt"/>
        <line num="30" count="3" type="stmt"/>
        <line num="31" count="3" type="stmt"/>
        <line num="33" count="3" type="stmt"/>
        <line num="34" count="2" type="stmt"/>
        <line num="41" count="0" type="stmt"/>
        <line num="42" count="0" type="stmt"/>
        <line num="44" count="0" type="stmt"/>
        <line num="48" count="1" type="stmt"/>
        <line num="49" count="3" type="stmt"/>
        <line num="51" count="3" type="stmt"/>
        <line num="60" count="3" type="stmt"/>
        <line num="61" count="3" type="stmt"/>
        <line num="139" count="3" type="stmt"/>
      </file>
    </package>
    <package name="src.reactive">
      <metrics statements="112" coveredstatements="112" conditionals="31" coveredconditionals="28" methods="40" coveredmethods="40"/>
      <file name="bidirectional-value.ts" path="/home/runner/work/JohnSmith/JohnSmith/src/reactive/bidirectional-value.ts">
        <metrics statements="9" coveredstatements="9" conditionals="8" coveredconditionals="8" methods="2" coveredmethods="2"/>
        <line num="1" count="27" type="stmt"/>
        <line num="9" count="27" type="stmt"/>
        <line num="14" count="7" type="stmt"/>
        <line num="17" count="7" type="stmt"/>
        <line num="21" count="7" type="stmt"/>
        <line num="23" count="7" type="cond" truecount="2" falsecount="0"/>
        <line num="28" count="5" type="stmt"/>
        <line num="29" count="2" type="cond" truecount="1" falsecount="0"/>
        <line num="33" count="1" type="stmt"/>
      </file>
      <file name="event.ts" path="/home/runner/work/JohnSmith/JohnSmith/src/reactive/event.ts">
        <metrics statements="6" coveredstatements="6" conditionals="0" coveredconditionals="0" methods="4" coveredmethods="4"/>
        <line num="1" count="1" type="stmt"/>
        <line num="9" count="1" type="stmt"/>
        <line num="10" count="3" type="stmt"/>
        <line num="16" count="6" type="stmt"/>
        <line num="30" count="4" type="stmt"/>
        <line num="38" count="1" type="stmt"/>
      </file>
      <file name="index.ts" path="/home/runner/work/JohnSmith/JohnSmith/src/reactive/index.ts">
        <metrics statements="4" coveredstatements="4" conditionals="0" coveredconditionals="0" methods="0" coveredmethods="0"/>
        <line num="1" count="26" type="stmt"/>
        <line num="2" count="26" type="stmt"/>
        <line num="3" count="26" type="stmt"/>
        <line num="4" count="26" type="stmt"/>
      </file>
      <file name="listenable.ts" path="/home/runner/work/JohnSmith/JohnSmith/src/reactive/listenable.ts">
        <metrics statements="33" coveredstatements="33" conditionals="4" coveredconditionals="4" methods="13" coveredmethods="13"/>
        <line num="2" count="32" type="stmt"/>
        <line num="7" count="32" type="cond" truecount="2" falsecount="0"/>
        <line num="11" count="32" type="stmt"/>
        <line num="17" count="32" type="stmt"/>
        <line num="23" count="32" type="stmt"/>
        <line num="29" count="32" type="stmt"/>
        <line num="43" count="72" type="stmt"/>
        <line num="44" count="72" type="stmt"/>
        <line num="51" count="12" type="stmt"/>
        <line num="75" count="32" type="stmt"/>
        <line num="120" count="32" type="stmt"/>
        <line num="121" count="98" type="stmt"/>
        <line num="127" count="61" type="stmt"/>
        <line num="128" count="61" type="cond" truecount="1" falsecount="0"/>
        <line num="129" count="55" type="stmt"/>
        <line num="132" count="61" type="stmt"/>
        <line num="136" count="68" type="stmt"/>
        <line num="137" count="28" type="stmt"/>
        <line num="142" count="28" type="stmt"/>
        <line num="151" count="32" type="stmt"/>
        <line num="152" count="26" type="stmt"/>
        <line num="158" count="11" type="stmt"/>
        <line num="159" count="11" type="cond" truecount="1" falsecount="0"/>
        <line num="160" count="11" type="stmt"/>
        <line num="163" count="11" type="stmt"/>
        <line num="167" count="25" type="stmt"/>
        <line num="168" count="10" type="stmt"/>
        <line num="173" count="2" type="stmt"/>
        <line num="181" count="32" type="stmt"/>
        <line num="185" count="32" type="stmt"/>
        <line num="188" count="54" type="stmt"/>
        <line num="191" count="32" type="stmt"/>
        <line num="194" count="9" type="stmt"/>
      </file>
      <file name="observable-list.ts" path="/home/runner/work/JohnSmith/JohnSmith/src/reactive/observable-list.ts">
        <metrics statements="43" coveredstatements="43" conditionals="14" coveredconditionals="11" methods="13" coveredmethods="13"/>
        <line num="1" count="27" type="stmt"/>
        <line num="2" count="27" type="stmt"/>
        <line num="8" count="27" type="stmt"/>
        <line num="15" count="27" type="stmt"/>
        <line num="19" count="26" type="stmt"/>
        <line num="20" count="26" type="stmt"/>
        <line num="25" count="26" type="cond" truecount="2" falsecount="0"/>
        <line num="32" count="11" type="stmt"/>
        <line num="42" count="2" type="stmt"/>
        <line num="46" count="9" type="cond" truecount="1" falsecount="0"/>
        <line num="47" count="9" type="cond" truecount="1" falsecount="0"/>
        <line num="48" count="1" type="stmt"/>
        <line num="52" count="8" type="stmt"/>
        <line num="53" count="8" type="stmt"/>
        <line num="54" count="8" type="stmt"/>
        <line num="58" count="8" type="stmt"/>
        <line num="59" count="8" type="stmt"/>
        <line num="60" count="11" type="stmt"/>
        <line num="63" count="8" type="stmt"/>
        <line num="67" count="5" type="stmt"/>
        <line num="69" count="5" type="stmt"/>
        <line num="70" count="17" type="stmt"/>
        <line num="73" count="5" type="stmt"/>
        <line num="78" count="4" type="stmt"/>
        <line num="79" count="4" type="cond" truecount="1" falsecount="0"/>
        <line num="80" count="4" type="stmt"/>
        <line num="81" count="4" type="stmt"/>
        <line num="87" count="2" type="cond" truecount="1" falsecount="0"/>
        <line num="88" count="2" type="stmt"/>
        <line num="89" count="2" type="stmt"/>
        <line num="92" count="2" type="stmt"/>
        <line num="96" count="4" type="stmt"/>
        <line num="100" count="3" type="stmt"/>
        <line num="101" count="3" type="cond" truecount="1" falsecount="0"/>
        <line num="102" count="1" type="stmt"/>
        <line num="105" count="2" type="stmt"/>
        <line num="109" count="2" type="cond" truecount="1" falsecount="1"/>
        <line num="110" count="2" type="stmt"/>
        <line num="114" count="17" type="stmt"/>
        <line num="115" count="17" type="stmt"/>
        <line num="117" count="17" type="stmt"/>
        <line num="121" count="27" type="cond" truecount="1" falsecount="0"/>
        <line num="122" count="2" type="stmt"/>
      </file>
      <file name="observable-value.ts" path="/home/runner/work/JohnSmith/JohnSmith/src/reactive/observable-value.ts">
        <metrics statements="17" coveredstatements="17" conditionals="5" coveredconditionals="5" methods="8" coveredmethods="8"/>
        <line num="1" count="31" type="stmt"/>
        <line num="12" count="31" type="stmt"/>
        <line num="16" count="95" type="stmt"/>
        <line num="24" count="95" type="stmt"/>
        <line num="25" count="95" type="stmt"/>
        <line num="32" count="117" type="stmt"/>
        <line num="39" count="10" type="cond" truecount="1" falsecount="0"/>
        <line num="40" count="1" type="stmt"/>
        <line num="43" count="9" type="stmt"/>
        <line num="53" count="50" type="stmt"/>
        <line num="54" count="50" type="stmt"/>
        <line num="61" count="3" type="stmt"/>
        <line num="68" count="22" type="stmt"/>
        <line num="84" count="1" type="stmt"/>
        <line num="85" count="1" type="stmt"/>
        <line num="101" count="57" type="cond" truecount="4" falsecount="0"/>
        <line num="102" count="57" type="stmt"/>
      </file>
    </package>
    <package name="src.reactive.transformers">
      <metrics statements="35" coveredstatements="35" conditionals="8" coveredconditionals="8" methods="11" coveredmethods="11"/>
      <file name="combine.ts" path="/home/runner/work/JohnSmith/JohnSmith/src/reactive/transformers/combine.ts">
        <metrics statements="26" coveredstatements="26" conditionals="8" coveredconditionals="8" methods="7" coveredmethods="7"/>
        <line num="1" count="1" type="stmt"/>
        <line num="2" count="1" type="stmt"/>
        <line num="26" count="1" type="stmt"/>
        <line num="31" count="4" type="stmt"/>
        <line num="37" count="4" type="stmt"/>
        <line num="40" count="4" type="stmt"/>
        <line num="41" count="4" type="stmt"/>
        <line num="42" count="4" type="stmt"/>
        <line num="44" count="4" type="stmt"/>
        <line num="51" count="4" type="stmt"/>
        <line num="55" count="4" type="cond" truecount="2" falsecount="0"/>
        <line num="57" count="4" type="stmt"/>
        <line num="59" count="6" type="stmt"/>
        <line num="61" count="6" type="cond" truecount="1" falsecount="0"/>
        <line num="62" count="2" type="stmt"/>
        <line num="65" count="2" type="stmt"/>
        <line num="70" count="6" type="stmt"/>
        <line num="71" count="6" type="stmt"/>
        <line num="73" count="6" type="cond" truecount="1" falsecount="0"/>
        <line num="74" count="6" type="stmt"/>
        <line num="76" count="6" type="cond" truecount="4" falsecount="0"/>
        <line num="77" count="3" type="stmt"/>
        <line num="83" count="1" type="stmt"/>
        <line num="84" count="1" type="stmt"/>
        <line num="85" count="1" type="stmt"/>
        <line num="92" count="2" type="stmt"/>
      </file>
      <file name="map.ts" path="/home/runner/work/JohnSmith/JohnSmith/src/reactive/transformers/map.ts">
        <metrics statements="9" coveredstatements="9" conditionals="0" coveredconditionals="0" methods="4" coveredmethods="4"/>
        <line num="1" count="1" type="stmt"/>
        <line num="19" count="1" type="stmt"/>
        <line num="22" count="4" type="stmt"/>
        <line num="26" count="4" type="stmt"/>
        <line num="27" count="4" type="stmt"/>
        <line num="29" count="4" type="stmt"/>
        <line num="36" count="4" type="stmt"/>
        <line num="37" count="5" type="stmt"/>
        <line num="38" count="5" type="stmt"/>
      </file>
    </package>
    <package name="src.troubleshooting">
      <metrics statements="6" coveredstatements="6" conditionals="0" coveredconditionals="0" methods="3" coveredmethods="3"/>
      <file name="global.ts" path="/home/runner/work/JohnSmith/JohnSmith/src/troubleshooting/global.ts">
        <metrics statements="1" coveredstatements="1" conditionals="0" coveredconditionals="0" methods="0" coveredmethods="0"/>
        <line num="2" count="26" type="stmt"/>
      </file>
      <file name="noop-troubleshooter.ts" path="/home/runner/work/JohnSmith/JohnSmith/src/troubleshooting/noop-troubleshooter.ts">
        <metrics statements="5" coveredstatements="5" conditionals="0" coveredconditionals="0" methods="3" coveredmethods="3"/>
        <line num="2" count="27" type="stmt"/>
        <line num="4" count="27" type="stmt"/>
        <line num="6" count="1" type="stmt"/>
        <line num="10" count="1" type="stmt"/>
        <line num="14" count="1" type="stmt"/>
      </file>
    </package>
    <package name="src.utils">
      <metrics statements="7" coveredstatements="7" conditionals="2" coveredconditionals="2" methods="1" coveredmethods="1"/>
      <file name="array.ts" path="/home/runner/work/JohnSmith/JohnSmith/src/utils/array.ts">
        <metrics statements="7" coveredstatements="7" conditionals="2" coveredconditionals="2" methods="1" coveredmethods="1"/>
        <line num="1" count="32" type="stmt"/>
        <line num="3" count="29" type="stmt"/>
        <line num="5" count="29" type="stmt"/>
        <line num="6" count="138" type="cond" truecount="1" falsecount="0"/>
        <line num="7" count="28" type="stmt"/>
        <line num="11" count="29" type="cond" truecount="1" falsecount="0"/>
        <line num="12" count="28" type="stmt"/>
      </file>
    </package>
    <package name="src.view">
      <metrics statements="157" coveredstatements="138" conditionals="76" coveredconditionals="64" methods="57" coveredmethods="45"/>
      <file name="default-view-renderer.ts" path="/home/runner/work/JohnSmith/JohnSmith/src/view/default-view-renderer.ts">
        <metrics statements="101" coveredstatements="92" conditionals="64" coveredconditionals="53" methods="21" coveredmethods="18"/>
        <line num="2" count="26" type="stmt"/>
        <line num="12" count="26" type="stmt"/>
        <line num="18" count="26" type="stmt"/>
        <line num="28" count="26" type="stmt"/>
        <line num="30" count="86" type="stmt"/>
        <line num="31" count="86" type="stmt"/>
        <line num="32" count="86" type="stmt"/>
        <line num="43" count="119" type="stmt"/>
        <line num="44" count="119" type="stmt"/>
        <line num="45" count="119" type="stmt"/>
        <line num="46" count="119" type="stmt"/>
        <line num="50" count="119" type="stmt"/>
        <line num="58" count="119" type="stmt"/>
        <line num="60" count="119" type="cond" truecount="1" falsecount="0"/>
        <line num="61" count="119" type="stmt"/>
        <line num="63" count="119" type="stmt"/>
        <line num="65" count="22" type="stmt"/>
        <line num="71" count="119" type="cond" truecount="4" falsecount="0"/>
        <line num="79" count="119" type="stmt"/>
        <line num="80" count="119" type="cond" truecount="3" falsecount="0"/>
        <line num="81" count="2" type="stmt"/>
        <line num="88" count="119" type="stmt"/>
        <line num="89" count="76" type="stmt"/>
        <line num="95" count="119" type="stmt"/>
        <line num="96" count="119" type="cond" truecount="2" falsecount="1"/>
        <line num="97" count="0" type="stmt"/>
        <line num="105" count="119" type="stmt"/>
        <line num="106" count="119" type="cond" truecount="2" falsecount="1"/>
        <line num="107" count="0" type="stmt"/>
        <line num="110" count="0" type="stmt"/>
        <line num="112" count="0" type="stmt"/>
        <line num="121" count="119" type="stmt"/>
        <line num="124" count="22" type="stmt"/>
        <line num="133" count="119" type="stmt"/>
        <line num="136" count="119" type="cond" truecount="2" falsecount="0"/>
        <line num="139" count="119" type="cond" truecount="1" falsecount="0"/>
        <line num="140" count="105" type="stmt"/>
        <line num="144" count="105" type="stmt"/>
        <line num="150" count="14" type="stmt"/>
        <line num="152" count="14" type="cond" truecount="1" falsecount="0"/>
        <line num="153" count="14" type="stmt"/>
        <line num="159" count="0" type="stmt"/>
        <line num="172" count="182" type="cond" truecount="1" falsecount="0"/>
        <line num="180" count="158" type="cond" truecount="2" falsecount="0"/>
        <line num="182" count="158" type="cond" truecount="2" falsecount="0"/>
        <line num="186" count="158" type="cond" truecount="1" falsecount="0"/>
        <line num="187" count="158" type="stmt"/>
        <line num="196" count="158" type="stmt"/>
        <line num="198" count="158" type="stmt"/>
        <line num="201" count="24" type="cond" truecount="1" falsecount="0"/>
        <line num="207" count="24" type="stmt"/>
        <line num="214" count="0" type="stmt"/>
        <line num="215" count="0" type="stmt"/>
        <line num="218" count="0" type="stmt"/>
        <line num="226" count="24" type="stmt"/>
        <line num="230" count="24" type="cond" truecount="0" falsecount="1"/>
        <line num="232" count="0" type="stmt"/>
        <line num="235" count="24" type="stmt"/>
        <line num="236" count="24" type="stmt"/>
        <line num="237" count="24" type="stmt"/>
        <line num="240" count="24" type="stmt"/>
        <line num="250" count="158" type="stmt"/>
        <line num="251" count="152" type="stmt"/>
        <line num="253" count="152" type="cond" truecount="2" falsecount="0"/>
        <line num="254" count="70" type="stmt"/>
        <line num="255" count="82" type="cond" truecount="2" falsecount="0"/>
        <line num="256" count="8" type="stmt"/>
        <line num="257" count="74" type="cond" truecount="2" falsecount="0"/>
        <line num="258" count="63" type="stmt"/>
        <line num="266" count="63" type="cond" truecount="1" falsecount="0"/>
        <line num="267" count="63" type="stmt"/>
        <line num="269" count="11" type="cond" truecount="2" falsecount="0"/>
        <line num="270" count="4" type="stmt"/>
        <line num="271" count="4" type="stmt"/>
        <line num="273" count="4" type="stmt"/>
        <line num="275" count="4" type="stmt"/>
        <line num="276" count="4" type="stmt"/>
        <line num="282" count="7" type="stmt"/>
        <line num="297" count="158" type="stmt"/>
        <line num="299" count="104" type="cond" truecount="3" falsecount="1"/>
        <line num="300" count="104" type="stmt"/>
        <line num="302" count="104" type="cond" truecount="2" falsecount="0"/>
        <line num="303" count="27" type="stmt"/>
        <line num="304" count="27" type="stmt"/>
        <line num="306" count="77" type="cond" truecount="2" falsecount="0"/>
        <line num="307" count="14" type="stmt"/>
        <line num="315" count="63" type="cond" truecount="2" falsecount="0"/>
        <line num="323" count="56" type="stmt"/>
        <line num="325" count="7" type="stmt"/>
        <line num="327" count="7" type="stmt"/>
        <line num="342" count="27" type="stmt"/>
        <line num="344" count="27" type="cond" truecount="1" falsecount="0"/>
        <line num="345" count="2" type="stmt"/>
        <line num="348" count="25" type="stmt"/>
        <line num="358" count="14" type="cond" truecount="4" falsecount="0"/>
        <line num="362" count="14" type="stmt"/>
        <line num="363" count="14" type="stmt"/>
        <line num="364" count="4" type="stmt"/>
        <line num="366" count="14" type="stmt"/>
        <line num="368" count="14" type="stmt"/>
        <line num="369" count="2" type="stmt"/>
      </file>
      <file name="dom-engine-native.ts" path="/home/runner/work/JohnSmith/JohnSmith/src/view/dom-engine-native.ts">
        <metrics statements="56" coveredstatements="46" conditionals="12" coveredconditionals="11" methods="36" coveredmethods="27"/>
        <line num="5" count="460" type="stmt"/>
        <line num="10" count="0" type="cond" truecount="0" falsecount="1"/>
        <line num="11" count="0" type="stmt"/>
        <line num="21" count="11" type="stmt"/>
        <line num="22" count="11" type="stmt"/>
        <line num="23" count="11" type="cond" truecount="2" falsecount="0"/>
        <line num="27" count="13" type="cond" truecount="1" falsecount="0"/>
        <line num="28" count="13" type="stmt"/>
        <line num="29" count="13" type="stmt"/>
        <line num="34" count="7" type="stmt"/>
        <line num="35" count="7" type="cond" truecount="1" falsecount="0"/>
        <line num="36" count="6" type="stmt"/>
        <line num="37" count="6" type="stmt"/>
        <line num="42" count="19" type="stmt"/>
        <line num="47" count="126" type="stmt"/>
        <line num="48" count="126" type="stmt"/>
        <line num="52" count="119" type="stmt"/>
        <line num="56" count="0" type="stmt"/>
        <line num="64" count="245" type="stmt"/>
        <line num="65" count="245" type="stmt"/>
        <line num="69" count="0" type="stmt"/>
        <line num="73" count="17" type="stmt"/>
        <line num="77" count="0" type="stmt"/>
        <line num="81" count="7" type="stmt"/>
        <line num="85" count="237" type="stmt"/>
        <line num="89" count="64" type="stmt"/>
        <line num="93" count="0" type="stmt"/>
        <line num="97" count="0" type="stmt"/>
        <line num="101" count="15" type="stmt"/>
        <line num="102" count="15" type="stmt"/>
        <line num="106" count="2" type="stmt"/>
        <line num="110" count="22" type="cond" truecount="1" falsecount="0"/>
        <line num="111" count="22" type="stmt"/>
        <line num="116" count="11" type="stmt"/>
        <line num="120" count="1" type="stmt"/>
        <line num="124" count="8" type="stmt"/>
        <line num="128" count="0" type="stmt"/>
        <line num="132" count="6" type="stmt"/>
        <line num="137" count="89" type="stmt"/>
        <line num="138" count="89" type="stmt"/>
        <line num="142" count="0" type="stmt"/>
        <line num="146" count="6" type="stmt"/>
        <line num="150" count="0" type="stmt"/>
        <line num="154" count="26" type="stmt"/>
        <line num="156" count="5" type="stmt"/>
        <line num="160" count="149" type="stmt"/>
        <line num="164" count="126" type="stmt"/>
        <line num="168" count="9" type="stmt"/>
        <line num="174" count="84" type="cond" truecount="1" falsecount="0"/>
        <line num="175" count="3" type="stmt"/>
        <line num="176" count="3" type="cond" truecount="1" falsecount="0"/>
        <line num="177" count="1" type="stmt"/>
        <line num="181" count="83" type="cond" truecount="4" falsecount="0"/>
        <line num="182" count="81" type="stmt"/>
        <line num="185" count="2" type="stmt"/>
        <line num="189" count="89" type="stmt"/>
      </file>
    </package>
    <package name="src.view.components">
      <metrics statements="37" coveredstatements="33" conditionals="8" coveredconditionals="7" methods="10" coveredmethods="9"/>
      <file name="index.ts" path="/home/runner/work/JohnSmith/JohnSmith/src/view/components/index.ts">
        <metrics statements="3" coveredstatements="3" conditionals="0" coveredconditionals="0" methods="0" coveredmethods="0"/>
        <line num="1" count="2" type="stmt"/>
        <line num="2" count="2" type="stmt"/>
        <line num="3" count="2" type="stmt"/>
      </file>
      <file name="list.ts" path="/home/runner/work/JohnSmith/JohnSmith/src/view/components/list.ts">
        <metrics statements="4" coveredstatements="4" conditionals="0" coveredconditionals="0" methods="2" coveredmethods="2"/>
        <line num="7" count="5" type="stmt"/>
        <line num="15" count="5" type="stmt"/>
        <line num="19" count="10" type="stmt"/>
        <line num="27" count="10" type="stmt"/>
      </file>
      <file name="null.ts" path="/home/runner/work/JohnSmith/JohnSmith/src/view/components/null.ts">
        <metrics statements="15" coveredstatements="11" conditionals="4" coveredconditionals="3" methods="4" coveredmethods="3"/>
        <line num="7" count="2" type="stmt"/>
        <line num="25" count="2" type="stmt"/>
        <line num="29" count="2" type="stmt"/>
        <line num="37" count="2" type="stmt"/>
        <line num="38" count="2" type="stmt"/>
        <line num="40" count="2" type="stmt"/>
        <line num="43" count="2" type="cond" truecount="3" falsecount="0"/>
        <line num="44" count="1" type="stmt"/>
        <line num="47" count="1" type="stmt"/>
        <line num="53" count="1" type="stmt"/>
        <line num="55" count="1" type="stmt"/>
        <line num="57" count="0" type="cond" truecount="0" falsecount="1"/>
        <line num="58" count="0" type="stmt"/>
        <line num="59" count="0" type="stmt"/>
        <line num="62" count="0" type="stmt"/>
      </file>
      <file name="value.ts" path="/home/runner/work/JohnSmith/JohnSmith/src/view/components/value.ts">
        <metrics statements="15" coveredstatements="15" conditionals="4" coveredconditionals="4" methods="4" coveredmethods="4"/>
        <line num="7" count="7" type="stmt"/>
        <line num="23" count="7" type="stmt"/>
        <line num="27" count="12" type="stmt"/>
        <line num="35" count="12" type="stmt"/>
        <line num="36" count="12" type="stmt"/>
        <line num="38" count="12" type="stmt"/>
        <line num="41" count="13" type="cond" truecount="3" falsecount="0"/>
        <line num="42" count="10" type="stmt"/>
        <line num="48" count="10" type="stmt"/>
        <line num="50" count="10" type="stmt"/>
        <line num="52" count="1" type="cond" truecount="1" falsecount="0"/>
        <line num="53" count="1" type="stmt"/>
        <line num="54" count="1" type="stmt"/>
        <line num="57" count="1" type="stmt"/>
        <line num="62" count="3" type="stmt"/>
      </file>
    </package>
    <package name="src.view.connectors">
      <metrics statements="112" coveredstatements="106" conditionals="44" coveredconditionals="35" methods="22" coveredmethods="21"/>
      <file name="abstract.ts" path="/home/runner/work/JohnSmith/JohnSmith/src/view/connectors/abstract.ts">
        <metrics statements="32" coveredstatements="31" conditionals="11" coveredconditionals="10" methods="9" coveredmethods="9"/>
        <line num="3" count="26" type="stmt"/>
        <line num="6" count="26" type="stmt"/>
        <line num="7" count="49" type="stmt"/>
        <line num="8" count="49" type="stmt"/>
        <line num="12" count="49" type="stmt"/>
        <line num="14" count="49" type="cond" truecount="2" falsecount="0"/>
        <line num="15" count="3" type="stmt"/>
        <line num="16" count="46" type="cond" truecount="1" falsecount="0"/>
        <line num="17" count="45" type="cond" truecount="2" falsecount="0"/>
        <line num="18" count="55" type="stmt"/>
        <line num="20" count="8" type="stmt"/>
        <line num="26" count="6" type="stmt"/>
        <line num="27" count="6" type="cond" truecount="1" falsecount="0"/>
        <line num="28" count="6" type="stmt"/>
        <line num="33" count="66" type="stmt"/>
        <line num="34" count="66" type="stmt"/>
        <line num="38" count="72" type="cond" truecount="1" falsecount="0"/>
        <line num="39" count="5" type="stmt"/>
        <line num="40" count="5" type="stmt"/>
        <line num="45" count="26" type="stmt"/>
        <line num="59" count="9" type="stmt"/>
        <line num="62" count="9" type="stmt"/>
        <line num="64" count="9" type="stmt"/>
        <line num="65" count="14" type="stmt"/>
        <line num="66" count="14" type="stmt"/>
        <line num="69" count="9" type="cond" truecount="1" falsecount="0"/>
        <line num="73" count="1" type="stmt"/>
        <line num="75" count="1" type="stmt"/>
        <line num="76" count="1" type="stmt"/>
        <line num="82" count="2" type="stmt"/>
        <line num="83" count="2" type="cond" truecount="0" falsecount="1"/>
        <line num="84" count="0" type="stmt"/>
      </file>
      <file name="index.ts" path="/home/runner/work/JohnSmith/JohnSmith/src/view/connectors/index.ts">
        <metrics statements="3" coveredstatements="3" conditionals="0" coveredconditionals="0" methods="0" coveredmethods="0"/>
        <line num="1" count="26" type="stmt"/>
        <line num="2" count="26" type="stmt"/>
        <line num="3" count="26" type="stmt"/>
      </file>
      <file name="listenable-attribute-connector.ts" path="/home/runner/work/JohnSmith/JohnSmith/src/view/connectors/listenable-attribute-connector.ts">
        <metrics statements="9" coveredstatements="8" conditionals="4" coveredconditionals="3" methods="2" coveredmethods="2"/>
        <line num="1" count="26" type="stmt"/>
        <line num="8" count="26" type="stmt"/>
        <line num="16" count="7" type="stmt"/>
        <line num="17" count="8" type="cond" truecount="1" falsecount="1"/>
        <line num="18" count="0" type="stmt"/>
        <line num="19" count="8" type="cond" truecount="2" falsecount="0"/>
        <line num="20" count="2" type="stmt"/>
        <line num="22" count="6" type="stmt"/>
        <line num="29" count="8" type="stmt"/>
      </file>
      <file name="listenable-text-connector.ts" path="/home/runner/work/JohnSmith/JohnSmith/src/view/connectors/listenable-text-connector.ts">
        <metrics statements="5" coveredstatements="5" conditionals="6" coveredconditionals="4" methods="2" coveredmethods="2"/>
        <line num="1" count="26" type="stmt"/>
        <line num="17" count="26" type="stmt"/>
        <line num="24" count="4" type="stmt"/>
        <line num="25" count="6" type="stmt"/>
        <line num="37" count="6" type="stmt"/>
      </file>
      <file name="observable-list-view-connector.ts" path="/home/runner/work/JohnSmith/JohnSmith/src/view/connectors/observable-list-view-connector.ts">
        <metrics statements="63" coveredstatements="59" conditionals="23" coveredconditionals="18" methods="9" coveredmethods="8"/>
        <line num="2" count="26" type="stmt"/>
        <line num="22" count="26" type="stmt"/>
        <line num="23" count="10" type="stmt"/>
        <line num="35" count="10" type="stmt"/>
        <line num="36" count="10" type="stmt"/>
        <line num="37" count="10" type="stmt"/>
        <line num="39" count="10" type="stmt"/>
        <line num="40" count="10" type="stmt"/>
        <line num="42" count="10" type="cond" truecount="1" falsecount="0"/>
        <line num="43" count="9" type="cond" truecount="2" falsecount="0"/>
        <line num="44" count="8" type="stmt"/>
        <line num="45" count="15" type="cond" truecount="1" falsecount="1"/>
        <line num="47" count="1" type="cond" truecount="1" falsecount="1"/>
        <line num="48" count="0" type="stmt"/>
        <line num="49" count="0" type="cond" truecount="0" falsecount="2"/>
        <line num="52" count="1" type="stmt"/>
        <line num="58" count="1" type="cond" truecount="1" falsecount="0"/>
        <line num="59" count="1" type="stmt"/>
        <line num="62" count="1" type="stmt"/>
        <line num="63" count="3" type="stmt"/>
        <line num="70" count="4" type="stmt"/>
        <line num="71" count="5" type="stmt"/>
        <line num="72" count="5" type="cond" truecount="1" falsecount="0"/>
        <line num="73" count="4" type="stmt"/>
        <line num="77" count="0" type="stmt"/>
        <line num="81" count="4" type="stmt"/>
        <line num="82" count="4" type="stmt"/>
        <line num="83" count="9" type="cond" truecount="1" falsecount="0"/>
        <line num="84" count="4" type="stmt"/>
        <line num="88" count="4" type="cond" truecount="1" falsecount="0"/>
        <line num="89" count="4" type="stmt"/>
        <line num="96" count="16" type="cond" truecount="2" falsecount="0"/>
        <line num="97" count="2" type="stmt"/>
        <line num="98" count="4" type="stmt"/>
        <line num="99" count="4" type="stmt"/>
        <line num="101" count="4" type="cond" truecount="1" falsecount="0"/>
        <line num="102" count="4" type="cond" truecount="1" falsecount="0"/>
        <line num="103" count="1" type="stmt"/>
        <line num="104" count="1" type="stmt"/>
        <line num="107" count="4" type="stmt"/>
        <line num="108" count="4" type="stmt"/>
        <line num="111" count="14" type="cond" truecount="2" falsecount="0"/>
        <line num="112" count="4" type="stmt"/>
        <line num="114" count="10" type="cond" truecount="1" falsecount="0"/>
        <line num="115" count="1" type="stmt"/>
        <line num="116" count="1" type="stmt"/>
        <line num="121" count="10" type="stmt"/>
        <line num="122" count="2" type="stmt"/>
        <line num="125" count="10" type="stmt"/>
        <line num="126" count="10" type="stmt"/>
        <line num="131" count="14" type="cond" truecount="0" falsecount="1"/>
        <line num="132" count="0" type="stmt"/>
        <line num="135" count="14" type="stmt"/>
        <line num="136" count="24" type="stmt"/>
        <line num="138" count="24" type="stmt"/>
        <line num="150" count="24" type="stmt"/>
        <line num="158" count="24" type="cond" truecount="1" falsecount="0"/>
        <line num="160" count="14" type="stmt"/>
        <line num="162" count="14" type="cond" truecount="1" falsecount="0"/>
        <line num="163" count="14" type="stmt"/>
        <line num="164" count="14" type="stmt"/>
        <line num="165" count="14" type="stmt"/>
        <line num="169" count="10" type="stmt"/>
      </file>
    </package>
    <package name="src.view.jsx">
      <metrics statements="9" coveredstatements="9" conditionals="6" coveredconditionals="6" methods="1" coveredmethods="1"/>
      <file name="index.ts" path="/home/runner/work/JohnSmith/JohnSmith/src/view/jsx/index.ts">
        <metrics statements="9" coveredstatements="9" conditionals="6" coveredconditionals="6" methods="1" coveredmethods="1"/>
        <line num="9" count="26" type="stmt"/>
        <line num="53" count="26" type="stmt"/>
        <line num="54" count="182" type="stmt"/>
        <line num="55" count="182" type="stmt"/>
        <line num="57" count="182" type="stmt"/>
        <line num="58" count="152" type="stmt"/>
        <line num="62" count="182" type="cond" truecount="4" falsecount="0"/>
        <line num="64" count="182" type="cond" truecount="2" falsecount="0"/>
        <line num="68" count="182" type="stmt"/>
      </file>
    </package>
  </project>
</coverage>
