<?xml version="1.0" encoding="UTF-8"?>
<coverage generated="1718047565785" clover="3.2.0">
  <project timestamp="1718047565785" name="All files">
    <metrics statements="667" coveredstatements="629" conditionals="246" coveredconditionals="216" methods="201" coveredmethods="178" elements="1114" coveredelements="1023" complexity="0" loc="667" ncloc="667" packages="14" files="44" classes="44"/>
    <package name="src">
      <metrics statements="22" coveredstatements="22" conditionals="35" coveredconditionals="32" methods="3" coveredmethods="3"/>
      <file name="application.ts" path="/home/runner/work/JohnSmith/JohnSmith/src/application.ts">
        <metrics statements="16" coveredstatements="16" conditionals="35" coveredconditionals="32" methods="2" coveredmethods="2"/>
        <line num="3" count="26" type="stmt"/>
        <line num="5" count="26" type="stmt"/>
        <line num="7" count="26" type="stmt"/>
        <line num="9" count="26" type="stmt"/>
        <line num="11" count="26" type="stmt"/>
        <line num="16" count="26" type="stmt"/>
        <line num="28" count="94" type="cond" truecount="7" falsecount="1"/>
        <line num="29" count="94" type="stmt"/>
        <line num="31" count="94" type="stmt"/>
        <line num="36" count="94" type="stmt"/>
        <line num="60" count="94" type="stmt"/>
        <line num="61" count="94" type="cond" truecount="1" falsecount="0"/>
        <line num="62" count="92" type="stmt"/>
        <line num="63" count="92" type="stmt"/>
        <line num="64" count="92" type="stmt"/>
        <line num="67" count="2" type="stmt"/>
      </file>
      <file name="global.ts" path="/home/runner/work/JohnSmith/JohnSmith/src/global.ts">
        <metrics statements="4" coveredstatements="4" conditionals="0" coveredconditionals="0" methods="1" coveredmethods="1"/>
        <line num="1" count="26" type="stmt"/>
        <line num="3" count="26" type="stmt"/>
        <line num="4" count="26" type="stmt"/>
        <line num="12" count="26" type="stmt"/>
      </file>
      <file name="index.ts" path="/home/runner/work/JohnSmith/JohnSmith/src/index.ts">
        <metrics statements="1" coveredstatements="1" conditionals="0" coveredconditionals="0" methods="0" coveredmethods="0"/>
        <line num="1" count="26" type="stmt"/>
      </file>
      <file name="version.ts" path="/home/runner/work/JohnSmith/JohnSmith/src/version.ts">
        <metrics statements="1" coveredstatements="1" conditionals="0" coveredconditionals="0" methods="0" coveredmethods="0"/>
        <line num="1" count="26" type="stmt"/>
      </file>
    </package>
    <package name="src.binding">
      <metrics statements="5" coveredstatements="5" conditionals="0" coveredconditionals="0" methods="0" coveredmethods="0"/>
      <file name="default.ts" path="/home/runner/work/JohnSmith/JohnSmith/src/binding/default.ts">
        <metrics statements="4" coveredstatements="4" conditionals="0" coveredconditionals="0" methods="0" coveredmethods="0"/>
        <line num="1" count="26" type="stmt"/>
        <line num="2" count="26" type="stmt"/>
        <line num="3" count="26" type="stmt"/>
        <line num="4" count="26" type="stmt"/>
      </file>
      <file name="registry.ts" path="/home/runner/work/JohnSmith/JohnSmith/src/binding/registry.ts">
        <metrics statements="1" coveredstatements="1" conditionals="0" coveredconditionals="0" methods="0" coveredmethods="0"/>
        <line num="12" count="26" type="stmt"/>
      </file>
    </package>
    <package name="src.binding.ext">
      <metrics statements="50" coveredstatements="49" conditionals="15" coveredconditionals="14" methods="13" coveredmethods="12"/>
      <file name="bind.ts" path="/home/runner/work/JohnSmith/JohnSmith/src/binding/ext/bind.ts">
        <metrics statements="8" coveredstatements="8" conditionals="1" coveredconditionals="1" methods="1" coveredmethods="1"/>
        <line num="10" count="1" type="stmt"/>
        <line num="12" count="1" type="stmt"/>
        <line num="21" count="1" type="stmt"/>
        <line num="25" count="4" type="stmt"/>
        <line num="28" count="4" type="stmt"/>
        <line num="30" count="4" type="cond" truecount="1" falsecount="0"/>
        <line num="31" count="2" type="stmt"/>
        <line num="34" count="2" type="stmt"/>
      </file>
      <file name="checked.ts" path="/home/runner/work/JohnSmith/JohnSmith/src/binding/ext/checked.ts">
        <metrics statements="6" coveredstatements="5" conditionals="0" coveredconditionals="0" methods="3" coveredmethods="2"/>
        <line num="10" count="26" type="stmt"/>
        <line num="13" count="26" type="stmt"/>
        <line num="29" count="26" type="stmt"/>
        <line num="33" count="4" type="stmt"/>
        <line num="36" count="0" type="stmt"/>
        <line num="37" count="6" type="stmt"/>
      </file>
      <file name="className.ts" path="/home/runner/work/JohnSmith/JohnSmith/src/binding/ext/className.ts">
        <metrics statements="22" coveredstatements="22" conditionals="6" coveredconditionals="6" methods="4" coveredmethods="4"/>
        <line num="10" count="26" type="stmt"/>
        <line num="12" count="26" type="stmt"/>
        <line num="13" count="26" type="stmt"/>
        <line num="14" count="26" type="stmt"/>
        <line num="23" count="26" type="stmt"/>
        <line num="28" count="9" type="stmt"/>
        <line num="31" count="9" type="cond" truecount="3" falsecount="0"/>
        <line num="32" count="5" type="stmt"/>
        <line num="35" count="8" type="cond" truecount="1" falsecount="0"/>
        <line num="36" count="2" type="stmt"/>
        <line num="39" count="6" type="stmt"/>
        <line num="41" count="6" type="stmt"/>
        <line num="43" count="4" type="stmt"/>
        <line num="51" count="4" type="stmt"/>
        <line num="52" count="4" type="stmt"/>
        <line num="57" count="4" type="stmt"/>
        <line num="58" count="8" type="stmt"/>
        <line num="62" count="11" type="cond" truecount="2" falsecount="0"/>
        <line num="63" count="7" type="stmt"/>
        <line num="65" count="4" type="stmt"/>
        <line num="68" count="11" type="stmt"/>
        <line num="74" count="4" type="stmt"/>
      </file>
      <file name="innerHTML.ts" path="/home/runner/work/JohnSmith/JohnSmith/src/binding/ext/innerHTML.ts">
        <metrics statements="6" coveredstatements="6" conditionals="2" coveredconditionals="2" methods="2" coveredmethods="2"/>
        <line num="12" count="26" type="stmt"/>
        <line num="15" count="26" type="stmt"/>
        <line num="36" count="26" type="stmt"/>
        <line num="40" count="4" type="stmt"/>
        <line num="43" count="6" type="cond" truecount="2" falsecount="0"/>
        <line num="45" count="6" type="stmt"/>
      </file>
      <file name="value.ts" path="/home/runner/work/JohnSmith/JohnSmith/src/binding/ext/value.ts">
        <metrics statements="8" coveredstatements="8" conditionals="6" coveredconditionals="5" methods="3" coveredmethods="3"/>
        <line num="10" count="26" type="stmt"/>
        <line num="13" count="26" type="stmt"/>
        <line num="49" count="26" type="stmt"/>
        <line num="53" count="5" type="stmt"/>
        <line num="57" count="5" type="cond" truecount="3" falsecount="1"/>
        <line num="67" count="5" type="stmt"/>
        <line num="70" count="1" type="stmt"/>
        <line num="72" count="8" type="cond" truecount="2" falsecount="0"/>
      </file>
    </package>
    <package name="src.common">
      <metrics statements="22" coveredstatements="22" conditionals="7" coveredconditionals="7" methods="7" coveredmethods="6"/>
      <file name="disposable.ts" path="/home/runner/work/JohnSmith/JohnSmith/src/common/disposable.ts">
        <metrics statements="3" coveredstatements="3" conditionals="0" coveredconditionals="0" methods="2" coveredmethods="1"/>
        <line num="19" count="30" type="stmt"/>
        <line num="27" count="30" type="stmt"/>
        <line num="28" count="2" type="stmt"/>
      </file>
      <file name="index.ts" path="/home/runner/work/JohnSmith/JohnSmith/src/common/index.ts">
        <metrics statements="2" coveredstatements="2" conditionals="0" coveredconditionals="0" methods="0" coveredmethods="0"/>
        <line num="1" count="29" type="stmt"/>
        <line num="2" count="29" type="stmt"/>
      </file>
      <file name="owner.ts" path="/home/runner/work/JohnSmith/JohnSmith/src/common/owner.ts">
        <metrics statements="17" coveredstatements="17" conditionals="7" coveredconditionals="7" methods="5" coveredmethods="5"/>
        <line num="1" count="30" type="stmt"/>
        <line num="18" count="30" type="stmt"/>
        <line num="29" count="167" type="cond" truecount="2" falsecount="0"/>
        <line num="43" count="262" type="stmt"/>
        <line num="44" count="262" type="stmt"/>
        <line num="50" count="4" type="cond" truecount="1" falsecount="0"/>
        <line num="51" count="1" type="stmt"/>
        <line num="54" count="3" type="stmt"/>
        <line num="61" count="36" type="stmt"/>
        <line num="62" count="52" type="stmt"/>
        <line num="67" count="30" type="stmt"/>
        <line num="68" count="6" type="cond" truecount="1" falsecount="0"/>
        <line num="69" count="2" type="cond" truecount="2" falsecount="0"/>
        <line num="70" count="1" type="stmt"/>
        <line num="71" count="1" type="cond" truecount="1" falsecount="0"/>
        <line num="72" count="1" type="stmt"/>
        <line num="76" count="4" type="stmt"/>
      </file>
    </package>
    <package name="src.debugging">
      <metrics statements="70" coveredstatements="59" conditionals="14" coveredconditionals="7" methods="20" coveredmethods="12"/>
      <file name="debug-troubleshooter.ts" path="/home/runner/work/JohnSmith/JohnSmith/src/debugging/debug-troubleshooter.ts">
        <metrics statements="27" coveredstatements="22" conditionals="9" coveredconditionals="5" methods="9" coveredmethods="5"/>
        <line num="6" count="1" type="stmt"/>
        <line num="10" count="2" type="stmt"/>
        <line num="11" count="2" type="stmt"/>
        <line num="12" count="2" type="stmt"/>
        <line num="14" count="2" type="stmt"/>
        <line num="18" count="0" type="stmt"/>
        <line num="22" count="0" type="stmt"/>
        <line num="26" count="1" type="stmt"/>
        <line num="27" count="3" type="stmt"/>
        <line num="28" count="3" type="stmt"/>
        <line num="31" count="3" type="stmt"/>
        <line num="32" count="3" type="stmt"/>
        <line num="33" count="3" type="stmt"/>
        <line num="37" count="1" type="stmt"/>
        <line num="49" count="1" type="stmt"/>
        <line num="59" count="0" type="stmt"/>
        <line num="66" count="2" type="cond" truecount="1" falsecount="0"/>
        <line num="67" count="2" type="stmt"/>
        <line num="68" count="2" type="stmt"/>
        <line num="71" count="2" type="stmt"/>
        <line num="72" count="2" type="stmt"/>
        <line num="74" count="2" type="stmt"/>
        <line num="75" count="2" type="stmt"/>
        <line num="76" count="0" type="stmt"/>
        <line num="79" count="2" type="cond" truecount="3" falsecount="1"/>
        <line num="81" count="2" type="stmt"/>
        <line num="83" count="0" type="stmt"/>
      </file>
      <file name="errors-view-model.ts" path="/home/runner/work/JohnSmith/JohnSmith/src/debugging/errors-view-model.ts">
        <metrics statements="3" coveredstatements="3" conditionals="0" coveredconditionals="0" methods="1" coveredmethods="1"/>
        <line num="1" count="1" type="stmt"/>
        <line num="4" count="1" type="stmt"/>
        <line num="5" count="1" type="stmt"/>
      </file>
      <file name="errors-view.tsx" path="/home/runner/work/JohnSmith/JohnSmith/src/debugging/errors-view.tsx">
        <metrics statements="9" coveredstatements="7" conditionals="0" coveredconditionals="0" methods="5" coveredmethods="3"/>
        <line num="3" count="1" type="stmt"/>
        <line num="4" count="1" type="stmt"/>
        <line num="5" count="1" type="stmt"/>
        <line num="7" count="1" type="stmt"/>
        <line num="8" count="2" type="stmt"/>
        <line num="11" count="2" type="stmt"/>
        <line num="31" count="4" type="stmt"/>
        <line num="33" count="0" type="stmt"/>
        <line num="34" count="0" type="stmt"/>
      </file>
      <file name="includes.ts" path="/home/runner/work/JohnSmith/JohnSmith/src/debugging/includes.ts">
        <metrics statements="31" coveredstatements="27" conditionals="5" coveredconditionals="2" methods="5" coveredmethods="3"/>
        <line num="1" count="1" type="stmt"/>
        <line num="2" count="1" type="stmt"/>
        <line num="3" count="1" type="stmt"/>
        <line num="4" count="1" type="stmt"/>
        <line num="5" count="1" type="stmt"/>
        <line num="6" count="1" type="stmt"/>
        <line num="7" count="1" type="stmt"/>
        <line num="9" count="1" type="stmt"/>
        <line num="11" count="1" type="cond" truecount="1" falsecount="1"/>
        <line num="12" count="1" type="cond" truecount="1" falsecount="1"/>
        <line num="14" count="1" type="stmt"/>
        <line num="16" count="1" type="stmt"/>
        <line num="17" count="3" type="stmt"/>
        <line num="18" count="3" type="stmt"/>
        <line num="20" count="3" type="stmt"/>
        <line num="22" count="3" type="stmt"/>
        <line num="24" count="3" type="cond" truecount="0" falsecount="1"/>
        <line num="25" count="0" type="stmt"/>
        <line num="30" count="3" type="stmt"/>
        <line num="31" count="3" type="stmt"/>
        <line num="33" count="3" type="stmt"/>
        <line num="34" count="2" type="stmt"/>
        <line num="41" count="0" type="stmt"/>
        <line num="42" count="0" type="stmt"/>
        <line num="44" count="0" type="stmt"/>
        <line num="48" count="1" type="stmt"/>
        <line num="49" count="3" type="stmt"/>
        <line num="51" count="3" type="stmt"/>
        <line num="60" count="3" type="stmt"/>
        <line num="61" count="3" type="stmt"/>
        <line num="139" count="3" type="stmt"/>
      </file>
    </package>
    <package name="src.reactive">
      <metrics statements="111" coveredstatements="111" conditionals="29" coveredconditionals="29" methods="40" coveredmethods="40"/>
      <file name="bidirectional-value.ts" path="/home/runner/work/JohnSmith/JohnSmith/src/reactive/bidirectional-value.ts">
        <metrics statements="9" coveredstatements="9" conditionals="8" coveredconditionals="8" methods="2" coveredmethods="2"/>
        <line num="1" count="27" type="stmt"/>
        <line num="9" count="27" type="stmt"/>
        <line num="14" count="7" type="stmt"/>
        <line num="17" count="7" type="stmt"/>
        <line num="21" count="7" type="stmt"/>
        <line num="23" count="7" type="cond" truecount="2" falsecount="0"/>
        <line num="28" count="5" type="stmt"/>
        <line num="29" count="2" type="cond" truecount="1" falsecount="0"/>
        <line num="33" count="1" type="stmt"/>
      </file>
      <file name="event.ts" path="/home/runner/work/JohnSmith/JohnSmith/src/reactive/event.ts">
        <metrics statements="6" coveredstatements="6" conditionals="0" coveredconditionals="0" methods="4" coveredmethods="4"/>
        <line num="1" count="1" type="stmt"/>
        <line num="17" count="1" type="stmt"/>
        <line num="18" count="3" type="stmt"/>
        <line num="24" count="6" type="stmt"/>
        <line num="37" count="4" type="stmt"/>
        <line num="45" count="1" type="stmt"/>
      </file>
      <file name="index.ts" path="/home/runner/work/JohnSmith/JohnSmith/src/reactive/index.ts">
        <metrics statements="4" coveredstatements="4" conditionals="0" coveredconditionals="0" methods="0" coveredmethods="0"/>
        <line num="1" count="26" type="stmt"/>
        <line num="2" count="26" type="stmt"/>
        <line num="3" count="26" type="stmt"/>
        <line num="4" count="26" type="stmt"/>
      </file>
      <file name="listenable.ts" path="/home/runner/work/JohnSmith/JohnSmith/src/reactive/listenable.ts">
        <metrics statements="33" coveredstatements="33" conditionals="4" coveredconditionals="4" methods="13" coveredmethods="13"/>
        <line num="2" count="34" type="stmt"/>
        <line num="7" count="34" type="cond" truecount="2" falsecount="0"/>
        <line num="11" count="34" type="stmt"/>
        <line num="17" count="34" type="stmt"/>
        <line num="23" count="34" type="stmt"/>
        <line num="29" count="34" type="stmt"/>
        <line num="43" count="86" type="stmt"/>
        <line num="44" count="86" type="stmt"/>
        <line num="51" count="12" type="stmt"/>
        <line num="75" count="34" type="stmt"/>
        <line num="120" count="34" type="stmt"/>
        <line num="121" count="113" type="stmt"/>
        <line num="140" count="69" type="stmt"/>
        <line num="141" count="69" type="cond" truecount="1" falsecount="0"/>
        <line num="142" count="63" type="stmt"/>
        <line num="145" count="69" type="stmt"/>
        <line num="149" count="74" type="stmt"/>
        <line num="150" count="29" type="stmt"/>
        <line num="155" count="28" type="stmt"/>
        <line num="164" count="34" type="stmt"/>
        <line num="165" count="32" type="stmt"/>
        <line num="171" count="17" type="stmt"/>
        <line num="172" count="17" type="cond" truecount="1" falsecount="0"/>
        <line num="173" count="16" type="stmt"/>
        <line num="176" count="17" type="stmt"/>
        <line num="180" count="30" type="stmt"/>
        <line num="181" count="14" type="stmt"/>
        <line num="186" count="2" type="stmt"/>
        <line num="194" count="34" type="stmt"/>
        <line num="198" count="34" type="stmt"/>
        <line num="201" count="68" type="stmt"/>
        <line num="204" count="34" type="stmt"/>
        <line num="207" count="14" type="stmt"/>
      </file>
      <file name="observable-list.ts" path="/home/runner/work/JohnSmith/JohnSmith/src/reactive/observable-list.ts">
        <metrics statements="42" coveredstatements="42" conditionals="12" coveredconditionals="12" methods="13" coveredmethods="13"/>
        <line num="1" count="27" type="stmt"/>
        <line num="2" count="27" type="stmt"/>
        <line num="8" count="27" type="stmt"/>
        <line num="15" count="27" type="stmt"/>
        <line num="19" count="32" type="stmt"/>
        <line num="20" count="32" type="stmt"/>
        <line num="25" count="32" type="cond" truecount="2" falsecount="0"/>
        <line num="32" count="17" type="stmt"/>
        <line num="42" count="2" type="stmt"/>
        <line num="46" count="10" type="cond" truecount="1" falsecount="0"/>
        <line num="47" count="10" type="cond" truecount="1" falsecount="0"/>
        <line num="48" count="1" type="stmt"/>
        <line num="52" count="9" type="stmt"/>
        <line num="53" count="9" type="stmt"/>
        <line num="54" count="9" type="stmt"/>
        <line num="58" count="10" type="stmt"/>
        <line num="59" count="10" type="stmt"/>
        <line num="60" count="13" type="stmt"/>
        <line num="63" count="10" type="stmt"/>
        <line num="67" count="5" type="stmt"/>
        <line num="69" count="5" type="stmt"/>
        <line num="70" count="17" type="stmt"/>
        <line num="73" count="5" type="stmt"/>
        <line num="78" count="6" type="stmt"/>
        <line num="79" count="6" type="cond" truecount="1" falsecount="0"/>
        <line num="80" count="6" type="stmt"/>
        <line num="81" count="6" type="stmt"/>
        <line num="87" count="2" type="cond" truecount="1" falsecount="0"/>
        <line num="88" count="2" type="stmt"/>
        <line num="89" count="2" type="stmt"/>
        <line num="92" count="2" type="stmt"/>
        <line num="96" count="4" type="stmt"/>
        <line num="100" count="3" type="stmt"/>
        <line num="101" count="3" type="cond" truecount="1" falsecount="0"/>
        <line num="102" count="1" type="stmt"/>
        <line num="105" count="2" type="stmt"/>
        <line num="109" count="2" type="stmt"/>
        <line num="113" count="21" type="stmt"/>
        <line num="114" count="21" type="stmt"/>
        <line num="116" count="21" type="stmt"/>
        <line num="120" count="32" type="cond" truecount="1" falsecount="0"/>
        <line num="121" count="2" type="stmt"/>
      </file>
      <file name="observable-value.ts" path="/home/runner/work/JohnSmith/JohnSmith/src/reactive/observable-value.ts">
        <metrics statements="17" coveredstatements="17" conditionals="5" coveredconditionals="5" methods="8" coveredmethods="8"/>
        <line num="1" count="33" type="stmt"/>
        <line num="12" count="33" type="stmt"/>
        <line num="16" count="110" type="stmt"/>
        <line num="24" count="110" type="stmt"/>
        <line num="25" count="110" type="stmt"/>
        <line num="32" count="138" type="stmt"/>
        <line num="39" count="10" type="cond" truecount="1" falsecount="0"/>
        <line num="40" count="1" type="stmt"/>
        <line num="43" count="9" type="stmt"/>
        <line num="53" count="52" type="stmt"/>
        <line num="54" count="52" type="stmt"/>
        <line num="61" count="3" type="stmt"/>
        <line num="68" count="22" type="stmt"/>
        <line num="84" count="1" type="stmt"/>
        <line num="85" count="1" type="stmt"/>
        <line num="100" count="65" type="cond" truecount="2" falsecount="0"/>
        <line num="102" count="65" type="cond" truecount="2" falsecount="0"/>
      </file>
    </package>
    <package name="src.reactive.transformers">
      <metrics statements="22" coveredstatements="22" conditionals="0" coveredconditionals="0" methods="10" coveredmethods="10"/>
      <file name="combine-all.ts" path="/home/runner/work/JohnSmith/JohnSmith/src/reactive/transformers/combine-all.ts">
        <metrics statements="3" coveredstatements="3" conditionals="0" coveredconditionals="0" methods="2" coveredmethods="2"/>
        <line num="3" count="1" type="stmt"/>
        <line num="14" count="1" type="stmt"/>
        <line num="17" count="2" type="stmt"/>
      </file>
      <file name="combine.ts" path="/home/runner/work/JohnSmith/JohnSmith/src/reactive/transformers/combine.ts">
        <metrics statements="3" coveredstatements="3" conditionals="0" coveredconditionals="0" methods="1" coveredmethods="1"/>
        <line num="2" count="1" type="stmt"/>
        <line num="16" count="1" type="stmt"/>
        <line num="21" count="4" type="stmt"/>
      </file>
      <file name="map.ts" path="/home/runner/work/JohnSmith/JohnSmith/src/reactive/transformers/map.ts">
        <metrics statements="9" coveredstatements="9" conditionals="0" coveredconditionals="0" methods="4" coveredmethods="4"/>
        <line num="1" count="1" type="stmt"/>
        <line num="14" count="1" type="stmt"/>
        <line num="17" count="4" type="stmt"/>
        <line num="21" count="4" type="stmt"/>
        <line num="22" count="4" type="stmt"/>
        <line num="24" count="4" type="stmt"/>
        <line num="31" count="4" type="stmt"/>
        <line num="32" count="5" type="stmt"/>
        <line num="33" count="5" type="stmt"/>
      </file>
      <file name="with-previous.ts" path="/home/runner/work/JohnSmith/JohnSmith/src/reactive/transformers/with-previous.ts">
        <metrics statements="7" coveredstatements="7" conditionals="0" coveredconditionals="0" methods="3" coveredmethods="3"/>
        <line num="14" count="1" type="stmt"/>
        <line num="17" count="3" type="stmt"/>
        <line num="22" count="2" type="stmt"/>
        <line num="24" count="2" type="stmt"/>
        <line num="25" count="3" type="stmt"/>
        <line num="26" count="3" type="stmt"/>
        <line num="27" count="3" type="stmt"/>
      </file>
    </package>
    <package name="src.reactive.transformers.support">
      <metrics statements="26" coveredstatements="26" conditionals="8" coveredconditionals="8" methods="8" coveredmethods="8"/>
      <file name="dependant-listenable-value.ts" path="/home/runner/work/JohnSmith/JohnSmith/src/reactive/transformers/support/dependant-listenable-value.ts">
        <metrics statements="26" coveredstatements="26" conditionals="8" coveredconditionals="8" methods="8" coveredmethods="8"/>
        <line num="1" count="2" type="stmt"/>
        <line num="2" count="2" type="stmt"/>
        <line num="5" count="2" type="stmt"/>
        <line num="9" count="6" type="stmt"/>
        <line num="12" count="6" type="stmt"/>
        <line num="13" count="6" type="stmt"/>
        <line num="15" count="6" type="stmt"/>
        <line num="22" count="6" type="stmt"/>
        <line num="24" count="12" type="stmt"/>
        <line num="25" count="12" type="stmt"/>
        <line num="27" count="6" type="cond" truecount="2" falsecount="0"/>
        <line num="28" count="6" type="stmt"/>
        <line num="30" count="6" type="stmt"/>
        <line num="32" count="12" type="stmt"/>
        <line num="33" count="16" type="stmt"/>
        <line num="35" count="16" type="cond" truecount="2" falsecount="0"/>
        <line num="36" count="4" type="stmt"/>
        <line num="38" count="12" type="cond" truecount="1" falsecount="0"/>
        <line num="39" count="12" type="stmt"/>
        <line num="40" count="12" type="stmt"/>
        <line num="42" count="12" type="cond" truecount="1" falsecount="0"/>
        <line num="46" count="2" type="stmt"/>
        <line num="54" count="6" type="stmt"/>
        <line num="56" count="1" type="stmt"/>
        <line num="60" count="6" type="stmt"/>
        <line num="97" count="2" type="stmt"/>
      </file>
    </package>
    <package name="src.troubleshooting">
      <metrics statements="6" coveredstatements="6" conditionals="0" coveredconditionals="0" methods="3" coveredmethods="3"/>
      <file name="global.ts" path="/home/runner/work/JohnSmith/JohnSmith/src/troubleshooting/global.ts">
        <metrics statements="1" coveredstatements="1" conditionals="0" coveredconditionals="0" methods="0" coveredmethods="0"/>
        <line num="2" count="26" type="stmt"/>
      </file>
      <file name="noop-troubleshooter.ts" path="/home/runner/work/JohnSmith/JohnSmith/src/troubleshooting/noop-troubleshooter.ts">
        <metrics statements="5" coveredstatements="5" conditionals="0" coveredconditionals="0" methods="3" coveredmethods="3"/>
        <line num="2" count="27" type="stmt"/>
        <line num="4" count="27" type="stmt"/>
        <line num="6" count="1" type="stmt"/>
        <line num="10" count="1" type="stmt"/>
        <line num="14" count="1" type="stmt"/>
      </file>
    </package>
    <package name="src.utils">
      <metrics statements="7" coveredstatements="7" conditionals="2" coveredconditionals="2" methods="1" coveredmethods="1"/>
      <file name="array.ts" path="/home/runner/work/JohnSmith/JohnSmith/src/utils/array.ts">
        <metrics statements="7" coveredstatements="7" conditionals="2" coveredconditionals="2" methods="1" coveredmethods="1"/>
        <line num="1" count="34" type="stmt"/>
        <line num="3" count="29" type="stmt"/>
        <line num="5" count="29" type="stmt"/>
        <line num="6" count="138" type="cond" truecount="1" falsecount="0"/>
        <line num="7" count="28" type="stmt"/>
        <line num="11" count="29" type="cond" truecount="1" falsecount="0"/>
        <line num="12" count="28" type="stmt"/>
      </file>
    </package>
    <package name="src.view">
      <metrics statements="172" coveredstatements="155" conditionals="81" coveredconditionals="71" methods="62" coveredmethods="51"/>
      <file name="default-view-renderer.ts" path="/home/runner/work/JohnSmith/JohnSmith/src/view/default-view-renderer.ts">
        <metrics statements="112" coveredstatements="103" conditionals="67" coveredconditionals="57" methods="23" coveredmethods="20"/>
        <line num="2" count="26" type="stmt"/>
        <line num="12" count="26" type="stmt"/>
        <line num="18" count="26" type="stmt"/>
        <line num="28" count="26" type="stmt"/>
        <line num="30" count="96" type="stmt"/>
        <line num="31" count="96" type="stmt"/>
        <line num="32" count="96" type="stmt"/>
        <line num="43" count="153" type="stmt"/>
        <line num="44" count="153" type="stmt"/>
        <line num="45" count="153" type="stmt"/>
        <line num="46" count="153" type="stmt"/>
        <line num="50" count="153" type="stmt"/>
        <line num="58" count="153" type="stmt"/>
        <line num="60" count="153" type="cond" truecount="1" falsecount="0"/>
        <line num="61" count="153" type="cond" truecount="2" falsecount="0"/>
        <line num="62" count="16" type="stmt"/>
        <line num="63" count="16" type="stmt"/>
        <line num="65" count="3" type="stmt"/>
        <line num="69" count="137" type="stmt"/>
        <line num="70" count="137" type="stmt"/>
        <line num="72" count="28" type="stmt"/>
        <line num="79" count="153" type="cond" truecount="4" falsecount="0"/>
        <line num="87" count="153" type="stmt"/>
        <line num="88" count="153" type="cond" truecount="3" falsecount="0"/>
        <line num="89" count="2" type="stmt"/>
        <line num="96" count="153" type="stmt"/>
        <line num="97" count="93" type="stmt"/>
        <line num="103" count="153" type="stmt"/>
        <line num="104" count="153" type="cond" truecount="2" falsecount="1"/>
        <line num="105" count="0" type="stmt"/>
        <line num="113" count="153" type="stmt"/>
        <line num="114" count="153" type="cond" truecount="2" falsecount="1"/>
        <line num="115" count="0" type="stmt"/>
        <line num="118" count="0" type="stmt"/>
        <line num="120" count="0" type="stmt"/>
        <line num="129" count="153" type="stmt"/>
        <line num="137" count="31" type="stmt"/>
        <line num="149" count="153" type="stmt"/>
        <line num="152" count="153" type="cond" truecount="2" falsecount="0"/>
        <line num="155" count="153" type="cond" truecount="1" falsecount="0"/>
        <line num="156" count="139" type="stmt"/>
        <line num="160" count="139" type="stmt"/>
        <line num="166" count="14" type="stmt"/>
        <line num="168" count="14" type="cond" truecount="1" falsecount="0"/>
        <line num="169" count="14" type="stmt"/>
        <line num="175" count="0" type="stmt"/>
        <line num="188" count="217" type="cond" truecount="1" falsecount="0"/>
        <line num="196" count="178" type="cond" truecount="2" falsecount="0"/>
        <line num="198" count="178" type="cond" truecount="2" falsecount="0"/>
        <line num="202" count="178" type="cond" truecount="1" falsecount="0"/>
        <line num="203" count="178" type="stmt"/>
        <line num="212" count="178" type="stmt"/>
        <line num="214" count="178" type="stmt"/>
        <line num="217" count="39" type="cond" truecount="1" falsecount="0"/>
        <line num="223" count="39" type="stmt"/>
        <line num="230" count="0" type="stmt"/>
        <line num="231" count="0" type="stmt"/>
        <line num="234" count="0" type="stmt"/>
        <line num="242" count="39" type="stmt"/>
        <line num="246" count="39" type="cond" truecount="0" falsecount="1"/>
        <line num="248" count="0" type="stmt"/>
        <line num="251" count="39" type="stmt"/>
        <line num="254" count="39" type="stmt"/>
        <line num="255" count="39" type="stmt"/>
        <line num="258" count="39" type="stmt"/>
        <line num="268" count="178" type="stmt"/>
        <line num="269" count="170" type="stmt"/>
        <line num="271" count="170" type="stmt"/>
        <line num="288" count="170" type="cond" truecount="3" falsecount="0"/>
        <line num="289" count="2" type="stmt"/>
        <line num="292" count="168" type="cond" truecount="1" falsecount="0"/>
        <line num="293" count="84" type="stmt"/>
        <line num="294" count="84" type="stmt"/>
        <line num="297" count="84" type="cond" truecount="3" falsecount="0"/>
        <line num="298" count="9" type="stmt"/>
        <line num="299" count="9" type="stmt"/>
        <line num="302" count="75" type="cond" truecount="1" falsecount="0"/>
        <line num="303" count="64" type="stmt"/>
        <line num="311" count="64" type="cond" truecount="1" falsecount="0"/>
        <line num="312" count="64" type="stmt"/>
        <line num="315" count="64" type="stmt"/>
        <line num="318" count="11" type="cond" truecount="1" falsecount="0"/>
        <line num="319" count="4" type="stmt"/>
        <line num="320" count="4" type="stmt"/>
        <line num="322" count="4" type="stmt"/>
        <line num="324" count="4" type="stmt"/>
        <line num="325" count="4" type="stmt"/>
        <line num="328" count="4" type="stmt"/>
        <line num="334" count="7" type="stmt"/>
        <line num="347" count="178" type="stmt"/>
        <line num="349" count="106" type="cond" truecount="3" falsecount="1"/>
        <line num="350" count="106" type="stmt"/>
        <line num="352" count="106" type="cond" truecount="2" falsecount="0"/>
        <line num="353" count="28" type="stmt"/>
        <line num="354" count="28" type="stmt"/>
        <line num="356" count="78" type="cond" truecount="2" falsecount="0"/>
        <line num="357" count="14" type="stmt"/>
        <line num="365" count="64" type="cond" truecount="2" falsecount="0"/>
        <line num="373" count="56" type="stmt"/>
        <line num="375" count="8" type="stmt"/>
        <line num="377" count="8" type="stmt"/>
        <line num="392" count="28" type="stmt"/>
        <line num="394" count="28" type="cond" truecount="1" falsecount="0"/>
        <line num="395" count="2" type="stmt"/>
        <line num="398" count="26" type="stmt"/>
        <line num="408" count="14" type="cond" truecount="4" falsecount="0"/>
        <line num="412" count="14" type="stmt"/>
        <line num="413" count="14" type="stmt"/>
        <line num="414" count="4" type="stmt"/>
        <line num="416" count="14" type="stmt"/>
        <line num="418" count="14" type="stmt"/>
        <line num="419" count="2" type="stmt"/>
      </file>
      <file name="dom-engine-native.ts" path="/home/runner/work/JohnSmith/JohnSmith/src/view/dom-engine-native.ts">
        <metrics statements="60" coveredstatements="52" conditionals="14" coveredconditionals="14" methods="39" coveredmethods="31"/>
        <line num="11" count="555" type="stmt"/>
        <line num="16" count="6" type="cond" truecount="1" falsecount="0"/>
        <line num="17" count="6" type="stmt"/>
        <line num="28" count="12" type="stmt"/>
        <line num="29" count="12" type="stmt"/>
        <line num="30" count="12" type="cond" truecount="2" falsecount="0"/>
        <line num="34" count="14" type="cond" truecount="1" falsecount="0"/>
        <line num="35" count="14" type="stmt"/>
        <line num="36" count="14" type="stmt"/>
        <line num="41" count="8" type="stmt"/>
        <line num="42" count="8" type="cond" truecount="1" falsecount="0"/>
        <line num="43" count="6" type="stmt"/>
        <line num="44" count="6" type="stmt"/>
        <line num="49" count="20" type="stmt"/>
        <line num="54" count="176" type="stmt"/>
        <line num="56" count="176" type="stmt"/>
        <line num="57" count="176" type="stmt"/>
        <line num="61" count="137" type="stmt"/>
        <line num="65" count="16" type="stmt"/>
        <line num="69" count="38" type="stmt"/>
        <line num="77" count="275" type="stmt"/>
        <line num="78" count="275" type="stmt"/>
        <line num="82" count="0" type="stmt"/>
        <line num="86" count="4" type="stmt"/>
        <line num="90" count="0" type="stmt"/>
        <line num="94" count="0" type="stmt"/>
        <line num="98" count="7" type="stmt"/>
        <line num="102" count="263" type="stmt"/>
        <line num="106" count="64" type="stmt"/>
        <line num="110" count="1" type="stmt"/>
        <line num="114" count="0" type="stmt"/>
        <line num="118" count="15" type="stmt"/>
        <line num="119" count="15" type="stmt"/>
        <line num="123" count="2" type="stmt"/>
        <line num="127" count="28" type="cond" truecount="1" falsecount="0"/>
        <line num="128" count="28" type="stmt"/>
        <line num="133" count="12" type="stmt"/>
        <line num="137" count="1" type="stmt"/>
        <line num="141" count="8" type="stmt"/>
        <line num="145" count="0" type="stmt"/>
        <line num="149" count="6" type="stmt"/>
        <line num="154" count="104" type="stmt"/>
        <line num="155" count="104" type="stmt"/>
        <line num="159" count="0" type="stmt"/>
        <line num="163" count="6" type="stmt"/>
        <line num="167" count="0" type="stmt"/>
        <line num="171" count="0" type="stmt"/>
        <line num="175" count="26" type="stmt"/>
        <line num="177" count="5" type="stmt"/>
        <line num="181" count="169" type="stmt"/>
        <line num="185" count="176" type="stmt"/>
        <line num="193" count="9" type="stmt"/>
        <line num="199" count="94" type="cond" truecount="1" falsecount="0"/>
        <line num="200" count="3" type="stmt"/>
        <line num="201" count="3" type="cond" truecount="1" falsecount="0"/>
        <line num="202" count="1" type="stmt"/>
        <line num="206" count="93" type="cond" truecount="4" falsecount="0"/>
        <line num="207" count="91" type="stmt"/>
        <line num="210" count="2" type="stmt"/>
        <line num="214" count="104" type="stmt"/>
      </file>
    </package>
    <package name="src.view.components">
      <metrics statements="43" coveredstatements="39" conditionals="9" coveredconditionals="8" methods="11" coveredmethods="10"/>
      <file name="index.ts" path="/home/runner/work/JohnSmith/JohnSmith/src/view/components/index.ts">
        <metrics statements="3" coveredstatements="3" conditionals="0" coveredconditionals="0" methods="0" coveredmethods="0"/>
        <line num="1" count="3" type="stmt"/>
        <line num="2" count="3" type="stmt"/>
        <line num="3" count="3" type="stmt"/>
      </file>
      <file name="list.ts" path="/home/runner/work/JohnSmith/JohnSmith/src/view/components/list.ts">
        <metrics statements="5" coveredstatements="5" conditionals="0" coveredconditionals="0" methods="2" coveredmethods="2"/>
        <line num="7" count="5" type="stmt"/>
        <line num="15" count="5" type="stmt"/>
        <line num="17" count="15" type="stmt"/>
        <line num="20" count="15" type="stmt"/>
        <line num="28" count="15" type="stmt"/>
      </file>
      <file name="null.ts" path="/home/runner/work/JohnSmith/JohnSmith/src/view/components/null.ts">
        <metrics statements="15" coveredstatements="11" conditionals="4" coveredconditionals="3" methods="4" coveredmethods="3"/>
        <line num="7" count="3" type="stmt"/>
        <line num="25" count="3" type="stmt"/>
        <line num="29" count="2" type="stmt"/>
        <line num="37" count="2" type="stmt"/>
        <line num="38" count="2" type="stmt"/>
        <line num="40" count="2" type="stmt"/>
        <line num="43" count="2" type="cond" truecount="3" falsecount="0"/>
        <line num="44" count="1" type="stmt"/>
        <line num="47" count="1" type="stmt"/>
        <line num="53" count="1" type="stmt"/>
        <line num="55" count="1" type="stmt"/>
        <line num="57" count="0" type="cond" truecount="0" falsecount="1"/>
        <line num="58" count="0" type="stmt"/>
        <line num="59" count="0" type="stmt"/>
        <line num="62" count="0" type="stmt"/>
      </file>
      <file name="value.ts" path="/home/runner/work/JohnSmith/JohnSmith/src/view/components/value.ts">
        <metrics statements="20" coveredstatements="20" conditionals="5" coveredconditionals="5" methods="5" coveredmethods="5"/>
        <line num="7" count="8" type="stmt"/>
        <line num="23" count="8" type="stmt"/>
        <line num="25" count="22" type="stmt"/>
        <line num="28" count="22" type="stmt"/>
        <line num="36" count="22" type="stmt"/>
        <line num="37" count="22" type="stmt"/>
        <line num="39" count="22" type="stmt"/>
        <line num="42" count="23" type="cond" truecount="3" falsecount="0"/>
        <line num="43" count="20" type="stmt"/>
        <line num="49" count="20" type="stmt"/>
        <line num="51" count="20" type="stmt"/>
        <line num="53" count="4" type="cond" truecount="1" falsecount="0"/>
        <line num="54" count="4" type="stmt"/>
        <line num="55" count="4" type="stmt"/>
        <line num="58" count="4" type="stmt"/>
        <line num="63" count="3" type="stmt"/>
        <line num="67" count="22" type="stmt"/>
        <line num="69" count="3" type="stmt"/>
        <line num="70" count="3" type="cond" truecount="1" falsecount="0"/>
        <line num="71" count="3" type="stmt"/>
      </file>
    </package>
    <package name="src.view.connectors">
      <metrics statements="102" coveredstatements="97" conditionals="40" coveredconditionals="32" methods="22" coveredmethods="21"/>
      <file name="abstract.ts" path="/home/runner/work/JohnSmith/JohnSmith/src/view/connectors/abstract.ts">
        <metrics statements="32" coveredstatements="31" conditionals="11" coveredconditionals="10" methods="9" coveredmethods="9"/>
        <line num="3" count="26" type="stmt"/>
        <line num="6" count="26" type="stmt"/>
        <line num="7" count="62" type="stmt"/>
        <line num="8" count="62" type="stmt"/>
        <line num="12" count="62" type="stmt"/>
        <line num="14" count="62" type="cond" truecount="2" falsecount="0"/>
        <line num="15" count="3" type="stmt"/>
        <line num="16" count="59" type="cond" truecount="1" falsecount="0"/>
        <line num="17" count="58" type="cond" truecount="2" falsecount="0"/>
        <line num="18" count="56" type="stmt"/>
        <line num="20" count="20" type="stmt"/>
        <line num="26" count="9" type="stmt"/>
        <line num="27" count="9" type="cond" truecount="1" falsecount="0"/>
        <line num="28" count="6" type="stmt"/>
        <line num="33" count="79" type="stmt"/>
        <line num="34" count="79" type="stmt"/>
        <line num="38" count="88" type="cond" truecount="1" falsecount="0"/>
        <line num="39" count="8" type="stmt"/>
        <line num="40" count="8" type="stmt"/>
        <line num="45" count="26" type="stmt"/>
        <line num="59" count="9" type="stmt"/>
        <line num="62" count="9" type="stmt"/>
        <line num="64" count="9" type="stmt"/>
        <line num="65" count="14" type="stmt"/>
        <line num="66" count="14" type="stmt"/>
        <line num="69" count="9" type="cond" truecount="1" falsecount="0"/>
        <line num="73" count="1" type="stmt"/>
        <line num="75" count="1" type="stmt"/>
        <line num="76" count="1" type="stmt"/>
        <line num="82" count="2" type="stmt"/>
        <line num="83" count="2" type="cond" truecount="0" falsecount="1"/>
        <line num="84" count="0" type="stmt"/>
      </file>
      <file name="index.ts" path="/home/runner/work/JohnSmith/JohnSmith/src/view/connectors/index.ts">
        <metrics statements="3" coveredstatements="3" conditionals="0" coveredconditionals="0" methods="0" coveredmethods="0"/>
        <line num="1" count="26" type="stmt"/>
        <line num="2" count="26" type="stmt"/>
        <line num="3" count="26" type="stmt"/>
      </file>
      <file name="listenable-attribute-connector.ts" path="/home/runner/work/JohnSmith/JohnSmith/src/view/connectors/listenable-attribute-connector.ts">
        <metrics statements="9" coveredstatements="9" conditionals="4" coveredconditionals="4" methods="2" coveredmethods="2"/>
        <line num="1" count="26" type="stmt"/>
        <line num="8" count="26" type="stmt"/>
        <line num="16" count="8" type="stmt"/>
        <line num="17" count="9" type="cond" truecount="2" falsecount="0"/>
        <line num="18" count="1" type="stmt"/>
        <line num="19" count="8" type="cond" truecount="2" falsecount="0"/>
        <line num="20" count="2" type="stmt"/>
        <line num="22" count="6" type="stmt"/>
        <line num="29" count="9" type="stmt"/>
      </file>
      <file name="listenable-text-connector.ts" path="/home/runner/work/JohnSmith/JohnSmith/src/view/connectors/listenable-text-connector.ts">
        <metrics statements="5" coveredstatements="5" conditionals="6" coveredconditionals="4" methods="2" coveredmethods="2"/>
        <line num="1" count="26" type="stmt"/>
        <line num="17" count="26" type="stmt"/>
        <line num="24" count="4" type="stmt"/>
        <line num="25" count="6" type="stmt"/>
        <line num="37" count="6" type="stmt"/>
      </file>
      <file name="observable-list-view-connector.ts" path="/home/runner/work/JohnSmith/JohnSmith/src/view/connectors/observable-list-view-connector.ts">
        <metrics statements="53" coveredstatements="49" conditionals="19" coveredconditionals="14" methods="9" coveredmethods="8"/>
        <line num="2" count="26" type="stmt"/>
        <line num="22" count="26" type="stmt"/>
        <line num="23" count="15" type="stmt"/>
        <line num="34" count="15" type="stmt"/>
        <line num="35" count="15" type="stmt"/>
        <line num="36" count="15" type="stmt"/>
        <line num="38" count="15" type="stmt"/>
        <line num="39" count="15" type="stmt"/>
        <line num="41" count="15" type="cond" truecount="1" falsecount="0"/>
        <line num="42" count="14" type="cond" truecount="2" falsecount="0"/>
        <line num="43" count="13" type="stmt"/>
        <line num="44" count="24" type="cond" truecount="1" falsecount="1"/>
        <line num="46" count="1" type="cond" truecount="1" falsecount="1"/>
        <line num="47" count="0" type="stmt"/>
        <line num="48" count="0" type="cond" truecount="0" falsecount="2"/>
        <line num="51" count="1" type="stmt"/>
        <line num="57" count="1" type="cond" truecount="1" falsecount="0"/>
        <line num="58" count="1" type="stmt"/>
        <line num="61" count="1" type="stmt"/>
        <line num="62" count="3" type="stmt"/>
        <line num="69" count="10" type="stmt"/>
        <line num="70" count="11" type="stmt"/>
        <line num="71" count="11" type="cond" truecount="1" falsecount="0"/>
        <line num="72" count="10" type="stmt"/>
        <line num="76" count="0" type="stmt"/>
        <line num="80" count="10" type="stmt"/>
        <line num="81" count="10" type="stmt"/>
        <line num="82" count="21" type="cond" truecount="1" falsecount="0"/>
        <line num="83" count="10" type="stmt"/>
        <line num="87" count="10" type="cond" truecount="1" falsecount="0"/>
        <line num="88" count="10" type="stmt"/>
        <line num="95" count="25" type="cond" truecount="2" falsecount="0"/>
        <line num="96" count="4" type="stmt"/>
        <line num="97" count="10" type="stmt"/>
        <line num="98" count="10" type="stmt"/>
        <line num="100" count="10" type="cond" truecount="1" falsecount="0"/>
        <line num="106" count="10" type="stmt"/>
        <line num="107" count="10" type="stmt"/>
        <line num="110" count="21" type="cond" truecount="2" falsecount="0"/>
        <line num="111" count="6" type="stmt"/>
        <line num="120" count="15" type="stmt"/>
        <line num="121" count="2" type="stmt"/>
        <line num="124" count="15" type="stmt"/>
        <line num="125" count="15" type="stmt"/>
        <line num="130" count="21" type="cond" truecount="0" falsecount="1"/>
        <line num="131" count="0" type="stmt"/>
        <line num="134" count="21" type="stmt"/>
        <line num="135" count="38" type="stmt"/>
        <line num="137" count="38" type="stmt"/>
        <line num="149" count="38" type="stmt"/>
        <line num="157" count="38" type="stmt"/>
        <line num="158" count="38" type="stmt"/>
        <line num="160" count="38" type="stmt"/>
      </file>
    </package>
    <package name="src.view.jsx">
      <metrics statements="9" coveredstatements="9" conditionals="6" coveredconditionals="6" methods="1" coveredmethods="1"/>
      <file name="index.ts" path="/home/runner/work/JohnSmith/JohnSmith/src/view/jsx/index.ts">
        <metrics statements="9" coveredstatements="9" conditionals="6" coveredconditionals="6" methods="1" coveredmethods="1"/>
        <line num="9" count="26" type="stmt"/>
        <line num="53" count="26" type="stmt"/>
        <line num="54" count="217" type="stmt"/>
        <line num="55" count="217" type="stmt"/>
        <line num="57" count="217" type="stmt"/>
        <line num="58" count="170" type="stmt"/>
        <line num="62" count="217" type="cond" truecount="4" falsecount="0"/>
        <line num="64" count="217" type="cond" truecount="2" falsecount="0"/>
        <line num="68" count="217" type="stmt"/>
      </file>
    </package>
  </project>
</coverage>
