{"total": {"lines":{"total":624,"covered":565,"skipped":0,"pct":90.54},"statements":{"total":648,"covered":587,"skipped":0,"pct":90.58},"functions":{"total":185,"covered":153,"skipped":0,"pct":82.7},"branches":{"total":226,"covered":191,"skipped":0,"pct":84.51},"branchesTrue":{"total":0,"covered":0,"skipped":0,"pct":100}}
,"/home/runner/work/JohnSmith/JohnSmith/__tests__/_helpers.ts": {"lines":{"total":23,"covered":21,"skipped":0,"pct":91.3},"functions":{"total":8,"covered":8,"skipped":0,"pct":100},"statements":{"total":24,"covered":22,"skipped":0,"pct":91.66},"branches":{"total":4,"covered":2,"skipped":0,"pct":50}}
,"/home/runner/work/JohnSmith/JohnSmith/src/application.ts": {"lines":{"total":14,"covered":14,"skipped":0,"pct":100},"functions":{"total":2,"covered":2,"skipped":0,"pct":100},"statements":{"total":14,"covered":14,"skipped":0,"pct":100},"branches":{"total":35,"covered":32,"skipped":0,"pct":91.42}}
,"/home/runner/work/JohnSmith/JohnSmith/src/global.ts": {"lines":{"total":4,"covered":4,"skipped":0,"pct":100},"functions":{"total":1,"covered":1,"skipped":0,"pct":100},"statements":{"total":4,"covered":4,"skipped":0,"pct":100},"branches":{"total":0,"covered":0,"skipped":0,"pct":100}}
,"/home/runner/work/JohnSmith/JohnSmith/src/index.ts": {"lines":{"total":1,"covered":1,"skipped":0,"pct":100},"functions":{"total":0,"covered":0,"skipped":0,"pct":100},"statements":{"total":1,"covered":1,"skipped":0,"pct":100},"branches":{"total":0,"covered":0,"skipped":0,"pct":100}}
,"/home/runner/work/JohnSmith/JohnSmith/src/version.ts": {"lines":{"total":1,"covered":1,"skipped":0,"pct":100},"functions":{"total":0,"covered":0,"skipped":0,"pct":100},"statements":{"total":1,"covered":1,"skipped":0,"pct":100},"branches":{"total":0,"covered":0,"skipped":0,"pct":100}}
,"/home/runner/work/JohnSmith/JohnSmith/src/binding/default.ts": {"lines":{"total":4,"covered":4,"skipped":0,"pct":100},"functions":{"total":0,"covered":0,"skipped":0,"pct":100},"statements":{"total":4,"covered":4,"skipped":0,"pct":100},"branches":{"total":0,"covered":0,"skipped":0,"pct":100}}
,"/home/runner/work/JohnSmith/JohnSmith/src/binding/registry.ts": {"lines":{"total":1,"covered":1,"skipped":0,"pct":100},"functions":{"total":0,"covered":0,"skipped":0,"pct":100},"statements":{"total":1,"covered":1,"skipped":0,"pct":100},"branches":{"total":0,"covered":0,"skipped":0,"pct":100}}
,"/home/runner/work/JohnSmith/JohnSmith/src/binding/ext/bind.ts": {"lines":{"total":8,"covered":8,"skipped":0,"pct":100},"functions":{"total":1,"covered":1,"skipped":0,"pct":100},"statements":{"total":8,"covered":8,"skipped":0,"pct":100},"branches":{"total":1,"covered":1,"skipped":0,"pct":100}}
,"/home/runner/work/JohnSmith/JohnSmith/src/binding/ext/checked.ts": {"lines":{"total":6,"covered":3,"skipped":0,"pct":50},"functions":{"total":3,"covered":0,"skipped":0,"pct":0},"statements":{"total":6,"covered":3,"skipped":0,"pct":50},"branches":{"total":0,"covered":0,"skipped":0,"pct":100}}
,"/home/runner/work/JohnSmith/JohnSmith/src/binding/ext/className.ts": {"lines":{"total":22,"covered":22,"skipped":0,"pct":100},"functions":{"total":4,"covered":4,"skipped":0,"pct":100},"statements":{"total":22,"covered":22,"skipped":0,"pct":100},"branches":{"total":6,"covered":6,"skipped":0,"pct":100}}
,"/home/runner/work/JohnSmith/JohnSmith/src/binding/ext/innerHTML.ts": {"lines":{"total":6,"covered":6,"skipped":0,"pct":100},"functions":{"total":2,"covered":2,"skipped":0,"pct":100},"statements":{"total":6,"covered":6,"skipped":0,"pct":100},"branches":{"total":2,"covered":2,"skipped":0,"pct":100}}
,"/home/runner/work/JohnSmith/JohnSmith/src/binding/ext/value.ts": {"lines":{"total":8,"covered":8,"skipped":0,"pct":100},"functions":{"total":3,"covered":3,"skipped":0,"pct":100},"statements":{"total":8,"covered":8,"skipped":0,"pct":100},"branches":{"total":6,"covered":5,"skipped":0,"pct":83.33}}
,"/home/runner/work/JohnSmith/JohnSmith/src/common/disposable.ts": {"lines":{"total":3,"covered":3,"skipped":0,"pct":100},"functions":{"total":2,"covered":1,"skipped":0,"pct":50},"statements":{"total":4,"covered":4,"skipped":0,"pct":100},"branches":{"total":0,"covered":0,"skipped":0,"pct":100}}
,"/home/runner/work/JohnSmith/JohnSmith/src/common/index.ts": {"lines":{"total":2,"covered":2,"skipped":0,"pct":100},"functions":{"total":0,"covered":0,"skipped":0,"pct":100},"statements":{"total":2,"covered":2,"skipped":0,"pct":100},"branches":{"total":0,"covered":0,"skipped":0,"pct":100}}
,"/home/runner/work/JohnSmith/JohnSmith/src/common/owner.ts": {"lines":{"total":17,"covered":17,"skipped":0,"pct":100},"functions":{"total":5,"covered":5,"skipped":0,"pct":100},"statements":{"total":19,"covered":19,"skipped":0,"pct":100},"branches":{"total":7,"covered":7,"skipped":0,"pct":100}}
,"/home/runner/work/JohnSmith/JohnSmith/src/debugging/debug-troubleshooter.ts": {"lines":{"total":27,"covered":7,"skipped":0,"pct":25.92},"functions":{"total":9,"covered":1,"skipped":0,"pct":11.11},"statements":{"total":27,"covered":7,"skipped":0,"pct":25.92},"branches":{"total":7,"covered":0,"skipped":0,"pct":0}}
,"/home/runner/work/JohnSmith/JohnSmith/src/debugging/errors-view-model.ts": {"lines":{"total":3,"covered":3,"skipped":0,"pct":100},"functions":{"total":1,"covered":1,"skipped":0,"pct":100},"statements":{"total":3,"covered":3,"skipped":0,"pct":100},"branches":{"total":0,"covered":0,"skipped":0,"pct":100}}
,"/home/runner/work/JohnSmith/JohnSmith/src/debugging/errors-view.tsx": {"lines":{"total":9,"covered":4,"skipped":0,"pct":44.44},"functions":{"total":5,"covered":0,"skipped":0,"pct":0},"statements":{"total":9,"covered":4,"skipped":0,"pct":44.44},"branches":{"total":0,"covered":0,"skipped":0,"pct":100}}
,"/home/runner/work/JohnSmith/JohnSmith/src/debugging/includes.ts": {"lines":{"total":29,"covered":24,"skipped":0,"pct":82.75},"functions":{"total":5,"covered":2,"skipped":0,"pct":40},"statements":{"total":31,"covered":24,"skipped":0,"pct":77.41},"branches":{"total":5,"covered":2,"skipped":0,"pct":40}}
,"/home/runner/work/JohnSmith/JohnSmith/src/reactive/bidirectional-value.ts": {"lines":{"total":9,"covered":9,"skipped":0,"pct":100},"functions":{"total":2,"covered":2,"skipped":0,"pct":100},"statements":{"total":9,"covered":9,"skipped":0,"pct":100},"branches":{"total":8,"covered":8,"skipped":0,"pct":100}}
,"/home/runner/work/JohnSmith/JohnSmith/src/reactive/event.ts": {"lines":{"total":6,"covered":6,"skipped":0,"pct":100},"functions":{"total":4,"covered":4,"skipped":0,"pct":100},"statements":{"total":6,"covered":6,"skipped":0,"pct":100},"branches":{"total":0,"covered":0,"skipped":0,"pct":100}}
,"/home/runner/work/JohnSmith/JohnSmith/src/reactive/index.ts": {"lines":{"total":4,"covered":4,"skipped":0,"pct":100},"functions":{"total":0,"covered":0,"skipped":0,"pct":100},"statements":{"total":4,"covered":4,"skipped":0,"pct":100},"branches":{"total":0,"covered":0,"skipped":0,"pct":100}}
,"/home/runner/work/JohnSmith/JohnSmith/src/reactive/listenable.ts": {"lines":{"total":33,"covered":33,"skipped":0,"pct":100},"functions":{"total":13,"covered":13,"skipped":0,"pct":100},"statements":{"total":37,"covered":37,"skipped":0,"pct":100},"branches":{"total":4,"covered":4,"skipped":0,"pct":100}}
,"/home/runner/work/JohnSmith/JohnSmith/src/reactive/observable-list.ts": {"lines":{"total":43,"covered":43,"skipped":0,"pct":100},"functions":{"total":13,"covered":13,"skipped":0,"pct":100},"statements":{"total":45,"covered":45,"skipped":0,"pct":100},"branches":{"total":14,"covered":11,"skipped":0,"pct":78.57}}
,"/home/runner/work/JohnSmith/JohnSmith/src/reactive/observable-value.ts": {"lines":{"total":17,"covered":17,"skipped":0,"pct":100},"functions":{"total":8,"covered":8,"skipped":0,"pct":100},"statements":{"total":17,"covered":17,"skipped":0,"pct":100},"branches":{"total":5,"covered":5,"skipped":0,"pct":100}}
,"/home/runner/work/JohnSmith/JohnSmith/src/reactive/transformers/combine.ts": {"lines":{"total":26,"covered":26,"skipped":0,"pct":100},"functions":{"total":7,"covered":7,"skipped":0,"pct":100},"statements":{"total":27,"covered":27,"skipped":0,"pct":100},"branches":{"total":8,"covered":8,"skipped":0,"pct":100}}
,"/home/runner/work/JohnSmith/JohnSmith/src/reactive/transformers/map.ts": {"lines":{"total":9,"covered":9,"skipped":0,"pct":100},"functions":{"total":4,"covered":4,"skipped":0,"pct":100},"statements":{"total":10,"covered":10,"skipped":0,"pct":100},"branches":{"total":0,"covered":0,"skipped":0,"pct":100}}
,"/home/runner/work/JohnSmith/JohnSmith/src/troubleshooting/global.ts": {"lines":{"total":1,"covered":1,"skipped":0,"pct":100},"functions":{"total":0,"covered":0,"skipped":0,"pct":100},"statements":{"total":1,"covered":1,"skipped":0,"pct":100},"branches":{"total":0,"covered":0,"skipped":0,"pct":100}}
,"/home/runner/work/JohnSmith/JohnSmith/src/troubleshooting/noop-troubleshooter.ts": {"lines":{"total":5,"covered":2,"skipped":0,"pct":40},"functions":{"total":3,"covered":0,"skipped":0,"pct":0},"statements":{"total":5,"covered":2,"skipped":0,"pct":40},"branches":{"total":0,"covered":0,"skipped":0,"pct":100}}
,"/home/runner/work/JohnSmith/JohnSmith/src/utils/array.ts": {"lines":{"total":7,"covered":7,"skipped":0,"pct":100},"functions":{"total":1,"covered":1,"skipped":0,"pct":100},"statements":{"total":8,"covered":8,"skipped":0,"pct":100},"branches":{"total":2,"covered":2,"skipped":0,"pct":100}}
,"/home/runner/work/JohnSmith/JohnSmith/src/view/default-view-renderer.ts": {"lines":{"total":97,"covered":87,"skipped":0,"pct":89.69},"functions":{"total":20,"covered":17,"skipped":0,"pct":85},"statements":{"total":100,"covered":90,"skipped":0,"pct":90},"branches":{"total":52,"covered":45,"skipped":0,"pct":86.53}}
,"/home/runner/work/JohnSmith/JohnSmith/src/view/dom-engine-native.ts": {"lines":{"total":43,"covered":38,"skipped":0,"pct":88.37},"functions":{"total":27,"covered":22,"skipped":0,"pct":81.48},"statements":{"total":43,"covered":38,"skipped":0,"pct":88.37},"branches":{"total":8,"covered":8,"skipped":0,"pct":100}}
,"/home/runner/work/JohnSmith/JohnSmith/src/view/components/index.ts": {"lines":{"total":3,"covered":3,"skipped":0,"pct":100},"functions":{"total":0,"covered":0,"skipped":0,"pct":100},"statements":{"total":3,"covered":3,"skipped":0,"pct":100},"branches":{"total":0,"covered":0,"skipped":0,"pct":100}}
,"/home/runner/work/JohnSmith/JohnSmith/src/view/components/list.ts": {"lines":{"total":4,"covered":4,"skipped":0,"pct":100},"functions":{"total":2,"covered":2,"skipped":0,"pct":100},"statements":{"total":4,"covered":4,"skipped":0,"pct":100},"branches":{"total":0,"covered":0,"skipped":0,"pct":100}}
,"/home/runner/work/JohnSmith/JohnSmith/src/view/components/null.ts": {"lines":{"total":4,"covered":4,"skipped":0,"pct":100},"functions":{"total":2,"covered":2,"skipped":0,"pct":100},"statements":{"total":4,"covered":4,"skipped":0,"pct":100},"branches":{"total":0,"covered":0,"skipped":0,"pct":100}}
,"/home/runner/work/JohnSmith/JohnSmith/src/view/components/value.ts": {"lines":{"total":4,"covered":4,"skipped":0,"pct":100},"functions":{"total":2,"covered":2,"skipped":0,"pct":100},"statements":{"total":4,"covered":4,"skipped":0,"pct":100},"branches":{"total":0,"covered":0,"skipped":0,"pct":100}}
,"/home/runner/work/JohnSmith/JohnSmith/src/view/connectors/abstract.ts": {"lines":{"total":32,"covered":31,"skipped":0,"pct":96.87},"functions":{"total":9,"covered":9,"skipped":0,"pct":100},"statements":{"total":33,"covered":32,"skipped":0,"pct":96.96},"branches":{"total":11,"covered":10,"skipped":0,"pct":90.9}}
,"/home/runner/work/JohnSmith/JohnSmith/src/view/connectors/index.ts": {"lines":{"total":4,"covered":4,"skipped":0,"pct":100},"functions":{"total":0,"covered":0,"skipped":0,"pct":100},"statements":{"total":4,"covered":4,"skipped":0,"pct":100},"branches":{"total":0,"covered":0,"skipped":0,"pct":100}}
,"/home/runner/work/JohnSmith/JohnSmith/src/view/connectors/listenable-attribute-connector.ts": {"lines":{"total":9,"covered":8,"skipped":0,"pct":88.88},"functions":{"total":2,"covered":2,"skipped":0,"pct":100},"statements":{"total":9,"covered":8,"skipped":0,"pct":88.88},"branches":{"total":4,"covered":3,"skipped":0,"pct":75}}
,"/home/runner/work/JohnSmith/JohnSmith/src/view/connectors/listenable-text-connector.ts": {"lines":{"total":5,"covered":5,"skipped":0,"pct":100},"functions":{"total":2,"covered":2,"skipped":0,"pct":100},"statements":{"total":5,"covered":5,"skipped":0,"pct":100},"branches":{"total":6,"covered":4,"skipped":0,"pct":66.66}}
,"/home/runner/work/JohnSmith/JohnSmith/src/view/connectors/null-view-connector.ts": {"lines":{"total":6,"covered":6,"skipped":0,"pct":100},"functions":{"total":2,"covered":2,"skipped":0,"pct":100},"statements":{"total":6,"covered":6,"skipped":0,"pct":100},"branches":{"total":3,"covered":3,"skipped":0,"pct":100}}
,"/home/runner/work/JohnSmith/JohnSmith/src/view/connectors/observable-list-view-connector.ts": {"lines":{"total":50,"covered":46,"skipped":0,"pct":92},"functions":{"total":8,"covered":7,"skipped":0,"pct":87.5},"statements":{"total":54,"covered":50,"skipped":0,"pct":92.59},"branches":{"total":19,"covered":14,"skipped":0,"pct":73.68}}
,"/home/runner/work/JohnSmith/JohnSmith/src/view/connectors/observable-value-view-connector.ts": {"lines":{"total":6,"covered":6,"skipped":0,"pct":100},"functions":{"total":2,"covered":2,"skipped":0,"pct":100},"statements":{"total":6,"covered":6,"skipped":0,"pct":100},"branches":{"total":3,"covered":3,"skipped":0,"pct":100}}
,"/home/runner/work/JohnSmith/JohnSmith/src/view/jsx/index.ts": {"lines":{"total":9,"covered":9,"skipped":0,"pct":100},"functions":{"total":1,"covered":1,"skipped":0,"pct":100},"statements":{"total":10,"covered":10,"skipped":0,"pct":100},"branches":{"total":6,"covered":6,"skipped":0,"pct":100}}
}
