{"/home/runner/work/JohnSmith/JohnSmith/__tests__/_helpers.ts": {"path":"/home/runner/work/JohnSmith/JohnSmith/__tests__/_helpers.ts","statementMap":{"0":{"start":{"line":2,"column":0},"end":{"line":2,"column":37}},"1":{"start":{"line":12,"column":33},"end":{"line":26,"column":1}},"2":{"start":{"line":16,"column":2},"end":{"line":25,"column":4}},"3":{"start":{"line":17,"column":4},"end":{"line":17,"column":69}},"4":{"start":{"line":19,"column":22},"end":{"line":19,"column":58}},"5":{"start":{"line":20,"column":4},"end":{"line":22,"column":5}},"6":{"start":{"line":21,"column":6},"end":{"line":21,"column":60}},"7":{"start":{"line":24,"column":4},"end":{"line":24,"column":24}},"8":{"start":{"line":12,"column":13},"end":{"line":12,"column":33}},"9":{"start":{"line":34,"column":2},"end":{"line":37,"column":18}},"10":{"start":{"line":35,"column":17},"end":{"line":35,"column":79}},"11":{"start":{"line":36,"column":4},"end":{"line":36,"column":41}},"12":{"start":{"line":28,"column":0},"end":{"line":28,"column":16}},"13":{"start":{"line":41,"column":17},"end":{"line":41,"column":44}},"14":{"start":{"line":42,"column":2},"end":{"line":44,"column":3}},"15":{"start":{"line":43,"column":4},"end":{"line":43,"column":48}},"16":{"start":{"line":46,"column":2},"end":{"line":46,"column":36}},"17":{"start":{"line":40,"column":0},"end":{"line":40,"column":16}},"18":{"start":{"line":50,"column":16},"end":{"line":50,"column":35}},"19":{"start":{"line":51,"column":2},"end":{"line":51,"column":31}},"20":{"start":{"line":49,"column":0},"end":{"line":49,"column":16}},"21":{"start":{"line":55,"column":2},"end":{"line":55,"column":19}},"22":{"start":{"line":58,"column":4},"end":{"line":58,"column":25}},"23":{"start":{"line":54,"column":0},"end":{"line":54,"column":13}}},"fnMap":{"0":{"name":"(anonymous_0)","decl":{"start":{"line":12,"column":33},"end":{"line":12,"column":null}},"loc":{"start":{"line":15,"column":4},"end":{"line":26,"column":1}}},"1":{"name":"(anonymous_1)","decl":{"start":{"line":16,"column":9},"end":{"line":16,"column":12}},"loc":{"start":{"line":16,"column":14},"end":{"line":25,"column":3}}},"2":{"name":"setupAppContainerAndRender","decl":{"start":{"line":28,"column":16},"end":{"line":28,"column":42}},"loc":{"start":{"line":32,"column":21},"end":{"line":38,"column":1}}},"3":{"name":"(anonymous_3)","decl":{"start":{"line":34,"column":27},"end":{"line":34,"column":36}},"loc":{"start":{"line":34,"column":39},"end":{"line":37,"column":3}}},"4":{"name":"findInput","decl":{"start":{"line":40,"column":16},"end":{"line":40,"column":25}},"loc":{"start":{"line":40,"column":36},"end":{"line":47,"column":1}}},"5":{"name":"dispatchChange","decl":{"start":{"line":49,"column":16},"end":{"line":49,"column":30}},"loc":{"start":{"line":49,"column":51},"end":{"line":52,"column":1}}},"6":{"name":"(anonymous_6)","decl":{"start":{"line":54,"column":0},"end":{"line":54,"column":13}},"loc":{"start":{"line":54,"column":0},"end":{"line":60,"column":1}}},"7":{"name":"(anonymous_7)","decl":{"start":{"line":57,"column":9},"end":{"line":57,"column":16}},"loc":{"start":{"line":57,"column":16},"end":{"line":59,"column":3}}}},"branchMap":{"0":{"loc":{"start":{"line":14,"column":2},"end":{"line":14,"column":21}},"type":"default-arg","locations":[{"start":{"line":14,"column":16},"end":{"line":14,"column":21}}]},"1":{"loc":{"start":{"line":20,"column":4},"end":{"line":22,"column":5}},"type":"if","locations":[{"start":{"line":20,"column":4},"end":{"line":22,"column":5}}]},"2":{"loc":{"start":{"line":32,"column":2},"end":{"line":32,"column":21}},"type":"default-arg","locations":[{"start":{"line":32,"column":16},"end":{"line":32,"column":21}}]},"3":{"loc":{"start":{"line":42,"column":2},"end":{"line":44,"column":3}},"type":"if","locations":[{"start":{"line":42,"column":2},"end":{"line":44,"column":3}}]}},"s":{"0":21,"1":21,"2":74,"3":74,"4":74,"5":74,"6":0,"7":74,"8":21,"9":66,"10":66,"11":66,"12":21,"13":4,"14":4,"15":0,"16":4,"17":21,"18":1,"19":1,"20":21,"21":3,"22":3,"23":21},"f":{"0":74,"1":74,"2":66,"3":66,"4":4,"5":1,"6":3,"7":3},"b":{"0":[7],"1":[0],"2":[66],"3":[0]}}
,"/home/runner/work/JohnSmith/JohnSmith/src/application.ts": {"path":"/home/runner/work/JohnSmith/JohnSmith/src/application.ts","statementMap":{"0":{"start":{"line":3,"column":0},"end":{"line":3,"column":77}},"1":{"start":{"line":5,"column":0},"end":{"line":5,"column":59}},"2":{"start":{"line":7,"column":0},"end":{"line":7,"column":67}},"3":{"start":{"line":9,"column":0},"end":{"line":9,"column":75}},"4":{"start":{"line":11,"column":0},"end":{"line":11,"column":34}},"5":{"start":{"line":28,"column":4},"end":{"line":28,"column":66}},"6":{"start":{"line":29,"column":4},"end":{"line":30,"column":63}},"7":{"start":{"line":31,"column":4},"end":{"line":35,"column":36}},"8":{"start":{"line":36,"column":4},"end":{"line":42,"column":8}},"9":{"start":{"line":60,"column":6},"end":{"line":60,"column":45}},"10":{"start":{"line":61,"column":4},"end":{"line":63,"column":5}},"11":{"start":{"line":62,"column":6},"end":{"line":62,"column":71}},"12":{"start":{"line":65,"column":4},"end":{"line":68,"column":6}},"13":{"start":{"line":16,"column":0},"end":{"line":16,"column":13}}},"fnMap":{"0":{"name":"(anonymous_0)","decl":{"start":{"line":22,"column":2},"end":{"line":22,"column":14}},"loc":{"start":{"line":27,"column":3},"end":{"line":43,"column":3}}},"1":{"name":"(anonymous_1)","decl":{"start":{"line":54,"column":9},"end":{"line":54,"column":15}},"loc":{"start":{"line":57,"column":36},"end":{"line":69,"column":3}}}},"branchMap":{"0":{"loc":{"start":{"line":28,"column":22},"end":{"line":28,"column":65}},"type":"cond-expr","locations":[{"start":{"line":28,"column":40},"end":{"line":28,"column":44}},{"start":{"line":28,"column":44},"end":{"line":28,"column":65}}]},"1":{"loc":{"start":{"line":28,"column":22},"end":{"line":28,"column":44}},"type":"binary-expr","locations":[{"start":{"line":28,"column":22},"end":{"line":28,"column":44}},{"start":{"line":28,"column":40},"end":{"line":28,"column":44}}]},"2":{"loc":{"start":{"line":28,"column":22},"end":{"line":28,"column":40}},"type":"cond-expr","locations":[{"start":{"line":28,"column":29},"end":{"line":28,"column":31}},{"start":{"line":28,"column":22},"end":{"line":28,"column":40}}]},"3":{"loc":{"start":{"line":28,"column":22},"end":{"line":28,"column":31}},"type":"binary-expr","locations":[{"start":{"line":28,"column":22},"end":{"line":28,"column":31}},{"start":{"line":28,"column":22},"end":{"line":28,"column":31}}]},"4":{"loc":{"start":{"line":30,"column":6},"end":{"line":30,"column":62}},"type":"cond-expr","locations":[{"start":{"line":30,"column":30},"end":{"line":30,"column":34}},{"start":{"line":30,"column":34},"end":{"line":30,"column":62}}]},"5":{"loc":{"start":{"line":30,"column":6},"end":{"line":30,"column":34}},"type":"binary-expr","locations":[{"start":{"line":30,"column":6},"end":{"line":30,"column":34}},{"start":{"line":30,"column":30},"end":{"line":30,"column":34}}]},"6":{"loc":{"start":{"line":30,"column":6},"end":{"line":30,"column":30}},"type":"cond-expr","locations":[{"start":{"line":30,"column":13},"end":{"line":30,"column":15}},{"start":{"line":30,"column":6},"end":{"line":30,"column":30}}]},"7":{"loc":{"start":{"line":30,"column":6},"end":{"line":30,"column":15}},"type":"binary-expr","locations":[{"start":{"line":30,"column":6},"end":{"line":30,"column":15}},{"start":{"line":30,"column":6},"end":{"line":30,"column":15}}]},"8":{"loc":{"start":{"line":32,"column":6},"end":{"line":35,"column":35}},"type":"cond-expr","locations":[{"start":{"line":32,"column":29},"end":{"line":32,"column":null}},{"start":{"line":33,"column":7},"end":{"line":35,"column":34}}]},"9":{"loc":{"start":{"line":32,"column":6},"end":{"line":32,"column":null}},"type":"binary-expr","locations":[{"start":{"line":32,"column":6},"end":{"line":32,"column":null}},{"start":{"line":32,"column":29},"end":{"line":32,"column":null}}]},"10":{"loc":{"start":{"line":32,"column":6},"end":{"line":32,"column":29}},"type":"cond-expr","locations":[{"start":{"line":32,"column":13},"end":{"line":32,"column":15}},{"start":{"line":32,"column":6},"end":{"line":32,"column":29}}]},"11":{"loc":{"start":{"line":32,"column":6},"end":{"line":32,"column":15}},"type":"binary-expr","locations":[{"start":{"line":32,"column":6},"end":{"line":32,"column":15}},{"start":{"line":32,"column":6},"end":{"line":32,"column":15}}]},"12":{"loc":{"start":{"line":33,"column":7},"end":{"line":35,"column":34}},"type":"cond-expr","locations":[{"start":{"line":34,"column":10},"end":{"line":34,"column":36}},{"start":{"line":35,"column":10},"end":{"line":35,"column":34}}]},"13":{"loc":{"start":{"line":37,"column":6},"end":{"line":41,"column":null}},"type":"cond-expr","locations":[{"start":{"line":37,"column":27},"end":{"line":37,"column":null}},{"start":{"line":38,"column":6},"end":{"line":41,"column":null}}]},"14":{"loc":{"start":{"line":37,"column":6},"end":{"line":37,"column":null}},"type":"binary-expr","locations":[{"start":{"line":37,"column":6},"end":{"line":37,"column":null}},{"start":{"line":37,"column":27},"end":{"line":37,"column":null}}]},"15":{"loc":{"start":{"line":37,"column":6},"end":{"line":37,"column":27}},"type":"cond-expr","locations":[{"start":{"line":37,"column":13},"end":{"line":37,"column":15}},{"start":{"line":37,"column":6},"end":{"line":37,"column":27}}]},"16":{"loc":{"start":{"line":37,"column":6},"end":{"line":37,"column":15}},"type":"binary-expr","locations":[{"start":{"line":37,"column":6},"end":{"line":37,"column":15}},{"start":{"line":37,"column":6},"end":{"line":37,"column":15}}]},"17":{"loc":{"start":{"line":61,"column":4},"end":{"line":63,"column":5}},"type":"if","locations":[{"start":{"line":61,"column":4},"end":{"line":63,"column":5}}]}},"s":{"0":22,"1":22,"2":22,"3":22,"4":22,"5":75,"6":75,"7":75,"8":75,"9":75,"10":75,"11":74,"12":1,"13":22},"f":{"0":75,"1":75},"b":{"0":[0,75],"1":[75,75],"2":[74,1],"3":[75,75],"4":[0,75],"5":[75,75],"6":[74,1],"7":[75,75],"8":[1,74],"9":[75,75],"10":[74,1],"11":[75,75],"12":[3,71],"13":[0,75],"14":[75,75],"15":[74,1],"16":[75,75],"17":[74]}}
,"/home/runner/work/JohnSmith/JohnSmith/src/global.ts": {"path":"/home/runner/work/JohnSmith/JohnSmith/src/global.ts","statementMap":{"0":{"start":{"line":1,"column":0},"end":{"line":1,"column":39}},"1":{"start":{"line":4,"column":30},"end":{"line":4,"column":45}},"2":{"start":{"line":3,"column":0},"end":{"line":3,"column":13}},"3":{"start":{"line":12,"column":0},"end":{"line":12,"column":41}}},"fnMap":{"0":{"name":"(anonymous_0)","decl":{"start":{"line":4,"column":2},"end":{"line":4,"column":30}},"loc":{"start":{"line":4,"column":45},"end":{"line":4,"column":49}}}},"branchMap":{},"s":{"0":22,"1":22,"2":22,"3":22},"f":{"0":22},"b":{}}
,"/home/runner/work/JohnSmith/JohnSmith/src/index.ts": {"path":"/home/runner/work/JohnSmith/JohnSmith/src/index.ts","statementMap":{"0":{"start":{"line":1,"column":0},"end":{"line":1,"column":30}}},"fnMap":{},"branchMap":{},"s":{"0":22},"f":{},"b":{}}
,"/home/runner/work/JohnSmith/JohnSmith/src/version.ts": {"path":"/home/runner/work/JohnSmith/JohnSmith/src/version.ts","statementMap":{"0":{"start":{"line":1,"column":13},"end":{"line":1,"column":43}}},"fnMap":{},"branchMap":{},"s":{"0":22},"f":{},"b":{}}
,"/home/runner/work/JohnSmith/JohnSmith/src/binding/default.ts": {"path":"/home/runner/work/JohnSmith/JohnSmith/src/binding/default.ts","statementMap":{"0":{"start":{"line":1,"column":0},"end":{"line":1,"column":25}},"1":{"start":{"line":2,"column":0},"end":{"line":2,"column":25}},"2":{"start":{"line":3,"column":0},"end":{"line":3,"column":21}},"3":{"start":{"line":4,"column":0},"end":{"line":4,"column":23}}},"fnMap":{},"branchMap":{},"s":{"0":22,"1":22,"2":22,"3":22},"f":{},"b":{}}
,"/home/runner/work/JohnSmith/JohnSmith/src/binding/registry.ts": {"path":"/home/runner/work/JohnSmith/JohnSmith/src/binding/registry.ts","statementMap":{"0":{"start":{"line":12,"column":0},"end":{"line":12,"column":13}}},"fnMap":{},"branchMap":{},"s":{"0":22},"f":{},"b":{}}
,"/home/runner/work/JohnSmith/JohnSmith/src/binding/ext/bind.ts": {"path":"/home/runner/work/JohnSmith/JohnSmith/src/binding/ext/bind.ts","statementMap":{"0":{"start":{"line":1,"column":0},"end":{"line":1,"column":53}},"1":{"start":{"line":3,"column":0},"end":{"line":3,"column":72}},"2":{"start":{"line":5,"column":0},"end":{"line":19,"column":2}},"3":{"start":{"line":9,"column":23},"end":{"line":9,"column":null}},"4":{"start":{"line":12,"column":17},"end":{"line":12,"column":52}},"5":{"start":{"line":14,"column":2},"end":{"line":16,"column":3}},"6":{"start":{"line":15,"column":4},"end":{"line":15,"column":22}},"7":{"start":{"line":18,"column":2},"end":{"line":18,"column":24}}},"fnMap":{"0":{"name":"(anonymous_0)","decl":{"start":{"line":5,"column":44},"end":{"line":5,"column":null}},"loc":{"start":{"line":8,"column":4},"end":{"line":19,"column":1}}}},"branchMap":{"0":{"loc":{"start":{"line":14,"column":2},"end":{"line":16,"column":3}},"type":"if","locations":[{"start":{"line":14,"column":2},"end":{"line":16,"column":3}}]}},"s":{"0":1,"1":1,"2":1,"3":4,"4":4,"5":4,"6":2,"7":2},"f":{"0":4},"b":{"0":[2]}}
,"/home/runner/work/JohnSmith/JohnSmith/src/binding/ext/checked.ts": {"path":"/home/runner/work/JohnSmith/JohnSmith/src/binding/ext/checked.ts","statementMap":{"0":{"start":{"line":1,"column":0},"end":{"line":1,"column":53}},"1":{"start":{"line":4,"column":0},"end":{"line":4,"column":80}},"2":{"start":{"line":13,"column":0},"end":{"line":24,"column":2}},"3":{"start":{"line":17,"column":2},"end":{"line":23,"column":4}},"4":{"start":{"line":20,"column":26},"end":{"line":20,"column":42}},"5":{"start":{"line":21,"column":49},"end":{"line":21,"column":73}}},"fnMap":{"0":{"name":"(anonymous_0)","decl":{"start":{"line":13,"column":47},"end":{"line":13,"column":null}},"loc":{"start":{"line":16,"column":4},"end":{"line":24,"column":1}}},"1":{"name":"(anonymous_1)","decl":{"start":{"line":20,"column":4},"end":{"line":20,"column":5}},"loc":{"start":{"line":20,"column":26},"end":{"line":20,"column":42}}},"2":{"name":"(anonymous_2)","decl":{"start":{"line":21,"column":4},"end":{"line":21,"column":5}},"loc":{"start":{"line":21,"column":49},"end":{"line":21,"column":73}}}},"branchMap":{},"s":{"0":22,"1":22,"2":22,"3":0,"4":0,"5":0},"f":{"0":0,"1":0,"2":0},"b":{}}
,"/home/runner/work/JohnSmith/JohnSmith/src/binding/ext/className.ts": {"path":"/home/runner/work/JohnSmith/JohnSmith/src/binding/ext/className.ts","statementMap":{"0":{"start":{"line":10,"column":0},"end":{"line":10,"column":53}},"1":{"start":{"line":12,"column":0},"end":{"line":12,"column":58}},"2":{"start":{"line":13,"column":0},"end":{"line":13,"column":77}},"3":{"start":{"line":14,"column":0},"end":{"line":14,"column":37}},"4":{"start":{"line":23,"column":0},"end":{"line":72,"column":2}},"5":{"start":{"line":28,"column":21},"end":{"line":28,"column":47}},"6":{"start":{"line":31,"column":2},"end":{"line":48,"column":3}},"7":{"start":{"line":32,"column":4},"end":{"line":47,"column":6}},"8":{"start":{"line":35,"column":8},"end":{"line":37,"column":9}},"9":{"start":{"line":36,"column":10},"end":{"line":36,"column":22}},"10":{"start":{"line":39,"column":8},"end":{"line":39,"column":30}},"11":{"start":{"line":41,"column":8},"end":{"line":45,"column":10}},"12":{"start":{"line":43,"column":12},"end":{"line":43,"column":37}},"13":{"start":{"line":51,"column":17},"end":{"line":51,"column":28}},"14":{"start":{"line":52,"column":26},"end":{"line":52,"column":76}},"15":{"start":{"line":54,"column":2},"end":{"line":69,"column":3}},"16":{"start":{"line":55,"column":4},"end":{"line":68,"column":6}},"17":{"start":{"line":59,"column":10},"end":{"line":63,"column":11}},"18":{"start":{"line":60,"column":12},"end":{"line":60,"column":38}},"19":{"start":{"line":62,"column":12},"end":{"line":62,"column":41}},"20":{"start":{"line":65,"column":10},"end":{"line":65,"column":22}},"21":{"start":{"line":71,"column":2},"end":{"line":71,"column":16}}},"fnMap":{"0":{"name":"(anonymous_0)","decl":{"start":{"line":23,"column":49},"end":{"line":23,"column":null}},"loc":{"start":{"line":26,"column":4},"end":{"line":72,"column":1}}},"1":{"name":"(anonymous_1)","decl":{"start":{"line":34,"column":6},"end":{"line":34,"column":7}},"loc":{"start":{"line":34,"column":31},"end":{"line":46,"column":7}}},"2":{"name":"(anonymous_2)","decl":{"start":{"line":42,"column":19},"end":{"line":42,"column":22}},"loc":{"start":{"line":42,"column":24},"end":{"line":44,"column":11}}},"3":{"name":"(anonymous_3)","decl":{"start":{"line":58,"column":8},"end":{"line":58,"column":9}},"loc":{"start":{"line":58,"column":49},"end":{"line":66,"column":9}}}},"branchMap":{"0":{"loc":{"start":{"line":31,"column":2},"end":{"line":48,"column":3}},"type":"if","locations":[{"start":{"line":31,"column":2},"end":{"line":48,"column":3}}]},"1":{"loc":{"start":{"line":31,"column":6},"end":{"line":31,"column":66}},"type":"binary-expr","locations":[{"start":{"line":31,"column":6},"end":{"line":31,"column":37}},{"start":{"line":31,"column":41},"end":{"line":31,"column":66}}]},"2":{"loc":{"start":{"line":35,"column":8},"end":{"line":37,"column":9}},"type":"if","locations":[{"start":{"line":35,"column":8},"end":{"line":37,"column":9}}]},"3":{"loc":{"start":{"line":59,"column":10},"end":{"line":63,"column":11}},"type":"if","locations":[{"start":{"line":59,"column":10},"end":{"line":63,"column":11}},{"start":{"line":61,"column":17},"end":{"line":63,"column":11}}]}},"s":{"0":22,"1":22,"2":22,"3":22,"4":22,"5":8,"6":8,"7":5,"8":8,"9":2,"10":6,"11":6,"12":4,"13":3,"14":3,"15":3,"16":6,"17":9,"18":6,"19":3,"20":9,"21":3},"f":{"0":8,"1":8,"2":4,"3":9},"b":{"0":[5],"1":[8,8],"2":[2],"3":[6,3]}}
,"/home/runner/work/JohnSmith/JohnSmith/src/binding/ext/innerHTML.ts": {"path":"/home/runner/work/JohnSmith/JohnSmith/src/binding/ext/innerHTML.ts","statementMap":{"0":{"start":{"line":1,"column":0},"end":{"line":1,"column":53}},"1":{"start":{"line":4,"column":0},"end":{"line":4,"column":77}},"2":{"start":{"line":12,"column":0},"end":{"line":24,"column":2}},"3":{"start":{"line":16,"column":2},"end":{"line":23,"column":4}},"4":{"start":{"line":19,"column":6},"end":{"line":19,"column":56}},"5":{"start":{"line":21,"column":6},"end":{"line":21,"column":18}}},"fnMap":{"0":{"name":"(anonymous_0)","decl":{"start":{"line":12,"column":49},"end":{"line":12,"column":null}},"loc":{"start":{"line":15,"column":4},"end":{"line":24,"column":1}}},"1":{"name":"(anonymous_1)","decl":{"start":{"line":18,"column":4},"end":{"line":18,"column":5}},"loc":{"start":{"line":18,"column":29},"end":{"line":22,"column":5}}}},"branchMap":{"0":{"loc":{"start":{"line":19,"column":27},"end":{"line":19,"column":54}},"type":"cond-expr","locations":[{"start":{"line":19,"column":44},"end":{"line":19,"column":46}},{"start":{"line":19,"column":49},"end":{"line":19,"column":54}}]}},"s":{"0":22,"1":22,"2":22,"3":4,"4":6,"5":6},"f":{"0":4,"1":6},"b":{"0":[1,5]}}
,"/home/runner/work/JohnSmith/JohnSmith/src/binding/ext/value.ts": {"path":"/home/runner/work/JohnSmith/JohnSmith/src/binding/ext/value.ts","statementMap":{"0":{"start":{"line":1,"column":0},"end":{"line":1,"column":53}},"1":{"start":{"line":4,"column":0},"end":{"line":4,"column":80}},"2":{"start":{"line":20,"column":0},"end":{"line":45,"column":2}},"3":{"start":{"line":24,"column":27},"end":{"line":24,"column":51}},"4":{"start":{"line":27,"column":4},"end":{"line":35,"column":10}},"5":{"start":{"line":37,"column":2},"end":{"line":44,"column":4}},"6":{"start":{"line":40,"column":26},"end":{"line":40,"column":41}},"7":{"start":{"line":42,"column":6},"end":{"line":42,"column":48}}},"fnMap":{"0":{"name":"(anonymous_0)","decl":{"start":{"line":20,"column":45},"end":{"line":20,"column":null}},"loc":{"start":{"line":23,"column":4},"end":{"line":45,"column":1}}},"1":{"name":"(anonymous_1)","decl":{"start":{"line":40,"column":4},"end":{"line":40,"column":5}},"loc":{"start":{"line":40,"column":26},"end":{"line":40,"column":41}}},"2":{"name":"(anonymous_2)","decl":{"start":{"line":41,"column":4},"end":{"line":41,"column":5}},"loc":{"start":{"line":42,"column":6},"end":{"line":42,"column":48}}}},"branchMap":{"0":{"loc":{"start":{"line":27,"column":4},"end":{"line":35,"column":10}},"type":"cond-expr","locations":[{"start":{"line":28,"column":8},"end":{"line":31,"column":null}},{"start":{"line":32,"column":8},"end":{"line":35,"column":10}}]},"1":{"loc":{"start":{"line":27,"column":4},"end":{"line":27,"column":78}},"type":"binary-expr","locations":[{"start":{"line":27,"column":4},"end":{"line":27,"column":20}},{"start":{"line":27,"column":25},"end":{"line":27,"column":78}}]},"2":{"loc":{"start":{"line":42,"column":20},"end":{"line":42,"column":47}},"type":"cond-expr","locations":[{"start":{"line":42,"column":37},"end":{"line":42,"column":39}},{"start":{"line":42,"column":42},"end":{"line":42,"column":47}}]}},"s":{"0":22,"1":22,"2":22,"3":5,"4":5,"5":5,"6":1,"7":8},"f":{"0":5,"1":1,"2":8},"b":{"0":[0,5],"1":[5,5],"2":[2,6]}}
,"/home/runner/work/JohnSmith/JohnSmith/src/common/disposable.ts": {"path":"/home/runner/work/JohnSmith/JohnSmith/src/common/disposable.ts","statementMap":{"0":{"start":{"line":19,"column":13},"end":{"line":25,"column":2}},"1":{"start":{"line":27,"column":28},"end":{"line":29,"column":1}},"2":{"start":{"line":28,"column":2},"end":{"line":28,"column":52}},"3":{"start":{"line":27,"column":13},"end":{"line":27,"column":28}}},"fnMap":{"0":{"name":"(anonymous_0)","decl":{"start":{"line":24,"column":11},"end":{"line":24,"column":14}},"loc":{"start":{"line":24,"column":16},"end":{"line":24,"column":19}}},"1":{"name":"(anonymous_1)","decl":{"start":{"line":27,"column":28},"end":{"line":27,"column":29}},"loc":{"start":{"line":27,"column":78},"end":{"line":29,"column":1}}}},"branchMap":{},"s":{"0":24,"1":24,"2":2,"3":24},"f":{"0":0,"1":2},"b":{}}
,"/home/runner/work/JohnSmith/JohnSmith/src/common/index.ts": {"path":"/home/runner/work/JohnSmith/JohnSmith/src/common/index.ts","statementMap":{"0":{"start":{"line":1,"column":0},"end":{"line":1,"column":29}},"1":{"start":{"line":2,"column":0},"end":{"line":2,"column":24}}},"fnMap":{},"branchMap":{},"s":{"0":23,"1":23},"f":{},"b":{}}
,"/home/runner/work/JohnSmith/JohnSmith/src/common/owner.ts": {"path":"/home/runner/work/JohnSmith/JohnSmith/src/common/owner.ts","statementMap":{"0":{"start":{"line":1,"column":0},"end":{"line":1,"column":77}},"1":{"start":{"line":29,"column":4},"end":{"line":29,"column":40}},"2":{"start":{"line":43,"column":4},"end":{"line":43,"column":36}},"3":{"start":{"line":44,"column":4},"end":{"line":44,"column":20}},"4":{"start":{"line":50,"column":4},"end":{"line":52,"column":5}},"5":{"start":{"line":51,"column":6},"end":{"line":51,"column":32}},"6":{"start":{"line":54,"column":4},"end":{"line":54,"column":20}},"7":{"start":{"line":61,"column":4},"end":{"line":63,"column":5}},"8":{"start":{"line":61,"column":17},"end":{"line":61,"column":18}},"9":{"start":{"line":62,"column":6},"end":{"line":62,"column":36}},"10":{"start":{"line":18,"column":0},"end":{"line":18,"column":13}},"11":{"start":{"line":67,"column":28},"end":{"line":77,"column":1}},"12":{"start":{"line":68,"column":2},"end":{"line":74,"column":3}},"13":{"start":{"line":69,"column":4},"end":{"line":73,"column":5}},"14":{"start":{"line":70,"column":6},"end":{"line":70,"column":18}},"15":{"start":{"line":71,"column":11},"end":{"line":73,"column":5}},"16":{"start":{"line":72,"column":6},"end":{"line":72,"column":29}},"17":{"start":{"line":76,"column":2},"end":{"line":76,"column":14}},"18":{"start":{"line":67,"column":13},"end":{"line":67,"column":28}}},"fnMap":{"0":{"name":"(anonymous_0)","decl":{"start":{"line":28,"column":2},"end":{"line":28,"column":14}},"loc":{"start":{"line":28,"column":39},"end":{"line":30,"column":3}}},"1":{"name":"(anonymous_1)","decl":{"start":{"line":42,"column":9},"end":{"line":42,"column":12}},"loc":{"start":{"line":42,"column":46},"end":{"line":45,"column":3}}},"2":{"name":"(anonymous_2)","decl":{"start":{"line":47,"column":9},"end":{"line":47,"column":21}},"loc":{"start":{"line":48,"column":34},"end":{"line":55,"column":3}}},"3":{"name":"(anonymous_3)","decl":{"start":{"line":60,"column":9},"end":{"line":60,"column":16}},"loc":{"start":{"line":60,"column":16},"end":{"line":64,"column":3}}},"4":{"name":"(anonymous_4)","decl":{"start":{"line":67,"column":28},"end":{"line":67,"column":29}},"loc":{"start":{"line":67,"column":77},"end":{"line":77,"column":1}}}},"branchMap":{"0":{"loc":{"start":{"line":29,"column":23},"end":{"line":29,"column":39}},"type":"binary-expr","locations":[{"start":{"line":29,"column":23},"end":{"line":29,"column":33}},{"start":{"line":29,"column":37},"end":{"line":29,"column":39}}]},"1":{"loc":{"start":{"line":50,"column":4},"end":{"line":52,"column":5}},"type":"if","locations":[{"start":{"line":50,"column":4},"end":{"line":52,"column":5}}]},"2":{"loc":{"start":{"line":68,"column":2},"end":{"line":74,"column":3}},"type":"if","locations":[{"start":{"line":68,"column":2},"end":{"line":74,"column":3}}]},"3":{"loc":{"start":{"line":69,"column":4},"end":{"line":73,"column":5}},"type":"if","locations":[{"start":{"line":69,"column":4},"end":{"line":73,"column":5}},{"start":{"line":71,"column":11},"end":{"line":73,"column":5}}]},"4":{"loc":{"start":{"line":71,"column":11},"end":{"line":73,"column":5}},"type":"if","locations":[{"start":{"line":71,"column":11},"end":{"line":73,"column":5}}]}},"s":{"0":24,"1":114,"2":167,"3":167,"4":5,"5":1,"6":4,"7":26,"8":26,"9":38,"10":24,"11":24,"12":7,"13":2,"14":1,"15":1,"16":1,"17":5,"18":24},"f":{"0":114,"1":167,"2":5,"3":26,"4":7},"b":{"0":[114,109],"1":[1],"2":[2],"3":[1,1],"4":[1]}}
,"/home/runner/work/JohnSmith/JohnSmith/src/debugging/debug-troubleshooter.ts": {"path":"/home/runner/work/JohnSmith/JohnSmith/src/debugging/debug-troubleshooter.ts","statementMap":{"0":{"start":{"line":10,"column":20},"end":{"line":10,"column":39}},"1":{"start":{"line":11,"column":20},"end":{"line":11,"column":35}},"2":{"start":{"line":12,"column":20},"end":{"line":12,"column":33}},"3":{"start":{"line":14,"column":4},"end":{"line":14,"column":55}},"4":{"start":{"line":18,"column":4},"end":{"line":18,"column":46}},"5":{"start":{"line":22,"column":4},"end":{"line":22,"column":49}},"6":{"start":{"line":6,"column":0},"end":{"line":6,"column":13}},"7":{"start":{"line":31,"column":12},"end":{"line":31,"column":35}},"8":{"start":{"line":32,"column":12},"end":{"line":32,"column":46}},"9":{"start":{"line":33,"column":12},"end":{"line":33,"column":44}},"10":{"start":{"line":27,"column":10},"end":{"line":27,"column":29}},"11":{"start":{"line":28,"column":10},"end":{"line":28,"column":26}},"12":{"start":{"line":37,"column":4},"end":{"line":42,"column":6}},"13":{"start":{"line":49,"column":4},"end":{"line":52,"column":6}},"14":{"start":{"line":59,"column":4},"end":{"line":62,"column":6}},"15":{"start":{"line":66,"column":4},"end":{"line":69,"column":5}},"16":{"start":{"line":67,"column":6},"end":{"line":67,"column":34}},"17":{"start":{"line":68,"column":6},"end":{"line":68,"column":31}},"18":{"start":{"line":71,"column":19},"end":{"line":71,"column":48}},"19":{"start":{"line":72,"column":18},"end":{"line":72,"column":68}},"20":{"start":{"line":74,"column":4},"end":{"line":74,"column":22}},"21":{"start":{"line":75,"column":4},"end":{"line":77,"column":5}},"22":{"start":{"line":76,"column":6},"end":{"line":76,"column":46}},"23":{"start":{"line":79,"column":4},"end":{"line":79,"column":26}},"24":{"start":{"line":81,"column":4},"end":{"line":85,"column":6}},"25":{"start":{"line":83,"column":8},"end":{"line":83,"column":29}},"26":{"start":{"line":26,"column":0},"end":{"line":26,"column":13}}},"fnMap":{"0":{"name":"(anonymous_0)","decl":{"start":{"line":9,"column":2},"end":{"line":9,"column":null}},"loc":{"start":{"line":12,"column":33},"end":{"line":15,"column":3}}},"1":{"name":"(anonymous_1)","decl":{"start":{"line":17,"column":9},"end":{"line":17,"column":30}},"loc":{"start":{"line":17,"column":30},"end":{"line":19,"column":3}}},"2":{"name":"(anonymous_2)","decl":{"start":{"line":21,"column":9},"end":{"line":21,"column":32}},"loc":{"start":{"line":21,"column":32},"end":{"line":23,"column":3}}},"3":{"name":"(anonymous_3)","decl":{"start":{"line":30,"column":2},"end":{"line":30,"column":null}},"loc":{"start":{"line":33,"column":44},"end":{"line":34,"column":6}}},"4":{"name":"(anonymous_4)","decl":{"start":{"line":36,"column":9},"end":{"line":36,"column":24}},"loc":{"start":{"line":36,"column":58},"end":{"line":43,"column":3}}},"5":{"name":"(anonymous_5)","decl":{"start":{"line":45,"column":9},"end":{"line":45,"column":24}},"loc":{"start":{"line":47,"column":30},"end":{"line":53,"column":3}}},"6":{"name":"(anonymous_6)","decl":{"start":{"line":55,"column":9},"end":{"line":55,"column":30}},"loc":{"start":{"line":57,"column":23},"end":{"line":63,"column":3}}},"7":{"name":"(anonymous_7)","decl":{"start":{"line":65,"column":10},"end":{"line":65,"column":26}},"loc":{"start":{"line":65,"column":62},"end":{"line":86,"column":3}}},"8":{"name":"(anonymous_8)","decl":{"start":{"line":82,"column":15},"end":{"line":82,"column":18}},"loc":{"start":{"line":82,"column":20},"end":{"line":84,"column":7}}}},"branchMap":{"0":{"loc":{"start":{"line":51,"column":6},"end":{"line":51,"column":33}},"type":"binary-expr","locations":[{"start":{"line":51,"column":6},"end":{"line":51,"column":13}},{"start":{"line":51,"column":17},"end":{"line":51,"column":33}}]},"1":{"loc":{"start":{"line":66,"column":4},"end":{"line":69,"column":5}},"type":"if","locations":[{"start":{"line":66,"column":4},"end":{"line":69,"column":5}}]},"2":{"loc":{"start":{"line":79,"column":4},"end":{"line":79,"column":25}},"type":"cond-expr","locations":[{"start":{"line":79,"column":11},"end":{"line":79,"column":13}},{"start":{"line":79,"column":4},"end":{"line":79,"column":25}}]},"3":{"loc":{"start":{"line":79,"column":4},"end":{"line":79,"column":13}},"type":"binary-expr","locations":[{"start":{"line":79,"column":4},"end":{"line":79,"column":13}},{"start":{"line":79,"column":4},"end":{"line":79,"column":13}}]}},"s":{"0":0,"1":0,"2":0,"3":0,"4":0,"5":0,"6":1,"7":3,"8":3,"9":3,"10":3,"11":3,"12":0,"13":0,"14":0,"15":0,"16":0,"17":0,"18":0,"19":0,"20":0,"21":0,"22":0,"23":0,"24":0,"25":0,"26":1},"f":{"0":0,"1":0,"2":0,"3":3,"4":0,"5":0,"6":0,"7":0,"8":0},"b":{"0":[0,0],"1":[0],"2":[0,0],"3":[0,0]}}
,"/home/runner/work/JohnSmith/JohnSmith/src/debugging/errors-view-model.ts": {"path":"/home/runner/work/JohnSmith/JohnSmith/src/debugging/errors-view-model.ts","statementMap":{"0":{"start":{"line":1,"column":0},"end":{"line":1,"column":45}},"1":{"start":{"line":5,"column":9},"end":{"line":5,"column":50}},"2":{"start":{"line":4,"column":0},"end":{"line":4,"column":13}}},"fnMap":{"0":{"name":"(anonymous_0)","decl":{"start":{"line":4,"column":0},"end":{"line":4,"column":13}},"loc":{"start":{"line":4,"column":0},"end":{"line":6,"column":1}}}},"branchMap":{},"s":{"0":1,"1":1,"2":1},"f":{"0":1},"b":{}}
,"/home/runner/work/JohnSmith/JohnSmith/src/debugging/errors-view.tsx": {"path":"/home/runner/work/JohnSmith/JohnSmith/src/debugging/errors-view.tsx","statementMap":{"0":{"start":{"line":3,"column":0},"end":{"line":3,"column":47}},"1":{"start":{"line":4,"column":0},"end":{"line":4,"column":40}},"2":{"start":{"line":5,"column":0},"end":{"line":5,"column":21}},"3":{"start":{"line":8,"column":22},"end":{"line":8,"column":48}},"4":{"start":{"line":11,"column":4},"end":{"line":49,"column":6}},"5":{"start":{"line":31,"column":14},"end":{"line":43,"column":16}},"6":{"start":{"line":33,"column":37},"end":{"line":33,"column":66}},"7":{"start":{"line":34,"column":37},"end":{"line":34,"column":68}},"8":{"start":{"line":7,"column":0},"end":{"line":7,"column":13}}},"fnMap":{"0":{"name":"(anonymous_0)","decl":{"start":{"line":8,"column":2},"end":{"line":8,"column":22}},"loc":{"start":{"line":8,"column":48},"end":{"line":8,"column":52}}},"1":{"name":"(anonymous_1)","decl":{"start":{"line":10,"column":9},"end":{"line":10,"column":17}},"loc":{"start":{"line":10,"column":17},"end":{"line":50,"column":3}}},"2":{"name":"(anonymous_2)","decl":{"start":{"line":30,"column":18},"end":{"line":30,"column":23}},"loc":{"start":{"line":30,"column":26},"end":{"line":44,"column":13}}},"3":{"name":"(anonymous_3)","decl":{"start":{"line":33,"column":31},"end":{"line":33,"column":34}},"loc":{"start":{"line":33,"column":37},"end":{"line":33,"column":66}}},"4":{"name":"(anonymous_4)","decl":{"start":{"line":34,"column":31},"end":{"line":34,"column":34}},"loc":{"start":{"line":34,"column":37},"end":{"line":34,"column":68}}}},"branchMap":{},"s":{"0":1,"1":1,"2":1,"3":0,"4":0,"5":0,"6":0,"7":0,"8":1},"f":{"0":0,"1":0,"2":0,"3":0,"4":0},"b":{}}
,"/home/runner/work/JohnSmith/JohnSmith/src/debugging/includes.ts": {"path":"/home/runner/work/JohnSmith/JohnSmith/src/debugging/includes.ts","statementMap":{"0":{"start":{"line":1,"column":0},"end":{"line":1,"column":61}},"1":{"start":{"line":2,"column":0},"end":{"line":2,"column":68}},"2":{"start":{"line":3,"column":0},"end":{"line":3,"column":60}},"3":{"start":{"line":4,"column":0},"end":{"line":4,"column":61}},"4":{"start":{"line":5,"column":0},"end":{"line":5,"column":76}},"5":{"start":{"line":6,"column":0},"end":{"line":6,"column":43}},"6":{"start":{"line":7,"column":0},"end":{"line":7,"column":54}},"7":{"start":{"line":9,"column":0},"end":{"line":9,"column":35}},"8":{"start":{"line":11,"column":12},"end":{"line":11,"column":51}},"9":{"start":{"line":11,"column":42},"end":{"line":11,"column":51}},"10":{"start":{"line":12,"column":14},"end":{"line":12,"column":55}},"11":{"start":{"line":12,"column":46},"end":{"line":12,"column":55}},"12":{"start":{"line":14,"column":26},"end":{"line":14,"column":47}},"13":{"start":{"line":16,"column":0},"end":{"line":43,"column":2}},"14":{"start":{"line":17,"column":2},"end":{"line":42,"column":3}},"15":{"start":{"line":18,"column":4},"end":{"line":18,"column":18}},"16":{"start":{"line":20,"column":22},"end":{"line":20,"column":43}},"17":{"start":{"line":22,"column":17},"end":{"line":22,"column":36}},"18":{"start":{"line":24,"column":4},"end":{"line":28,"column":5}},"19":{"start":{"line":25,"column":6},"end":{"line":27,"column":8}},"20":{"start":{"line":30,"column":4},"end":{"line":36,"column":7}},"21":{"start":{"line":31,"column":6},"end":{"line":35,"column":52}},"22":{"start":{"line":38,"column":4},"end":{"line":38,"column":13}},"23":{"start":{"line":39,"column":4},"end":{"line":39,"column":41}},"24":{"start":{"line":41,"column":4},"end":{"line":41,"column":36}},"25":{"start":{"line":45,"column":20},"end":{"line":136,"column":1}},"26":{"start":{"line":46,"column":2},"end":{"line":46,"column":10}},"27":{"start":{"line":48,"column":2},"end":{"line":55,"column":62}},"28":{"start":{"line":57,"column":16},"end":{"line":57,"column":47}},"29":{"start":{"line":58,"column":2},"end":{"line":134,"column":6}},"30":{"start":{"line":135,"column":2},"end":{"line":135,"column":62}}},"fnMap":{"0":{"name":"(anonymous_0)","decl":{"start":{"line":11,"column":36},"end":{"line":11,"column":39}},"loc":{"start":{"line":11,"column":42},"end":{"line":11,"column":51}}},"1":{"name":"(anonymous_1)","decl":{"start":{"line":12,"column":40},"end":{"line":12,"column":43}},"loc":{"start":{"line":12,"column":46},"end":{"line":12,"column":55}}},"2":{"name":"(anonymous_2)","decl":{"start":{"line":16,"column":38},"end":{"line":16,"column":41}},"loc":{"start":{"line":16,"column":43},"end":{"line":43,"column":1}}},"3":{"name":"(anonymous_3)","decl":{"start":{"line":30,"column":60},"end":{"line":30,"column":63}},"loc":{"start":{"line":30,"column":65},"end":{"line":36,"column":5}}},"4":{"name":"(anonymous_4)","decl":{"start":{"line":45,"column":20},"end":{"line":45,"column":23}},"loc":{"start":{"line":45,"column":25},"end":{"line":136,"column":1}}}},"branchMap":{"0":{"loc":{"start":{"line":11,"column":12},"end":{"line":11,"column":51}},"type":"cond-expr","locations":[{"start":{"line":11,"column":22},"end":{"line":11,"column":33}},{"start":{"line":11,"column":36},"end":{"line":11,"column":51}}]},"1":{"loc":{"start":{"line":12,"column":14},"end":{"line":12,"column":55}},"type":"cond-expr","locations":[{"start":{"line":12,"column":24},"end":{"line":12,"column":37}},{"start":{"line":12,"column":40},"end":{"line":12,"column":55}}]},"2":{"loc":{"start":{"line":24,"column":4},"end":{"line":28,"column":5}},"type":"if","locations":[{"start":{"line":24,"column":4},"end":{"line":28,"column":5}}]}},"s":{"0":1,"1":1,"2":1,"3":1,"4":1,"5":1,"6":1,"7":1,"8":1,"9":0,"10":1,"11":0,"12":1,"13":1,"14":3,"15":3,"16":3,"17":3,"18":3,"19":0,"20":3,"21":0,"22":0,"23":0,"24":0,"25":1,"26":3,"27":3,"28":3,"29":3,"30":3},"f":{"0":0,"1":0,"2":3,"3":0,"4":3},"b":{"0":[1,0],"1":[1,0],"2":[0]}}
,"/home/runner/work/JohnSmith/JohnSmith/src/reactive/bidirectional-value.ts": {"path":"/home/runner/work/JohnSmith/JohnSmith/src/reactive/bidirectional-value.ts","statementMap":{"0":{"start":{"line":1,"column":0},"end":{"line":1,"column":53}},"1":{"start":{"line":17,"column":4},"end":{"line":17,"column":17}},"2":{"start":{"line":14,"column":12},"end":{"line":14,"column":43}},"3":{"start":{"line":21,"column":26},"end":{"line":21,"column":54}},"4":{"start":{"line":23,"column":4},"end":{"line":34,"column":5}},"5":{"start":{"line":28,"column":6},"end":{"line":28,"column":30}},"6":{"start":{"line":29,"column":11},"end":{"line":34,"column":5}},"7":{"start":{"line":33,"column":6},"end":{"line":33,"column":44}},"8":{"start":{"line":9,"column":0},"end":{"line":9,"column":13}}},"fnMap":{"0":{"name":"(anonymous_0)","decl":{"start":{"line":13,"column":2},"end":{"line":13,"column":null}},"loc":{"start":{"line":15,"column":12},"end":{"line":18,"column":3}}},"1":{"name":"(anonymous_1)","decl":{"start":{"line":20,"column":9},"end":{"line":20,"column":22}},"loc":{"start":{"line":20,"column":34},"end":{"line":35,"column":3}}}},"branchMap":{"0":{"loc":{"start":{"line":23,"column":4},"end":{"line":34,"column":5}},"type":"if","locations":[{"start":{"line":23,"column":4},"end":{"line":34,"column":5}},{"start":{"line":29,"column":11},"end":{"line":34,"column":5}}]},"1":{"loc":{"start":{"line":24,"column":6},"end":{"line":26,"column":28}},"type":"binary-expr","locations":[{"start":{"line":24,"column":6},"end":{"line":24,"column":33}},{"start":{"line":25,"column":6},"end":{"line":25,"column":28}},{"start":{"line":26,"column":6},"end":{"line":26,"column":28}}]},"2":{"loc":{"start":{"line":29,"column":11},"end":{"line":34,"column":5}},"type":"if","locations":[{"start":{"line":29,"column":11},"end":{"line":34,"column":5}}]},"3":{"loc":{"start":{"line":30,"column":6},"end":{"line":31,"column":42}},"type":"binary-expr","locations":[{"start":{"line":30,"column":6},"end":{"line":30,"column":29}},{"start":{"line":31,"column":6},"end":{"line":31,"column":42}}]}},"s":{"0":23,"1":7,"2":7,"3":7,"4":7,"5":5,"6":2,"7":1,"8":23},"f":{"0":7,"1":7},"b":{"0":[5,2],"1":[7,4,3],"2":[1],"3":[2,1]}}
,"/home/runner/work/JohnSmith/JohnSmith/src/reactive/event.ts": {"path":"/home/runner/work/JohnSmith/JohnSmith/src/reactive/event.ts","statementMap":{"0":{"start":{"line":1,"column":0},"end":{"line":1,"column":71}},"1":{"start":{"line":10,"column":10},"end":{"line":10,"column":42}},"2":{"start":{"line":16,"column":4},"end":{"line":16,"column":34}},"3":{"start":{"line":30,"column":4},"end":{"line":30,"column":52}},"4":{"start":{"line":38,"column":4},"end":{"line":38,"column":33}},"5":{"start":{"line":9,"column":0},"end":{"line":9,"column":13}}},"fnMap":{"0":{"name":"(anonymous_0)","decl":{"start":{"line":9,"column":0},"end":{"line":9,"column":13}},"loc":{"start":{"line":9,"column":0},"end":{"line":40,"column":1}}},"1":{"name":"(anonymous_1)","decl":{"start":{"line":15,"column":9},"end":{"line":15,"column":26}},"loc":{"start":{"line":15,"column":26},"end":{"line":17,"column":3}}},"2":{"name":"(anonymous_2)","decl":{"start":{"line":29,"column":9},"end":{"line":29,"column":15}},"loc":{"start":{"line":29,"column":45},"end":{"line":31,"column":3}}},"3":{"name":"(anonymous_3)","decl":{"start":{"line":37,"column":9},"end":{"line":37,"column":16}},"loc":{"start":{"line":37,"column":24},"end":{"line":39,"column":3}}}},"branchMap":{},"s":{"0":1,"1":3,"2":6,"3":4,"4":1,"5":1},"f":{"0":3,"1":6,"2":4,"3":1},"b":{}}
,"/home/runner/work/JohnSmith/JohnSmith/src/reactive/index.ts": {"path":"/home/runner/work/JohnSmith/JohnSmith/src/reactive/index.ts","statementMap":{"0":{"start":{"line":1,"column":0},"end":{"line":1,"column":29}},"1":{"start":{"line":2,"column":0},"end":{"line":2,"column":35}},"2":{"start":{"line":3,"column":0},"end":{"line":3,"column":34}},"3":{"start":{"line":4,"column":0},"end":{"line":4,"column":38}}},"fnMap":{},"branchMap":{},"s":{"0":22,"1":22,"2":22,"3":22},"f":{},"b":{}}
,"/home/runner/work/JohnSmith/JohnSmith/src/reactive/listenable.ts": {"path":"/home/runner/work/JohnSmith/JohnSmith/src/reactive/listenable.ts","statementMap":{"0":{"start":{"line":2,"column":0},"end":{"line":2,"column":44}},"1":{"start":{"line":7,"column":0},"end":{"line":7,"column":null}},"2":{"start":{"line":11,"column":2},"end":{"line":11,"column":null}},"3":{"start":{"line":17,"column":2},"end":{"line":17,"column":null}},"4":{"start":{"line":23,"column":2},"end":{"line":23,"column":null}},"5":{"start":{"line":29,"column":2},"end":{"line":29,"column":null}},"6":{"start":{"line":43,"column":12},"end":{"line":43,"column":29}},"7":{"start":{"line":44,"column":12},"end":{"line":44,"column":30}},"8":{"start":{"line":51,"column":4},"end":{"line":51,"column":67}},"9":{"start":{"line":75,"column":0},"end":{"line":75,"column":22}},"10":{"start":{"line":121,"column":10},"end":{"line":121,"column":45}},"11":{"start":{"line":127,"column":4},"end":{"line":127,"column":31}},"12":{"start":{"line":128,"column":4},"end":{"line":130,"column":5}},"13":{"start":{"line":129,"column":6},"end":{"line":129,"column":24}},"14":{"start":{"line":132,"column":4},"end":{"line":132,"column":51}},"15":{"start":{"line":136,"column":4},"end":{"line":138,"column":5}},"16":{"start":{"line":136,"column":17},"end":{"line":136,"column":18}},"17":{"start":{"line":137,"column":6},"end":{"line":137,"column":31}},"18":{"start":{"line":142,"column":4},"end":{"line":142,"column":30}},"19":{"start":{"line":120,"column":0},"end":{"line":120,"column":13}},"20":{"start":{"line":152,"column":10},"end":{"line":152,"column":56}},"21":{"start":{"line":158,"column":4},"end":{"line":158,"column":31}},"22":{"start":{"line":159,"column":4},"end":{"line":161,"column":5}},"23":{"start":{"line":160,"column":6},"end":{"line":160,"column":50}},"24":{"start":{"line":163,"column":4},"end":{"line":163,"column":51}},"25":{"start":{"line":167,"column":4},"end":{"line":169,"column":5}},"26":{"start":{"line":167,"column":17},"end":{"line":167,"column":18}},"27":{"start":{"line":168,"column":6},"end":{"line":168,"column":39}},"28":{"start":{"line":173,"column":4},"end":{"line":173,"column":30}},"29":{"start":{"line":151,"column":0},"end":{"line":151,"column":13}},"30":{"start":{"line":181,"column":0},"end":{"line":181,"column":22}},"31":{"start":{"line":185,"column":28},"end":{"line":189,"column":1}},"32":{"start":{"line":188,"column":2},"end":{"line":188,"column":44}},"33":{"start":{"line":185,"column":13},"end":{"line":185,"column":28}},"34":{"start":{"line":191,"column":35},"end":{"line":195,"column":1}},"35":{"start":{"line":194,"column":2},"end":{"line":194,"column":58}},"36":{"start":{"line":191,"column":13},"end":{"line":191,"column":35}}},"fnMap":{"0":{"name":"(anonymous_0)","decl":{"start":{"line":7,"column":0},"end":{"line":7,"column":12}},"loc":{"start":{"line":7,"column":28},"end":{"line":30,"column":1}}},"1":{"name":"(anonymous_1)","decl":{"start":{"line":42,"column":2},"end":{"line":42,"column":null}},"loc":{"start":{"line":44,"column":30},"end":{"line":45,"column":6}}},"2":{"name":"(anonymous_2)","decl":{"start":{"line":50,"column":9},"end":{"line":50,"column":16}},"loc":{"start":{"line":50,"column":16},"end":{"line":52,"column":3}}},"3":{"name":"(anonymous_3)","decl":{"start":{"line":120,"column":0},"end":{"line":120,"column":13}},"loc":{"start":{"line":120,"column":0},"end":{"line":144,"column":1}}},"4":{"name":"(anonymous_4)","decl":{"start":{"line":123,"column":9},"end":{"line":123,"column":12}},"loc":{"start":{"line":125,"column":26},"end":{"line":133,"column":3}}},"5":{"name":"(anonymous_5)","decl":{"start":{"line":135,"column":9},"end":{"line":135,"column":15}},"loc":{"start":{"line":135,"column":27},"end":{"line":139,"column":3}}},"6":{"name":"(anonymous_6)","decl":{"start":{"line":141,"column":9},"end":{"line":141,"column":13}},"loc":{"start":{"line":141,"column":13},"end":{"line":143,"column":3}}},"7":{"name":"(anonymous_7)","decl":{"start":{"line":151,"column":0},"end":{"line":151,"column":13}},"loc":{"start":{"line":151,"column":0},"end":{"line":175,"column":1}}},"8":{"name":"(anonymous_8)","decl":{"start":{"line":154,"column":9},"end":{"line":154,"column":12}},"loc":{"start":{"line":156,"column":19},"end":{"line":164,"column":3}}},"9":{"name":"(anonymous_9)","decl":{"start":{"line":166,"column":9},"end":{"line":166,"column":15}},"loc":{"start":{"line":166,"column":57},"end":{"line":170,"column":3}}},"10":{"name":"(anonymous_10)","decl":{"start":{"line":172,"column":9},"end":{"line":172,"column":13}},"loc":{"start":{"line":172,"column":13},"end":{"line":174,"column":3}}},"11":{"name":"(anonymous_11)","decl":{"start":{"line":185,"column":28},"end":{"line":185,"column":null}},"loc":{"start":{"line":187,"column":29},"end":{"line":189,"column":1}}},"12":{"name":"(anonymous_12)","decl":{"start":{"line":191,"column":35},"end":{"line":191,"column":null}},"loc":{"start":{"line":193,"column":36},"end":{"line":195,"column":1}}}},"branchMap":{"0":{"loc":{"start":{"line":7,"column":12},"end":{"line":7,"column":null}},"type":"binary-expr","locations":[{"start":{"line":7,"column":12},"end":{"line":7,"column":28}},{"start":{"line":7,"column":28},"end":{"line":7,"column":null}}]},"1":{"loc":{"start":{"line":128,"column":4},"end":{"line":130,"column":5}},"type":"if","locations":[{"start":{"line":128,"column":4},"end":{"line":130,"column":5}}]},"2":{"loc":{"start":{"line":159,"column":4},"end":{"line":161,"column":5}},"type":"if","locations":[{"start":{"line":159,"column":4},"end":{"line":161,"column":5}}]}},"s":{"0":28,"1":28,"2":28,"3":28,"4":28,"5":28,"6":66,"7":66,"8":11,"9":28,"10":94,"11":57,"12":57,"13":51,"14":57,"15":64,"16":64,"17":26,"18":26,"19":28,"20":26,"21":9,"22":9,"23":9,"24":9,"25":23,"26":23,"27":7,"28":2,"29":28,"30":28,"31":28,"32":48,"33":28,"34":28,"35":7,"36":28},"f":{"0":28,"1":66,"2":11,"3":94,"4":57,"5":64,"6":26,"7":26,"8":9,"9":23,"10":2,"11":48,"12":7},"b":{"0":[28,28],"1":[51],"2":[9]}}
,"/home/runner/work/JohnSmith/JohnSmith/src/reactive/observable-list.ts": {"path":"/home/runner/work/JohnSmith/JohnSmith/src/reactive/observable-list.ts","statementMap":{"0":{"start":{"line":1,"column":0},"end":{"line":1,"column":53}},"1":{"start":{"line":2,"column":0},"end":{"line":2,"column":null}},"2":{"start":{"line":8,"column":0},"end":{"line":8,"column":44}},"3":{"start":{"line":25,"column":4},"end":{"line":25,"column":44}},"4":{"start":{"line":19,"column":10},"end":{"line":19,"column":56}},"5":{"start":{"line":20,"column":10},"end":{"line":22,"column":6}},"6":{"start":{"line":32,"column":4},"end":{"line":35,"column":6}},"7":{"start":{"line":42,"column":4},"end":{"line":42,"column":41}},"8":{"start":{"line":46,"column":4},"end":{"line":50,"column":5}},"9":{"start":{"line":47,"column":6},"end":{"line":49,"column":7}},"10":{"start":{"line":48,"column":8},"end":{"line":48,"column":70}},"11":{"start":{"line":52,"column":4},"end":{"line":52,"column":26}},"12":{"start":{"line":53,"column":4},"end":{"line":53,"column":67}},"13":{"start":{"line":54,"column":4},"end":{"line":54,"column":32}},"14":{"start":{"line":58,"column":25},"end":{"line":58,"column":40}},"15":{"start":{"line":59,"column":4},"end":{"line":61,"column":5}},"16":{"start":{"line":59,"column":17},"end":{"line":59,"column":18}},"17":{"start":{"line":60,"column":6},"end":{"line":60,"column":33}},"18":{"start":{"line":63,"column":4},"end":{"line":63,"column":51}},"19":{"start":{"line":67,"column":25},"end":{"line":67,"column":40}},"20":{"start":{"line":69,"column":4},"end":{"line":71,"column":5}},"21":{"start":{"line":69,"column":17},"end":{"line":69,"column":18}},"22":{"start":{"line":70,"column":6},"end":{"line":70,"column":51}},"23":{"start":{"line":73,"column":4},"end":{"line":73,"column":54}},"24":{"start":{"line":78,"column":25},"end":{"line":78,"column":40}},"25":{"start":{"line":79,"column":4},"end":{"line":82,"column":5}},"26":{"start":{"line":80,"column":22},"end":{"line":80,"column":65}},"27":{"start":{"line":81,"column":6},"end":{"line":81,"column":59}},"28":{"start":{"line":87,"column":4},"end":{"line":90,"column":5}},"29":{"start":{"line":88,"column":6},"end":{"line":88,"column":51}},"30":{"start":{"line":89,"column":6},"end":{"line":89,"column":34}},"31":{"start":{"line":92,"column":4},"end":{"line":92,"column":23}},"32":{"start":{"line":96,"column":4},"end":{"line":96,"column":34}},"33":{"start":{"line":100,"column":18},"end":{"line":100,"column":41}},"34":{"start":{"line":101,"column":4},"end":{"line":103,"column":5}},"35":{"start":{"line":102,"column":6},"end":{"line":102,"column":49}},"36":{"start":{"line":105,"column":4},"end":{"line":105,"column":35}},"37":{"start":{"line":109,"column":23},"end":{"line":109,"column":44}},"38":{"start":{"line":110,"column":4},"end":{"line":110,"column":37}},"39":{"start":{"line":114,"column":4},"end":{"line":114,"column":44}},"40":{"start":{"line":115,"column":4},"end":{"line":115,"column":51}},"41":{"start":{"line":117,"column":4},"end":{"line":117,"column":32}},"42":{"start":{"line":121,"column":4},"end":{"line":123,"column":5}},"43":{"start":{"line":122,"column":6},"end":{"line":122,"column":48}},"44":{"start":{"line":15,"column":0},"end":{"line":15,"column":13}}},"fnMap":{"0":{"name":"(anonymous_0)","decl":{"start":{"line":24,"column":2},"end":{"line":24,"column":14}},"loc":{"start":{"line":24,"column":25},"end":{"line":26,"column":3}}},"1":{"name":"(anonymous_1)","decl":{"start":{"line":28,"column":9},"end":{"line":28,"column":22}},"loc":{"start":{"line":30,"column":26},"end":{"line":36,"column":3}}},"2":{"name":"(anonymous_2)","decl":{"start":{"line":41,"column":9},"end":{"line":41,"column":33}},"loc":{"start":{"line":41,"column":33},"end":{"line":43,"column":3}}},"3":{"name":"(anonymous_3)","decl":{"start":{"line":45,"column":9},"end":{"line":45,"column":17}},"loc":{"start":{"line":45,"column":28},"end":{"line":55,"column":3}}},"4":{"name":"(anonymous_4)","decl":{"start":{"line":57,"column":9},"end":{"line":57,"column":12}},"loc":{"start":{"line":57,"column":25},"end":{"line":64,"column":3}}},"5":{"name":"(anonymous_5)","decl":{"start":{"line":66,"column":9},"end":{"line":66,"column":15}},"loc":{"start":{"line":66,"column":28},"end":{"line":74,"column":3}}},"6":{"name":"(anonymous_6)","decl":{"start":{"line":77,"column":9},"end":{"line":77,"column":14}},"loc":{"start":{"line":77,"column":14},"end":{"line":83,"column":3}}},"7":{"name":"(anonymous_7)","decl":{"start":{"line":86,"column":9},"end":{"line":86,"column":14}},"loc":{"start":{"line":86,"column":14},"end":{"line":93,"column":3}}},"8":{"name":"(anonymous_8)","decl":{"start":{"line":95,"column":9},"end":{"line":95,"column":21}},"loc":{"start":{"line":95,"column":21},"end":{"line":97,"column":3}}},"9":{"name":"(anonymous_9)","decl":{"start":{"line":99,"column":9},"end":{"line":99,"column":24}},"loc":{"start":{"line":99,"column":24},"end":{"line":106,"column":3}}},"10":{"name":"(anonymous_10)","decl":{"start":{"line":108,"column":9},"end":{"line":108,"column":16}},"loc":{"start":{"line":108,"column":63},"end":{"line":111,"column":3}}},"11":{"name":"(anonymous_11)","decl":{"start":{"line":113,"column":10},"end":{"line":113,"column":23}},"loc":{"start":{"line":113,"column":62},"end":{"line":118,"column":3}}},"12":{"name":"(anonymous_12)","decl":{"start":{"line":120,"column":10},"end":{"line":120,"column":30}},"loc":{"start":{"line":120,"column":30},"end":{"line":124,"column":3}}}},"branchMap":{"0":{"loc":{"start":{"line":25,"column":10},"end":{"line":25,"column":42}},"type":"cond-expr","locations":[{"start":{"line":25,"column":32},"end":{"line":25,"column":34}},{"start":{"line":25,"column":37},"end":{"line":25,"column":42}}]},"1":{"loc":{"start":{"line":34,"column":6},"end":{"line":34,"column":78}},"type":"cond-expr","locations":[{"start":{"line":34,"column":51},"end":{"line":34,"column":66}},{"start":{"line":34,"column":69},"end":{"line":34,"column":78}}]},"2":{"loc":{"start":{"line":34,"column":6},"end":{"line":34,"column":48}},"type":"binary-expr","locations":[{"start":{"line":34,"column":6},"end":{"line":34,"column":32}},{"start":{"line":34,"column":36},"end":{"line":34,"column":48}}]},"3":{"loc":{"start":{"line":46,"column":4},"end":{"line":50,"column":5}},"type":"if","locations":[{"start":{"line":46,"column":4},"end":{"line":50,"column":5}}]},"4":{"loc":{"start":{"line":47,"column":6},"end":{"line":49,"column":7}},"type":"if","locations":[{"start":{"line":47,"column":6},"end":{"line":49,"column":7}}]},"5":{"loc":{"start":{"line":79,"column":4},"end":{"line":82,"column":5}},"type":"if","locations":[{"start":{"line":79,"column":4},"end":{"line":82,"column":5}}]},"6":{"loc":{"start":{"line":87,"column":4},"end":{"line":90,"column":5}},"type":"if","locations":[{"start":{"line":87,"column":4},"end":{"line":90,"column":5}}]},"7":{"loc":{"start":{"line":101,"column":4},"end":{"line":103,"column":5}},"type":"if","locations":[{"start":{"line":101,"column":4},"end":{"line":103,"column":5}}]},"8":{"loc":{"start":{"line":109,"column":23},"end":{"line":109,"column":44}},"type":"binary-expr","locations":[{"start":{"line":109,"column":23},"end":{"line":109,"column":38}},{"start":{"line":109,"column":42},"end":{"line":109,"column":44}}]},"9":{"loc":{"start":{"line":121,"column":4},"end":{"line":123,"column":5}},"type":"if","locations":[{"start":{"line":121,"column":4},"end":{"line":123,"column":5}}]}},"s":{"0":23,"1":23,"2":23,"3":26,"4":26,"5":26,"6":9,"7":2,"8":9,"9":9,"10":1,"11":8,"12":8,"13":8,"14":6,"15":6,"16":6,"17":9,"18":6,"19":5,"20":5,"21":5,"22":17,"23":5,"24":4,"25":4,"26":4,"27":4,"28":2,"29":2,"30":2,"31":2,"32":2,"33":3,"34":3,"35":1,"36":2,"37":2,"38":2,"39":15,"40":15,"41":15,"42":25,"43":2,"44":23},"f":{"0":26,"1":9,"2":2,"3":9,"4":6,"5":5,"6":4,"7":2,"8":2,"9":3,"10":2,"11":15,"12":25},"b":{"0":[15,11],"1":[9,0],"2":[9,0],"3":[9],"4":[1],"5":[4],"6":[2],"7":[1],"8":[2,0],"9":[2]}}
,"/home/runner/work/JohnSmith/JohnSmith/src/reactive/observable-value.ts": {"path":"/home/runner/work/JohnSmith/JohnSmith/src/reactive/observable-value.ts","statementMap":{"0":{"start":{"line":1,"column":0},"end":{"line":1,"column":null}},"1":{"start":{"line":24,"column":4},"end":{"line":24,"column":12}},"2":{"start":{"line":16,"column":12},"end":{"line":16,"column":44}},"3":{"start":{"line":25,"column":4},"end":{"line":25,"column":24}},"4":{"start":{"line":32,"column":4},"end":{"line":32,"column":23}},"5":{"start":{"line":39,"column":4},"end":{"line":41,"column":5}},"6":{"start":{"line":40,"column":6},"end":{"line":40,"column":55}},"7":{"start":{"line":43,"column":4},"end":{"line":43,"column":23}},"8":{"start":{"line":53,"column":4},"end":{"line":53,"column":24}},"9":{"start":{"line":54,"column":4},"end":{"line":54,"column":34}},"10":{"start":{"line":61,"column":4},"end":{"line":61,"column":34}},"11":{"start":{"line":68,"column":4},"end":{"line":68,"column":34}},"12":{"start":{"line":84,"column":22},"end":{"line":84,"column":41}},"13":{"start":{"line":85,"column":4},"end":{"line":85,"column":29}},"14":{"start":{"line":101,"column":6},"end":{"line":101,"column":78}},"15":{"start":{"line":102,"column":4},"end":{"line":102,"column":50}},"16":{"start":{"line":12,"column":0},"end":{"line":12,"column":13}}},"fnMap":{"0":{"name":"(anonymous_0)","decl":{"start":{"line":23,"column":2},"end":{"line":23,"column":14}},"loc":{"start":{"line":23,"column":22},"end":{"line":26,"column":3}}},"1":{"name":"(anonymous_1)","decl":{"start":{"line":31,"column":9},"end":{"line":31,"column":17}},"loc":{"start":{"line":31,"column":17},"end":{"line":33,"column":3}}},"2":{"name":"(anonymous_2)","decl":{"start":{"line":38,"column":9},"end":{"line":38,"column":25}},"loc":{"start":{"line":38,"column":25},"end":{"line":44,"column":3}}},"3":{"name":"(anonymous_3)","decl":{"start":{"line":52,"column":9},"end":{"line":52,"column":17}},"loc":{"start":{"line":52,"column":26},"end":{"line":55,"column":3}}},"4":{"name":"(anonymous_4)","decl":{"start":{"line":60,"column":9},"end":{"line":60,"column":17}},"loc":{"start":{"line":60,"column":17},"end":{"line":62,"column":3}}},"5":{"name":"(anonymous_5)","decl":{"start":{"line":67,"column":9},"end":{"line":67,"column":26}},"loc":{"start":{"line":67,"column":26},"end":{"line":69,"column":3}}},"6":{"name":"(anonymous_6)","decl":{"start":{"line":83,"column":9},"end":{"line":83,"column":15}},"loc":{"start":{"line":83,"column":46},"end":{"line":86,"column":3}}},"7":{"name":"(anonymous_7)","decl":{"start":{"line":96,"column":9},"end":{"line":96,"column":15}},"loc":{"start":{"line":98,"column":26},"end":{"line":103,"column":3}}}},"branchMap":{"0":{"loc":{"start":{"line":39,"column":4},"end":{"line":41,"column":5}},"type":"if","locations":[{"start":{"line":39,"column":4},"end":{"line":41,"column":5}}]},"1":{"loc":{"start":{"line":101,"column":6},"end":{"line":101,"column":78}},"type":"cond-expr","locations":[{"start":{"line":101,"column":51},"end":{"line":101,"column":66}},{"start":{"line":101,"column":69},"end":{"line":101,"column":78}}]},"2":{"loc":{"start":{"line":101,"column":6},"end":{"line":101,"column":48}},"type":"binary-expr","locations":[{"start":{"line":101,"column":6},"end":{"line":101,"column":32}},{"start":{"line":101,"column":36},"end":{"line":101,"column":48}}]}},"s":{"0":27,"1":91,"2":91,"3":91,"4":105,"5":10,"6":1,"7":9,"8":48,"9":48,"10":3,"11":20,"12":1,"13":1,"14":53,"15":53,"16":27},"f":{"0":91,"1":105,"2":10,"3":48,"4":3,"5":20,"6":1,"7":53},"b":{"0":[1],"1":[51,2],"2":[53,10]}}
,"/home/runner/work/JohnSmith/JohnSmith/src/reactive/transformers/combine.ts": {"path":"/home/runner/work/JohnSmith/JohnSmith/src/reactive/transformers/combine.ts","statementMap":{"0":{"start":{"line":1,"column":0},"end":{"line":1,"column":77}},"1":{"start":{"line":2,"column":0},"end":{"line":2,"column":49}},"2":{"start":{"line":26,"column":23},"end":{"line":31,"column":54}},"3":{"start":{"line":31,"column":2},"end":{"line":31,"column":54}},"4":{"start":{"line":26,"column":13},"end":{"line":26,"column":23}},"5":{"start":{"line":44,"column":4},"end":{"line":44,"column":12}},"6":{"start":{"line":40,"column":12},"end":{"line":40,"column":35}},"7":{"start":{"line":41,"column":12},"end":{"line":41,"column":37}},"8":{"start":{"line":42,"column":12},"end":{"line":42,"column":74}},"9":{"start":{"line":37,"column":10},"end":{"line":37,"column":30}},"10":{"start":{"line":51,"column":4},"end":{"line":51,"column":27}},"11":{"start":{"line":55,"column":31},"end":{"line":55,"column":73}},"12":{"start":{"line":57,"column":4},"end":{"line":88,"column":7}},"13":{"start":{"line":59,"column":8},"end":{"line":59,"column":27}},"14":{"start":{"line":61,"column":8},"end":{"line":67,"column":9}},"15":{"start":{"line":62,"column":33},"end":{"line":62,"column":69}},"16":{"start":{"line":65,"column":10},"end":{"line":65,"column":35}},"17":{"start":{"line":70,"column":26},"end":{"line":70,"column":48}},"18":{"start":{"line":71,"column":8},"end":{"line":71,"column":28}},"19":{"start":{"line":73,"column":8},"end":{"line":79,"column":9}},"20":{"start":{"line":74,"column":33},"end":{"line":74,"column":68}},"21":{"start":{"line":76,"column":10},"end":{"line":78,"column":11}},"22":{"start":{"line":77,"column":12},"end":{"line":77,"column":37}},"23":{"start":{"line":83,"column":10},"end":{"line":83,"column":33}},"24":{"start":{"line":84,"column":10},"end":{"line":84,"column":30}},"25":{"start":{"line":85,"column":10},"end":{"line":85,"column":31}},"26":{"start":{"line":92,"column":4},"end":{"line":92,"column":32}}},"fnMap":{"0":{"name":"(anonymous_0)","decl":{"start":{"line":26,"column":23},"end":{"line":26,"column":null}},"loc":{"start":{"line":31,"column":2},"end":{"line":31,"column":54}}},"1":{"name":"(anonymous_1)","decl":{"start":{"line":39,"column":2},"end":{"line":39,"column":null}},"loc":{"start":{"line":42,"column":74},"end":{"line":45,"column":3}}},"2":{"name":"(anonymous_2)","decl":{"start":{"line":47,"column":9},"end":{"line":47,"column":15}},"loc":{"start":{"line":49,"column":26},"end":{"line":89,"column":3}}},"3":{"name":"(anonymous_3)","decl":{"start":{"line":58,"column":23},"end":{"line":58,"column":24}},"loc":{"start":{"line":58,"column":43},"end":{"line":68,"column":7}}},"4":{"name":"(anonymous_4)","decl":{"start":{"line":69,"column":24},"end":{"line":69,"column":25}},"loc":{"start":{"line":69,"column":45},"end":{"line":80,"column":7}}},"5":{"name":"(anonymous_5)","decl":{"start":{"line":82,"column":17},"end":{"line":82,"column":20}},"loc":{"start":{"line":82,"column":22},"end":{"line":86,"column":9}}},"6":{"name":"(anonymous_6)","decl":{"start":{"line":91,"column":9},"end":{"line":91,"column":26}},"loc":{"start":{"line":91,"column":26},"end":{"line":93,"column":3}}}},"branchMap":{"0":{"loc":{"start":{"line":55,"column":31},"end":{"line":55,"column":73}},"type":"binary-expr","locations":[{"start":{"line":55,"column":31},"end":{"line":55,"column":57}},{"start":{"line":55,"column":61},"end":{"line":55,"column":73}}]},"1":{"loc":{"start":{"line":61,"column":8},"end":{"line":67,"column":9}},"type":"if","locations":[{"start":{"line":61,"column":8},"end":{"line":67,"column":9}}]},"2":{"loc":{"start":{"line":73,"column":8},"end":{"line":79,"column":9}},"type":"if","locations":[{"start":{"line":73,"column":8},"end":{"line":79,"column":9}}]},"3":{"loc":{"start":{"line":76,"column":10},"end":{"line":78,"column":11}},"type":"if","locations":[{"start":{"line":76,"column":10},"end":{"line":78,"column":11}}]},"4":{"loc":{"start":{"line":76,"column":14},"end":{"line":76,"column":61}},"type":"binary-expr","locations":[{"start":{"line":76,"column":15},"end":{"line":76,"column":24}},{"start":{"line":76,"column":28},"end":{"line":76,"column":46}},{"start":{"line":76,"column":51},"end":{"line":76,"column":61}}]}},"s":{"0":1,"1":1,"2":1,"3":4,"4":1,"5":4,"6":4,"7":4,"8":4,"9":4,"10":4,"11":4,"12":4,"13":6,"14":6,"15":2,"16":2,"17":6,"18":6,"19":6,"20":6,"21":6,"22":3,"23":1,"24":1,"25":1,"26":2},"f":{"0":4,"1":4,"2":4,"3":6,"4":6,"5":1,"6":2},"b":{"0":[4,3],"1":[2],"2":[6],"3":[3],"4":[6,4,5]}}
,"/home/runner/work/JohnSmith/JohnSmith/src/reactive/transformers/map.ts": {"path":"/home/runner/work/JohnSmith/JohnSmith/src/reactive/transformers/map.ts","statementMap":{"0":{"start":{"line":1,"column":0},"end":{"line":1,"column":61}},"1":{"start":{"line":19,"column":19},"end":{"line":22,"column":66}},"2":{"start":{"line":22,"column":26},"end":{"line":22,"column":66}},"3":{"start":{"line":19,"column":13},"end":{"line":19,"column":19}},"4":{"start":{"line":29,"column":4},"end":{"line":29,"column":12}},"5":{"start":{"line":26,"column":12},"end":{"line":26,"column":39}},"6":{"start":{"line":27,"column":12},"end":{"line":27,"column":47}},"7":{"start":{"line":36,"column":4},"end":{"line":39,"column":21}},"8":{"start":{"line":37,"column":38},"end":{"line":37,"column":56}},"9":{"start":{"line":38,"column":6},"end":{"line":38,"column":31}}},"fnMap":{"0":{"name":"(anonymous_0)","decl":{"start":{"line":19,"column":19},"end":{"line":19,"column":null}},"loc":{"start":{"line":22,"column":26},"end":{"line":22,"column":66}}},"1":{"name":"(anonymous_1)","decl":{"start":{"line":25,"column":2},"end":{"line":25,"column":null}},"loc":{"start":{"line":27,"column":47},"end":{"line":30,"column":3}}},"2":{"name":"(anonymous_2)","decl":{"start":{"line":32,"column":9},"end":{"line":32,"column":15}},"loc":{"start":{"line":34,"column":26},"end":{"line":40,"column":3}}},"3":{"name":"(anonymous_3)","decl":{"start":{"line":36,"column":30},"end":{"line":36,"column":35}},"loc":{"start":{"line":36,"column":38},"end":{"line":39,"column":5}}}},"branchMap":{},"s":{"0":1,"1":1,"2":4,"3":1,"4":4,"5":4,"6":4,"7":4,"8":5,"9":5},"f":{"0":4,"1":4,"2":4,"3":5},"b":{}}
,"/home/runner/work/JohnSmith/JohnSmith/src/troubleshooting/global.ts": {"path":"/home/runner/work/JohnSmith/JohnSmith/src/troubleshooting/global.ts","statementMap":{"0":{"start":{"line":2,"column":0},"end":{"line":2,"column":19}}},"fnMap":{},"branchMap":{},"s":{"0":22},"f":{},"b":{}}
,"/home/runner/work/JohnSmith/JohnSmith/src/troubleshooting/noop-troubleshooter.ts": {"path":"/home/runner/work/JohnSmith/JohnSmith/src/troubleshooting/noop-troubleshooter.ts","statementMap":{"0":{"start":{"line":2,"column":0},"end":{"line":2,"column":55}},"1":{"start":{"line":6,"column":4},"end":{"line":6,"column":26}},"2":{"start":{"line":10,"column":4},"end":{"line":10,"column":26}},"3":{"start":{"line":14,"column":4},"end":{"line":14,"column":26}},"4":{"start":{"line":4,"column":0},"end":{"line":4,"column":13}}},"fnMap":{"0":{"name":"(anonymous_0)","decl":{"start":{"line":5,"column":9},"end":{"line":5,"column":24}},"loc":{"start":{"line":5,"column":24},"end":{"line":7,"column":3}}},"1":{"name":"(anonymous_1)","decl":{"start":{"line":9,"column":9},"end":{"line":9,"column":24}},"loc":{"start":{"line":9,"column":24},"end":{"line":11,"column":3}}},"2":{"name":"(anonymous_2)","decl":{"start":{"line":13,"column":9},"end":{"line":13,"column":30}},"loc":{"start":{"line":13,"column":30},"end":{"line":15,"column":3}}}},"branchMap":{},"s":{"0":22,"1":0,"2":0,"3":0,"4":22},"f":{"0":0,"1":0,"2":0},"b":{}}
,"/home/runner/work/JohnSmith/JohnSmith/src/utils/array.ts": {"path":"/home/runner/work/JohnSmith/JohnSmith/src/utils/array.ts","statementMap":{"0":{"start":{"line":3,"column":24},"end":{"line":3,"column":26}},"1":{"start":{"line":5,"column":4},"end":{"line":9,"column":5}},"2":{"start":{"line":5,"column":17},"end":{"line":5,"column":18}},"3":{"start":{"line":6,"column":6},"end":{"line":8,"column":7}},"4":{"start":{"line":7,"column":8},"end":{"line":7,"column":26}},"5":{"start":{"line":11,"column":4},"end":{"line":13,"column":5}},"6":{"start":{"line":12,"column":6},"end":{"line":12,"column":37}},"7":{"start":{"line":1,"column":0},"end":{"line":1,"column":13}}},"fnMap":{"0":{"name":"(anonymous_0)","decl":{"start":{"line":2,"column":9},"end":{"line":2,"column":15}},"loc":{"start":{"line":2,"column":57},"end":{"line":14,"column":3}}}},"branchMap":{"0":{"loc":{"start":{"line":6,"column":6},"end":{"line":8,"column":7}},"type":"if","locations":[{"start":{"line":6,"column":6},"end":{"line":8,"column":7}}]},"1":{"loc":{"start":{"line":11,"column":4},"end":{"line":13,"column":5}},"type":"if","locations":[{"start":{"line":11,"column":4},"end":{"line":13,"column":5}}]}},"s":{"0":28,"1":28,"2":28,"3":137,"4":27,"5":28,"6":27,"7":28},"f":{"0":28},"b":{"0":[27],"1":[27]}}
,"/home/runner/work/JohnSmith/JohnSmith/src/view/default-view-renderer.ts": {"path":"/home/runner/work/JohnSmith/JohnSmith/src/view/default-view-renderer.ts","statementMap":{"0":{"start":{"line":2,"column":0},"end":{"line":2,"column":60}},"1":{"start":{"line":12,"column":0},"end":{"line":12,"column":null}},"2":{"start":{"line":18,"column":0},"end":{"line":18,"column":28}},"3":{"start":{"line":33,"column":12},"end":{"line":33,"column":32}},"4":{"start":{"line":34,"column":12},"end":{"line":34,"column":44}},"5":{"start":{"line":35,"column":12},"end":{"line":35,"column":42}},"6":{"start":{"line":46,"column":24},"end":{"line":46,"column":78}},"7":{"start":{"line":47,"column":17},"end":{"line":47,"column":37}},"8":{"start":{"line":49,"column":39},"end":{"line":49,"column":41}},"9":{"start":{"line":50,"column":35},"end":{"line":53,"column":null}},"10":{"start":{"line":54,"column":28},"end":{"line":59,"column":null}},"11":{"start":{"line":62,"column":19},"end":{"line":62,"column":30}},"12":{"start":{"line":64,"column":4},"end":{"line":72,"column":5}},"13":{"start":{"line":65,"column":6},"end":{"line":65,"column":47}},"14":{"start":{"line":67,"column":6},"end":{"line":71,"column":9}},"15":{"start":{"line":69,"column":10},"end":{"line":69,"column":39}},"16":{"start":{"line":77,"column":37},"end":{"line":77,"column":73}},"17":{"start":{"line":78,"column":4},"end":{"line":88,"column":5}},"18":{"start":{"line":79,"column":6},"end":{"line":87,"column":8}},"19":{"start":{"line":90,"column":4},"end":{"line":92,"column":5}},"20":{"start":{"line":90,"column":17},"end":{"line":90,"column":40}},"21":{"start":{"line":91,"column":6},"end":{"line":91,"column":36}},"22":{"start":{"line":97,"column":31},"end":{"line":97,"column":61}},"23":{"start":{"line":98,"column":4},"end":{"line":108,"column":5}},"24":{"start":{"line":99,"column":6},"end":{"line":107,"column":8}},"25":{"start":{"line":113,"column":35},"end":{"line":113,"column":69}},"26":{"start":{"line":114,"column":4},"end":{"line":127,"column":5}},"27":{"start":{"line":115,"column":6},"end":{"line":126,"column":8}},"28":{"start":{"line":117,"column":10},"end":{"line":124,"column":12}},"29":{"start":{"line":119,"column":14},"end":{"line":119,"column":31}},"30":{"start":{"line":129,"column":4},"end":{"line":129,"column":18}},"31":{"start":{"line":136,"column":34},"end":{"line":136,"column":55}},"32":{"start":{"line":139,"column":6},"end":{"line":140,"column":44}},"33":{"start":{"line":142,"column":4},"end":{"line":151,"column":5}},"34":{"start":{"line":143,"column":24},"end":{"line":144,"column":null}},"35":{"start":{"line":147,"column":6},"end":{"line":150,"column":8}},"36":{"start":{"line":153,"column":21},"end":{"line":153,"column":57}},"37":{"start":{"line":155,"column":4},"end":{"line":160,"column":5}},"38":{"start":{"line":156,"column":6},"end":{"line":159,"column":8}},"39":{"start":{"line":162,"column":4},"end":{"line":165,"column":6}},"40":{"start":{"line":175,"column":4},"end":{"line":202,"column":5}},"41":{"start":{"line":183,"column":30},"end":{"line":183,"column":65}},"42":{"start":{"line":185,"column":21},"end":{"line":187,"column":54}},"43":{"start":{"line":189,"column":6},"end":{"line":197,"column":7}},"44":{"start":{"line":190,"column":8},"end":{"line":196,"column":10}},"45":{"start":{"line":199,"column":6},"end":{"line":199,"column":71}},"46":{"start":{"line":201,"column":6},"end":{"line":201,"column":20}},"47":{"start":{"line":204,"column":4},"end":{"line":223,"column":5}},"48":{"start":{"line":210,"column":6},"end":{"line":215,"column":8}},"49":{"start":{"line":222,"column":6},"end":{"line":222,"column":18}},"50":{"start":{"line":225,"column":4},"end":{"line":227,"column":6}},"51":{"start":{"line":226,"column":6},"end":{"line":226,"column":63}},"52":{"start":{"line":229,"column":4},"end":{"line":229,"column":16}},"53":{"start":{"line":238,"column":46},"end":{"line":239,"column":null}},"54":{"start":{"line":242,"column":4},"end":{"line":244,"column":5}},"55":{"start":{"line":243,"column":6},"end":{"line":243,"column":13}},"56":{"start":{"line":246,"column":4},"end":{"line":246,"column":65}},"57":{"start":{"line":246,"column":24},"end":{"line":246,"column":63}},"58":{"start":{"line":256,"column":4},"end":{"line":293,"column":5}},"59":{"start":{"line":256,"column":17},"end":{"line":256,"column":18}},"60":{"start":{"line":257,"column":43},"end":{"line":257,"column":59}},"61":{"start":{"line":259,"column":6},"end":{"line":292,"column":7}},"62":{"start":{"line":260,"column":8},"end":{"line":260,"column":65}},"63":{"start":{"line":261,"column":13},"end":{"line":292,"column":7}},"64":{"start":{"line":262,"column":8},"end":{"line":262,"column":76}},"65":{"start":{"line":263,"column":13},"end":{"line":292,"column":7}},"66":{"start":{"line":264,"column":25},"end":{"line":269,"column":null}},"67":{"start":{"line":271,"column":8},"end":{"line":273,"column":9}},"68":{"start":{"line":272,"column":10},"end":{"line":272,"column":39}},"69":{"start":{"line":274,"column":13},"end":{"line":292,"column":7}},"70":{"start":{"line":275,"column":32},"end":{"line":275,"column":73}},"71":{"start":{"line":276,"column":32},"end":{"line":276,"column":65}},"72":{"start":{"line":278,"column":8},"end":{"line":278,"column":43}},"73":{"start":{"line":280,"column":8},"end":{"line":282,"column":10}},"74":{"start":{"line":281,"column":16},"end":{"line":281,"column":77}},"75":{"start":{"line":287,"column":8},"end":{"line":291,"column":10}},"76":{"start":{"line":302,"column":4},"end":{"line":339,"column":5}},"77":{"start":{"line":304,"column":8},"end":{"line":304,"column":75}},"78":{"start":{"line":305,"column":29},"end":{"line":305,"column":61}},"79":{"start":{"line":307,"column":6},"end":{"line":338,"column":7}},"80":{"start":{"line":308,"column":8},"end":{"line":310,"column":10}},"81":{"start":{"line":309,"column":10},"end":{"line":309,"column":70}},"82":{"start":{"line":311,"column":13},"end":{"line":338,"column":7}},"83":{"start":{"line":312,"column":8},"end":{"line":319,"column":10}},"84":{"start":{"line":320,"column":13},"end":{"line":338,"column":7}},"85":{"start":{"line":328,"column":8},"end":{"line":328,"column":59}},"86":{"start":{"line":330,"column":8},"end":{"line":337,"column":10}},"87":{"start":{"line":332,"column":12},"end":{"line":335,"column":null}},"88":{"start":{"line":347,"column":20},"end":{"line":347,"column":53}},"89":{"start":{"line":349,"column":4},"end":{"line":351,"column":5}},"90":{"start":{"line":350,"column":6},"end":{"line":350,"column":71}},"91":{"start":{"line":353,"column":4},"end":{"line":353,"column":41}},"92":{"start":{"line":363,"column":6},"end":{"line":365,"column":76}},"93":{"start":{"line":367,"column":4},"end":{"line":376,"column":6}},"94":{"start":{"line":368,"column":28},"end":{"line":370,"column":9}},"95":{"start":{"line":369,"column":10},"end":{"line":369,"column":48}},"96":{"start":{"line":371,"column":17},"end":{"line":371,"column":67}},"97":{"start":{"line":373,"column":6},"end":{"line":375,"column":8}},"98":{"start":{"line":374,"column":23},"end":{"line":374,"column":66}},"99":{"start":{"line":31,"column":0},"end":{"line":31,"column":13}}},"fnMap":{"0":{"name":"(anonymous_0)","decl":{"start":{"line":32,"column":2},"end":{"line":32,"column":null}},"loc":{"start":{"line":35,"column":42},"end":{"line":36,"column":6}}},"1":{"name":"(anonymous_1)","decl":{"start":{"line":41,"column":9},"end":{"line":41,"column":15}},"loc":{"start":{"line":44,"column":24},"end":{"line":130,"column":3}}},"2":{"name":"(anonymous_2)","decl":{"start":{"line":68,"column":17},"end":{"line":68,"column":20}},"loc":{"start":{"line":68,"column":22},"end":{"line":70,"column":9}}},"3":{"name":"(anonymous_3)","decl":{"start":{"line":116,"column":17},"end":{"line":116,"column":20}},"loc":{"start":{"line":116,"column":22},"end":{"line":125,"column":9}}},"4":{"name":"(anonymous_4)","decl":{"start":{"line":118,"column":12},"end":{"line":118,"column":15}},"loc":{"start":{"line":118,"column":17},"end":{"line":120,"column":13}}},"5":{"name":"(anonymous_5)","decl":{"start":{"line":132,"column":10},"end":{"line":132,"column":16}},"loc":{"start":{"line":134,"column":24},"end":{"line":166,"column":3}}},"6":{"name":"(anonymous_6)","decl":{"start":{"line":168,"column":10},"end":{"line":168,"column":38}},"loc":{"start":{"line":173,"column":39},"end":{"line":230,"column":3}}},"7":{"name":"(anonymous_7)","decl":{"start":{"line":225,"column":18},"end":{"line":225,"column":21}},"loc":{"start":{"line":226,"column":6},"end":{"line":226,"column":63}}},"8":{"name":"(anonymous_8)","decl":{"start":{"line":232,"column":10},"end":{"line":232,"column":30}},"loc":{"start":{"line":236,"column":22},"end":{"line":247,"column":3}}},"9":{"name":"(anonymous_9)","decl":{"start":{"line":246,"column":18},"end":{"line":246,"column":21}},"loc":{"start":{"line":246,"column":24},"end":{"line":246,"column":63}}},"10":{"name":"(anonymous_10)","decl":{"start":{"line":249,"column":10},"end":{"line":249,"column":30}},"loc":{"start":{"line":254,"column":33},"end":{"line":294,"column":3}}},"11":{"name":"(anonymous_11)","decl":{"start":{"line":281,"column":10},"end":{"line":281,"column":13}},"loc":{"start":{"line":281,"column":16},"end":{"line":281,"column":77}}},"12":{"name":"(anonymous_12)","decl":{"start":{"line":296,"column":10},"end":{"line":296,"column":34}},"loc":{"start":{"line":300,"column":30},"end":{"line":340,"column":3}}},"13":{"name":"(anonymous_13)","decl":{"start":{"line":308,"column":22},"end":{"line":308,"column":25}},"loc":{"start":{"line":309,"column":10},"end":{"line":309,"column":70}}},"14":{"name":"(anonymous_14)","decl":{"start":{"line":331,"column":10},"end":{"line":331,"column":13}},"loc":{"start":{"line":332,"column":12},"end":{"line":335,"column":null}}},"15":{"name":"(anonymous_15)","decl":{"start":{"line":342,"column":10},"end":{"line":342,"column":26}},"loc":{"start":{"line":345,"column":24},"end":{"line":354,"column":3}}},"16":{"name":"(anonymous_16)","decl":{"start":{"line":356,"column":10},"end":{"line":356,"column":32}},"loc":{"start":{"line":360,"column":30},"end":{"line":377,"column":3}}},"17":{"name":"(anonymous_17)","decl":{"start":{"line":367,"column":11},"end":{"line":367,"column":14}},"loc":{"start":{"line":367,"column":16},"end":{"line":376,"column":5}}},"18":{"name":"(anonymous_18)","decl":{"start":{"line":368,"column":28},"end":{"line":368,"column":38}},"loc":{"start":{"line":368,"column":56},"end":{"line":370,"column":9}}},"19":{"name":"(anonymous_19)","decl":{"start":{"line":374,"column":17},"end":{"line":374,"column":20}},"loc":{"start":{"line":374,"column":23},"end":{"line":374,"column":66}}}},"branchMap":{"0":{"loc":{"start":{"line":64,"column":4},"end":{"line":72,"column":5}},"type":"if","locations":[{"start":{"line":64,"column":4},"end":{"line":72,"column":5}}]},"1":{"loc":{"start":{"line":78,"column":4},"end":{"line":88,"column":5}},"type":"if","locations":[{"start":{"line":78,"column":4},"end":{"line":88,"column":5}}]},"2":{"loc":{"start":{"line":78,"column":8},"end":{"line":78,"column":73}},"type":"binary-expr","locations":[{"start":{"line":78,"column":8},"end":{"line":78,"column":32}},{"start":{"line":78,"column":36},"end":{"line":78,"column":73}}]},"3":{"loc":{"start":{"line":98,"column":4},"end":{"line":108,"column":5}},"type":"if","locations":[{"start":{"line":98,"column":4},"end":{"line":108,"column":5}}]},"4":{"loc":{"start":{"line":98,"column":8},"end":{"line":98,"column":55}},"type":"binary-expr","locations":[{"start":{"line":98,"column":8},"end":{"line":98,"column":26}},{"start":{"line":98,"column":30},"end":{"line":98,"column":55}}]},"5":{"loc":{"start":{"line":114,"column":4},"end":{"line":127,"column":5}},"type":"if","locations":[{"start":{"line":114,"column":4},"end":{"line":127,"column":5}}]},"6":{"loc":{"start":{"line":114,"column":8},"end":{"line":114,"column":67}},"type":"binary-expr","locations":[{"start":{"line":114,"column":8},"end":{"line":114,"column":30}},{"start":{"line":114,"column":34},"end":{"line":114,"column":67}}]},"7":{"loc":{"start":{"line":139,"column":6},"end":{"line":140,"column":44}},"type":"binary-expr","locations":[{"start":{"line":139,"column":6},"end":{"line":139,"column":42}},{"start":{"line":140,"column":6},"end":{"line":140,"column":44}}]},"8":{"loc":{"start":{"line":142,"column":4},"end":{"line":151,"column":5}},"type":"if","locations":[{"start":{"line":142,"column":4},"end":{"line":151,"column":5}}]},"9":{"loc":{"start":{"line":155,"column":4},"end":{"line":160,"column":5}},"type":"if","locations":[{"start":{"line":155,"column":4},"end":{"line":160,"column":5}}]},"10":{"loc":{"start":{"line":175,"column":4},"end":{"line":202,"column":5}},"type":"if","locations":[{"start":{"line":175,"column":4},"end":{"line":202,"column":5}}]},"11":{"loc":{"start":{"line":183,"column":30},"end":{"line":183,"column":65}},"type":"binary-expr","locations":[{"start":{"line":183,"column":30},"end":{"line":183,"column":46}},{"start":{"line":183,"column":50},
[...]
":"(anonymous_3)","decl":{"start":{"line":32,"column":10},"end":{"line":32,"column":18}},"loc":{"start":{"line":32,"column":34},"end":{"line":35,"column":3}}},"4":{"name":"(anonymous_4)","decl":{"start":{"line":37,"column":10},"end":{"line":37,"column":30}},"loc":{"start":{"line":37,"column":30},"end":{"line":42,"column":3}}},"5":{"name":"(anonymous_5)","decl":{"start":{"line":50,"column":2},"end":{"line":50,"column":null}},"loc":{"start":{"line":62,"column":25},"end":{"line":79,"column":3}}},"6":{"name":"(anonymous_6)","decl":{"start":{"line":64,"column":18},"end":{"line":64,"column":19}},"loc":{"start":{"line":64,"column":38},"end":{"line":67,"column":5}}},"7":{"name":"(anonymous_7)","decl":{"start":{"line":75,"column":60},"end":{"line":75,"column":63}},"loc":{"start":{"line":75,"column":65},"end":{"line":77,"column":7}}},"8":{"name":"(anonymous_8)","decl":{"start":{"line":81,"column":9},"end":{"line":81,"column":16}},"loc":{"start":{"line":81,"column":16},"end":{"line":86,"column":3}}}},"branchMap":{"0":{"loc":{"start":{"line":14,"column":4},"end":{"line":22,"column":5}},"type":"if","locations":[{"start":{"line":14,"column":4},"end":{"line":22,"column":5}},{"start":{"line":16,"column":11},"end":{"line":22,"column":5}}]},"1":{"loc":{"start":{"line":16,"column":11},"end":{"line":22,"column":5}},"type":"if","locations":[{"start":{"line":16,"column":11},"end":{"line":22,"column":5}}]},"2":{"loc":{"start":{"line":17,"column":6},"end":{"line":21,"column":7}},"type":"if","locations":[{"start":{"line":17,"column":6},"end":{"line":21,"column":7}},{"start":{"line":19,"column":13},"end":{"line":21,"column":7}}]},"3":{"loc":{"start":{"line":27,"column":4},"end":{"line":29,"column":5}},"type":"if","locations":[{"start":{"line":27,"column":4},"end":{"line":29,"column":5}}]},"4":{"loc":{"start":{"line":38,"column":4},"end":{"line":41,"column":5}},"type":"if","locations":[{"start":{"line":38,"column":4},"end":{"line":41,"column":5}}]},"5":{"loc":{"start":{"line":69,"column":4},"end":{"line":78,"column":5}},"type":"if","locations":[{"start":{"line":69,"column":4},"end":{"line":78,"column":5}}]},"6":{"loc":{"start":{"line":70,"column":6},"end":{"line":71,"column":72}},"type":"binary-expr","locations":[{"start":{"line":70,"column":6},"end":{"line":70,"column":12}},{"start":{"line":71,"column":7},"end":{"line":71,"column":72}}]},"7":{"loc":{"start":{"line":83,"column":4},"end":{"line":85,"column":5}},"type":"if","locations":[{"start":{"line":83,"column":4},"end":{"line":85,"column":5}}]}},"s":{"0":22,"1":43,"2":43,"3":43,"4":43,"5":3,"6":40,"7":39,"8":33,"9":49,"10":6,"11":5,"12":5,"13":5,"14":58,"15":58,"16":63,"17":5,"18":5,"19":22,"20":5,"21":8,"22":8,"23":5,"24":5,"25":5,"26":1,"27":1,"28":1,"29":1,"30":1,"31":0,"32":22},"f":{"0":43,"1":49,"2":5,"3":58,"4":63,"5":5,"6":8,"7":1,"8":1},"b":{"0":[3,40],"1":[39],"2":[33,6],"3":[5],"4":[5],"5":[1],"6":[5,5],"7":[0]}}
,"/home/runner/work/JohnSmith/JohnSmith/src/view/connectors/index.ts": {"path":"/home/runner/work/JohnSmith/JohnSmith/src/view/connectors/index.ts","statementMap":{"0":{"start":{"line":1,"column":0},"end":{"line":1,"column":49}},"1":{"start":{"line":2,"column":0},"end":{"line":2,"column":50}},"2":{"start":{"line":3,"column":0},"end":{"line":3,"column":49}},"3":{"start":{"line":4,"column":0},"end":{"line":4,"column":44}}},"fnMap":{},"branchMap":{},"s":{"0":22,"1":22,"2":22,"3":22},"f":{},"b":{}}
,"/home/runner/work/JohnSmith/JohnSmith/src/view/connectors/listenable-attribute-connector.ts": {"path":"/home/runner/work/JohnSmith/JohnSmith/src/view/connectors/listenable-attribute-connector.ts","statementMap":{"0":{"start":{"line":1,"column":0},"end":{"line":1,"column":57}},"1":{"start":{"line":16,"column":4},"end":{"line":30,"column":7}},"2":{"start":{"line":17,"column":6},"end":{"line":23,"column":7}},"3":{"start":{"line":18,"column":8},"end":{"line":18,"column":46}},"4":{"start":{"line":19,"column":13},"end":{"line":23,"column":7}},"5":{"start":{"line":20,"column":8},"end":{"line":20,"column":47}},"6":{"start":{"line":22,"column":8},"end":{"line":22,"column":50}},"7":{"start":{"line":29,"column":6},"end":{"line":29,"column":18}},"8":{"start":{"line":8,"column":0},"end":{"line":8,"column":13}}},"fnMap":{"0":{"name":"(anonymous_0)","decl":{"start":{"line":11,"column":2},"end":{"line":11,"column":null}},"loc":{"start":{"line":14,"column":25},"end":{"line":31,"column":3}}},"1":{"name":"(anonymous_1)","decl":{"start":{"line":16,"column":18},"end":{"line":16,"column":19}},"loc":{"start":{"line":16,"column":50},"end":{"line":30,"column":5}}}},"branchMap":{"0":{"loc":{"start":{"line":17,"column":6},"end":{"line":23,"column":7}},"type":"if","locations":[{"start":{"line":17,"column":6},"end":{"line":23,"column":7}},{"start":{"line":19,"column":13},"end":{"line":23,"column":7}}]},"1":{"loc":{"start":{"line":19,"column":13},"end":{"line":23,"column":7}},"type":"if","locations":[{"start":{"line":19,"column":13},"end":{"line":23,"column":7}},{"start":{"line":21,"column":13},"end":{"line":23,"column":7}}]}},"s":{"0":22,"1":7,"2":8,"3":0,"4":8,"5":2,"6":6,"7":8,"8":22},"f":{"0":7,"1":8},"b":{"0":[0,8],"1":[2,6]}}
,"/home/runner/work/JohnSmith/JohnSmith/src/view/connectors/listenable-text-connector.ts": {"path":"/home/runner/work/JohnSmith/JohnSmith/src/view/connectors/listenable-text-connector.ts","statementMap":{"0":{"start":{"line":1,"column":0},"end":{"line":1,"column":57}},"1":{"start":{"line":24,"column":4},"end":{"line":38,"column":7}},"2":{"start":{"line":25,"column":6},"end":{"line":31,"column":8}},"3":{"start":{"line":37,"column":6},"end":{"line":37,"column":18}},"4":{"start":{"line":17,"column":0},"end":{"line":17,"column":13}}},"fnMap":{"0":{"name":"(anonymous_0)","decl":{"start":{"line":20,"column":2},"end":{"line":20,"column":null}},"loc":{"start":{"line":22,"column":20},"end":{"line":39,"column":3}}},"1":{"name":"(anonymous_1)","decl":{"start":{"line":24,"column":18},"end":{"line":24,"column":19}},"loc":{"start":{"line":24,"column":50},"end":{"line":38,"column":5}}}},"branchMap":{"0":{"loc":{"start":{"line":26,"column":8},"end":{"line":30,"column":23}},"type":"cond-expr","locations":[{"start":{"line":27,"column":12},"end":{"line":27,"column":14}},{"start":{"line":28,"column":12},"end":{"line":30,"column":23}}]},"1":{"loc":{"start":{"line":26,"column":8},"end":{"line":26,"column":45}},"type":"binary-expr","locations":[{"start":{"line":26,"column":8},"end":{"line":26,"column":22}},{"start":{"line":26,"column":26},"end":{"line":26,"column":45}}]},"2":{"loc":{"start":{"line":28,"column":12},"end":{"line":30,"column":23}},"type":"cond-expr","locations":[{"start":{"line":29,"column":14},"end":{"line":29,"column":30}},{"start":{"line":30,"column":14},"end":{"line":30,"column":23}}]}},"s":{"0":22,"1":4,"2":6,"3":6,"4":22},"f":{"0":4,"1":6},"b":{"0":[0,6],"1":[6,6],"2":[6,0]}}
,"/home/runner/work/JohnSmith/JohnSmith/src/view/connectors/null-view-connector.ts": {"path":"/home/runner/work/JohnSmith/JohnSmith/src/view/connectors/null-view-connector.ts","statementMap":{"0":{"start":{"line":5,"column":0},"end":{"line":5,"column":57}},"1":{"start":{"line":24,"column":4},"end":{"line":30,"column":7}},"2":{"start":{"line":25,"column":6},"end":{"line":27,"column":7}},"3":{"start":{"line":26,"column":8},"end":{"line":26,"column":20}},"4":{"start":{"line":29,"column":6},"end":{"line":29,"column":59}},"5":{"start":{"line":17,"column":0},"end":{"line":17,"column":13}}},"fnMap":{"0":{"name":"(anonymous_0)","decl":{"start":{"line":18,"column":2},"end":{"line":18,"column":null}},"loc":{"start":{"line":22,"column":31},"end":{"line":31,"column":3}}},"1":{"name":"(anonymous_1)","decl":{"start":{"line":24,"column":18},"end":{"line":24,"column":19}},"loc":{"start":{"line":24,"column":50},"end":{"line":30,"column":5}}}},"branchMap":{"0":{"loc":{"start":{"line":25,"column":6},"end":{"line":27,"column":7}},"type":"if","locations":[{"start":{"line":25,"column":6},"end":{"line":27,"column":7}}]},"1":{"loc":{"start":{"line":25,"column":10},"end":{"line":25,"column":47}},"type":"binary-expr","locations":[{"start":{"line":25,"column":10},"end":{"line":25,"column":24}},{"start":{"line":25,"column":28},"end":{"line":25,"column":47}}]}},"s":{"0":1,"1":2,"2":2,"3":1,"4":1,"5":1},"f":{"0":2,"1":2},"b":{"0":[1],"1":[2,1]}}
,"/home/runner/work/JohnSmith/JohnSmith/src/view/connectors/observable-list-view-connector.ts": {"path":"/home/runner/work/JohnSmith/JohnSmith/src/view/connectors/observable-list-view-connector.ts","statementMap":{"0":{"start":{"line":2,"column":0},"end":{"line":2,"column":null}},"1":{"start":{"line":31,"column":12},"end":{"line":31,"column":60}},"2":{"start":{"line":32,"column":12},"end":{"line":32,"column":43}},"3":{"start":{"line":33,"column":12},"end":{"line":33,"column":46}},"4":{"start":{"line":34,"column":12},"end":{"line":34,"column":39}},"5":{"start":{"line":22,"column":19},"end":{"line":22,"column":51}},"6":{"start":{"line":36,"column":4},"end":{"line":36,"column":30}},"7":{"start":{"line":38,"column":4},"end":{"line":50,"column":5}},"8":{"start":{"line":39,"column":6},"end":{"line":49,"column":7}},"9":{"start":{"line":40,"column":8},"end":{"line":42,"column":11}},"10":{"start":{"line":41,"column":10},"end":{"line":41,"column":47}},"11":{"start":{"line":43,"column":13},"end":{"line":49,"column":7}},"12":{"start":{"line":44,"column":8},"end":{"line":46,"column":11}},"13":{"start":{"line":45,"column":10},"end":{"line":45,"column":63}},"14":{"start":{"line":48,"column":8},"end":{"line":48,"column":61}},"15":{"start":{"line":54,"column":4},"end":{"line":56,"column":5}},"16":{"start":{"line":55,"column":6},"end":{"line":55,"column":27}},"17":{"start":{"line":58,"column":4},"end":{"line":60,"column":5}},"18":{"start":{"line":58,"column":17},"end":{"line":58,"column":18}},"19":{"start":{"line":59,"column":6},"end":{"line":59,"column":54}},"20":{"start":{"line":64,"column":4},"end":{"line":69,"column":5}},"21":{"start":{"line":64,"column":17},"end":{"line":64,"column":18}},"22":{"start":{"line":65,"column":27},"end":{"line":65,"column":50}},"23":{"start":{"line":66,"column":6},"end":{"line":68,"column":7}},"24":{"start":{"line":67,"column":8},"end":{"line":67,"column":42}},"25":{"start":{"line":71,"column":4},"end":{"line":71,"column":16}},"26":{"start":{"line":75,"column":24},"end":{"line":75,"column":26}},"27":{"start":{"line":76,"column":4},"end":{"line":80,"column":5}},"28":{"start":{"line":76,"column":17},"end":{"line":76,"column":18}},"29":{"start":{"line":77,"column":6},"end":{"line":79,"column":7}},"30":{"start":{"line":78,"column":8},"end":{"line":78,"column":26}},"31":{"start":{"line":82,"column":4},"end":{"line":84,"column":5}},"32":{"start":{"line":83,"column":6},"end":{"line":83,"column":52}},"33":{"start":{"line":90,"column":4},"end":{"line":109,"column":5}},"34":{"start":{"line":91,"column":6},"end":{"line":99,"column":7}},"35":{"start":{"line":92,"column":21},"end":{"line":92,"column":29}},"36":{"start":{"line":93,"column":30},"end":{"line":93,"column":58}},"37":{"start":{"line":95,"column":8},"end":{"line":98,"column":9}},"38":{"start":{"line":96,"column":10},"end":{"line":96,"column":38}},"39":{"start":{"line":97,"column":10},"end":{"line":97,"column":54}},"40":{"start":{"line":100,"column":11},"end":{"line":109,"column":5}},"41":{"start":{"line":101,"column":6},"end":{"line":101,"column":30}},"42":{"start":{"line":103,"column":6},"end":{"line":105,"column":7}},"43":{"start":{"line":104,"column":8},"end":{"line":104,"column":56}},"44":{"start":{"line":107,"column":6},"end":{"line":107,"column":32}},"45":{"start":{"line":108,"column":6},"end":{"line":108,"column":30}},"46":{"start":{"line":113,"column":4},"end":{"line":115,"column":5}},"47":{"start":{"line":114,"column":6},"end":{"line":114,"column":13}},"48":{"start":{"line":117,"column":4},"end":{"line":129,"column":5}},"49":{"start":{"line":117,"column":17},"end":{"line":117,"column":18}},"50":{"start":{"line":118,"column":19},"end":{"line":118,"column":27}},"51":{"start":{"line":119,"column":28},"end":{"line":122,"column":null}},"52":{"start":{"line":125,"column":6},"end":{"line":128,"column":9}},"53":{"start":{"line":21,"column":0},"end":{"line":21,"column":13}}},"fnMap":{"0":{"name":"(anonymous_0)","decl":{"start":{"line":30,"column":2},"end":{"line":30,"column":null}},"loc":{"start":{"line":34,"column":39},"end":{"line":51,"column":3}}},"1":{"name":"(anonymous_1)","decl":{"start":{"line":40,"column":47},"end":{"line":40,"column":48}},"loc":{"start":{"line":40,"column":67},"end":{"line":42,"column":9}}},"2":{"name":"(anonymous_2)","decl":{"start":{"line":44,"column":40},"end":{"line":44,"column":45}},"loc":{"start":{"line":44,"column":48},"end":{"line":46,"column":9}}},"3":{"name":"(anonymous_3)","decl":{"start":{"line":53,"column":9},"end":{"line":53,"column":16}},"loc":{"start":{"line":53,"column":16},"end":{"line":61,"column":3}}},"4":{"name":"(anonymous_4)","decl":{"start":{"line":63,"column":10},"end":{"line":63,"column":27}},"loc":{"start":{"line":63,"column":36},"end":{"line":72,"column":3}}},"5":{"name":"(anonymous_5)","decl":{"start":{"line":74,"column":10},"end":{"line":74,"column":29}},"loc":{"start":{"line":74,"column":55},"end":{"line":85,"column":3}}},"6":{"name":"(anonymous_6)","decl":{"start":{"line":87,"column":10},"end":{"line":87,"column":18}},"loc":{"start":{"line":87,"column":55},"end":{"line":110,"column":3}}},"7":{"name":"(anonymous_7)","decl":{"start":{"line":112,"column":10},"end":{"line":112,"column":21}},"loc":{"start":{"line":112,"column":32},"end":{"line":130,"column":3}}}},"branchMap":{"0":{"loc":{"start":{"line":38,"column":4},"end":{"line":50,"column":5}},"type":"if","locations":[{"start":{"line":38,"column":4},"end":{"line":50,"column":5}}]},"1":{"loc":{"start":{"line":39,"column":6},"end":{"line":49,"column":7}},"type":"if","locations":[{"start":{"line":39,"column":6},"end":{"line":49,"column":7}},{"start":{"line":43,"column":13},"end":{"line":49,"column":7}}]},"2":{"loc":{"start":{"line":41,"column":24},"end":{"line":41,"column":37}},"type":"binary-expr","locations":[{"start":{"line":41,"column":24},"end":{"line":41,"column":31}},{"start":{"line":41,"column":35},"end":{"line":41,"column":37}}]},"3":{"loc":{"start":{"line":43,"column":13},"end":{"line":49,"column":7}},"type":"if","locations":[{"start":{"line":43,"column":13},"end":{"line":49,"column":7}},{"start":{"line":47,"column":13},"end":{"line":49,"column":7}}]},"4":{"loc":{"start":{"line":45,"column":24},"end":{"line":45,"column":35}},"type":"binary-expr","locations":[{"start":{"line":45,"column":24},"end":{"line":45,"column":29}},{"start":{"line":45,"column":33},"end":{"line":45,"column":35}}]},"5":{"loc":{"start":{"line":54,"column":4},"end":{"line":56,"column":5}},"type":"if","locations":[{"start":{"line":54,"column":4},"end":{"line":56,"column":5}}]},"6":{"loc":{"start":{"line":66,"column":6},"end":{"line":68,"column":7}},"type":"if","locations":[{"start":{"line":66,"column":6},"end":{"line":68,"column":7}}]},"7":{"loc":{"start":{"line":77,"column":6},"end":{"line":79,"column":7}},"type":"if","locations":[{"start":{"line":77,"column":6},"end":{"line":79,"column":7}}]},"8":{"loc":{"start":{"line":82,"column":4},"end":{"line":84,"column":5}},"type":"if","locations":[{"start":{"line":82,"column":4},"end":{"line":84,"column":5}}]},"9":{"loc":{"start":{"line":90,"column":4},"end":{"line":109,"column":5}},"type":"if","locations":[{"start":{"line":90,"column":4},"end":{"line":109,"column":5}},{"start":{"line":100,"column":11},"end":{"line":109,"column":5}}]},"10":{"loc":{"start":{"line":95,"column":8},"end":{"line":98,"column":9}},"type":"if","locations":[{"start":{"line":95,"column":8},"end":{"line":98,"column":9}}]},"11":{"loc":{"start":{"line":100,"column":11},"end":{"line":109,"column":5}},"type":"if","locations":[{"start":{"line":100,"column":11},"end":{"line":109,"column":5}},{"start":{"line":102,"column":11},"end":{"line":109,"column":5}}]},"12":{"loc":{"start":{"line":113,"column":4},"end":{"line":115,"column":5}},"type":"if","locations":[{"start":{"line":113,"column":4},"end":{"line":115,"column":5}}]}},"s":{"0":22,"1":8,"2":8,"3":8,"4":8,"5":8,"6":8,"7":8,"8":7,"9":6,"10":10,"11":1,"12":0,"13":0,"14":1,"15":1,"16":1,"17":1,"18":1,"19":3,"20":4,"21":4,"22":5,"23":5,"24":4,"25":0,"26":4,"27":4,"28":4,"29":9,"30":4,"31":4,"32":4,"33":11,"34":2,"35":4,"36":4,"37":4,"38":4,"39":4,"40":9,"41":1,"42":8,"43":2,"44":8,"45":8,"46":9,"47":0,"48":9,"49":9,"50":20,"51":20,"52":20,"53":22},"f":{"0":8,"1":10,"2":0,"3":1,"4":4,"5":4,"6":11,"7":9},"b":{"0":[7],"1":[6,1],"2":[10,0],"3":[0,1],"4":[0,0],"5":[1],"6":[4],"7":[4],"8":[4],"9":[2,9],"10":[4],"11":[1,8],"12":[0]}}
,"/home/runner/work/JohnSmith/JohnSmith/src/view/connectors/observable-value-view-connector.ts": {"path":"/home/runner/work/JohnSmith/JohnSmith/src/view/connectors/observable-value-view-connector.ts","statementMap":{"0":{"start":{"line":5,"column":0},"end":{"line":5,"column":57}},"1":{"start":{"line":24,"column":4},"end":{"line":30,"column":7}},"2":{"start":{"line":25,"column":6},"end":{"line":27,"column":7}},"3":{"start":{"line":26,"column":8},"end":{"line":26,"column":57}},"4":{"start":{"line":29,"column":6},"end":{"line":29,"column":18}},"5":{"start":{"line":15,"column":0},"end":{"line":15,"column":13}}},"fnMap":{"0":{"name":"(anonymous_0)","decl":{"start":{"line":18,"column":2},"end":{"line":18,"column":null}},"loc":{"start":{"line":22,"column":31},"end":{"line":31,"column":3}}},"1":{"name":"(anonymous_1)","decl":{"start":{"line":24,"column":18},"end":{"line":24,"column":19}},"loc":{"start":{"line":24,"column":50},"end":{"line":30,"column":5}}}},"branchMap":{"0":{"loc":{"start":{"line":25,"column":6},"end":{"line":27,"column":7}},"type":"if","locations":[{"start":{"line":25,"column":6},"end":{"line":27,"column":7}}]},"1":{"loc":{"start":{"line":25,"column":10},"end":{"line":25,"column":47}},"type":"binary-expr","locations":[{"start":{"line":25,"column":10},"end":{"line":25,"column":24}},{"start":{"line":25,"column":28},"end":{"line":25,"column":47}}]}},"s":{"0":22,"1":10,"2":11,"3":8,"4":3,"5":22},"f":{"0":10,"1":11},"b":{"0":[8],"1":[11,8]}}
,"/home/runner/work/JohnSmith/JohnSmith/src/view/jsx/index.ts": {"path":"/home/runner/work/JohnSmith/JohnSmith/src/view/jsx/index.ts","statementMap":{"0":{"start":{"line":9,"column":0},"end":{"line":9,"column":22}},"1":{"start":{"line":53,"column":0},"end":{"line":74,"column":2}},"2":{"start":{"line":54,"column":20},"end":{"line":54,"column":36}},"3":{"start":{"line":55,"column":41},"end":{"line":55,"column":43}},"4":{"start":{"line":57,"column":2},"end":{"line":59,"column":3}},"5":{"start":{"line":57,"column":15},"end":{"line":57,"column":16}},"6":{"start":{"line":58,"column":4},"end":{"line":58,"column":49}},"7":{"start":{"line":62,"column":4},"end":{"line":62,"column":59}},"8":{"start":{"line":64,"column":40},"end":{"line":66,"column":15}},"9":{"start":{"line":68,"column":2},"end":{"line":73,"column":4}}},"fnMap":{"0":{"name":"(anonymous_0)","decl":{"start":{"line":53,"column":7},"end":{"line":53,"column":17}},"loc":{"start":{"line":53,"column":36},"end":{"line":74,"column":1}}}},"branchMap":{"0":{"loc":{"start":{"line":62,"column":4},"end":{"line":62,"column":59}},"type":"cond-expr","locations":[{"start":{"line":62,"column":45},"end":{"line":62,"column":52}},{"start":{"line":62,"column":55},"end":{"line":62,"column":59}}]},"1":{"loc":{"start":{"line":62,"column":4},"end":{"line":62,"column":42}},"type":"binary-expr","locations":[{"start":{"line":62,"column":4},"end":{"line":62,"column":17}},{"start":{"line":62,"column":21},"end":{"line":62,"column":42}}]},"2":{"loc":{"start":{"line":64,"column":40},"end":{"line":66,"column":15}},"type":"cond-expr","locations":[{"start":{"line":65,"column":7},"end":{"line":65,"column":37}},{"start":{"line":66,"column":6},"end":{"line":66,"column":15}}]}},"s":{"0":21,"1":21,"2":131,"3":131,"4":131,"5":131,"6":94,"7":131,"8":131,"9":131},"f":{"0":131},"b":{"0":[128,3],"1":[131,128],"2":[59,72]}}
}
